init-params: initializing eigensolver data
Computing 8 bands with 1.000000e-07 tolerance.
Working in 2 dimensions.
Grid size is 32 x 32 x 1.
Solving for 8 bands at a time.
Creating Maxwell data...
Mesh size is 3.
Lattice vectors:
     (0.866025, 0.5, 0)
     (0.866025, -0.5, 0)
     (0, 0, 1)
Cell volume = 0.866025
Reciprocal lattice vectors (/ 2 pi):
     (0.57735, 1, -0)
     (0.57735, -1, 0)
     (-0, 0, 1)
Geometric objects:
     block, center = (0,0,0)
          size (100,100,0.01)
          axes (1,0,0), (0,1,0), (0,0,1)
          epsilon = 64, mu = 1
     cylinder, center = (0.166667,0.166667,0)
          radius 0.43, height 0.01, axis (0, 0, 1)
          epsilon = 1, mu = 1
     cylinder, center = (-0.166667,-0.166667,0)
          radius 0.43, height 0.01, axis (0, 0, 1)
          epsilon = 1, mu = 1
Geometric object tree has depth 3 and 49 object nodes (vs. 3 actual objects)
Initializing epsilon function...
Allocating fields...
16 k-points:
     (0,0,0)
     (0,0.1,0)
     (0,0.2,0)
     (0,0.3,0)
     (0,0.4,0)
     (0,0.5,0)
     (-0.0666667,0.466667,0)
     (-0.133333,0.433333,0)
     (-0.2,0.4,0)
     (-0.266667,0.366667,0)
     (-0.333333,0.333333,0)
     (-0.266667,0.266667,0)
     (-0.2,0.2,0)
     (-0.133333,0.133333,0)
     (-0.0666667,0.0666667,0)
     (0,0,0)
Solving for band polarization: te.
Initializing fields to random numbers...
elapsed time for initialization: 0 seconds.
epsilon: 1-64, mean 6.72374, harm. mean 1.1171, 10.8398% > 1, 9.0853% "fill"
Outputting honey-slab-epsilon...
solve_kpoint (0,0,0):
tefreqs:, k index, k1, k2, k3, kmag/2pi, te band 1, te band 2, te band 3, te band 4, te band 5, te band 6, te band 7, te band 8
Solving for bands 2 to 8...
    linmin: converged after 8 iterations.
    linmin: converged after 4 iterations.
    linmin: converged after 5 iterations.
    linmin: converged after 4 iterations.
    linmin: converged after 3 iterations.
    linmin: converged after 4 iterations.
    linmin: converged after 4 iterations.
    linmin: converged after 4 iterations.
    linmin: converged after 3 iterations.
    linmin: converged after 4 iterations.
    linmin: converged after 4 iterations.
    linmin: converged after 4 iterations.
    linmin: converged after 4 iterations.
    linmin: converged after 4 iterations.
    linmin: converged after 4 iterations.
    linmin: converged after 4 iterations.
    linmin: converged after 4 iterations.
    linmin: converged after 4 iterations.
    linmin: converged after 4 iterations.
    linmin: converged after 4 iterations.
    linmin: converged after 4 iterations.
    linmin: converged after 4 iterations.
    linmin: converged after 4 iterations.
    linmin: converged after 4 iterations.
    linmin: converged after 4 iterations.
    linmin: converged after 2 iterations.
    linmin: converged after 2 iterations.
    linmin: converged after 2 iterations.
    linmin: converged after 2 iterations.
    linmin: converged after 2 iterations.
    linmin: converged after 2 iterations.
    linmin: converged after 2 iterations.
    linmin: converged after 2 iterations.
    linmin: converged after 2 iterations.
    linmin: converged after 2 iterations.
    linmin: converged after 2 iterations.
    linmin: converged after 2 iterations.
    linmin: converged after 2 iterations.
    linmin: converged after 2 iterations.
    linmin: converged after 2 iterations.
    linmin: converged after 2 iterations.
    linmin: converged after 2 iterations.
    linmin: converged after 2 iterations.
    linmin: converged after 2 iterations.
    linmin: converged after 2 iterations.
    linmin: converged after 2 iterations.
    linmin: converged after 2 iterations.
    linmin: converged after 2 iterations.
    linmin: converged after 2 iterations.
    linmin: converged after 2 iterations.
    linmin: converged after 2 iterations.
Finished solving for bands 2 to 8 after 51 iterations.
tefreqs:, 1, 0, 0, 0, 0, 0, 0.317586, 0.488287, 0.489074, 0.660611, 0.665428, 0.70748, 0.816202
elapsed time for k point: 0 seconds.
solve_kpoint (0,0.1,0):
Solving for bands 1 to 8...
    linmin: converged after 6 iterations.
    linmin: converged after 3 iterations.
    linmin: converged after 3 iterations.
    linmin: converged after 3 iterations.
    linmin: converged after 3 iterations.
    linmin: converged after 3 iterations.
    linmin: converged after 3 iterations.
    linmin: converged after 3 iterations.
    linmin: converged after 2 iterations.
    linmin: converged after 3 iterations.
    linmin: converged after 2 iterations.
    linmin: converged after 3 iterations.
    linmin: converged after 2 iterations.
    linmin: converged after 2 iterations.
    linmin: converged after 2 iterations.
    linmin: converged after 2 iterations.
    linmin: converged after 2 iterations.
    linmin: converged after 2 iterations.
Finished solving for bands 1 to 8 after 18 iterations.
tefreqs:, 2, 0, 0.1, 0, 0.11547, 0.104484, 0.318441, 0.488411, 0.489119, 0.660593, 0.665375, 0.706888, 0.816164
elapsed time for k point: 0 seconds.
solve_kpoint (0,0.2,0):
Solving for bands 1 to 8...
    linmin: converged after 4 iterations.
    linmin: converged after 3 iterations.
    linmin: converged after 3 iterations.
    linmin: converged after 3 iterations.
    linmin: converged after 3 iterations.
    linmin: converged after 3 iterations.
    linmin: converged after 3 iterations.
    linmin: converged after 3 iterations.
    linmin: converged after 2 iterations.
    linmin: converged after 2 iterations.
    linmin: converged after 2 iterations.
    linmin: converged after 3 iterations.
    linmin: converged after 2 iterations.
    linmin: converged after 2 iterations.
    linmin: converged after 2 iterations.
    linmin: converged after 3 iterations.
    linmin: converged after 2 iterations.
    linmin: converged after 2 iterations.
    linmin: converged after 2 iterations.
    linmin: converged after 2 iterations.
    linmin: converged after 2 iterations.
    linmin: converged after 2 iterations.
    linmin: converged after 2 iterations.
    linmin: converged after 2 iterations.
    linmin: converged after 2 iterations.
    linmin: converged after 2 iterations.
Finished solving for bands 1 to 8 after 26 iterations.
tefreqs:, 3, 0, 0.2, 0, 0.23094, 0.205161, 0.322912, 0.488578, 0.489499, 0.660581, 0.665268, 0.704616, 0.81588
elapsed time for k point: 0 seconds.
solve_kpoint (0,0.3,0):
Solving for bands 1 to 8...
    linmin: converged after 4 iterations.
    linmin: converged after 3 iterations.
    linmin: converged after 3 iterations.
    linmin: converged after 3 iterations.
    linmin: converged after 3 iterations.
    linmin: converged after 3 iterations.
    linmin: converged after 3 iterations.
    linmin: converged after 3 iterations.
    linmin: converged after 3 iterations.
    linmin: converged after 3 iterations.
    linmin: converged after 3 iterations.
    linmin: converged after 4 iterations.
    linmin: converged after 4 iterations.
    linmin: converged after 4 iterations.
    linmin: converged after 4 iterations.
    linmin: converged after 4 iterations.
    linmin: converged after 3 iterations.
    linmin: converged after 3 iterations.
    linmin: converged after 3 iterations.
    linmin: converged after 3 iterations.
    linmin: converged after 3 iterations.
    linmin: converged after 3 iterations.
    linmin: converged after 2 iterations.
    linmin: converged after 2 iterations.
    linmin: converged after 2 iterations.
    linmin: converged after 2 iterations.
    linmin: converged after 2 iterations.
    linmin: converged after 2 iterations.
    linmin: converged after 2 iterations.
    linmin: converged after 2 iterations.
    linmin: converged after 2 iterations.
    linmin: converged after 2 iterations.
    linmin: converged after 2 iterations.
    linmin: converged after 2 iterations.
    linmin: converged after 2 iterations.
    linmin: converged after 2 iterations.
    linmin: converged after 2 iterations.
    linmin: converged after 2 iterations.
    linmin: converged after 2 iterations.
    linmin: converged after 2 iterations.
    linmin: converged after 2 iterations.
    linmin: converged after 2 iterations.
    linmin: converged after 2 iterations.
    linmin: converged after 2 iterations.
    linmin: converged after 2 iterations.
    linmin: converged after 2 iterations.
    linmin: converged after 2 iterations.
Finished solving for bands 1 to 8 after 47 iterations.
tefreqs:, 4, 0, 0.3, 0, 0.34641, 0.281305, 0.349581, 0.488541, 0.491175, 0.660532, 0.665024, 0.696629, 0.78405
elapsed time for k point: 1 seconds.
solve_kpoint (0,0.4,0):
Solving for bands 1 to 8...
    linmin: converged after 3 iterations.
    linmin: converged after 3 iterations.
    linmin: converged after 3 iterations.
    linmin: converged after 4 iterations.
    linmin: converged after 3 iterations.
    linmin: converged after 3 iterations.
    linmin: converged after 2 iterations.
    linmin: converged after 3 iterations.
    linmin: converged after 2 iterations.
    linmin: converged after 2 iterations.
    linmin: converged after 2 iterations.
    linmin: converged after 2 iterations.
    linmin: converged after 3 iterations.
    linmin: converged after 3 iterations.
    linmin: converged after 2 iterations.
    linmin: converged after 2 iterations.
    linmin: converged after 2 iterations.
    linmin: converged after 2 iterations.
    linmin: converged after 3 iterations.
    linmin: converged after 2 iterations.
    linmin: converged after 2 iterations.
    linmin: converged after 2 iterations.
    linmin: converged after 2 iterations.
    linmin: converged after 2 iterations.
    linmin: converged after 2 iterations.
Finished solving for bands 1 to 8 after 25 iterations.
tefreqs:, 5, 0, 0.4, 0, 0.46188, 0.300577, 0.422406, 0.48846, 0.498934, 0.65199, 0.661221, 0.667144, 0.732325
elapsed time for k point: 0 seconds.
solve_kpoint (0,0.5,0):
Solving for bands 1 to 8...
    linmin: converged after 3 iterations.
    linmin: converged after 3 iterations.
    linmin: converged after 2 iterations.
    linmin: converged after 4 iterations.
    linmin: converged after 2 iterations.
    linmin: converged after 2 iterations.
    linmin: converged after 2 iterations.
    linmin: converged after 2 iterations.
    linmin: converged after 2 iterations.
    linmin: converged after 2 iterations.
    linmin: converged after 2 iterations.
    linmin: converged after 2 iterations.
    linmin: converged after 2 iterations.
    linmin: converged after 2 iterations.
    linmin: converged after 2 iterations.
    linmin: converged after 2 iterations.
    linmin: converged after 2 iterations.
    linmin: converged after 2 iterations.
    linmin: converged after 2 iterations.
    linmin: converged after 2 iterations.
Finished solving for bands 1 to 8 after 20 iterations.
tefreqs:, 6, 0, 0.5, 0, 0.57735, 0.303124, 0.458729, 0.488447, 0.525979, 0.597786, 0.660763, 0.665739, 0.723803
elapsed time for k point: 0 seconds.
solve_kpoint (-0.0666667,0.466667,0):
Solving for bands 1 to 8...
    linmin: converged after 4 iterations.
    linmin: converged after 4 iterations.
    linmin: converged after 4 iterations.
    linmin: converged after 4 iterations.
    linmin: converged after 2 iterations.
    linmin: converged after 2 iterations.
    linmin: converged after 2 iterations.
    linmin: converged after 2 iterations.
    linmin: converged after 2 iterations.
    linmin: converged after 2 iterations.
    linmin: converged after 2 iterations.
    linmin: converged after 2 iterations.
    linmin: converged after 2 iterations.
    linmin: converged after 2 iterations.
    linmin: converged after 2 iterations.
    linmin: converged after 2 iterations.
    linmin: converged after 2 iterations.
    linmin: converged after 2 iterations.
Finished solving for bands 1 to 8 after 18 iterations.
tefreqs:, 7, -0.0666667, 0.466667, 0, 0.581187, 0.303203, 0.460817, 0.488138, 0.528138, 0.599799, 0.660798, 0.665766, 0.722041
elapsed time for k point: 0 seconds.
solve_kpoint (-0.133333,0.433333,0):
Solving for bands 1 to 8...
    linmin: converged after 4 iterations.
    linmin: converged after 4 iterations.
    linmin: converged after 4 iterations.
    linmin: converged after 4 iterations.
    linmin: converged after 4 iterations.
    linmin: converged after 2 iterations.
    linmin: converged after 2 iterations.
    linmin: converged after 2 iterations.
    linmin: converged after 2 iterations.
    linmin: converged after 2 iterations.
    linmin: converged after 2 iterations.
    linmin: converged after 2 iterations.
    linmin: converged after 2 iterations.
    linmin: converged after 2 iterations.
    linmin: converged after 2 iterations.
    linmin: converged after 2 iterations.
    linmin: converged after 2 iterations.
    linmin: converged after 2 iterations.
Finished solving for bands 1 to 8 after 18 iterations.
tefreqs:, 8, -0.133333, 0.433333, 0, 0.592546, 0.303409, 0.466171, 0.487324, 0.53535, 0.605399, 0.66085, 0.665789, 0.715654
elapsed time for k point: 0 seconds.
solve_kpoint (-0.2,0.4,0):
Solving for bands 1 to 8...
    linmin: converged after 3 iterations.
    linmin: converged after 3 iterations.
    linmin: converged after 4 iterations.
    linmin: converged after 4 iterations.
    linmin: converged after 4 iterations.
    linmin: converged after 2 iterations.
    linmin: converged after 2 iterations.
    linmin: converged after 2 iterations.
    linmin: converged after 2 iterations.
    linmin: converged after 2 iterations.
    linmin: converged after 2 iterations.
    linmin: converged after 2 iterations.
    linmin: converged after 2 iterations.
    linmin: converged after 2 iterations.
    linmin: converged after 2 iterations.
    linmin: converged after 2 iterations.
    linmin: converged after 2 iterations.
    linmin: converged after 2 iterations.
    linmin: converged after 2 iterations.
Finished solving for bands 1 to 8 after 19 iterations.
tefreqs:, 9, -0.2, 0.4, 0, 0.61101, 0.303683, 0.472565, 0.486084, 0.549201, 0.613113, 0.660929, 0.665808, 0.701095
elapsed time for k point: 0 seconds.
solve_kpoint (-0.266667,0.366667,0):
Solving for bands 1 to 8...
    linmin: converged after 4 iterations.
    linmin: converged after 3 iterations.
    linmin: converged after 4 iterations.
    linmin: converged after 4 iterations.
    linmin: converged after 2 iterations.
    linmin: converged after 2 iterations.
    linmin: converged after 2 iterations.
    linmin: converged after 2 iterations.
    linmin: converged after 2 iterations.
    linmin: converged after 2 iterations.
    linmin: converged after 2 iterations.
    linmin: converged after 2 iterations.
    linmin: converged after 2 iterations.
    linmin: converged after 2 iterations.
    linmin: converged after 2 iterations.
    linmin: converged after 2 iterations.
    linmin: converged after 2 iterations.
    linmin: converged after 2 iterations.
    linmin: converged after 2 iterations.
    linmin: converged after 2 iterations.
    linmin: converged after 2 iterations.
Finished solving for bands 1 to 8 after 21 iterations.
tefreqs:, 10, -0.266667, 0.366667, 0, 0.635959, 0.303938, 0.477953, 0.484408, 0.570788, 0.617787, 0.661062, 0.665796, 0.678014
elapsed time for k point: 0 seconds.
solve_kpoint (-0.333333,0.333333,0):
Solving for bands 1 to 8...
    linmin: converged after 3 iterations.
    linmin: converged after 3 iterations.
    linmin: converged after 3 iterations.
    linmin: converged after 3 iterations.
    linmin: converged after 2 iterations.
    linmin: converged after 3 iterations.
    linmin: converged after 2 iterations.
    linmin: converged after 3 iterations.
    linmin: converged after 2 iterations.
    linmin: converged after 2 iterations.
    linmin: converged after 2 iterations.
    linmin: converged after 2 iterations.
    linmin: converged after 2 iterations.
    linmin: converged after 2 iterations.
    linmin: converged after 2 iterations.
    linmin: converged after 2 iterations.
    linmin: converged after 2 iterations.
    linmin: converged after 2 iterations.
    linmin: converged after 2 iterations.
Finished solving for bands 1 to 8 after 19 iterations.
tefreqs:, 11, -0.333333, 0.333333, 0, 0.666667, 0.304056, 0.481573, 0.482105, 0.598857, 0.602234, 0.661478, 0.664771, 0.666406
elapsed time for k point: 0 seconds.
Fixing e-field (band 1) phase by 0.000522494 + -1i; max ampl. = 0.597484
Outputting fields to honey-slab-e.k11.b01.x.te...
Fixing e-field (band 2) phase by -0.992245 + -0.124297i; max ampl. = 1.16033
Outputting fields to honey-slab-e.k11.b02.x.te...
Fixing e-field (band 3) phase by 0.999137 + 0.041526i; max ampl. = 0.77181
Outputting fields to honey-slab-e.k11.b03.x.te...
Fixing e-field (band 4) phase by -0.986065 + -0.166358i; max ampl. = 1.93263
Outputting fields to honey-slab-e.k11.b04.x.te...
Fixing e-field (band 5) phase by 0.0706347 + -0.997502i; max ampl. = 2.10325
Outputting fields to honey-slab-e.k11.b05.x.te...
Fixing e-field (band 6) phase by 0.144628 + -0.989486i; max ampl. = 1.10708
Outputting fields to honey-slab-e.k11.b06.x.te...
Fixing e-field (band 7) phase by 0.998912 + 0.0466389i; max ampl. = 0.746694
Outputting fields to honey-slab-e.k11.b07.x.te...
Fixing e-field (band 8) phase by -0.0812588 + -0.996693i; max ampl. = 0.748583
Outputting fields to honey-slab-e.k11.b08.x.te...
solve_kpoint (-0.266667,0.266667,0):
Solving for bands 1 to 8...
    linmin: converged after 3 iterations.
    linmin: converged after 3 iterations.
    linmin: converged after 4 iterations.
    linmin: converged after 3 iterations.
    linmin: converged after 3 iterations.
    linmin: converged after 3 iterations.
    linmin: converged after 3 iterations.
    linmin: converged after 3 iterations.
    linmin: converged after 4 iterations.
    linmin: converged after 2 iterations.
    linmin: converged after 2 iterations.
    linmin: converged after 3 iterations.
    linmin: converged after 2 iterations.
    linmin: converged after 2 iterations.
    linmin: converged after 2 iterations.
    linmin: converged after 2 iterations.
    linmin: converged after 2 iterations.
    linmin: converged after 2 iterations.
    linmin: converged after 2 iterations.
    linmin: converged after 2 iterations.
    linmin: converged after 2 iterations.
Finished solving for bands 1 to 8 after 21 iterations.
tefreqs:, 12, -0.266667, 0.266667, 0, 0.533333, 0.30307, 0.464168, 0.486239, 0.519441, 0.660793, 0.661339, 0.680695, 0.682293
elapsed time for k point: 0 seconds.
solve_kpoint (-0.2,0.2,0):
Solving for bands 1 to 8...
    linmin: converged after 5 iterations.
    linmin: converged after 4 iterations.
    linmin: converged after 3 iterations.
    linmin: converged after 3 iterations.
    linmin: converged after 3 iterations.
    linmin: converged after 3 iterations.
    linmin: converged after 3 iterations.
    linmin: converged after 3 iterations.
    linmin: converged after 2 iterations.
    linmin: converged after 3 iterations.
    linmin: converged after 2 iterations.
    linmin: converged after 2 iterations.
    linmin: converged after 2 iterations.
    linmin: converged after 3 iterations.
    linmin: converged after 3 iterations.
    linmin: converged after 2 iterations.
    linmin: converged after 2 iterations.
    linmin: converged after 3 iterations.
    linmin: converged after 3 iterations.
    linmin: converged after 2 iterations.
    linmin: converged after 2 iterations.
    linmin: converged after 2 iterations.
    linmin: converged after 2 iterations.
    linmin: converged after 2 iterations.
    linmin: converged after 2 iterations.
Finished solving for bands 1 to 8 after 25 iterations.
tefreqs:, 13, -0.2, 0.2, 0, 0.4, 0.294838, 0.382447, 0.487975, 0.493131, 0.660819, 0.664788, 0.696175, 0.766039
elapsed time for k point: 1 seconds.
solve_kpoint (-0.133333,0.133333,0):
Solving for bands 1 to 8...
    linmin: converged after 5 iterations.
    linmin: converged after 4 iterations.
    linmin: converged after 4 iterations.
    linmin: converged after 3 iterations.
    linmin: converged after 3 iterations.
    linmin: converged after 3 iterations.
    linmin: converged after 3 iterations.
    linmin: converged after 3 iterations.
    linmin: converged after 4 iterations.
    linmin: converged after 3 iterations.
    linmin: converged after 3 iterations.
    linmin: converged after 3 iterations.
    linmin: converged after 2 iterations.
    linmin: converged after 3 iterations.
    linmin: converged after 3 iterations.
    linmin: converged after 2 iterations.
    linmin: converged after 3 iterations.
    linmin: converged after 2 iterations.
    linmin: converged after 2 iterations.
    linmin: converged after 2 iterations.
    linmin: converged after 2 iterations.
    linmin: converged after 2 iterations.
    linmin: converged after 2 iterations.
    linmin: converged after 2 iterations.
    linmin: converged after 3 iterations.
    linmin: converged after 3 iterations.
    linmin: converged after 6 iterations.
    linmin: converged after 4 iterations.
    linmin: converged after 3 iterations.
    linmin: converged after 4 iterations.
    linmin: converged after 4 iterations.
    linmin: converged after 4 iterations.
    linmin: converged after 4 iterations.
    linmin: converged after 4 iterations.
    linmin: converged after 4 iterations.
    linmin: converged after 4 iterations.
    linmin: converged after 4 iterations.
    linmin: converged after 3 iterations.
    linmin: converged after 4 iterations.
    linmin: converged after 3 iterations.
    linmin: converged after 3 iterations.
    linmin: converged after 3 iterations.
    linmin: converged after 3 iterations.
    linmin: converged after 3 iterations.
    linmin: converged after 3 iterations.
    linmin: converged after 3 iterations.
    linmin: converged after 3 iterations.
    linmin: converged after 3 iterations.
    linmin: converged after 3 iterations.
    linmin: converged after 3 iterations.
    linmin: converged after 3 iterations.
    linmin: converged after 3 iterations.
    linmin: converged after 3 iterations.
    linmin: converged after 3 iterations.
    linmin: converged after 3 iterations.
    linmin: converged after 3 iterations.
    linmin: converged after 3 iterations.
    linmin: converged after 3 iterations.
    linmin: converged after 3 iterations.
    linmin: converged after 3 iterations.
    linmin: converged after 3 iterations.
    linmin: converged after 3 iterations.
    linmin: converged after 3 iterations.
    linmin: converged after 3 iterations.
    linmin: converged after 3 iterations.
    linmin: converged after 3 iterations.
    linmin: converged after 3 iterations.
    linmin: converged after 3 iterations.
    linmin: converged after 3 iterations.
    linmin: converged after 4 iterations.
    linmin: converged after 4 iterations.
    linmin: converged after 4 iterations.
    linmin: converged after 2 iterations.
    linmin: converged after 2 iterations.
    linmin: converged after 2 iterations.
    linmin: converged after 2 iterations.
    linmin: converged after 3 iterations.
    linmin: converged after 3 iterations.
    linmin: converged after 2 iterations.
    linmin: converged after 3 iterations.
    linmin: converged after 3 iterations.
    linmin: converged after 3 iterations.
    linmin: converged after 3 iterations.
    linmin: converged after 3 iterations.
    linmin: converged after 3 iterations.
    linmin: converged after 2 iterations.
    linmin: converged after 2 iterations.
    linmin: converged after 2 iterations.
    linmin: converged after 2 iterations.
    linmin: converged after 2 iterations.
    linmin: converged after 2 iterations.
    linmin: converged after 2 iterations.
    linmin: converged after 2 iterations.
    linmin: converged after 2 iterations.
    linmin: converged after 2 iterations.
    linmin: converged after 2 iterations.
    linmin: converged after 2 iterations.
    linmin: converged after 2 iterations.
    linmin: converged after 2 iterations.
    linmin: converged after 2 iterations.
    linmin: converged after 2 iterations.
    linmin: converged after 2 iterations.
    linmin: converged after 2 iterations.
    linmin: converged after 1 iterations.
    linmin: converged after 2 iterations.
    linmin: converged after 2 iterations.
    linmin: converged after 2 iterations.
Finished solving for bands 1 to 8 after 107 iterations.
tefreqs:, 14, -0.133333, 0.133333, 0, 0.266667, 0.233599, 0.32662, 0.48871, 0.48955, 0.660721, 0.665203, 0.703643, 0.815861
elapsed time for k point: 0 seconds.
solve_kpoint (-0.0666667,0.0666667,0):
Solving for bands 1 to 8...
    linmin: converged after 5 iterations.
    linmin: converged after 5 iterations.
    linmin: converged after 4 iterations.
    linmin: converged after 4 iterations.
    linmin: converged after 3 iterations.
    linmin: converged after 3 iterations.
    linmin: converged after 2 iterations.
    linmin: converged after 3 iterations.
    linmin: converged after 3 iterations.
    linmin: converged after 3 iterations.
    linmin: converged after 3 iterations.
    linmin: converged after 3 iterations.
    linmin: converged after 2 iterations.
    linmin: converged after 3 iterations.
    linmin: converged after 3 iterations.
    linmin: converged after 2 iterations.
    linmin: converged after 2 iterations.
    linmin: converged after 3 iterations.
    linmin: converged after 3 iterations.
    linmin: converged after 2 iterations.
    linmin: converged after 2 iterations.
    linmin: converged after 3 iterations.
    linmin: converged after 3 iterations.
    linmin: converged after 2 iterations.
    linmin: converged after 2 iterations.
    linmin: converged after 2 iterations.
Finished solving for bands 1 to 8 after 26 iterations.
tefreqs:, 15, -0.0666667, 0.0666667, 0, 0.133333, 0.120393, 0.318773, 0.488532, 0.489, 0.660641, 0.665375, 0.706675, 0.816131
elapsed time for k point: 0 seconds.
solve_kpoint (0,0,0):
Solving for bands 2 to 8...
    linmin: converged after 3 iterations.
    linmin: converged after 3 iterations.
    linmin: converged after 4 iterations.
    linmin: converged after 2 iterations.
    linmin: converged after 2 iterations.
    linmin: converged after 2 iterations.
    linmin: converged after 2 iterations.
    linmin: converged after 2 iterations.
    linmin: converged after 2 iterations.
    linmin: converged after 2 iterations.
    linmin: converged after 2 iterations.
    linmin: converged after 2 iterations.
    linmin: converged after 2 iterations.
    linmin: converged after 2 iterations.
    linmin: converged after 2 iterations.
    linmin: converged after 2 iterations.
    linmin: converged after 2 iterations.
    linmin: converged after 2 iterations.
Finished solving for bands 2 to 8 after 18 iterations.
tefreqs:, 16, 0, 0, 0, 0, 0, 0.317586, 0.488287, 0.489074, 0.660611, 0.665428, 0.70748, 0.816202
elapsed time for k point: 0 seconds.
Band 1 range: 0.0 at #(0.0 0.0 0.0) to 0.3040559062475432 at #(-0.3333333333333333 0.3333333333333333 0.0)
Band 2 range: 0.31758603850201994 at #(0.0 0.0 0.0) to 0.4815733272908399 at #(-0.3333333333333333 0.3333333333333333 0.0)
Band 3 range: 0.48210473234130513 at #(-0.3333333333333333 0.3333333333333333 0.0) to 0.48871009493470713 at #(-0.13333333333333333 0.13333333333333333 0.0)
Band 4 range: 0.4890002693529721 at #(-0.06666666666666667 0.06666666666666667 0.0) to 0.5988565221605078 at #(-0.3333333333333333 0.3333333333333333 0.0)
Band 5 range: 0.5977858421473469 at #(0.0 0.5 0.0) to 0.6608187132121659 at #(-0.2 0.2 0.0)
Band 6 range: 0.6607632999527424 at #(0.0 0.5 0.0) to 0.6654282520924478 at #(0.0 0.0 0.0)
Band 7 range: 0.664771060823695 at #(-0.3333333333333333 0.3333333333333333 0.0) to 0.7074800229529774 at #(0.0 0.0 0.0)
Band 8 range: 0.6664063337585707 at #(-0.3333333333333333 0.3333333333333333 0.0) to 0.8162017704914155 at #(0.0 0.0 0.0)
Gap from band 1 (0.3040559062475432) to band 2 (0.31758603850201994), 4.353030669424195%
Gap from band 2 (0.4815733272908399) to band 3 (0.48210473234130513), 0.11028684219874751%
Gap from band 3 (0.48871009493470713) to band 4 (0.4890002693529721), 0.05935795075188021%
total elapsed time for run: 2 seconds.
done.
init-params: initializing eigensolver data
Computing 8 bands with 1.000000e-07 tolerance.
Working in 2 dimensions.
Grid size is 32 x 32 x 1.
Solving for 8 bands at a time.
Creating Maxwell data...
Mesh size is 3.
Lattice vectors:
     (0.866025, 0.5, 0)
     (0.866025, -0.5, 0)
     (0, 0, 1)
Cell volume = 0.866025
Reciprocal lattice vectors (/ 2 pi):
     (0.57735, 1, -0)
     (0.57735, -1, 0)
     (-0, 0, 1)
Geometric objects:
     block, center = (0,0,0)
          size (100,100,0.01)
          axes (1,0,0), (0,1,0), (0,0,1)
          epsilon = 64, mu = 1
     cylinder, center = (0.166667,0.166667,0)
          radius 0.43, height 0.01, axis (0, 0, 1)
          epsilon = 1, mu = 1
     cylinder, center = (-0.166667,-0.166667,0)
          radius 0.43, height 0.01, axis (0, 0, 1)
          epsilon = 1, mu = 1
Geometric object tree has depth 3 and 49 object nodes (vs. 3 actual objects)
Initializing epsilon function...
16 k-points:
     (0,0,0)
     (0,0.1,0)
     (0,0.2,0)
     (0,0.3,0)
     (0,0.4,0)
     (0,0.5,0)
     (-0.0666667,0.466667,0)
     (-0.133333,0.433333,0)
     (-0.2,0.4,0)
     (-0.266667,0.366667,0)
     (-0.333333,0.333333,0)
     (-0.266667,0.266667,0)
     (-0.2,0.2,0)
     (-0.133333,0.133333,0)
     (-0.0666667,0.0666667,0)
     (0,0,0)
Solving for band polarization: tm.
Initializing fields to random numbers...
elapsed time for initialization: 0 seconds.
epsilon: 1-64, mean 6.72374, harm. mean 1.1171, 10.8398% > 1, 9.0853% "fill"
Outputting honey-slab-epsilon...
solve_kpoint (0,0,0):
tmfreqs:, k index, k1, k2, k3, kmag/2pi, tm band 1, tm band 2, tm band 3, tm band 4, tm band 5, tm band 6, tm band 7, tm band 8
Solving for bands 2 to 8...
    linmin: converged after 9 iterations.
    linmin: converged after 10 iterations.
    linmin: converged after 4 iterations.
    linmin: converged after 4 iterations.
    linmin: converged after 4 iterations.
    linmin: converged after 4 iterations.
    linmin: converged after 3 iterations.
    linmin: converged after 3 iterations.
    linmin: converged after 3 iterations.
    linmin: converged after 2 iterations.
    linmin: converged after 3 iterations.
    linmin: converged after 2 iterations.
    linmin: converged after 3 iterations.
    linmin: converged after 2 iterations.
    linmin: converged after 3 iterations.
    linmin: converged after 2 iterations.
    linmin: converged after 2 iterations.
Finished solving for bands 2 to 8 after 17 iterations.
tmfreqs:, 1, 0, 0, 0, 0, 0, 0.309804, 0.310434, 0.413358, 0.479031, 0.479546, 0.601911, 0.623737
elapsed time for k point: 1 seconds.
solve_kpoint (0,0.1,0):
Solving for bands 1 to 8...
    linmin: converged after 5 iterations.
    linmin: converged after 4 iterations.
    linmin: converged after 4 iterations.
    linmin: converged after 3 iterations.
    linmin: converged after 2 iterations.
    linmin: converged after 3 iterations.
    linmin: converged after 2 iterations.
    linmin: converged after 2 iterations.
    linmin: converged after 2 iterations.
Finished solving for bands 1 to 8 after 9 iterations.
tmfreqs:, 2, 0, 0.1, 0, 0.11547, 0.0436759, 0.306691, 0.310062, 0.421298, 0.478956, 0.479667, 0.601993, 0.623698
elapsed time for k point: 0 seconds.
solve_kpoint (0,0.2,0):
Solving for bands 1 to 8...
    linmin: converged after 4 iterations.
    linmin: converged after 4 iterations.
    linmin: converged after 4 iterations.
    linmin: converged after 3 iterations.
    linmin: converged after 2 iterations.
    linmin: converged after 3 iterations.
    linmin: converged after 2 iterations.
    linmin: converged after 2 iterations.
    linmin: converged after 2 iterations.
Finished solving for bands 1 to 8 after 9 iterations.
tmfreqs:, 3, 0, 0.2, 0, 0.23094, 0.0824394, 0.299485, 0.309434, 0.441297, 0.478754, 0.480078, 0.602857, 0.623592
elapsed time for k point: 0 seconds.
solve_kpoint (0,0.3,0):
Solving for bands 1 to 8...
    linmin: converged after 4 iterations.
    linmin: converged after 4 iterations.
    linmin: converged after 4 iterations.
    linmin: converged after 4 iterations.
    linmin: converged after 2 iterations.
    linmin: converged after 3 iterations.
    linmin: converged after 2 iterations.
    linmin: converged after 2 iterations.
    linmin: converged after 2 iterations.
Finished solving for bands 1 to 8 after 9 iterations.
tmfreqs:, 4, 0, 0.3, 0, 0.34641, 0.112377, 0.292158, 0.308672, 0.464581, 0.479311, 0.480633, 0.60574, 0.623455
elapsed time for k point: 0 seconds.
solve_kpoint (0,0.4,0):
Solving for bands 1 to 8...
    linmin: converged after 4 iterations.
    linmin: converged after 4 iterations.
    linmin: converged after 4 iterations.
    linmin: converged after 2 iterations.
    linmin: converged after 3 iterations.
    linmin: converged after 3 iterations.
    linmin: converged after 2 iterations.
    linmin: converged after 2 iterations.
    linmin: converged after 2 iterations.
Finished solving for bands 1 to 8 after 9 iterations.
tmfreqs:, 5, 0, 0.4, 0, 0.46188, 0.131079, 0.287007, 0.308055, 0.474969, 0.481066, 0.487833, 0.610369, 0.62334
elapsed time for k point: 0 seconds.
solve_kpoint (0,0.5,0):
Solving for bands 1 to 8...
    linmin: converged after 4 iterations.
    linmin: converged after 4 iterations.
    linmin: converged after 2 iterations.
    linmin: converged after 3 iterations.
    linmin: converged after 2 iterations.
    linmin: converged after 2 iterations.
    linmin: converged after 2 iterations.
    linmin: converged after 2 iterations.
    linmin: converged after 2 iterations.
Finished solving for bands 1 to 8 after 9 iterations.
tmfreqs:, 6, 0, 0.5, 0, 0.57735, 0.137418, 0.285166, 0.30782, 0.475589, 0.481243, 0.494222, 0.612904, 0.623297
elapsed time for k point: 0 seconds.
solve_kpoint (-0.0666667,0.466667,0):
Solving for bands 1 to 8...
    linmin: converged after 3 iterations.
    linmin: converged after 3 iterations.
    linmin: converged after 3 iterations.
    linmin: converged after 2 iterations.
    linmin: converged after 2 iterations.
    linmin: converged after 2 iterations.
    linmin: converged after 2 iterations.
Finished solving for bands 1 to 8 after 7 iterations.
tmfreqs:, 7, -0.0666667, 0.466667, 0, 0.581187, 0.137798, 0.285758, 0.307213, 0.475834, 0.481091, 0.494426, 0.614887, 0.623293
elapsed time for k point: 0 seconds.
solve_kpoint (-0.133333,0.433333,0):
Solving for bands 1 to 8...
    linmin: converged after 3 iterations.
    linmin: converged after 3 iterations.
    linmin: converged after 3 iterations.
    linmin: converged after 2 iterations.
    linmin: converged after 2 iterations.
    linmin: converged after 2 iterations.
    linmin: converged after 2 iterations.
Finished solving for bands 1 to 8 after 7 iterations.
tmfreqs:, 8, -0.133333, 0.433333, 0, 0.592546, 0.138838, 0.287439, 0.305471, 0.476487, 0.480679, 0.495021, 0.620598, 0.62329
elapsed time for k point: 0 seconds.
solve_kpoint (-0.2,0.4,0):
Solving for bands 1 to 8...
    linmin: converged after 3 iterations.
    linmin: converged after 3 iterations.
    linmin: converged after 3 iterations.
    linmin: converged after 2 iterations.
    linmin: converged after 2 iterations.
    linmin: converged after 2 iterations.
    linmin: converged after 2 iterations.
    linmin: converged after 2 iterations.
Finished solving for bands 1 to 8 after 8 iterations.
tmfreqs:, 9, -0.2, 0.4, 0, 0.61101, 0.140249, 0.289958, 0.302825, 0.477333, 0.480119, 0.495921, 0.623269, 0.629353
elapsed time for k point: 0 seconds.
solve_kpoint (-0.266667,0.366667,0):
Solving for bands 1 to 8...
    linmin: converged after 3 iterations.
    linmin: converged after 3 iterations.
    linmin: converged after 3 iterations.
    linmin: converged after 2 iterations.
    linmin: converged after 2 iterations.
    linmin: converged after 2 iterations.
    linmin: converged after 2 iterations.
    linmin: converged after 2 iterations.
    linmin: converged after 2 iterations.
    linmin: converged after 2 iterations.
Finished solving for bands 1 to 8 after 10 iterations.
tmfreqs:, 10, -0.266667, 0.366667, 0, 0.635959, 0.141564, 0.292972, 0.299631, 0.478123, 0.479544, 0.496878, 0.623261, 0.639958
elapsed time for k point: 0 seconds.
solve_kpoint (-0.333333,0.333333,0):
Solving for bands 1 to 8...
    linmin: converged after 3 iterations.
    linmin: converged after 3 iterations.
    linmin: converged after 3 iterations.
    linmin: converged after 2 iterations.
    linmin: converged after 3 iterations.
    linmin: converged after 4 iterations.
    linmin: converged after 5 iterations.
    linmin: converged after 4 iterations.
    linmin: converged after 3 iterations.
    linmin: converged after 3 iterations.
    linmin: converged after 3 iterations.
    linmin: converged after 3 iterations.
    linmin: converged after 3 iterations.
    linmin: converged after 2 iterations.
    linmin: converged after 2 iterations.
    linmin: converged after 2 iterations.
    linmin: converged after 2 iterations.
    linmin: converged after 2 iterations.
    linmin: converged after 2 iterations.
    linmin: converged after 2 iterations.
    linmin: converged after 2 iterations.
    linmin: converged after 2 iterations.
    linmin: converged after 2 iterations.
    linmin: converged after 2 iterations.
Finished solving for bands 1 to 8 after 24 iterations.
tmfreqs:, 11, -0.333333, 0.333333, 0, 0.666667, 0.142162, 0.296052, 0.29643, 0.478622, 0.479121, 0.497393, 0.623256, 0.648893
elapsed time for k point: 0 seconds.
Fixing e-field (band 1) phase by -0.999985 + -0.00540935i; max ampl. = 0.518312
Outputting fields to honey-slab-e.k11.b01.z.tm...
Fixing e-field (band 2) phase by 0.999887 + 0.0150394i; max ampl. = 0.380259
Outputting fields to honey-slab-e.k11.b02.z.tm...
Fixing e-field (band 3) phase by -0.0462793 + 0.998929i; max ampl. = 0.67275
Outputting fields to honey-slab-e.k11.b03.z.tm...
Fixing e-field (band 4) phase by -0.962432 + 0.271521i; max ampl. = 0.681403
Outputting fields to honey-slab-e.k11.b04.z.tm...
Fixing e-field (band 5) phase by -0.998961 + -0.0455762i; max ampl. = 0.695533
Outputting fields to honey-slab-e.k11.b05.z.tm...
Fixing e-field (band 6) phase by 0.978921 + 0.204239i; max ampl. = 1.07615
Outputting fields to honey-slab-e.k11.b06.z.tm...
Fixing e-field (band 7) phase by -0.0860849 + 0.996288i; max ampl. = 0.744252
Outputting fields to honey-slab-e.k11.b07.z.tm...
Fixing e-field (band 8) phase by 0.786734 + 0.617293i; max ampl. = 0.870317
Outputting fields to honey-slab-e.k11.b08.z.tm...
solve_kpoint (-0.266667,0.266667,0):
Solving for bands 1 to 8...
    linmin: converged after 6 iterations.
    linmin: converged after 3 iterations.
    linmin: converged after 2 iterations.
    linmin: converged after 3 iterations.
    linmin: converged after 3 iterations.
    linmin: converged after 3 iterations.
    linmin: converged after 3 iterations.
    linmin: converged after 3 iterations.
    linmin: converged after 7 iterations.
    linmin: converged after 4 iterations.
    linmin: converged after 4 iterations.
    linmin: converged after 4 iterations.
    linmin: converged after 4 iterations.
    linmin: converged after 4 iterations.
    linmin: converged after 5 iterations.
    linmin: converged after 5 iterations.
    linmin: converged after 5 iterations.
    linmin: converged after 5 iterations.
    linmin: converged after 5 iterations.
    linmin: converged after 5 iterations.
    linmin: converged after 5 iterations.
    linmin: converged after 5 iterations.
    linmin: converged after 5 iterations.
    linmin: converged after 5 iterations.
    linmin: converged after 6 iterations.
    linmin: converged after 6 iterations.
    linmin: converged after 6 iterations.
    linmin: converged after 8 iterations.
    linmin: converged after 13 iterations.
    linmin: converged after 9 iterations.
    linmin: converged after 11 iterations.
    linmin: converged after 6 iterations.
    linmin: converged after 6 iterations.
    linmin: converged after 6 iterations.
    linmin: converged after 8 iterations.
    linmin: converged after 5 iterations.
    linmin: converged after 4 iterations.
    linmin: converged after 5 iterations.
    linmin: converged after 5 iterations.
    linmin: converged after 5 iterations.
    linmin: converged after 4 iterations.
    linmin: converged after 3 iterations.
    linmin: converged after 3 iterations.
    linmin: converged after 3 iterations.
    linmin: converged after 3 iterations.
    linmin: converged after 2 iterations.
    linmin: converged after 2 iterations.
    linmin: converged after 2 iterations.
    linmin: converged after 2 iterations.
    linmin: converged after 2 iterations.
Finished solving for bands 1 to 8 after 50 iterations.
tmfreqs:, 12, -0.266667, 0.266667, 0, 0.533333, 0.138217, 0.291286, 0.302259, 0.478043, 0.479292, 0.493591, 0.623277, 0.629851
elapsed time for k point: 0 seconds.
solve_kpoint (-0.2,0.2,0):
Solving for bands 1 to 8...
    linmin: converged after 5 iterations.
    linmin: converged after 4 iterations.
    linmin: converged after 4 iterations.
    linmin: converged after 2 iterations.
    linmin: converged after 2 iterations.
    linmin: converged after 2 iterations.
    linmin: converged after 2 iterations.
    linmin: converged after 2 iterations.
    linmin: converged after 2 iterations.
Finished solving for bands 1 to 8 after 9 iterations.
tmfreqs:, 13, -0.2, 0.2, 0, 0.4, 0.122711, 0.291586, 0.30644, 0.473483, 0.478067, 0.482956, 0.612251, 0.623405
elapsed time for k point: 0 seconds.
solve_kpoint (-0.133333,0.133333,0):
Solving for bands 1 to 8...
    linmin: converged after 5 iterations.
    linmin: converged after 4 iterations.
    linmin: converged after 4 iterations.
    linmin: converged after 2 iterations.
    linmin: converged after 2 iterations.
    linmin: converged after 2 iterations.
    linmin: converged after 2 iterations.
    linmin: converged after 2 iterations.
    linmin: converged after 2 iterations.
Finished solving for bands 1 to 8 after 9 iterations.
tmfreqs:, 14, -0.133333, 0.133333, 0, 0.266667, 0.092792, 0.297466, 0.308907, 0.448619, 0.478452, 0.48049, 0.604142, 0.62355
elapsed time for k point: 1 seconds.
solve_kpoint (-0.0666667,0.0666667,0):
Solving for bands 1 to 8...
    linmin: converged after 7 iterations.
    linmin: converged after 4 iterations.
    linmin: converged after 4 iterations.
    linmin: converged after 2 iterations.
    linmin: converged after 2 iterations.
    linmin: converged after 2 iterations.
    linmin: converged after 2 iterations.
    linmin: converged after 2 iterations.
    linmin: converged after 2 iterations.
Finished solving for bands 1 to 8 after 9 iterations.
tmfreqs:, 15, -0.0666667, 0.0666667, 0, 0.133333, 0.0501081, 0.305638, 0.310095, 0.423755, 0.478861, 0.479779, 0.602118, 0.623685
elapsed time for k point: 0 seconds.
solve_kpoint (0,0,0):
Solving for bands 2 to 8...
    linmin: converged after 5 iterations.
    linmin: converged after 4 iterations.
    linmin: converged after 3 iterations.
    linmin: converged after 3 iterations.
    linmin: converged after 3 iterations.
    linmin: converged after 2 iterations.
    linmin: converged after 3 iterations.
    linmin: converged after 2 iterations.
    linmin: converged after 2 iterations.
    linmin: converged after 2 iterations.
Finished solving for bands 2 to 8 after 10 iterations.
tmfreqs:, 16, 0, 0, 0, 0, 0, 0.309804, 0.310434, 0.413358, 0.479031, 0.479546, 0.601911, 0.623737
elapsed time for k point: 0 seconds.
Band 1 range: 0.0 at #(0.0 0.0 0.0) to 0.14216163558768857 at #(-0.3333333333333333 0.3333333333333333 0.0)
Band 2 range: 0.285165641086692 at #(0.0 0.5 0.0) to 0.3098040985924623 at #(0.0 0.0 0.0)
Band 3 range: 0.29642957226190025 at #(-0.3333333333333333 0.3333333333333333 0.0) to 0.3104344324647476 at #(0.0 0.0 0.0)
Band 4 range: 0.41335782446675423 at #(0.0 0.0 0.0) to 0.47862160840042517 at #(-0.3333333333333333 0.3333333333333333 0.0)
Band 5 range: 0.4780674481031281 at #(-0.2 0.2 0.0) to 0.481242558163223 at #(0.0 0.5 0.0)
Band 6 range: 0.479545682734155 at #(0.0 0.0 0.0) to 0.4973928476396989 at #(-0.3333333333333333 0.3333333333333333 0.0)
Band 7 range: 0.6019108629978793 at #(0.0 0.0 0.0) to 0.6232774368770279 at #(-0.26666666666666666 0.26666666666666666 0.0)
Band 8 range: 0.6232896291226969 at #(-0.13333333333333336 0.4333333333333333 0.0) to 0.6488933357914036 at #(-0.3333333333333333 0.3333333333333333 0.0)
Gap from band 1 (0.14216163558768857) to band 2 (0.285165641086692), 66.92950031737439%
Gap from band 3 (0.3104344324647476) to band 4 (0.41335782446675423), 28.44003676920989%
Gap from band 6 (0.4973928476396989) to band 7 (0.6019108629978793), 19.01531202829502%
Gap from band 7 (0.6232774368770279) to band 8 (0.6232896291226969), 0.0019561315233825247%
total elapsed time for run: 2 seconds.
done.
