init-params: initializing eigensolver data
Computing 7 bands with 1.000000e-07 tolerance.
Working in 2 dimensions.
Grid size is 32 x 32 x 1.
Solving for 7 bands at a time.
Creating Maxwell data...
Mesh size is 7.
Lattice vectors:
     (0.866025, 0.5, 0)
     (0.866025, -0.5, 0)
     (0, 0, 1)
Cell volume = 0.866025
Reciprocal lattice vectors (/ 2 pi):
     (0.57735, 1, -0)
     (0.57735, -1, 0)
     (-0, 0, 1)
Geometric objects:
     block, center = (0,0,0)
          size (100,100,0.75)
          axes (1,0,0), (0,1,0), (0,0,1)
          epsilon = 64, mu = 1
     cylinder, center = (0.166667,0.166667,0)
          radius 0.55, height 0.75, axis (0, 0, 1)
          epsilon = 1, mu = 1
     cylinder, center = (-0.166667,-0.166667,0)
          radius 0.55, height 0.75, axis (0, 0, 1)
          epsilon = 1, mu = 1
Geometric object tree has depth 3 and 54 object nodes (vs. 3 actual objects)
Initializing epsilon function...
Allocating fields...
16 k-points:
     (0,0,0)
     (0,0.1,0)
     (0,0.2,0)
     (0,0.3,0)
     (0,0.4,0)
     (0,0.5,0)
     (-0.0666667,0.466667,0)
     (-0.133333,0.433333,0)
     (-0.2,0.4,0)
     (-0.266667,0.366667,0)
     (-0.333333,0.333333,0)
     (-0.266667,0.266667,0)
     (-0.2,0.2,0)
     (-0.133333,0.133333,0)
     (-0.0666667,0.0666667,0)
     (0,0,0)
Solving for band polarization: tm.
Initializing fields to random numbers...
elapsed time for initialization: 0 seconds.
epsilon: 1-64, mean 1.22118, harm. mean 1.00665, 0.78125% > 1, 0.351086% "fill"
Outputting honey-slab-maxTM-epsilon...
solve_kpoint (0,0,0):
tmfreqs:, k index, k1, k2, k3, kmag/2pi, tm band 1, tm band 2, tm band 3, tm band 4, tm band 5, tm band 6, tm band 7
Solving for bands 2 to 7...
    linmin: converged after 8 iterations.
    linmin: converged after 9 iterations.
    linmin: converged after 5 iterations.
    linmin: converged after 5 iterations.
    linmin: converged after 5 iterations.
    linmin: converged after 3 iterations.
    linmin: converged after 3 iterations.
    linmin: converged after 3 iterations.
    linmin: converged after 3 iterations.
    linmin: converged after 2 iterations.
    linmin: converged after 2 iterations.
    linmin: converged after 2 iterations.
    linmin: converged after 2 iterations.
    linmin: converged after 2 iterations.
Finished solving for bands 2 to 7 after 14 iterations.
tmfreqs:, 1, 0, 0, 0, 0, 0, 0.628389, 1.138, 1.14395, 1.15467, 1.15468, 1.1547
elapsed time for k point: 0 seconds.
solve_kpoint (0,0.1,0):
Solving for bands 1 to 7...
    linmin: converged after 4 iterations.
    linmin: converged after 3 iterations.
    linmin: converged after 3 iterations.
    linmin: converged after 2 iterations.
    linmin: converged after 2 iterations.
    linmin: converged after 2 iterations.
    linmin: converged after 3 iterations.
    linmin: converged after 2 iterations.
    linmin: converged after 3 iterations.
    linmin: converged after 3 iterations.
Finished solving for bands 1 to 7 after 10 iterations.
tmfreqs:, 2, 0, 0.1, 0, 0.11547, 0.104217, 0.626557, 1.05276, 1.09437, 1.14489, 1.20789, 1.25165
elapsed time for k point: 0 seconds.
solve_kpoint (0,0.2,0):
Solving for bands 1 to 7...
    linmin: converged after 4 iterations.
    linmin: converged after 4 iterations.
    linmin: converged after 4 iterations.
    linmin: converged after 4 iterations.
    linmin: converged after 2 iterations.
    linmin: converged after 3 iterations.
    linmin: converged after 2 iterations.
    linmin: converged after 3 iterations.
    linmin: converged after 3 iterations.
    linmin: converged after 2 iterations.
    linmin: converged after 2 iterations.
    linmin: converged after 2 iterations.
    linmin: converged after 2 iterations.
Finished solving for bands 1 to 7 after 13 iterations.
tmfreqs:, 3, 0, 0.2, 0, 0.23094, 0.206579, 0.620871, 0.955948, 1.0521, 1.14084, 1.27427, 1.34508
elapsed time for k point: 0 seconds.
solve_kpoint (0,0.3,0):
Solving for bands 1 to 7...
    linmin: converged after 4 iterations.
    linmin: converged after 4 iterations.
    linmin: converged after 4 iterations.
    linmin: converged after 4 iterations.
    linmin: converged after 4 iterations.
    linmin: converged after 4 iterations.
    linmin: converged after 3 iterations.
    linmin: converged after 3 iterations.
    linmin: converged after 3 iterations.
    linmin: converged after 2 iterations.
    linmin: converged after 2 iterations.
    linmin: converged after 2 iterations.
    linmin: converged after 2 iterations.
    linmin: converged after 2 iterations.
    linmin: converged after 2 iterations.
    linmin: converged after 2 iterations.
    linmin: converged after 2 iterations.
Finished solving for bands 1 to 7 after 17 iterations.
tmfreqs:, 4, 0, 0.3, 0, 0.34641, 0.303857, 0.610147, 0.867735, 1.02064, 1.13634, 1.3446, 1.42124
elapsed time for k point: 1 seconds.
solve_kpoint (0,0.4,0):
Solving for bands 1 to 7...
    linmin: converged after 4 iterations.
    linmin: converged after 3 iterations.
    linmin: converged after 4 iterations.
    linmin: converged after 3 iterations.
    linmin: converged after 4 iterations.
    linmin: converged after 3 iterations.
    linmin: converged after 3 iterations.
    linmin: converged after 3 iterations.
Finished solving for bands 1 to 7 after 18 iterations.
tmfreqs:, 5, 0, 0.4, 0, 0.46188, 0.387403, 0.591825, 0.800811, 1.00124, 1.13302, 1.41076, 1.45877
elapsed time for k point: 0 seconds.
solve_kpoint (0,0.5,0):
Solving for bands 1 to 7...
    linmin: converged after 4 iterations.
    linmin: converged after 4 iterations.
    linmin: converged after 4 iterations.
    linmin: converged after 4 iterations.
    linmin: converged after 3 iterations.
    linmin: converged after 3 iterations.
    linmin: converged after 4 iterations.
    linmin: converged after 4 iterations.
    linmin: converged after 4 iterations.
    linmin: converged after 2 iterations.
    linmin: converged after 2 iterations.
    linmin: converged after 2 iterations.
    linmin: converged after 2 iterations.
    linmin: converged after 2 iterations.
    linmin: converged after 2 iterations.
    linmin: converged after 2 iterations.
    linmin: converged after 2 iterations.
    linmin: converged after 2 iterations.
Finished solving for bands 1 to 7 after 18 iterations.
tmfreqs:, 6, 0, 0.5, 0, 0.57735, 0.427607, 0.576725, 0.775014, 0.994684, 1.13183, 1.43816, 1.48602
elapsed time for k point: 0 seconds.
solve_kpoint (-0.0666667,0.466667,0):
Solving for bands 1 to 7...
    linmin: converged after 3 iterations.
    linmin: converged after 4 iterations.
    linmin: converged after 3 iterations.
    linmin: converged after 4 iterations.
    linmin: converged after 4 iterations.
    linmin: converged after 2 iterations.
    linmin: converged after 3 iterations.
    linmin: converged after 3 iterations.
    linmin: converged after 2 iterations.
    linmin: converged after 3 iterations.
    linmin: converged after 2 iterations.
    linmin: converged after 2 iterations.
    linmin: converged after 2 iterations.
Finished solving for bands 1 to 7 after 13 iterations.
tmfreqs:, 7, -0.0666667, 0.466667, 0, 0.581187, 0.429285, 0.580556, 0.770331, 0.983255, 1.14843, 1.43344, 1.471
elapsed time for k point: 0 seconds.
solve_kpoint (-0.133333,0.433333,0):
Solving for bands 1 to 7...
    linmin: converged after 4 iterations.
    linmin: converged after 4 iterations.
    linmin: converged after 3 iterations.
    linmin: converged after 3 iterations.
    linmin: converged after 3 iterations.
    linmin: converged after 2 iterations.
    linmin: converged after 2 iterations.
    linmin: converged after 2 iterations.
    linmin: converged after 2 iterations.
    linmin: converged after 2 iterations.
    linmin: converged after 2 iterations.
Finished solving for bands 1 to 7 after 11 iterations.
tmfreqs:, 8, -0.133333, 0.433333, 0, 0.592546, 0.433983, 0.591899, 0.755909, 0.961251, 1.1863, 1.41413, 1.45554
elapsed time for k point: 0 seconds.
solve_kpoint (-0.2,0.4,0):
Solving for bands 1 to 7...
    linmin: converged after 4 iterations.
    linmin: converged after 4 iterations.
    linmin: converged after 3 iterations.
    linmin: converged after 3 iterations.
    linmin: converged after 3 iterations.
    linmin: converged after 2 iterations.
    linmin: converged after 2 iterations.
    linmin: converged after 2 iterations.
    linmin: converged after 2 iterations.
    linmin: converged after 2 iterations.
    linmin: converged after 2 iterations.
    linmin: converged after 2 iterations.
Finished solving for bands 1 to 7 after 12 iterations.
tmfreqs:, 9, -0.2, 0.4, 0, 0.61101, 0.440643, 0.610337, 0.731708, 0.942509, 1.23141, 1.38374, 1.44832
elapsed time for k point: 0 seconds.
solve_kpoint (-0.266667,0.366667,0):
Solving for bands 1 to 7...
    linmin: converged after 4 iterations.
    linmin: converged after 4 iterations.
    linmin: converged after 3 iterations.
    linmin: converged after 3 iterations.
    linmin: converged after 3 iterations.
    linmin: converged after 3 iterations.
    linmin: converged after 3 iterations.
    linmin: converged after 2 iterations.
    linmin: converged after 2 iterations.
    linmin: converged after 2 iterations.
    linmin: converged after 2 iterations.
    linmin: converged after 2 iterations.
    linmin: converged after 2 iterations.
    linmin: converged after 2 iterations.
Finished solving for bands 1 to 7 after 14 iterations.
tmfreqs:, 10, -0.266667, 0.366667, 0, 0.635959, 0.447289, 0.63525, 0.700002, 0.931515, 1.27605, 1.35119, 1.44342
elapsed time for k point: 0 seconds.
solve_kpoint (-0.333333,0.333333,0):
Solving for bands 1 to 7...
    linmin: converged after 4 iterations.
    linmin: converged after 4 iterations.
    linmin: converged after 3 iterations.
    linmin: converged after 3 iterations.
    linmin: converged after 3 iterations.
    linmin: converged after 2 iterations.
    linmin: converged after 3 iterations.
    linmin: converged after 2 iterations.
    linmin: converged after 2 iterations.
    linmin: converged after 2 iterations.
    linmin: converged after 2 iterations.
    linmin: converged after 2 iterations.
    linmin: converged after 2 iterations.
    linmin: converged after 2 iterations.
    linmin: converged after 2 iterations.
    linmin: converged after 2 iterations.
Finished solving for bands 1 to 7 after 16 iterations.
tmfreqs:, 11, -0.333333, 0.333333, 0, 0.666667, 0.450569, 0.665736, 0.665968, 0.928124, 1.31069, 1.3216, 1.44099
elapsed time for k point: 0 seconds.
solve_kpoint (-0.266667,0.266667,0):
Solving for bands 1 to 7...
    linmin: converged after 4 iterations.
    linmin: converged after 4 iterations.
    linmin: converged after 4 iterations.
    linmin: converged after 3 iterations.
    linmin: converged after 3 iterations.
    linmin: converged after 3 iterations.
    linmin: converged after 3 iterations.
    linmin: converged after 3 iterations.
    linmin: converged after 3 iterations.
    linmin: converged after 2 iterations.
    linmin: converged after 2 iterations.
    linmin: converged after 2 iterations.
    linmin: converged after 2 iterations.
    linmin: converged after 2 iterations.
Finished solving for bands 1 to 7 after 14 iterations.
tmfreqs:, 12, -0.266667, 0.266667, 0, 0.533333, 0.425764, 0.616871, 0.741272, 0.939739, 1.25484, 1.33863, 1.47811
elapsed time for k point: 0 seconds.
solve_kpoint (-0.2,0.2,0):
Solving for bands 1 to 7...
    linmin: converged after 3 iterations.
    linmin: converged after 3 iterations.
    linmin: converged after 3 iterations.
    linmin: converged after 3 iterations.
    linmin: converged after 3 iterations.
    linmin: converged after 3 iterations.
    linmin: converged after 3 iterations.
    linmin: converged after 3 iterations.
    linmin: converged after 3 iterations.
    linmin: converged after 2 iterations.
    linmin: converged after 2 iterations.
    linmin: converged after 2 iterations.
    linmin: converged after 2 iterations.
    linmin: converged after 2 iterations.
    linmin: converged after 3 iterations.
    linmin: converged after 3 iterations.
    linmin: converged after 4 iterations.
    linmin: converged after 7 iterations.
    linmin: converged after 4 iterations.
    linmin: converged after 3 iterations.
    linmin: converged after 4 iterations.
    linmin: converged after 4 iterations.
    linmin: converged after 4 iterations.
    linmin: converged after 4 iterations.
    linmin: converged after 4 iterations.
    linmin: converged after 4 iterations.
    linmin: converged after 4 iterations.
    linmin: converged after 4 iterations.
    linmin: converged after 3 iterations.
    linmin: converged after 3 iterations.
    linmin: converged after 3 iterations.
    linmin: converged after 3 iterations.
    linmin: converged after 3 iterations.
    linmin: converged after 3 iterations.
    linmin: converged after 3 iterations.
    linmin: converged after 3 iterations.
    linmin: converged after 3 iterations.
    linmin: converged after 3 iterations.
    linmin: converged after 3 iterations.
    linmin: converged after 3 iterations.
    linmin: converged after 3 iterations.
    linmin: converged after 3 iterations.
    linmin: converged after 3 iterations.
    linmin: converged after 3 iterations.
    linmin: converged after 3 iterations.
    linmin: converged after 3 iterations.
    linmin: converged after 3 iterations.
    linmin: converged after 3 iterations.
    linmin: converged after 3 iterations.
    linmin: converged after 3 iterations.
    linmin: converged after 3 iterations.
    linmin: converged after 3 iterations.
    linmin: converged after 3 iterations.
    linmin: converged after 3 iterations.
    linmin: converged after 3 iterations.
    linmin: converged after 3 iterations.
    linmin: converged after 3 iterations.
    linmin: converged after 3 iterations.
    linmin: converged after 3 iterations.
    linmin: converged after 3 iterations.
    linmin: converged after 3 iterations.
    linmin: converged after 3 iterations.
    linmin: converged after 3 iterations.
    linmin: converged after 3 iterations.
    linmin: converged after 3 iterations.
    linmin: converged after 3 iterations.
    linmin: converged after 3 iterations.
    linmin: converged after 3 iterations.
    linmin: converged after 3 iterations.
    linmin: converged after 3 iterations.
    linmin: converged after 4 iterations.
    linmin: converged after 3 iterations.
    linmin: converged after 5 iterations.
    linmin: converged after 3 iterations.
    linmin: converged after 3 iterations.
    linmin: converged after 2 iterations.
    linmin: converged after 3 iterations.
    linmin: converged after 2 iterations.
    linmin: converged after 2 iterations.
    linmin: converged after 2 iterations.
    linmin: converged after 2 iterations.
    linmin: converged after 2 iterations.
    linmin: converged after 2 iterations.
    linmin: converged after 2 iterations.
    linmin: converged after 2 iterations.
Finished solving for bands 1 to 7 after 85 iterations.
tmfreqs:, 13, -0.2, 0.2, 0, 0.4, 0.345446, 0.61026, 0.831329, 0.971655, 1.2079, 1.30775, 1.48443
elapsed time for k point: 0 seconds.
solve_kpoint (-0.133333,0.133333,0):
Solving for bands 1 to 7...
    linmin: converged after 4 iterations.
    linmin: converged after 4 iterations.
    linmin: converged after 4 iterations.
    linmin: converged after 3 iterations.
    linmin: converged after 3 iterations.
    linmin: converged after 3 iterations.
    linmin: converged after 3 iterations.
    linmin: converged after 3 iterations.
    linmin: converged after 2 iterations.
    linmin: converged after 2 iterations.
    linmin: converged after 2 iterations.
    linmin: converged after 2 iterations.
    linmin: converged after 2 iterations.
    linmin: converged after 2 iterations.
Finished solving for bands 1 to 7 after 14 iterations.
tmfreqs:, 14, -0.133333, 0.133333, 0, 0.266667, 0.237452, 0.618844, 0.931641, 1.02083, 1.17264, 1.26553, 1.38459
elapsed time for k point: 0 seconds.
solve_kpoint (-0.0666667,0.0666667,0):
Solving for bands 1 to 7...
    linmin: converged after 4 iterations.
    linmin: converged after 4 iterations.
    linmin: converged after 3 iterations.
    linmin: converged after 3 iterations.
    linmin: converged after 3 iterations.
    linmin: converged after 3 iterations.
    linmin: converged after 3 iterations.
    linmin: converged after 2 iterations.
    linmin: converged after 2 iterations.
    linmin: converged after 2 iterations.
Finished solving for bands 1 to 7 after 10 iterations.
tmfreqs:, 15, -0.0666667, 0.0666667, 0, 0.133333, 0.120229, 0.625953, 1.03906, 1.08237, 1.15082, 1.2127, 1.26815
elapsed time for k point: 0 seconds.
solve_kpoint (0,0,0):
Solving for bands 2 to 7...
    linmin: converged after 4 iterations.
    linmin: converged after 4 iterations.
    linmin: converged after 3 iterations.
    linmin: converged after 3 iterations.
    linmin: converged after 3 iterations.
    linmin: converged after 2 iterations.
    linmin: converged after 3 iterations.
    linmin: converged after 2 iterations.
    linmin: converged after 2 iterations.
Finished solving for bands 2 to 7 after 9 iterations.
tmfreqs:, 16, 0, 0, 0, 0, 0, 0.628389, 1.138, 1.14395, 1.15467, 1.15468, 1.1547
elapsed time for k point: 0 seconds.
Band 1 range: 0.0 at #(0.0 0.0 0.0) to 0.45056866598364925 at #(-0.3333333333333333 0.3333333333333333 0.0)
Band 2 range: 0.5767245433039574 at #(0.0 0.5 0.0) to 0.6657359688843499 at #(-0.3333333333333333 0.3333333333333333 0.0)
Band 3 range: 0.665968039042892 at #(-0.3333333333333333 0.3333333333333333 0.0) to 1.1380046833091044 at #(0.0 0.0 0.0)
Band 4 range: 0.928124065143758 at #(-0.3333333333333333 0.3333333333333333 0.0) to 1.1439455726571133 at #(0.0 0.0 0.0)
Band 5 range: 1.131829044717508 at #(0.0 0.5 0.0) to 1.3106898214786036 at #(-0.3333333333333333 0.3333333333333333 0.0)
Band 6 range: 1.1546772925677915 at #(0.0 0.0 0.0) to 1.4381590734557035 at #(0.0 0.5 0.0)
Band 7 range: 1.1547005384552305 at #(0.0 0.0 0.0) to 1.4860218304166624 at #(0.0 0.5 0.0)
Gap from band 1 (0.45056866598364925) to band 2 (0.5767245433039574), 24.560831548335262%
Gap from band 2 (0.6657359688843499) to band 3 (0.665968039042892), 0.0348531140795029%
total elapsed time for run: 1 seconds.
done.
init-params: initializing eigensolver data
Computing 7 bands with 1.000000e-07 tolerance.
Working in 2 dimensions.
Grid size is 32 x 32 x 1.
Solving for 7 bands at a time.
Creating Maxwell data...
Mesh size is 7.
Lattice vectors:
     (0.866025, 0.5, 0)
     (0.866025, -0.5, 0)
     (0, 0, 1)
Cell volume = 0.866025
Reciprocal lattice vectors (/ 2 pi):
     (0.57735, 1, -0)
     (0.57735, -1, 0)
     (-0, 0, 1)
Geometric objects:
     block, center = (0,0,0)
          size (100,100,0.75)
          axes (1,0,0), (0,1,0), (0,0,1)
          epsilon = 64, mu = 1
     cylinder, center = (0.166667,0.166667,0)
          radius 0.378115, height 0.75, axis (0, 0, 1)
          epsilon = 1, mu = 1
     cylinder, center = (-0.166667,-0.166667,0)
          radius 0.378115, height 0.75, axis (0, 0, 1)
          epsilon = 1, mu = 1
Geometric object tree has depth 3 and 49 object nodes (vs. 3 actual objects)
Initializing epsilon function...
16 k-points:
     (0,0,0)
     (0,0.1,0)
     (0,0.2,0)
     (0,0.3,0)
     (0,0.4,0)
     (0,0.5,0)
     (-0.0666667,0.466667,0)
     (-0.133333,0.433333,0)
     (-0.2,0.4,0)
     (-0.266667,0.366667,0)
     (-0.333333,0.333333,0)
     (-0.266667,0.266667,0)
     (-0.2,0.2,0)
     (-0.133333,0.133333,0)
     (-0.0666667,0.0666667,0)
     (0,0,0)
Solving for band polarization: tm.
Initializing fields to random numbers...
elapsed time for initialization: 0 seconds.
epsilon: 1-64, mean 11.6935, harm. mean 1.24006, 20.4102% > 1, 16.9738% "fill"
Outputting honey-slab-maxTM-epsilon...
solve_kpoint (0,0,0):
tmfreqs:, k index, k1, k2, k3, kmag/2pi, tm band 1, tm band 2, tm band 3, tm band 4, tm band 5, tm band 6, tm band 7
Solving for bands 2 to 7...
    linmin: converged after 8 iterations.
    linmin: converged after 5 iterations.
    linmin: converged after 5 iterations.
    linmin: converged after 5 iterations.
    linmin: converged after 4 iterations.
    linmin: converged after 4 iterations.
    linmin: converged after 4 iterations.
    linmin: converged after 3 iterations.
    linmin: converged after 4 iterations.
    linmin: converged after 4 iterations.
    linmin: converged after 3 iterations.
    linmin: converged after 3 iterations.
    linmin: converged after 4 iterations.
    linmin: converged after 3 iterations.
    linmin: converged after 4 iterations.
    linmin: converged after 4 iterations.
    linmin: converged after 4 iterations.
    linmin: converged after 4 iterations.
    linmin: converged after 4 iterations.
    linmin: converged after 4 iterations.
    linmin: converged after 4 iterations.
    linmin: converged after 4 iterations.
    linmin: converged after 4 iterations.
    linmin: converged after 2 iterations.
    linmin: converged after 2 iterations.
    linmin: converged after 2 iterations.
    linmin: converged after 2 iterations.
    linmin: converged after 3 iterations.
    linmin: converged after 2 iterations.
    linmin: converged after 2 iterations.
    linmin: converged after 2 iterations.
    linmin: converged after 2 iterations.
    linmin: converged after 3 iterations.
    linmin: converged after 2 iterations.
    linmin: converged after 2 iterations.
    linmin: converged after 2 iterations.
    linmin: converged after 2 iterations.
Finished solving for bands 2 to 7 after 37 iterations.
tmfreqs:, 1, 0, 0, 0, 0, 0, 0.235052, 0.235288, 0.333338, 0.351349, 0.351627, 0.454861
elapsed time for k point: 0 seconds.
solve_kpoint (0,0.1,0):
Solving for bands 1 to 7...
    linmin: converged after 14 iterations.
    linmin: converged after 3 iterations.
    linmin: converged after 2 iterations.
    linmin: converged after 3 iterations.
    linmin: converged after 3 iterations.
    linmin: converged after 2 iterations.
    linmin: converged after 2 iterations.
    linmin: converged after 2 iterations.
    linmin: converged after 2 iterations.
Finished solving for bands 1 to 7 after 9 iterations.
tmfreqs:, 2, 0, 0.1, 0, 0.11547, 0.0332954, 0.232251, 0.234917, 0.337038, 0.351219, 0.351943, 0.454722
elapsed time for k point: 0 seconds.
solve_kpoint (0,0.2,0):
Solving for bands 1 to 7...
    linmin: converged after 6 iterations.
    linmin: converged after 3 iterations.
    linmin: converged after 3 iterations.
    linmin: converged after 3 iterations.
    linmin: converged after 3 iterations.
    linmin: converged after 2 iterations.
    linmin: converged after 2 iterations.
    linmin: converged after 2 iterations.
    linmin: converged after 2 iterations.
Finished solving for bands 1 to 7 after 9 iterations.
tmfreqs:, 3, 0, 0.2, 0, 0.23094, 0.063815, 0.225167, 0.234093, 0.34528, 0.351664, 0.352889, 0.454348
elapsed time for k point: 0 seconds.
solve_kpoint (0,0.3,0):
Solving for bands 1 to 7...
    linmin: converged after 5 iterations.
    linmin: converged after 3 iterations.
    linmin: converged after 3 iterations.
    linmin: converged after 3 iterations.
    linmin: converged after 2 iterations.
    linmin: converged after 2 iterations.
    linmin: converged after 2 iterations.
    linmin: converged after 2 iterations.
    linmin: converged after 2 iterations.
Finished solving for bands 1 to 7 after 9 iterations.
tmfreqs:, 4, 0, 0.3, 0, 0.34641, 0.0889614, 0.216688, 0.233087, 0.347832, 0.354067, 0.359119, 0.453869
elapsed time for k point: 0 seconds.
solve_kpoint (0,0.4,0):
Solving for bands 1 to 7...
    linmin: converged after 6 iterations.
    linmin: converged after 3 iterations.
    linmin: converged after 3 iterations.
    linmin: converged after 3 iterations.
    linmin: converged after 2 iterations.
    linmin: converged after 2 iterations.
    linmin: converged after 2 iterations.
    linmin: converged after 2 iterations.
    linmin: converged after 2 iterations.
Finished solving for bands 1 to 7 after 9 iterations.
tmfreqs:, 5, 0, 0.4, 0, 0.46188, 0.106108, 0.209583, 0.232281, 0.347312, 0.355026, 0.367391, 0.453467
elapsed time for k point: 0 seconds.
solve_kpoint (0,0.5,0):
Solving for bands 1 to 7...
    linmin: converged after 6 iterations.
    linmin: converged after 3 iterations.
    linmin: converged after 2 iterations.
    linmin: converged after 3 iterations.
    linmin: converged after 2 iterations.
    linmin: converged after 2 iterations.
    linmin: converged after 2 iterations.
    linmin: converged after 2 iterations.
    linmin: converged after 2 iterations.
Finished solving for bands 1 to 7 after 9 iterations.
tmfreqs:, 6, 0, 0.5, 0, 0.57735, 0.112355, 0.206697, 0.231974, 0.347028, 0.355392, 0.370591, 0.453309
elapsed time for k point: 0 seconds.
solve_kpoint (-0.0666667,0.466667,0):
Solving for bands 1 to 7...
    linmin: converged after 3 iterations.
    linmin: converged after 3 iterations.
    linmin: converged after 3 iterations.
    linmin: converged after 2 iterations.
    linmin: converged after 2 iterations.
    linmin: converged after 2 iterations.
    linmin: converged after 2 iterations.
    linmin: converged after 2 iterations.
Finished solving for bands 1 to 7 after 8 iterations.
tmfreqs:, 7, -0.0666667, 0.466667, 0, 0.581187, 0.112722, 0.207289, 0.231224, 0.347377, 0.3552, 0.370692, 0.453304
elapsed time for k point: 0 seconds.
solve_kpoint (-0.133333,0.433333,0):
Solving for bands 1 to 7...
    linmin: converged after 3 iterations.
    linmin: converged after 3 iterations.
    linmin: converged after 3 iterations.
    linmin: converged after 2 iterations.
    linmin: converged after 2 iterations.
    linmin: converged after 2 iterations.
    linmin: converged after 2 iterations.
    linmin: converged after 2 iterations.
Finished solving for bands 1 to 7 after 8 iterations.
tmfreqs:, 8, -0.133333, 0.433333, 0, 0.592546, 0.113733, 0.208989, 0.229083, 0.34832, 0.35466, 0.370987, 0.453288
elapsed time for k point: 0 seconds.
solve_kpoint (-0.2,0.4,0):
Solving for bands 1 to 7...
    linmin: converged after 3 iterations.
    linmin: converged after 3 iterations.
    linmin: converged after 3 iterations.
    linmin: converged after 2 iterations.
    linmin: converged after 2 iterations.
    linmin: converged after 2 iterations.
    linmin: converged after 2 iterations.
    linmin: converged after 2 iterations.
Finished solving for bands 1 to 7 after 8 iterations.
tmfreqs:, 9, -0.2, 0.4, 0, 0.61101, 0.115118, 0.211586, 0.225871, 0.349593, 0.353867, 0.371436, 0.453267
elapsed time for k point: 0 seconds.
solve_kpoint (-0.266667,0.366667,0):
Solving for bands 1 to 7...
    linmin: converged after 3 iterations.
    linmin: converged after 3 iterations.
    linmin: converged after 3 iterations.
    linmin: converged after 2 iterations.
    linmin: converged after 2 iterations.
    linmin: converged after 2 iterations.
    linmin: converged after 2 iterations.
    linmin: converged after 2 iterations.
Finished solving for bands 1 to 7 after 8 iterations.
tmfreqs:, 10, -0.266667, 0.366667, 0, 0.635959, 0.116427, 0.214781, 0.222075, 0.350874, 0.352955, 0.37192, 0.453247
elapsed time for k point: 0 seconds.
solve_kpoint (-0.333333,0.333333,0):
Solving for bands 1 to 7...
    linmin: converged after 4 iterations.
    linmin: converged after 3 iterations.
    linmin: converged after 3 iterations.
    linmin: converged after 2 iterations.
    linmin: converged after 2 iterations.
    linmin: converged after 2 iterations.
    linmin: converged after 2 iterations.
    linmin: converged after 2 iterations.
Finished solving for bands 1 to 7 after 8 iterations.
tmfreqs:, 11, -0.333333, 0.333333, 0, 0.666667, 0.11703, 0.21822, 0.218345, 0.351842, 0.352115, 0.37218, 0.453237
elapsed time for k point: 0 seconds.
solve_kpoint (-0.266667,0.266667,0):
Solving for bands 1 to 7...
    linmin: converged after 6 iterations.
    linmin: converged after 3 iterations.
    linmin: converged after 3 iterations.
    linmin: converged after 2 iterations.
    linmin: converged after 2 iterations.
    linmin: converged after 2 iterations.
    linmin: converged after 2 iterations.
    linmin: converged after 2 iterations.
    linmin: converged after 2 iterations.
    linmin: converged after 2 iterations.
Finished solving for bands 1 to 7 after 10 iterations.
tmfreqs:, 12, -0.266667, 0.266667, 0, 0.533333, 0.113044, 0.213566, 0.225009, 0.350519, 0.353, 0.37028, 0.453318
elapsed time for k point: 0 seconds.
solve_kpoint (-0.2,0.2,0):
Solving for bands 1 to 7...
    linmin: converged after 5 iterations.
    linmin: converged after 3 iterations.
    linmin: converged after 3 iterations.
    linmin: converged after 2 iterations.
    linmin: converged after 2 iterations.
    linmin: converged after 2 iterations.
    linmin: converged after 2 iterations.
    linmin: converged after 2 iterations.
    linmin: converged after 2 iterations.
Finished solving for bands 1 to 7 after 9 iterations.
tmfreqs:, 13, -0.2, 0.2, 0, 0.4, 0.0982208, 0.215606, 0.230107, 0.35013, 0.352302, 0.363341, 0.453658
elapsed time for k point: 0 seconds.
solve_kpoint (-0.133333,0.133333,0):
Solving for bands 1 to 7...
    linmin: converged after 6 iterations.
    linmin: converged after 3 iterations.
    linmin: converged after 3 iterations.
    linmin: converged after 2 iterations.
    linmin: converged after 2 iterations.
    linmin: converged after 2 iterations.
    linmin: converged after 2 iterations.
    linmin: converged after 2 iterations.
    linmin: converged after 2 iterations.
Finished solving for bands 1 to 7 after 9 iterations.
tmfreqs:, 14, -0.133333, 0.133333, 0, 0.266667, 0.0722901, 0.223091, 0.233265, 0.348231, 0.350501, 0.3546, 0.454202
elapsed time for k point: 0 seconds.
solve_kpoint (-0.0666667,0.0666667,0):
Solving for bands 1 to 7...
    linmin: converged after 14 iterations.
    linmin: converged after 3 iterations.
    linmin: converged after 3 iterations.
    linmin: converged after 3 iterations.
    linmin: converged after 2 iterations.
    linmin: converged after 2 iterations.
    linmin: converged after 2 iterations.
    linmin: converged after 2 iterations.
    linmin: converged after 2 iterations.
Finished solving for bands 1 to 7 after 9 iterations.
tmfreqs:, 15, -0.0666667, 0.0666667, 0, 0.133333, 0.0382659, 0.231353, 0.234833, 0.338173, 0.351084, 0.352147, 0.454677
elapsed time for k point: 0 seconds.
solve_kpoint (0,0,0):
Solving for bands 2 to 7...
    linmin: converged after 4 iterations.
    linmin: converged after 3 iterations.
    linmin: converged after 3 iterations.
    linmin: converged after 4 iterations.
    linmin: converged after 4 iterations.
    linmin: converged after 3 iterations.
    linmin: converged after 2 iterations.
    linmin: converged after 2 iterations.
    linmin: converged after 3 iterations.
    linmin: converged after 3 iterations.
    linmin: converged after 2 iterations.
    linmin: converged after 2 iterations.
    linmin: converged after 2 iterations.
    linmin: converged after 2 iterations.
Finished solving for bands 2 to 7 after 14 iterations.
tmfreqs:, 16, 0, 0, 0, 0, 0, 0.235052, 0.235288, 0.333338, 0.351349, 0.351627, 0.454861
elapsed time for k point: 0 seconds.
Band 1 range: 0.0 at #(0.0 0.0 0.0) to 0.11702959082212462 at #(-0.3333333333333333 0.3333333333333333 0.0)
Band 2 range: 0.20669673585223924 at #(0.0 0.5 0.0) to 0.2350517978978451 at #(0.0 0.0 0.0)
Band 3 range: 0.21834455129529445 at #(-0.3333333333333333 0.3333333333333333 0.0) to 0.23528777754571883 at #(0.0 0.0 0.0)
Band 4 range: 0.3333378717668908 at #(0.0 0.0 0.0) to 0.35184225071995173 at #(-0.3333333333333333 0.3333333333333333 0.0)
Band 5 range: 0.35050066953683645 at #(-0.13333333333333333 0.13333333333333333 0.0) to 0.35539243639154233 at #(0.0 0.5 0.0)
Band 6 range: 0.3516270372094706 at #(0.0 0.0 0.0) to 0.3721796782627065 at #(-0.3333333333333333 0.3333333333333333 0.0)
Band 7 range: 0.453236779231105 at #(-0.3333333333333333 0.3333333333333333 0.0) to 0.454860972164994 at #(0.0 0.0 0.0)
Gap from band 1 (0.11702959082212462) to band 2 (0.20669673585223924), 55.39688165078446%
Gap from band 3 (0.23528777754571883) to band 4 (0.3333378717668908), 34.48669413337265%
Gap from band 6 (0.3721796782627065) to band 7 (0.453236779231105), 19.64029193566358%
total elapsed time for run: 0 seconds.
done.
init-params: initializing eigensolver data
Computing 7 bands with 1.000000e-07 tolerance.
Working in 2 dimensions.
Grid size is 32 x 32 x 1.
Solving for 7 bands at a time.
Creating Maxwell data...
Mesh size is 7.
Lattice vectors:
     (0.866025, 0.5, 0)
     (0.866025, -0.5, 0)
     (0, 0, 1)
Cell volume = 0.866025
Reciprocal lattice vectors (/ 2 pi):
     (0.57735, 1, -0)
     (0.57735, -1, 0)
     (-0, 0, 1)
Geometric objects:
     block, center = (0,0,0)
          size (100,100,0.75)
          axes (1,0,0), (0,1,0), (0,0,1)
          epsilon = 64, mu = 1
     cylinder, center = (0.166667,0.166667,0)
          radius 0.271885, height 0.75, axis (0, 0, 1)
          epsilon = 1, mu = 1
     cylinder, center = (-0.166667,-0.166667,0)
          radius 0.271885, height 0.75, axis (0, 0, 1)
          epsilon = 1, mu = 1
Geometric object tree has depth 4 and 68 object nodes (vs. 3 actual objects)
Initializing epsilon function...
16 k-points:
     (0,0,0)
     (0,0.1,0)
     (0,0.2,0)
     (0,0.3,0)
     (0,0.4,0)
     (0,0.5,0)
     (-0.0666667,0.466667,0)
     (-0.133333,0.433333,0)
     (-0.2,0.4,0)
     (-0.266667,0.366667,0)
     (-0.333333,0.333333,0)
     (-0.266667,0.266667,0)
     (-0.2,0.2,0)
     (-0.133333,0.133333,0)
     (-0.0666667,0.0666667,0)
     (0,0,0)
Solving for band polarization: tm.
Initializing fields to random numbers...
elapsed time for initialization: 0 seconds.
epsilon: 1-64, mean 30.2121, harm. mean 2.07294, 54.1016% > 1, 46.3684% "fill"
Outputting honey-slab-maxTM-epsilon...
solve_kpoint (0,0,0):
tmfreqs:, k index, k1, k2, k3, kmag/2pi, tm band 1, tm band 2, tm band 3, tm band 4, tm band 5, tm band 6, tm band 7
Solving for bands 2 to 7...
    linmin: converged after 10 iterations.
    linmin: converged after 9 iterations.
    linmin: converged after 6 iterations.
    linmin: converged after 4 iterations.
    linmin: converged after 5 iterations.
    linmin: converged after 4 iterations.
    linmin: converged after 4 iterations.
    linmin: converged after 4 iterations.
    linmin: converged after 4 iterations.
    linmin: converged after 4 iterations.
    linmin: converged after 4 iterations.
    linmin: converged after 3 iterations.
    linmin: converged after 3 iterations.
    linmin: converged after 4 iterations.
    linmin: converged after 3 iterations.
    linmin: converged after 3 iterations.
    linmin: converged after 3 iterations.
    linmin: converged after 3 iterations.
    linmin: converged after 3 iterations.
    linmin: converged after 3 iterations.
    linmin: converged after 2 iterations.
    linmin: converged after 3 iterations.
    linmin: converged after 2 iterations.
    linmin: converged after 2 iterations.
    linmin: converged after 2 iterations.
    linmin: converged after 2 iterations.
    linmin: converged after 2 iterations.
    linmin: converged after 2 iterations.
    linmin: converged after 2 iterations.
    linmin: converged after 3 iterations.
    linmin: converged after 2 iterations.
    linmin: converged after 3 iterations.
    linmin: converged after 2 iterations.
    linmin: converged after 3 iterations.
    linmin: converged after 2 iterations.
    linmin: converged after 2 iterations.
    linmin: converged after 2 iterations.
    linmin: converged after 2 iterations.
    linmin: converged after 2 iterations.
    linmin: converged after 2 iterations.
    linmin: converged after 2 iterations.
    linmin: converged after 2 iterations.
Finished solving for bands 2 to 7 after 42 iterations.
tmfreqs:, 1, 0, 0, 0, 0, 0, 0.166036, 0.166089, 0.204651, 0.210086, 0.21029, 0.28688
elapsed time for k point: 0 seconds.
solve_kpoint (0,0.1,0):
Solving for bands 1 to 7...
    linmin: converged after 15 iterations.
    linmin: converged after 3 iterations.
    linmin: converged after 3 iterations.
    linmin: converged after 3 iterations.
    linmin: converged after 3 iterations.
    linmin: converged after 2 iterations.
    linmin: converged after 2 iterations.
    linmin: converged after 2 iterations.
    linmin: converged after 2 iterations.
    linmin: converged after 2 iterations.
Finished solving for bands 1 to 7 after 10 iterations.
tmfreqs:, 2, 0, 0.1, 0, 0.11547, 0.0209346, 0.161432, 0.165072, 0.207186, 0.211218, 0.212192, 0.284754
elapsed time for k point: 0 seconds.
solve_kpoint (0,0.2,0):
Solving for bands 1 to 7...
    linmin: converged after 9 iterations.
    linmin: converged after 3 iterations.
    linmin: converged after 3 iterations.
    linmin: converged after 3 iterations.
    linmin: converged after 3 iterations.
    linmin: converged after 2 iterations.
    linmin: converged after 2 iterations.
    linmin: converged after 2 iterations.
    linmin: converged after 2 iterations.
Finished solving for bands 1 to 7 after 9 iterations.
tmfreqs:, 3, 0, 0.2, 0, 0.23094, 0.0414095, 0.150943, 0.1627, 0.206155, 0.217299, 0.220011, 0.279121
elapsed time for k point: 0 seconds.
solve_kpoint (0,0.3,0):
Solving for bands 1 to 7...
    linmin: converged after 6 iterations.
    linmin: converged after 3 iterations.
    linmin: converged after 3 iterations.
    linmin: converged after 3 iterations.
    linmin: converged after 3 iterations.
    linmin: converged after 2 iterations.
    linmin: converged after 2 iterations.
    linmin: converged after 2 iterations.
    linmin: converged after 2 iterations.
Finished solving for bands 1 to 7 after 9 iterations.
tmfreqs:, 4, 0, 0.3, 0, 0.34641, 0.0608128, 0.138164, 0.16014, 0.203748, 0.224137, 0.231229, 0.271674
elapsed time for k point: 0 seconds.
solve_kpoint (0,0.4,0):
Solving for bands 1 to 7...
    linmin: converged after 6 iterations.
    linmin: converged after 3 iterations.
    linmin: converged after 3 iterations.
    linmin: converged after 3 iterations.
    linmin: converged after 2 iterations.
    linmin: converged after 2 iterations.
    linmin: converged after 2 iterations.
    linmin: converged after 2 iterations.
    linmin: converged after 2 iterations.
Finished solving for bands 1 to 7 after 9 iterations.
tmfreqs:, 5, 0, 0.4, 0, 0.46188, 0.077765, 0.125185, 0.158287, 0.201788, 0.230846, 0.241549, 0.264512
elapsed time for k point: 1 seconds.
solve_kpoint (0,0.5,0):
Solving for bands 1 to 7...
    linmin: converged after 6 iterations.
    linmin: converged after 3 iterations.
    linmin: converged after 4 iterations.
    linmin: converged after 3 iterations.
    linmin: converged after 3 iterations.
    linmin: converged after 2 iterations.
Finished solving for bands 1 to 7 after 10 iterations.
tmfreqs:, 6, 0, 0.5, 0, 0.57735, 0.0864413, 0.117847, 0.15762, 0.201046, 0.234093, 0.246501, 0.261101
elapsed time for k point: 0 seconds.
solve_kpoint (-0.0666667,0.466667,0):
Solving for bands 1 to 7...
    linmin: converged after 3 iterations.
    linmin: converged after 3 iterations.
    linmin: converged after 2 iterations.
    linmin: converged after 2 iterations.
    linmin: converged after 2 iterations.
    linmin: converged after 2 iterations.
    linmin: converged after 2 iterations.
    linmin: converged after 2 iterations.
Finished solving for bands 1 to 7 after 8 iterations.
tmfreqs:, 7, -0.0666667, 0.466667, 0, 0.581187, 0.0868645, 0.118486, 0.155739, 0.202792, 0.233525, 0.24565, 0.26185
elapsed time for k point: 0 seconds.
solve_kpoint (-0.133333,0.433333,0):
Solving for bands 1 to 7...
    linmin: converged after 3 iterations.
    linmin: converged after 3 iterations.
    linmin: converged after 3 iterations.
    linmin: converged after 2 iterations.
    linmin: converged after 2 iterations.
    linmin: converged after 2 iterations.
    linmin: converged after 2 iterations.
    linmin: converged after 2 iterations.
Finished solving for bands 1 to 7 after 8 iterations.
tmfreqs:, 8, -0.133333, 0.433333, 0, 0.592546, 0.0880634, 0.120359, 0.150878, 0.207265, 0.231929, 0.243529, 0.263671
elapsed time for k point: 0 seconds.
solve_kpoint (-0.2,0.4,0):
Solving for bands 1 to 7...
    linmin: converged after 4 iterations.
    linmin: converged after 3 iterations.
    linmin: converged after 3 iterations.
    linmin: converged after 2 iterations.
    linmin: converged after 2 iterations.
    linmin: converged after 2 iterations.
    linmin: converged after 2 iterations.
    linmin: converged after 2 iterations.
    linmin: converged after 2 iterations.
Finished solving for bands 1 to 7 after 9 iterations.
tmfreqs:, 9, -0.2, 0.4, 0, 0.61101, 0.0898028, 0.123345, 0.144455, 0.213085, 0.229567, 0.240857, 0.265848
elapsed time for k point: 0 seconds.
solve_kpoint (-0.266667,0.366667,0):
Solving for bands 1 to 7...
    linmin: converged after 4 iterations.
    linmin: converged after 3 iterations.
    linmin: converged after 2 iterations.
    linmin: converged after 2 iterations.
    linmin: converged after 2 iterations.
    linmin: converged after 2 iterations.
    linmin: converged after 2 iterations.
    linmin: converged after 2 iterations.
    linmin: converged after 2 iterations.
Finished solving for bands 1 to 7 after 9 iterations.
tmfreqs:, 10, -0.266667, 0.366667, 0, 0.635959, 0.0915934, 0.127257, 0.137697, 0.219053, 0.226737, 0.238295, 0.267756
elapsed time for k point: 0 seconds.
solve_kpoint (-0.333333,0.333333,0):
Solving for bands 1 to 7...
    linmin: converged after 4 iterations.
    linmin: converged after 3 iterations.
    linmin: converged after 4 iterations.
    linmin: converged after 4 iterations.
    linmin: converged after 2 iterations.
    linmin: converged after 2 iterations.
    linmin: converged after 2 iterations.
    linmin: converged after 2 iterations.
    linmin: converged after 2 iterations.
    linmin: converged after 2 iterations.
Finished solving for bands 1 to 7 after 10 iterations.
tmfreqs:, 11, -0.333333, 0.333333, 0, 0.666667, 0.0924992, 0.131852, 0.131869, 0.223586, 0.22375, 0.23699, 0.268599
elapsed time for k point: 0 seconds.
solve_kpoint (-0.266667,0.266667,0):
Solving for bands 1 to 7...
    linmin: converged after 6 iterations.
    linmin: converged after 3 iterations.
    linmin: converged after 4 iterations.
    linmin: converged after 3 iterations.
    linmin: converged after 2 iterations.
    linmin: converged after 2 iterations.
    linmin: converged after 2 iterations.
    linmin: converged after 2 iterations.
    linmin: converged after 2 iterations.
    linmin: converged after 2 iterations.
    linmin: converged after 2 iterations.
Finished solving for bands 1 to 7 after 11 iterations.
tmfreqs:, 12, -0.266667, 0.266667, 0, 0.533333, 0.0862769, 0.128602, 0.142146, 0.217767, 0.222851, 0.241469, 0.265557
elapsed time for k point: 0 seconds.
solve_kpoint (-0.2,0.2,0):
Solving for bands 1 to 7...
    linmin: converged after 6 iterations.
    linmin: converged after 3 iterations.
    linmin: converged after 3 iterations.
    linmin: converged after 3 iterations.
    linmin: converged after 2 iterations.
    linmin: converged after 2 iterations.
    linmin: converged after 2 iterations.
    linmin: converged after 2 iterations.
    linmin: converged after 2 iterations.
Finished solving for bands 1 to 7 after 9 iterations.
tmfreqs:, 13, -0.2, 0.2, 0, 0.4, 0.0691903, 0.136449, 0.152138, 0.213257, 0.217383, 0.238001, 0.267965
elapsed time for k point: 0 seconds.
solve_kpoint (-0.133333,0.133333,0):
Solving for bands 1 to 7...
    linmin: converged after 9 iterations.
    linmin: converged after 3 iterations.
    linmin: converged after 4 iterations.
    linmin: converged after 3 iterations.
    linmin: converged after 3 iterations.
    linmin: converged after 2 iterations.
    linmin: converged after 2 iterations.
    linmin: converged after 2 iterations.
    linmin: converged after 2 iterations.
    linmin: converged after 2 iterations.
Finished solving for bands 1 to 7 after 10 iterations.
tmfreqs:, 14, -0.133333, 0.133333, 0, 0.266667, 0.0475661, 0.148397, 0.159982, 0.210762, 0.212422, 0.225592, 0.276807
elapsed time for k point: 0 seconds.
solve_kpoint (-0.0666667,0.0666667,0):
Solving for bands 1 to 7...
    linmin: converged after 14 iterations.
    linmin: converged after 3 iterations.
    linmin: converged after 4 iterations.
    linmin: converged after 3 iterations.
    linmin: converged after 3 iterations.
    linmin: converged after 2 iterations.
    linmin: converged after 2 iterations.
    linmin: converged after 2 iterations.
    linmin: converged after 2 iterations.
    linmin: converged after 2 iterations.
Finished solving for bands 1 to 7 after 10 iterations.
tmfreqs:, 15, -0.0666667, 0.0666667, 0, 0.133333, 0.0241446, 0.160186, 0.164625, 0.20827, 0.210078, 0.213931, 0.284083
elapsed time for k point: 0 seconds.
solve_kpoint (0,0,0):
Solving for bands 2 to 7...
    linmin: converged after 4 iterations.
    linmin: converged after 4 iterations.
    linmin: converged after 4 iterations.
    linmin: converged after 4 iterations.
    linmin: converged after 3 iterations.
    linmin: converged after 4 iterations.
    linmin: converged after 3 iterations.
    linmin: converged after 4 iterations.
    linmin: converged after 2 iterations.
    linmin: converged after 2 iterations.
    linmin: converged after 2 iterations.
    linmin: converged after 2 iterations.
    linmin: converged after 2 iterations.
    linmin: converged after 2 iterations.
    linmin: converged after 2 iterations.
    linmin: converged after 2 iterations.
    linmin: converged after 2 iterations.
Finished solving for bands 2 to 7 after 17 iterations.
tmfreqs:, 16, 0, 0, 0, 0, 0, 0.166036, 0.166089, 0.204651, 0.210086, 0.21029, 0.28688
elapsed time for k point: 0 seconds.
Band 1 range: 0.0 at #(0.0 0.0 0.0) to 0.09249915971772378 at #(-0.3333333333333333 0.3333333333333333 0.0)
Band 2 range: 0.11784684070692976 at #(0.0 0.5 0.0) to 0.16603562663348287 at #(0.0 0.0 0.0)
Band 3 range: 0.13186879857751374 at #(-0.3333333333333333 0.3333333333333333 0.0) to 0.16608936590161277 at #(0.0 0.0 0.0)
Band 4 range: 0.20104562182263314 at #(0.0 0.5 0.0) to 0.2235859019769836 at #(-0.3333333333333333 0.3333333333333333 0.0)
Band 5 range: 0.21007753004258972 at #(-0.06666666666666667 0.06666666666666667 0.0) to 0.23409337976930522 at #(0.0 0.5 0.0)
Band 6 range: 0.21029011740123596 at #(0.0 0.0 0.0) to 0.24650076533133872 at #(0.0 0.5 0.0)
Band 7 range: 0.26110104784986476 at #(0.0 0.5 0.0) to 0.28688028131624393 at #(0.0 0.0 0.0)
Gap from band 1 (0.09249915971772378) to band 2 (0.11784684070692976), 24.100939345681144%
Gap from band 3 (0.16608936590161277) to band 4 (0.20104562182263314), 19.04272656643442%
Gap from band 6 (0.24650076533133872) to band 7 (0.26110104784986476), 5.752651838268374%
total elapsed time for run: 1 seconds.
done.
init-params: initializing eigensolver data
Computing 7 bands with 1.000000e-07 tolerance.
Working in 2 dimensions.
Grid size is 32 x 32 x 1.
Solving for 7 bands at a time.
Creating Maxwell data...
Mesh size is 7.
Lattice vectors:
     (0.866025, 0.5, 0)
     (0.866025, -0.5, 0)
     (0, 0, 1)
Cell volume = 0.866025
Reciprocal lattice vectors (/ 2 pi):
     (0.57735, 1, -0)
     (0.57735, -1, 0)
     (-0, 0, 1)
Geometric objects:
     block, center = (0,0,0)
          size (100,100,0.75)
          axes (1,0,0), (0,1,0), (0,0,1)
          epsilon = 64, mu = 1
     cylinder, center = (0.166667,0.166667,0)
          radius 0.340304, height 0.75, axis (0, 0, 1)
          epsilon = 1, mu = 1
     cylinder, center = (-0.166667,-0.166667,0)
          radius 0.340304, height 0.75, axis (0, 0, 1)
          epsilon = 1, mu = 1
Geometric object tree has depth 3 and 49 object nodes (vs. 3 actual objects)
Initializing epsilon function...
16 k-points:
     (0,0,0)
     (0,0.1,0)
     (0,0.2,0)
     (0,0.3,0)
     (0,0.4,0)
     (0,0.5,0)
     (-0.0666667,0.466667,0)
     (-0.133333,0.433333,0)
     (-0.2,0.4,0)
     (-0.266667,0.366667,0)
     (-0.333333,0.333333,0)
     (-0.266667,0.266667,0)
     (-0.2,0.2,0)
     (-0.133333,0.133333,0)
     (-0.0666667,0.0666667,0)
     (0,0,0)
Solving for band polarization: tm.
Initializing fields to random numbers...
elapsed time for initialization: 0 seconds.
epsilon: 1-64, mean 16.5603, harm. mean 1.38618, 29.0039% > 1, 24.6988% "fill"
Outputting honey-slab-maxTM-epsilon...
solve_kpoint (0,0,0):
tmfreqs:, k index, k1, k2, k3, kmag/2pi, tm band 1, tm band 2, tm band 3, tm band 4, tm band 5, tm band 6, tm band 7
Solving for bands 2 to 7...
    linmin: converged after 8 iterations.
    linmin: converged after 7 iterations.
    linmin: converged after 6 iterations.
    linmin: converged after 4 iterations.
    linmin: converged after 5 iterations.
    linmin: converged after 4 iterations.
    linmin: converged after 3 iterations.
    linmin: converged after 4 iterations.
    linmin: converged after 3 iterations.
    linmin: converged after 3 iterations.
    linmin: converged after 4 iterations.
    linmin: converged after 4 iterations.
    linmin: converged after 4 iterations.
    linmin: converged after 3 iterations.
    linmin: converged after 3 iterations.
    linmin: converged after 4 iterations.
    linmin: converged after 3 iterations.
    linmin: converged after 3 iterations.
    linmin: converged after 3 iterations.
    linmin: converged after 2 iterations.
    linmin: converged after 2 iterations.
    linmin: converged after 2 iterations.
    linmin: converged after 3 iterations.
    linmin: converged after 2 iterations.
    linmin: converged after 2 iterations.
    linmin: converged after 3 iterations.
    linmin: converged after 2 iterations.
    linmin: converged after 3 iterations.
    linmin: converged after 2 iterations.
    linmin: converged after 3 iterations.
    linmin: converged after 2 iterations.
    linmin: converged after 2 iterations.
    linmin: converged after 3 iterations.
    linmin: converged after 2 iterations.
    linmin: converged after 2 iterations.
    linmin: converged after 2 iterations.
    linmin: converged after 2 iterations.
Finished solving for bands 2 to 7 after 37 iterations.
tmfreqs:, 1, 0, 0, 0, 0, 0, 0.201974, 0.202033, 0.28144, 0.291492, 0.291839, 0.376865
elapsed time for k point: 0 seconds.
solve_kpoint (0,0.1,0):
Solving for bands 1 to 7...
    linmin: converged after 13 iterations.
    linmin: converged after 4 iterations.
    linmin: converged after 3 iterations.
    linmin: converged after 3 iterations.
    linmin: converged after 3 iterations.
    linmin: converged after 2 iterations.
    linmin: converged after 2 iterations.
    linmin: converged after 2 iterations.
    linmin: converged after 2 iterations.
Finished solving for bands 1 to 7 after 9 iterations.
tmfreqs:, 2, 0, 0.1, 0, 0.11547, 0.0280908, 0.198998, 0.201576, 0.28436, 0.291383, 0.292409, 0.376541
elapsed time for k point: 0 seconds.
solve_kpoint (0,0.2,0):
Solving for bands 1 to 7...
    linmin: converged after 9 iterations.
    linmin: converged after 3 iterations.
    linmin: converged after 3 iterations.
    linmin: converged after 3 iterations.
    linmin: converged after 3 iterations.
    linmin: converged after 2 iterations.
    linmin: converged after 2 iterations.
    linmin: converged after 2 iterations.
    linmin: converged after 2 iterations.
Finished solving for bands 1 to 7 after 9 iterations.
tmfreqs:, 3, 0, 0.2, 0, 0.23094, 0.0544707, 0.19135, 0.200511, 0.288181, 0.29393, 0.294418, 0.375663
elapsed time for k point: 0 seconds.
solve_kpoint (0,0.3,0):
Solving for bands 1 to 7...
    linmin: converged after 6 iterations.
    linmin: converged after 3 iterations.
    linmin: converged after 3 iterations.
    linmin: converged after 2 iterations.
    linmin: converged after 3 iterations.
    linmin: converged after 2 iterations.
    linmin: converged after 2 iterations.
    linmin: converged after 2 iterations.
    linmin: converged after 2 iterations.
Finished solving for bands 1 to 7 after 9 iterations.
tmfreqs:, 4, 0, 0.3, 0, 0.34641, 0.0773132, 0.181721, 0.199227, 0.287299, 0.296079, 0.303003, 0.374515
elapsed time for k point: 0 seconds.
solve_kpoint (0,0.4,0):
Solving for bands 1 to 7...
    linmin: converged after 6 iterations.
    linmin: converged after 3 iterations.
    linmin: converged after 3 iterations.
    linmin: converged after 3 iterations.
    linmin: converged after 2 iterations.
    linmin: converged after 2 iterations.
    linmin: converged after 2 iterations.
    linmin: converged after 2 iterations.
    linmin: converged after 2 iterations.
Finished solving for bands 1 to 7 after 9 iterations.
tmfreqs:, 5, 0, 0.4, 0, 0.46188, 0.0941076, 0.172928, 0.198212, 0.28611, 0.297755, 0.310417, 0.373532
elapsed time for k point: 0 seconds.
solve_kpoint (0,0.5,0):
Solving for bands 1 to 7...
    linmin: converged after 6 iterations.
    linmin: converged after 3 iterations.
    linmin: converged after 3 iterations.
    linmin: converged after 3 iterations.
    linmin: converged after 2 iterations.
    linmin: converged after 2 iterations.
    linmin: converged after 2 iterations.
    linmin: converged after 2 iterations.
    linmin: converged after 2 iterations.
Finished solving for bands 1 to 7 after 9 iterations.
tmfreqs:, 6, 0, 0.5, 0, 0.57735, 0.100705, 0.169026, 0.197829, 0.285629, 0.2984, 0.313316, 0.373143
elapsed time for k point: 0 seconds.
solve_kpoint (-0.0666667,0.466667,0):
Solving for bands 1 to 7...
    linmin: converged after 3 iterations.
    linmin: converged after 3 iterations.
    linmin: converged after 3 iterations.
    linmin: converged after 3 iterations.
    linmin: converged after 2 iterations.
    linmin: converged after 2 iterations.
    linmin: converged after 2 iterations.
    linmin: converged after 2 iterations.
Finished solving for bands 1 to 7 after 8 iterations.
tmfreqs:, 7, -0.0666667, 0.466667, 0, 0.581187, 0.101078, 0.169643, 0.19689, 0.286188, 0.29814, 0.313344, 0.373141
elapsed time for k point: 0 seconds.
solve_kpoint (-0.133333,0.433333,0):
Solving for bands 1 to 7...
    linmin: converged after 3 iterations.
    linmin: converged after 3 iterations.
    linmin: converged after 3 iterations.
    linmin: converged after 3 iterations.
    linmin: converged after 2 iterations.
    linmin: converged after 2 iterations.
    linmin: converged after 2 iterations.
    linmin: converged after 2 iterations.
Finished solving for bands 1 to 7 after 8 iterations.
tmfreqs:, 8, -0.133333, 0.433333, 0, 0.592546, 0.102114, 0.171428, 0.194238, 0.287701, 0.297403, 0.313436, 0.373132
elapsed time for k point: 0 seconds.
solve_kpoint (-0.2,0.4,0):
Solving for bands 1 to 7...
    linmin: converged after 3 iterations.
    linmin: converged after 3 iterations.
    linmin: converged after 3 iterations.
    linmin: converged after 3 iterations.
    linmin: converged after 2 iterations.
    linmin: converged after 2 iterations.
    linmin: converged after 2 iterations.
    linmin: converged after 2 iterations.
Finished solving for bands 1 to 7 after 8 iterations.
tmfreqs:, 9, -0.2, 0.4, 0, 0.61101, 0.103552, 0.174192, 0.190324, 0.289749, 0.296299, 0.313603, 0.373116
elapsed time for k point: 0 seconds.
solve_kpoint (-0.266667,0.366667,0):
Solving for bands 1 to 7...
    linmin: converged after 4 iterations.
    linmin: converged after 3 iterations.
    linmin: converged after 3 iterations.
    linmin: converged after 3 iterations.
    linmin: converged after 2 iterations.
    linmin: converged after 2 iterations.
    linmin: converged after 2 iterations.
    linmin: converged after 2 iterations.
Finished solving for bands 1 to 7 after 8 iterations.
tmfreqs:, 10, -0.266667, 0.366667, 0, 0.635959, 0.104932, 0.177659, 0.185799, 0.291815, 0.294986, 0.31382, 0.373094
elapsed time for k point: 0 seconds.
solve_kpoint (-0.333333,0.333333,0):
Solving for bands 1 to 7...
    linmin: converged after 4 iterations.
    linmin: converged after 3 iterations.
    linmin: converged after 3 iterations.
    linmin: converged after 3 iterations.
    linmin: converged after 2 iterations.
    linmin: converged after 2 iterations.
    linmin: converged after 2 iterations.
    linmin: converged after 2 iterations.
    linmin: converged after 2 iterations.
Finished solving for bands 1 to 7 after 9 iterations.
tmfreqs:, 11, -0.333333, 0.333333, 0, 0.666667, 0.105578, 0.181432, 0.181544, 0.293385, 0.293708, 0.313947, 0.373075
elapsed time for k point: 0 seconds.
solve_kpoint (-0.266667,0.266667,0):
Solving for bands 1 to 7...
    linmin: converged after 6 iterations.
    linmin: converged after 3 iterations.
    linmin: converged after 3 iterations.
    linmin: converged after 3 iterations.
    linmin: converged after 2 iterations.
    linmin: converged after 2 iterations.
    linmin: converged after 2 iterations.
    linmin: converged after 2 iterations.
    linmin: converged after 2 iterations.
    linmin: converged after 2 iterations.
Finished solving for bands 1 to 7 after 10 iterations.
tmfreqs:, 12, -0.266667, 0.266667, 0, 0.533333, 0.101271, 0.176882, 0.189128, 0.291163, 0.294893, 0.312617, 0.373261
elapsed time for k point: 0 seconds.
solve_kpoint (-0.2,0.2,0):
Solving for bands 1 to 7...
    linmin: converged after 6 iterations.
    linmin: converged after 3 iterations.
    linmin: converged after 3 iterations.
    linmin: converged after 2 iterations.
    linmin: converged after 2 iterations.
    linmin: converged after 2 iterations.
    linmin: converged after 2 iterations.
    linmin: converged after 2 iterations.
    linmin: converged after 2 iterations.
Finished solving for bands 1 to 7 after 9 iterations.
tmfreqs:, 13, -0.2, 0.2, 0, 0.4, 0.0861746, 0.180369, 0.195337, 0.290188, 0.29385, 0.306901, 0.374046
elapsed time for k point: 0 seconds.
solve_kpoint (-0.133333,0.133333,0):
Solving for bands 1 to 7...
    linmin: converged after 9 iterations.
    linmin: converged after 3 iterations.
    linmin: converged after 3 iterations.
    linmin: converged after 2 iterations.
    linmin: converged after 3 iterations.
    linmin: converged after 2 iterations.
    linmin: converged after 2 iterations.
    linmin: converged after 2 iterations.
    linmin: converged after 2 iterations.
Finished solving for bands 1 to 7 after 9 iterations.
tmfreqs:, 14, -0.133333, 0.133333, 0, 0.266667, 0.0620128, 0.189178, 0.199342, 0.290422, 0.291232, 0.297996, 0.375331
elapsed time for k point: 0 seconds.
solve_kpoint (-0.0666667,0.0666667,0):
Solving for bands 1 to 7...
    linmin: converged after 13 iterations.
    linmin: converged after 3 iterations.
    linmin: converged after 3 iterations.
    linmin: converged after 3 iterations.
    linmin: converged after 3 iterations.
    linmin: converged after 2 iterations.
    linmin: converged after 2 iterations.
    linmin: converged after 2 iterations.
    linmin: converged after 2 iterations.
Finished solving for bands 1 to 7 after 9 iterations.
tmfreqs:, 15, -0.0666667, 0.0666667, 0, 0.133333, 0.032327, 0.19812, 0.201378, 0.285225, 0.291136, 0.292843, 0.37644
elapsed time for k point: 0 seconds.
solve_kpoint (0,0,0):
Solving for bands 2 to 7...
    linmin: converged after 4 iterations.
    linmin: converged after 3 iterations.
    linmin: converged after 3 iterations.
    linmin: converged after 3 iterations.
    linmin: converged after 2 iterations.
    linmin: converged after 2 iterations.
    linmin: converged after 2 iterations.
    linmin: converged after 3 iterations.
    linmin: converged after 3 iterations.
    linmin: converged after 2 iterations.
    linmin: converged after 3 iterations.
    linmin: converged after 2 iterations.
    linmin: converged after 2 iterations.
    linmin: converged after 2 iterations.
    linmin: converged after 2 iterations.
Finished solving for bands 2 to 7 after 15 iterations.
tmfreqs:, 16, 0, 0, 0, 0, 0, 0.201974, 0.202033, 0.28144, 0.291492, 0.291839, 0.376865
elapsed time for k point: 0 seconds.
Band 1 range: 0.0 at #(0.0 0.0 0.0) to 0.10557782541785889 at #(-0.3333333333333333 0.3333333333333333 0.0)
Band 2 range: 0.16902574074366955 at #(0.0 0.5 0.0) to 0.2019739569565958 at #(0.0 0.0 0.0)
Band 3 range: 0.1815441615066509 at #(-0.3333333333333333 0.3333333333333333 0.0) to 0.20203343632688148 at #(0.0 0.0 0.0)
Band 4 range: 0.281439728720698 at #(0.0 0.0 0.0) to 0.29338519893919257 at #(-0.3333333333333333 0.3333333333333333 0.0)
Band 5 range: 0.29113565251172174 at #(-0.06666666666666667 0.06666666666666667 0.0) to 0.29839977014675634 at #(0.0 0.5 0.0)
Band 6 range: 0.2918389591035701 at #(0.0 0.0 0.0) to 0.3139469423319457 at #(-0.3333333333333333 0.3333333333333333 0.0)
Band 7 range: 0.37307511939835364 at #(-0.3333333333333333 0.3333333333333333 0.0) to 0.376864974567315 at #(0.0 0.0 0.0)
Gap from band 1 (0.10557782541785889) to band 2 (0.16902574074366955), 46.21055451879243%
Gap from band 3 (0.20203343632688148) to band 4 (0.281439728720698), 32.84827292782713%
Gap from band 6 (0.3139469423319457) to band 7 (0.37307511939835364), 17.21289034517776%
total elapsed time for run: 0 seconds.
done.
init-params: initializing eigensolver data
Computing 7 bands with 1.000000e-07 tolerance.
Working in 2 dimensions.
Grid size is 32 x 32 x 1.
Solving for 7 bands at a time.
Creating Maxwell data...
Mesh size is 7.
Lattice vectors:
     (0.866025, 0.5, 0)
     (0.866025, -0.5, 0)
     (0, 0, 1)
Cell volume = 0.866025
Reciprocal lattice vectors (/ 2 pi):
     (0.57735, 1, -0)
     (0.57735, -1, 0)
     (-0, 0, 1)
Geometric objects:
     block, center = (0,0,0)
          size (100,100,0.75)
          axes (1,0,0), (0,1,0), (0,0,1)
          epsilon = 64, mu = 1
     cylinder, center = (0.166667,0.166667,0)
          radius 0.415927, height 0.75, axis (0, 0, 1)
          epsilon = 1, mu = 1
     cylinder, center = (-0.166667,-0.166667,0)
          radius 0.415927, height 0.75, axis (0, 0, 1)
          epsilon = 1, mu = 1
Geometric object tree has depth 3 and 49 object nodes (vs. 3 actual objects)
Initializing epsilon function...
16 k-points:
     (0,0,0)
     (0,0.1,0)
     (0,0.2,0)
     (0,0.3,0)
     (0,0.4,0)
     (0,0.5,0)
     (-0.0666667,0.466667,0)
     (-0.133333,0.433333,0)
     (-0.2,0.4,0)
     (-0.266667,0.366667,0)
     (-0.333333,0.333333,0)
     (-0.266667,0.266667,0)
     (-0.2,0.2,0)
     (-0.133333,0.133333,0)
     (-0.0666667,0.0666667,0)
     (0,0,0)
Solving for band polarization: tm.
Initializing fields to random numbers...
elapsed time for initialization: 0 seconds.
epsilon: 1-64, mean 7.88976, harm. mean 1.14234, 13.1836% > 1, 10.9361% "fill"
Outputting honey-slab-maxTM-epsilon...
solve_kpoint (0,0,0):
tmfreqs:, k index, k1, k2, k3, kmag/2pi, tm band 1, tm band 2, tm band 3, tm band 4, tm band 5, tm band 6, tm band 7
Solving for bands 2 to 7...
    linmin: converged after 9 iterations.
    linmin: converged after 6 iterations.
    linmin: converged after 6 iterations.
    linmin: converged after 4 iterations.
    linmin: converged after 4 iterations.
    linmin: converged after 3 iterations.
    linmin: converged after 3 iterations.
    linmin: converged after 3 iterations.
    linmin: converged after 3 iterations.
    linmin: converged after 3 iterations.
    linmin: converged after 8 iterations.
    linmin: converged after 3 iterations.
    linmin: converged after 4 iterations.
    linmin: converged after 4 iterations.
    linmin: converged after 5 iterations.
    linmin: converged after 4 iterations.
    linmin: converged after 4 iterations.
    linmin: converged after 4 iterations.
    linmin: converged after 4 iterations.
    linmin: converged after 3 iterations.
    linmin: converged after 4 iterations.
    linmin: converged after 4 iterations.
    linmin: converged after 4 iterations.
    linmin: converged after 4 iterations.
    linmin: converged after 3 iterations.
    linmin: converged after 3 iterations.
    linmin: converged after 3 iterations.
    linmin: converged after 3 iterations.
    linmin: converged after 3 iterations.
    linmin: converged after 3 iterations.
    linmin: converged after 3 iterations.
    linmin: converged after 2 iterations.
    linmin: converged after 2 iterations.
    linmin: converged after 2 iterations.
    linmin: converged after 3 iterations.
    linmin: converged after 2 iterations.
    linmin: converged after 2 iterations.
    linmin: converged after 2 iterations.
    linmin: converged after 2 iterations.
    linmin: converged after 2 iterations.
    linmin: converged after 2 iterations.
    linmin: converged after 2 iterations.
    linmin: converged after 3 iterations.
    linmin: converged after 3 iterations.
    linmin: converged after 2 iterations.
    linmin: converged after 2 iterations.
    linmin: converged after 2 iterations.
    linmin: converged after 2 iterations.
    linmin: converged after 2 iterations.
Finished solving for bands 2 to 7 after 49 iterations.
tmfreqs:, 1, 0, 0, 0, 0, 0, 0.285609, 0.286145, 0.392412, 0.438691, 0.439816, 0.570993
elapsed time for k point: 0 seconds.
solve_kpoint (0,0.1,0):
Solving for bands 1 to 7...
    linmin: converged after 9 iterations.
    linmin: converged after 3 iterations.
    linmin: converged after 3 iterations.
    linmin: converged after 3 iterations.
    linmin: converged after 3 iterations.
    linmin: converged after 2 iterations.
    linmin: converged after 3 iterations.
    linmin: converged after 3 iterations.
    linmin: converged after 2 iterations.
    linmin: converged after 2 iterations.
Finished solving for bands 1 to 7 after 10 iterations.
tmfreqs:, 2, 0, 0.1, 0, 0.11547, 0.0403772, 0.282912, 0.28551, 0.398616, 0.438621, 0.439972, 0.570931
elapsed time for k point: 0 seconds.
solve_kpoint (0,0.2,0):
Solving for bands 1 to 7...
    linmin: converged after 5 iterations.
    linmin: converged after 3 iterations.
    linmin: converged after 3 iterations.
    linmin: converged after 3 iterations.
    linmin: converged after 3 iterations.
    linmin: converged after 2 iterations.
    linmin: converged after 3 iterations.
    linmin: converged after 3 iterations.
    linmin: converged after 2 iterations.
    linmin: converged after 2 iterations.
    linmin: converged after 3 iterations.
    linmin: converged after 3 iterations.
Finished solving for bands 1 to 7 after 12 iterations.
tmfreqs:, 3, 0, 0.2, 0, 0.23094, 0.0765278, 0.275782, 0.28483, 0.41389, 0.438502, 0.440487, 0.570762
elapsed time for k point: 0 seconds.
solve_kpoint (0,0.3,0):
Solving for bands 1 to 7...
    linmin: converged after 6 iterations.
    linmin: converged after 3 iterations.
    linmin: converged after 3 iterations.
    linmin: converged after 3 iterations.
    linmin: converged after 3 iterations.
    linmin: converged after 2 iterations.
    linmin: converged after 3 iterations.
    linmin: converged after 3 iterations.
    linmin: converged after 2 iterations.
    linmin: converged after 2 iterations.
    linmin: converged after 2 iterations.
    linmin: converged after 3 iterations.
    linmin: converged after 2 iterations.
Finished solving for bands 1 to 7 after 13 iterations.
tmfreqs:, 4, 0, 0.3, 0, 0.34641, 0.104943, 0.268081, 0.284005, 0.429907, 0.439834, 0.441459, 0.570532
elapsed time for k point: 0 seconds.
solve_kpoint (0,0.4,0):
Solving for bands 1 to 7...
    linmin: converged after 6 iterations.
    linmin: converged after 3 iterations.
    linmin: converged after 3 iterations.
    linmin: converged after 3 iterations.
    linmin: converged after 3 iterations.
    linmin: converged after 3 iterations.
    linmin: converged after 2 iterations.
    linmin: converged after 3 iterations.
    linmin: converged after 2 iterations.
    linmin: converged after 2 iterations.
    linmin: converged after 2 iterations.
    linmin: converged after 3 iterations.
    linmin: converged after 2 iterations.
    linmin: converged after 2 iterations.
Finished solving for bands 1 to 7 after 14 iterations.
tmfreqs:, 5, 0, 0.4, 0, 0.46188, 0.123106, 0.262341, 0.28334, 0.434556, 0.441517, 0.449293, 0.570328
elapsed time for k point: 0 seconds.
solve_kpoint (0,0.5,0):
Solving for bands 1 to 7...
    linmin: converged after 6 iterations.
    linmin: converged after 3 iterations.
    linmin: converged after 3 iterations.
    linmin: converged after 3 iterations.
    linmin: converged after 3 iterations.
    linmin: converged after 3 iterations.
    linmin: converged after 3 iterations.
    linmin: converged after 3 iterations.
    linmin: converged after 2 iterations.
    linmin: converged after 2 iterations.
    linmin: converged after 2 iterations.
    linmin: converged after 2 iterations.
Finished solving for bands 1 to 7 after 12 iterations.
tmfreqs:, 6, 0, 0.5, 0, 0.57735, 0.129373, 0.260208, 0.283086, 0.434828, 0.44177, 0.45402, 0.570247
elapsed time for k point: 0 seconds.
solve_kpoint (-0.0666667,0.466667,0):
Solving for bands 1 to 7...
    linmin: converged after 3 iterations.
    linmin: converged after 3 iterations.
    linmin: converged after 3 iterations.
    linmin: converged after 2 iterations.
    linmin: converged after 2 iterations.
    linmin: converged after 2 iterations.
    linmin: converged after 3 iterations.
    linmin: converged after 3 iterations.
    linmin: converged after 3 iterations.
    linmin: converged after 2 iterations.
    linmin: converged after 2 iterations.
Finished solving for bands 1 to 7 after 11 iterations.
tmfreqs:, 7, -0.0666667, 0.466667, 0, 0.581187, 0.129748, 0.2608, 0.282443, 0.435115, 0.441614, 0.454159, 0.570261
elapsed time for k point: 0 seconds.
solve_kpoint (-0.133333,0.433333,0):
Solving for bands 1 to 7...
    linmin: converged after 3 iterations.
    linmin: converged after 3 iterations.
    linmin: converged after 3 iterations.
    linmin: converged after 2 iterations.
    linmin: converged after 2 iterations.
    linmin: converged after 2 iterations.
    linmin: converged after 3 iterations.
    linmin: converged after 3 iterations.
    linmin: converged after 3 iterations.
    linmin: converged after 2 iterations.
    linmin: converged after 2 iterations.
Finished solving for bands 1 to 7 after 11 iterations.
tmfreqs:, 8, -0.133333, 0.433333, 0, 0.592546, 0.130775, 0.262485, 0.280604, 0.435888, 0.441185, 0.454566, 0.570282
elapsed time for k point: 0 seconds.
solve_kpoint (-0.2,0.4,0):
Solving for bands 1 to 7...
    linmin: converged after 3 iterations.
    linmin: converged after 3 iterations.
    linmin: converged after 3 iterations.
    linmin: converged after 2 iterations.
    linmin: converged after 2 iterations.
    linmin: converged after 2 iterations.
    linmin: converged after 3 iterations.
    linmin: converged after 3 iterations.
    linmin: converged after 3 iterations.
    linmin: converged after 2 iterations.
    linmin: converged after 2 iterations.
Finished solving for bands 1 to 7 after 11 iterations.
tmfreqs:, 9, -0.2, 0.4, 0, 0.61101, 0.132172, 0.265024, 0.277818, 0.436907, 0.440589, 0.455182, 0.570289
elapsed time for k point: 0 seconds.
solve_kpoint (-0.266667,0.366667,0):
Solving for bands 1 to 7...
    linmin: converged after 3 iterations.
    linmin: converged after 3 iterations.
    linmin: converged after 3 iterations.
    linmin: converged after 2 iterations.
    linmin: converged after 2 iterations.
    linmin: converged after 2 iterations.
    linmin: converged after 3 iterations.
    linmin: converged after 3 iterations.
    linmin: converged after 2 iterations.
    linmin: converged after 2 iterations.
Finished solving for bands 1 to 7 after 10 iterations.
tmfreqs:, 10, -0.266667, 0.366667, 0, 0.635959, 0.133478, 0.268087, 0.274478, 0.437877, 0.43997, 0.455826, 0.570283
elapsed time for k point: 0 seconds.
solve_kpoint (-0.333333,0.333333,0):
Solving for bands 1 to 7...
    linmin: converged after 3 iterations.
    linmin: converged after 3 iterations.
    linmin: converged after 3 iterations.
    linmin: converged after 2 iterations.
    linmin: converged after 2 iterations.
    linmin: converged after 2 iterations.
    linmin: converged after 3 iterations.
    linmin: converged after 3 iterations.
    linmin: converged after 2 iterations.
    linmin: converged after 2 iterations.
Finished solving for bands 1 to 7 after 10 iterations.
tmfreqs:, 11, -0.333333, 0.333333, 0, 0.666667, 0.134073, 0.270916, 0.271498, 0.438475, 0.439549, 0.456117, 0.570272
elapsed time for k point: 0 seconds.
solve_kpoint (-0.266667,0.266667,0):
Solving for bands 1 to 7...
    linmin: converged after 6 iterations.
    linmin: converged after 3 iterations.
    linmin: converged after 3 iterations.
    linmin: converged after 3 iterations.
    linmin: converged after 3 iterations.
    linmin: converged after 2 iterations.
    linmin: converged after 3 iterations.
    linmin: converged after 3 iterations.
    linmin: converged after 2 iterations.
Finished solving for bands 1 to 7 after 9 iterations.
tmfreqs:, 12, -0.266667, 0.266667, 0, 0.533333, 0.130146, 0.266741, 0.276933, 0.437697, 0.439553, 0.453688, 0.570354
elapsed time for k point: 0 seconds.
solve_kpoint (-0.2,0.2,0):
Solving for bands 1 to 7...
    linmin: converged after 6 iterations.
    linmin: converged after 3 iterations.
    linmin: converged after 3 iterations.
    linmin: converged after 3 iterations.
    linmin: converged after 3 iterations.
    linmin: converged after 3 iterations.
    linmin: converged after 3 iterations.
    linmin: converged after 3 iterations.
    linmin: converged after 2 iterations.
Finished solving for bands 1 to 7 after 9 iterations.
tmfreqs:, 13, -0.2, 0.2, 0, 0.4, 0.114923, 0.267545, 0.281331, 0.435826, 0.437626, 0.445242, 0.570516
elapsed time for k point: 0 seconds.
solve_kpoint (-0.133333,0.133333,0):
Solving for bands 1 to 7...
    linmin: converged after 6 iterations.
    linmin: converged after 4 iterations.
    linmin: converged after 3 iterations.
    linmin: converged after 3 iterations.
    linmin: converged after 3 iterations.
    linmin: converged after 3 iterations.
    linmin: converged after 3 iterations.
    linmin: converged after 3 iterations.
    linmin: converged after 2 iterations.
Finished solving for bands 1 to 7 after 9 iterations.
tmfreqs:, 14, -0.133333, 0.133333, 0, 0.266667, 0.0862864, 0.273957, 0.283964, 0.419325, 0.438025, 0.441248, 0.570727
elapsed time for k point: 1 seconds.
solve_kpoint (-0.0666667,0.0666667,0):
Solving for bands 1 to 7...
    linmin: converged after 11 iterations.
    linmin: converged after 3 iterations.
    linmin: converged after 3 iterations.
    linmin: converged after 3 iterations.
    linmin: converged after 3 iterations.
    linmin: converged after 3 iterations.
    linmin: converged after 3 iterations.
    linmin: converged after 3 iterations.
    linmin: converged after 2 iterations.
Finished solving for bands 1 to 7 after 9 iterations.
tmfreqs:, 15, -0.0666667, 0.0666667, 0, 0.133333, 0.0463455, 0.282167, 0.285242, 0.400532, 0.438492, 0.440147, 0.570916
elapsed time for k point: 0 seconds.
solve_kpoint (0,0,0):
Solving for bands 2 to 7...
    linmin: converged after 4 iterations.
    linmin: converged after 3 iterations.
    linmin: converged after 3 iterations.
    linmin: converged after 3 iterations.
    linmin: converged after 3 iterations.
    linmin: converged after 3 iterations.
    linmin: converged after 3 iterations.
    linmin: converged after 2 iterations.
    linmin: converged after 3 iterations.
    linmin: converged after 2 iterations.
    linmin: converged after 2 iterations.
    linmin: converged after 3 iterations.
    linmin: converged after 2 iterations.
    linmin: converged after 2 iterations.
Finished solving for bands 2 to 7 after 14 iterations.
tmfreqs:, 16, 0, 0, 0, 0, 0, 0.285609, 0.286145, 0.392412, 0.438691, 0.439816, 0.570993
elapsed time for k point: 0 seconds.
Band 1 range: 0.0 at #(0.0 0.0 0.0) to 0.1340733775856881 at #(-0.3333333333333333 0.3333333333333333 0.0)
Band 2 range: 0.2602083809200591 at #(0.0 0.5 0.0) to 0.28560941386272815 at #(0.0 0.0 0.0)
Band 3 range: 0.27149790128520945 at #(-0.3333333333333333 0.3333333333333333 0.0) to 0.2861454996566236 at #(0.0 0.0 0.0)
Band 4 range: 0.39241221405801396 at #(0.0 0.0 0.0) to 0.4384753447191005 at #(-0.3333333333333333 0.3333333333333333 0.0)
Band 5 range: 0.43762617088597355 at #(-0.2 0.2 0.0) to 0.44176987417918623 at #(0.0 0.5 0.0)
Band 6 range: 0.439816238281208 at #(0.0 0.0 0.0) to 0.45611732747067024 at #(-0.3333333333333333 0.3333333333333333 0.0)
Band 7 range: 0.5702471752351772 at #(0.0 0.5 0.0) to 0.5709927288864615 at #(0.0 0.0 0.0)
Gap from band 1 (0.1340733775856881) to band 2 (0.2602083809200591), 63.982165349164845%
Gap from band 3 (0.2861454996566236) to band 4 (0.39241221405801396), 31.321348870872914%
Gap from band 6 (0.45611732747067024) to band 7 (0.5702471752351772), 22.23963269649753%
total elapsed time for run: 1 seconds.
done.
init-params: initializing eigensolver data
Computing 7 bands with 1.000000e-07 tolerance.
Working in 2 dimensions.
Grid size is 32 x 32 x 1.
Solving for 7 bands at a time.
Creating Maxwell data...
Mesh size is 7.
Lattice vectors:
     (0.866025, 0.5, 0)
     (0.866025, -0.5, 0)
     (0, 0, 1)
Cell volume = 0.866025
Reciprocal lattice vectors (/ 2 pi):
     (0.57735, 1, -0)
     (0.57735, -1, 0)
     (-0, 0, 1)
Geometric objects:
     block, center = (0,0,0)
          size (100,100,0.75)
          axes (1,0,0), (0,1,0), (0,0,1)
          epsilon = 64, mu = 1
     cylinder, center = (0.166667,0.166667,0)
          radius 0.467138, height 0.75, axis (0, 0, 1)
          epsilon = 1, mu = 1
     cylinder, center = (-0.166667,-0.166667,0)
          radius 0.467138, height 0.75, axis (0, 0, 1)
          epsilon = 1, mu = 1
Geometric object tree has depth 3 and 54 object nodes (vs. 3 actual objects)
Initializing epsilon function...
16 k-points:
     (0,0,0)
     (0,0.1,0)
     (0,0.2,0)
     (0,0.3,0)
     (0,0.4,0)
     (0,0.5,0)
     (-0.0666667,0.466667,0)
     (-0.133333,0.433333,0)
     (-0.2,0.4,0)
     (-0.266667,0.366667,0)
     (-0.333333,0.333333,0)
     (-0.266667,0.266667,0)
     (-0.2,0.2,0)
     (-0.133333,0.133333,0)
     (-0.0666667,0.0666667,0)
     (0,0,0)
Solving for band polarization: tm.
Initializing fields to random numbers...
elapsed time for initialization: 0 seconds.
epsilon: 1-64, mean 4.17326, harm. mean 1.06504, 6.73828% > 1, 5.03692% "fill"
Outputting honey-slab-maxTM-epsilon...
solve_kpoint (0,0,0):
tmfreqs:, k index, k1, k2, k3, kmag/2pi, tm band 1, tm band 2, tm band 3, tm band 4, tm band 5, tm band 6, tm band 7
Solving for bands 2 to 7...
    linmin: converged after 8 iterations.
    linmin: converged after 6 iterations.
    linmin: converged after 5 iterations.
    linmin: converged after 4 iterations.
    linmin: converged after 4 iterations.
    linmin: converged after 3 iterations.
    linmin: converged after 3 iterations.
    linmin: converged after 3 iterations.
    linmin: converged after 2 iterations.
    linmin: converged after 2 iterations.
    linmin: converged after 3 iterations.
    linmin: converged after 3 iterations.
    linmin: converged after 2 iterations.
    linmin: converged after 2 iterations.
    linmin: converged after 2 iterations.
Finished solving for bands 2 to 7 after 15 iterations.
tmfreqs:, 1, 0, 0, 0, 0, 0, 0.409636, 0.412262, 0.435397, 0.648148, 0.652995, 0.708336
elapsed time for k point: 0 seconds.
solve_kpoint (0,0.1,0):
Solving for bands 1 to 7...
    linmin: converged after 4 iterations.
    linmin: converged after 3 iterations.
    linmin: converged after 3 iterations.
    linmin: converged after 3 iterations.
    linmin: converged after 3 iterations.
    linmin: converged after 3 iterations.
    linmin: converged after 3 iterations.
    linmin: converged after 2 iterations.
    linmin: converged after 2 iterations.
Finished solving for bands 1 to 7 after 9 iterations.
tmfreqs:, 2, 0, 0.1, 0, 0.11547, 0.0553472, 0.402817, 0.410225, 0.451606, 0.648073, 0.653061, 0.706997
elapsed time for k point: 0 seconds.
solve_kpoint (0,0.2,0):
Solving for bands 1 to 7...
    linmin: converged after 3 iterations.
    linmin: converged after 3 iterations.
    linmin: converged after 2 iterations.
    linmin: converged after 3 iterations.
    linmin: converged after 2 iterations.
    linmin: converged after 2 iterations.
    linmin: converged after 3 iterations.
    linmin: converged after 2 iterations.
    linmin: converged after 2 iterations.
Finished solving for bands 1 to 7 after 9 iterations.
tmfreqs:, 3, 0, 0.2, 0, 0.23094, 0.103889, 0.39298, 0.409576, 0.484545, 0.647848, 0.653249, 0.702721
elapsed time for k point: 0 seconds.
solve_kpoint (0,0.3,0):
Solving for bands 1 to 7...
    linmin: converged after 3 iterations.
    linmin: converged after 4 iterations.
    linmin: converged after 4 iterations.
    linmin: converged after 3 iterations.
    linmin: converged after 2 iterations.
    linmin: converged after 2 iterations.
    linmin: converged after 2 iterations.
    linmin: converged after 2 iterations.
    linmin: converged after 2 iterations.
Finished solving for bands 1 to 7 after 9 iterations.
tmfreqs:, 4, 0, 0.3, 0, 0.34641, 0.140273, 0.386793, 0.408858, 0.5289, 0.6475, 0.653486, 0.693934
elapsed time for k point: 0 seconds.
solve_kpoint (0,0.4,0):
Solving for bands 1 to 7...
    linmin: converged after 4 iterations.
    linmin: converged after 4 iterations.
    linmin: converged after 4 iterations.
    linmin: converged after 3 iterations.
    linmin: converged after 2 iterations.
    linmin: converged after 3 iterations.
    linmin: converged after 2 iterations.
    linmin: converged after 2 iterations.
    linmin: converged after 2 iterations.
Finished solving for bands 1 to 7 after 9 iterations.
tmfreqs:, 5, 0, 0.4, 0, 0.46188, 0.162014, 0.38374, 0.40828, 0.58144, 0.646972, 0.653467, 0.675377
elapsed time for k point: 0 seconds.
solve_kpoint (0,0.5,0):
Solving for bands 1 to 7...
    linmin: converged after 4 iterations.
    linmin: converged after 4 iterations.
    linmin: converged after 2 iterations.
    linmin: converged after 3 iterations.
    linmin: converged after 2 iterations.
    linmin: converged after 2 iterations.
    linmin: converged after 2 iterations.
    linmin: converged after 2 iterations.
    linmin: converged after 2 iterations.
Finished solving for bands 1 to 7 after 9 iterations.
tmfreqs:, 6, 0, 0.5, 0, 0.57735, 0.169126, 0.382866, 0.408059, 0.628331, 0.6371, 0.649688, 0.656392
elapsed time for k point: 0 seconds.
solve_kpoint (-0.0666667,0.466667,0):
Solving for bands 1 to 7...
    linmin: converged after 3 iterations.
    linmin: converged after 3 iterations.
    linmin: converged after 3 iterations.
    linmin: converged after 2 iterations.
    linmin: converged after 2 iterations.
    linmin: converged after 2 iterations.
    linmin: converged after 2 iterations.
Finished solving for bands 1 to 7 after 7 iterations.
tmfreqs:, 7, -0.0666667, 0.466667, 0, 0.581187, 0.169548, 0.383652, 0.407422, 0.629295, 0.638961, 0.650166, 0.656801
elapsed time for k point: 0 seconds.
solve_kpoint (-0.133333,0.433333,0):
Solving for bands 1 to 7...
    linmin: converged after 3 iterations.
    linmin: converged after 3 iterations.
    linmin: converged after 3 iterations.
    linmin: converged after 2 iterations.
    linmin: converged after 2 iterations.
    linmin: converged after 2 iterations.
    linmin: converged after 3 iterations.
    linmin: converged after 2 iterations.
Finished solving for bands 1 to 7 after 8 iterations.
tmfreqs:, 8, -0.133333, 0.433333, 0, 0.592546, 0.170701, 0.385857, 0.405592, 0.632061, 0.642914, 0.651909, 0.659338
elapsed time for k point: 0 seconds.
solve_kpoint (-0.2,0.4,0):
Solving for bands 1 to 7...
    linmin: converged after 3 iterations.
    linmin: converged after 3 iterations.
    linmin: converged after 3 iterations.
    linmin: converged after 2 iterations.
    linmin: converged after 2 iterations.
    linmin: converged after 3 iterations.
    linmin: converged after 3 iterations.
    linmin: converged after 2 iterations.
Finished solving for bands 1 to 7 after 8 iterations.
tmfreqs:, 9, -0.2, 0.4, 0, 0.61101, 0.172259, 0.389081, 0.402797, 0.636233, 0.645268, 0.653481, 0.669032
elapsed time for k point: 0 seconds.
solve_kpoint (-0.266667,0.366667,0):
Solving for bands 1 to 7...
    linmin: converged after 3 iterations.
    linmin: converged after 3 iterations.
    linmin: converged after 4 iterations.
    linmin: converged after 3 iterations.
    linmin: converged after 2 iterations.
    linmin: converged after 3 iterations.
    linmin: converged after 3 iterations.
    linmin: converged after 2 iterations.
    linmin: converged after 2 iterations.
Finished solving for bands 1 to 7 after 9 iterations.
tmfreqs:, 10, -0.266667, 0.366667, 0, 0.635959, 0.173703, 0.392759, 0.399422, 0.64111, 0.645943, 0.653784, 0.686663
elapsed time for k point: 0 seconds.
solve_kpoint (-0.333333,0.333333,0):
Solving for bands 1 to 7...
    linmin: converged after 3 iterations.
    linmin: converged after 3 iterations.
    linmin: converged after 4 iterations.
    linmin: converged after 3 iterations.
    linmin: converged after 2 iterations.
    linmin: converged after 3 iterations.
    linmin: converged after 3 iterations.
    linmin: converged after 2 iterations.
    linmin: converged after 2 iterations.
    linmin: converged after 3 iterations.
    linmin: converged after 4 iterations.
    linmin: converged after 3 iterations.
    linmin: converged after 4 iterations.
    linmin: converged after 4 iterations.
    linmin: converged after 3 iterations.
    linmin: converged after 3 iterations.
    linmin: converged after 2 iterations.
    linmin: converged after 3 iterations.
    linmin: converged after 2 iterations.
    linmin: converged after 2 iterations.
Finished solving for bands 1 to 7 after 20 iterations.
tmfreqs:, 11, -0.333333, 0.333333, 0, 0.666667, 0.174357, 0.394824, 0.397453, 0.645078, 0.645956, 0.652713, 0.709733
elapsed time for k point: 0 seconds.
solve_kpoint (-0.266667,0.266667,0):
Solving for bands 1 to 7...
    linmin: converged after 5 iterations.
    linmin: converged after 4 iterations.
    linmin: converged after 3 iterations.
    linmin: converged after 5 iterations.
    linmin: converged after 6 iterations.
    linmin: converged after 5 iterations.
    linmin: converged after 6 iterations.
    linmin: converged after 5 iterations.
    linmin: converged after 5 iterations.
    linmin: converged after 5 iterations.
    linmin: converged after 4 iterations.
    linmin: converged after 4 iterations.
    linmin: converged after 4 iterations.
    linmin: converged after 4 iterations.
    linmin: converged after 4 iterations.
    linmin: converged after 4 iterations.
    linmin: converged after 4 iterations.
    linmin: converged after 4 iterations.
    linmin: converged after 3 iterations.
    linmin: converged after 3 iterations.
    linmin: converged after 3 iterations.
    linmin: converged after 3 iterations.
    linmin: converged after 3 iterations.
    linmin: converged after 3 iterations.
    linmin: converged after 3 iterations.
    linmin: converged after 3 iterations.
    linmin: converged after 3 iterations.
    linmin: converged after 3 iterations.
    linmin: converged after 3 iterations.
    linmin: converged after 2 iterations.
    linmin: converged after 2 iterations.
    linmin: converged after 2 iterations.
    linmin: converged after 2 iterations.
    linmin: converged after 2 iterations.
    linmin: converged after 2 iterations.
    linmin: converged after 2 iterations.
    linmin: converged after 2 iterations.
    linmin: converged after 2 iterations.
    linmin: converged after 2 iterations.
    linmin: converged after 2 iterations.
    linmin: converged after 3 iterations.
    linmin: converged after 2 iterations.
    linmin: converged after 2 iterations.
    linmin: converged after 2 iterations.
    linmin: converged after 2 iterations.
    linmin: converged after 2 iterations.
    linmin: converged after 2 iterations.
    linmin: converged after 2 iterations.
    linmin: converged after 2 iterations.
Finished solving for bands 1 to 7 after 49 iterations.
tmfreqs:, 12, -0.266667, 0.266667, 0, 0.533333, 0.170016, 0.390893, 0.401388, 0.613719, 0.645951, 0.656329, 0.683569
elapsed time for k point: 0 seconds.
solve_kpoint (-0.2,0.2,0):
Solving for bands 1 to 7...
    linmin: converged after 3 iterations.
    linmin: converged after 3 iterations.
    linmin: converged after 3 iterations.
    linmin: converged after 3 iterations.
    linmin: converged after 2 iterations.
    linmin: converged after 2 iterations.
    linmin: converged after 2 iterations.
    linmin: converged after 3 iterations.
    linmin: converged after 2 iterations.
Finished solving for bands 1 to 7 after 9 iterations.
tmfreqs:, 13, -0.2, 0.2, 0, 0.4, 0.152411, 0.388277, 0.405765, 0.552586, 0.64675, 0.654729, 0.691815
elapsed time for k point: 0 seconds.
solve_kpoint (-0.133333,0.133333,0):
Solving for bands 1 to 7...
    linmin: converged after 3 iterations.
    linmin: converged after 3 iterations.
    linmin: converged after 3 iterations.
    linmin: converged after 3 iterations.
    linmin: converged after 2 iterations.
    linmin: converged after 2 iterations.
    linmin: converged after 3 iterations.
    linmin: converged after 3 iterations.
    linmin: converged after 2 iterations.
Finished solving for bands 1 to 7 after 9 iterations.
tmfreqs:, 14, -0.133333, 0.133333, 0, 0.266667, 0.11663, 0.3918, 0.4082, 0.497165, 0.64746, 0.653748, 0.700978
elapsed time for k point: 0 seconds.
solve_kpoint (-0.0666667,0.0666667,0):
Solving for bands 1 to 7...
    linmin: converged after 4 iterations.
    linmin: converged after 3 iterations.
    linmin: converged after 3 iterations.
    linmin: converged after 3 iterations.
    linmin: converged after 3 iterations.
    linmin: converged after 2 iterations.
    linmin: converged after 3 iterations.
    linmin: converged after 3 iterations.
    linmin: converged after 2 iterations.
Finished solving for bands 1 to 7 after 9 iterations.
tmfreqs:, 15, -0.0666667, 0.0666667, 0, 0.133333, 0.0634615, 0.401806, 0.409324, 0.45598, 0.647964, 0.653186, 0.706542
elapsed time for k point: 0 seconds.
solve_kpoint (0,0,0):
Solving for bands 2 to 7...
    linmin: converged after 4 iterations.
    linmin: converged after 3 iterations.
    linmin: converged after 3 iterations.
    linmin: converged after 3 iterations.
    linmin: converged after 2 iterations.
    linmin: converged after 2 iterations.
    linmin: converged after 3 iterations.
    linmin: converged after 2 iterations.
    linmin: converged after 3 iterations.
    linmin: converged after 1 iterations.
Finished solving for bands 2 to 7 after 10 iterations.
tmfreqs:, 16, 0, 0, 0, 0, 0, 0.409636, 0.412262, 0.435397, 0.648148, 0.652995, 0.708336
elapsed time for k point: 0 seconds.
Band 1 range: 0.0 at #(0.0 0.0 0.0) to 0.17435742278498031 at #(-0.3333333333333333 0.3333333333333333 0.0)
Band 2 range: 0.38286646744776703 at #(0.0 0.5 0.0) to 0.40963612831393575 at #(0.0 0.0 0.0)
Band 3 range: 0.3974533133334341 at #(-0.3333333333333333 0.3333333333333333 0.0) to 0.4122618098841438 at #(0.0 0.0 0.0)
Band 4 range: 0.4353966766059167 at #(0.0 0.0 0.0) to 0.6450776773259086 at #(-0.3333333333333333 0.3333333333333333 0.0)
Band 5 range: 0.637100197447476 at #(0.0 0.5 0.0) to 0.6481477547828111 at #(0.0 0.0 0.0)
Band 6 range: 0.649687563768932 at #(0.0 0.5 0.0) to 0.6563292997553226 at #(-0.26666666666666666 0.26666666666666666 0.0)
Band 7 range: 0.6563917228533427 at #(0.0 0.5 0.0) to 0.7097325131055101 at #(-0.3333333333333333 0.3333333333333333 0.0)
Gap from band 1 (0.17435742278498031) to band 2 (0.38286646744776703), 74.83851583452187%
Gap from band 3 (0.4122618098841438) to band 4 (0.4353966766059167), 5.458534796853986%
Gap from band 5 (0.6481477547828111) to band 6 (0.649687563768932), 0.23728880915942624%
Gap from band 6 (0.6563292997553226) to band 7 (0.6563917228533427), 0.009510489577750763%
total elapsed time for run: 0 seconds.
done.
radius at maximum: 0.415926924431198
gap size at maximum: 22.23963269649753
