init-params: initializing eigensolver data
Computing 8 bands with 1.000000e-07 tolerance.
Working in 2 dimensions.
Grid size is 32 x 32 x 1.
Solving for 8 bands at a time.
Creating Maxwell data...
Mesh size is 3.
Lattice vectors:
     (0.866025, 0.5, 0)
     (0.866025, -0.5, 0)
     (0, 0, 1)
Cell volume = 0.866025
Reciprocal lattice vectors (/ 2 pi):
     (0.57735, 1, -0)
     (0.57735, -1, 0)
     (-0, 0, 1)
Geometric objects:
     block, center = (0,0,0)
          size (10,10,0.01)
          axes (1,0,0), (0,1,0), (0,0,1)
          epsilon = 4.3246, mu = 1
     cylinder, center = (0,0,0)
          radius 0.33, height 0.01, axis (0, 0, 1)
          epsilon = 1, mu = 1
Geometric object tree has depth 1 and 10 object nodes (vs. 2 actual objects)
Initializing epsilon function...
Allocating fields...
16 k-points:
     (0,0,0)
     (0,0.1,0)
     (0,0.2,0)
     (0,0.3,0)
     (0,0.4,0)
     (0,0.5,0)
     (-0.0666667,0.466667,0)
     (-0.133333,0.433333,0)
     (-0.2,0.4,0)
     (-0.266667,0.366667,0)
     (-0.333333,0.333333,0)
     (-0.266667,0.266667,0)
     (-0.2,0.2,0)
     (-0.133333,0.133333,0)
     (-0.0666667,0.0666667,0)
     (0,0,0)
Solving for band polarization: te.
Initializing fields to random numbers...
elapsed time for initialization: 0 seconds.
epsilon: 1-4.3246, mean 3.0121, harm. mean 1.91743, 63.7695% > 1, 60.5216% "fill"
Outputting tri-slab-epsilon...
solve_kpoint (0,0,0):
tefreqs:, k index, k1, k2, k3, kmag/2pi, te band 1, te band 2, te band 3, te band 4, te band 5, te band 6, te band 7, te band 8
Solving for bands 2 to 8...
    linmin: converged after 7 iterations.
    linmin: converged after 7 iterations.
    linmin: converged after 5 iterations.
    linmin: converged after 5 iterations.
    linmin: converged after 4 iterations.
    linmin: converged after 4 iterations.
    linmin: converged after 4 iterations.
    linmin: converged after 4 iterations.
    linmin: converged after 4 iterations.
    linmin: converged after 2 iterations.
    linmin: converged after 2 iterations.
    linmin: converged after 3 iterations.
    linmin: converged after 5 iterations.
    linmin: converged after 4 iterations.
    linmin: converged after 4 iterations.
    linmin: converged after 3 iterations.
    linmin: converged after 3 iterations.
    linmin: converged after 2 iterations.
    linmin: converged after 2 iterations.
    linmin: converged after 2 iterations.
    linmin: converged after 2 iterations.
    linmin: converged after 2 iterations.
Finished solving for bands 2 to 8 after 22 iterations.
tefreqs:, 1, 0, 0, 0, 0, 0, 0.623389, 0.699365, 0.699541, 0.72348, 0.781594, 0.781638, 1.0881
elapsed time for k point: 1 seconds.
solve_kpoint (0,0.1,0):
Solving for bands 1 to 8...
    linmin: converged after 4 iterations.
    linmin: converged after 4 iterations.
    linmin: converged after 4 iterations.
    linmin: converged after 3 iterations.
    linmin: converged after 4 iterations.
    linmin: converged after 4 iterations.
    linmin: converged after 2 iterations.
    linmin: converged after 2 iterations.
    linmin: converged after 2 iterations.
    linmin: converged after 2 iterations.
    linmin: converged after 2 iterations.
    linmin: converged after 2 iterations.
Finished solving for bands 1 to 8 after 12 iterations.
tefreqs:, 2, 0, 0.1, 0, 0.11547, 0.071345, 0.609493, 0.679495, 0.690278, 0.717952, 0.795299, 0.825397, 1.04692
elapsed time for k point: 0 seconds.
solve_kpoint (0,0.2,0):
Solving for bands 1 to 8...
    linmin: converged after 4 iterations.
    linmin: converged after 4 iterations.
    linmin: converged after 4 iterations.
    linmin: converged after 2 iterations.
    linmin: converged after 2 iterations.
    linmin: converged after 2 iterations.
    linmin: converged after 2 iterations.
    linmin: converged after 2 iterations.
Finished solving for bands 1 to 8 after 8 iterations.
tefreqs:, 3, 0, 0.2, 0, 0.23094, 0.142134, 0.571357, 0.637008, 0.673159, 0.746159, 0.826032, 0.890933, 1.00088
elapsed time for k point: 0 seconds.
solve_kpoint (0,0.3,0):
Solving for bands 1 to 8...
    linmin: converged after 4 iterations.
    linmin: converged after 4 iterations.
    linmin: converged after 2 iterations.
    linmin: converged after 2 iterations.
    linmin: converged after 1 iterations.
    linmin: converged after 2 iterations.
    linmin: converged after 2 iterations.
Finished solving for bands 1 to 8 after 7 iterations.
tefreqs:, 4, 0, 0.3, 0, 0.34641, 0.211269, 0.514747, 0.612824, 0.657905, 0.782032, 0.86376, 0.951937, 0.960874
elapsed time for k point: 0 seconds.
solve_kpoint (0,0.4,0):
Solving for bands 1 to 8...
    linmin: converged after 4 iterations.
    linmin: converged after 4 iterations.
    linmin: converged after 4 iterations.
    linmin: converged after 2 iterations.
    linmin: converged after 2 iterations.
    linmin: converged after 2 iterations.
    linmin: converged after 2 iterations.
    linmin: converged after 10 iterations.
    linmin: converged after 3 iterations.
    linmin: converged after 3 iterations.
    linmin: converged after 3 iterations.
    linmin: converged after 3 iterations.
    linmin: converged after 3 iterations.
    linmin: converged after 3 iterations.
    linmin: converged after 4 iterations.
    linmin: converged after 4 iterations.
    linmin: converged after 4 iterations.
    linmin: converged after 4 iterations.
    linmin: converged after 3 iterations.
    linmin: converged after 3 iterations.
    linmin: converged after 3 iterations.
    linmin: converged after 3 iterations.
    linmin: converged after 3 iterations.
    linmin: converged after 3 iterations.
    linmin: converged after 3 iterations.
    linmin: converged after 3 iterations.
    linmin: converged after 3 iterations.
    linmin: converged after 3 iterations.
    linmin: converged after 3 iterations.
    linmin: converged after 3 iterations.
    linmin: converged after 3 iterations.
    linmin: converged after 3 iterations.
    linmin: converged after 3 iterations.
    linmin: converged after 3 iterations.
    linmin: converged after 3 iterations.
    linmin: converged after 3 iterations.
    linmin: converged after 3 iterations.
    linmin: converged after 3 iterations.
    linmin: converged after 3 iterations.
    linmin: converged after 3 iterations.
    linmin: converged after 3 iterations.
    linmin: converged after 3 iterations.
    linmin: converged after 3 iterations.
    linmin: converged after 3 iterations.
    linmin: converged after 3 iterations.
    linmin: converged after 3 iterations.
    linmin: converged after 3 iterations.
    linmin: converged after 3 iterations.
    linmin: converged after 3 iterations.
    linmin: converged after 3 iterations.
    linmin: converged after 3 iterations.
    linmin: converged after 3 iterations.
    linmin: converged after 3 iterations.
    linmin: converged after 3 iterations.
    linmin: converged after 3 iterations.
    linmin: converged after 3 iterations.
    linmin: converged after 3 iterations.
    linmin: converged after 3 iterations.
    linmin: converged after 3 iterations.
    linmin: converged after 3 iterations.
    linmin: converged after 3 iterations.
    linmin: converged after 3 iterations.
    linmin: converged after 3 iterations.
    linmin: converged after 3 iterations.
    linmin: converged after 3 iterations.
    linmin: converged after 3 iterations.
    linmin: converged after 3 iterations.
    linmin: converged after 3 iterations.
    linmin: converged after 3 iterations.
    linmin: converged after 4 iterations.
    linmin: converged after 4 iterations.
    linmin: converged after 4 iterations.
    linmin: converged after 2 iterations.
    linmin: converged after 2 iterations.
    linmin: converged after 2 iterations.
    linmin: converged after 2 iterations.
    linmin: converged after 2 iterations.
    linmin: converged after 2 iterations.
    linmin: converged after 2 iterations.
    linmin: converged after 2 iterations.
Finished solving for bands 1 to 8 after 80 iterations.
tefreqs:, 5, 0, 0.4, 0, 0.46188, 0.274868, 0.455384, 0.600624, 0.647934, 0.821819, 0.904514, 0.90853, 0.989719
elapsed time for k point: 0 seconds.
solve_kpoint (0,0.5,0):
Solving for bands 1 to 8...
    linmin: converged after 4 iterations.
    linmin: converged after 4 iterations.
    linmin: converged after 2 iterations.
    linmin: converged after 2 iterations.
    linmin: converged after 2 iterations.
    linmin: converged after 2 iterations.
Finished solving for bands 1 to 8 after 6 iterations.
tefreqs:, 6, 0, 0.5, 0, 0.57735, 0.310127, 0.421207, 0.596764, 0.644496, 0.864201, 0.864279, 0.940154, 0.954632
elapsed time for k point: 0 seconds.
solve_kpoint (-0.0666667,0.466667,0):
Solving for bands 1 to 8...
    linmin: converged after 4 iterations.
    linmin: converged after 4 iterations.
    linmin: converged after 4 iterations.
    linmin: converged after 2 iterations.
    linmin: converged after 2 iterations.
    linmin: converged after 2 iterations.
    linmin: converged after 2 iterations.
    linmin: converged after 2 iterations.
Finished solving for bands 1 to 8 after 8 iterations.
tefreqs:, 7, -0.0666667, 0.466667, 0, 0.581187, 0.31277, 0.422751, 0.577222, 0.663845, 0.85833, 0.85998, 0.946588, 0.957731
elapsed time for k point: 0 seconds.
solve_kpoint (-0.133333,0.433333,0):
Solving for bands 1 to 8...
    linmin: converged after 4 iterations.
    linmin: converged after 4 iterations.
    linmin: converged after 4 iterations.
    linmin: converged after 2 iterations.
    linmin: converged after 2 iterations.
    linmin: converged after 2 iterations.
    linmin: converged after 2 iterations.
    linmin: converged after 2 iterations.
Finished solving for bands 1 to 8 after 8 iterations.
tefreqs:, 8, -0.133333, 0.433333, 0, 0.592546, 0.320339, 0.427343, 0.544523, 0.696147, 0.844642, 0.84885, 0.961914, 0.965324
elapsed time for k point: 0 seconds.
solve_kpoint (-0.2,0.4,0):
Solving for bands 1 to 8...
    linmin: converged after 4 iterations.
    linmin: converged after 4 iterations.
    linmin: converged after 4 iterations.
    linmin: converged after 2 iterations.
    linmin: converged after 2 iterations.
    linmin: converged after 2 iterations.
    linmin: converged after 2 iterations.
    linmin: converged after 2 iterations.
Finished solving for bands 1 to 8 after 8 iterations.
tefreqs:, 9, -0.2, 0.4, 0, 0.61101, 0.331618, 0.434863, 0.510848, 0.729946, 0.828127, 0.833946, 0.974536, 0.980998
elapsed time for k point: 0 seconds.
solve_kpoint (-0.266667,0.366667,0):
Solving for bands 1 to 8...
    linmin: converged after 4 iterations.
    linmin: converged after 4 iterations.
    linmin: converged after 4 iterations.
    linmin: converged after 2 iterations.
    linmin: converged after 2 iterations.
    linmin: converged after 2 iterations.
    linmin: converged after 2 iterations.
    linmin: converged after 2 iterations.
    linmin: converged after 2 iterations.
    linmin: converged after 2 iterations.
Finished solving for bands 1 to 8 after 10 iterations.
tefreqs:, 10, -0.266667, 0.366667, 0, 0.635959, 0.343831, 0.445126, 0.479886, 0.763556, 0.811215, 0.817425, 0.983359, 1.00125
elapsed time for k point: 0 seconds.
solve_kpoint (-0.333333,0.333333,0):
Solving for bands 1 to 8...
    linmin: converged after 4 iterations.
    linmin: converged after 4 iterations.
    linmin: converged after 4 iterations.
    linmin: converged after 4 iterations.
    linmin: converged after 4 iterations.
    linmin: converged after 4 iterations.
    linmin: converged after 2 iterations.
    linmin: converged after 2 iterations.
    linmin: converged after 2 iterations.
    linmin: converged after 2 iterations.
    linmin: converged after 2 iterations.
Finished solving for bands 1 to 8 after 11 iterations.
tefreqs:, 11, -0.333333, 0.333333, 0, 0.666667, 0.35038, 0.45787, 0.457944, 0.790986, 0.800443, 0.800548, 0.988579, 1.0213
elapsed time for k point: 0 seconds.
Fixing e-field (band 1) phase by -1 + -1.02873e-06i; max ampl. = 0.693375
Outputting fields to tri-slab-e.k11.b01.x.te...
Fixing e-field (band 2) phase by -1 + -1.02873e-06i; max ampl. = 1.12842
Outputting fields to tri-slab-e.k11.b02.x.te...
Fixing e-field (band 3) phase by -1.02873e-06 + 1i; max ampl. = 1.20922
Outputting fields to tri-slab-e.k11.b03.x.te...
Fixing e-field (band 4) phase by 1.02873e-06 + -1i; max ampl. = 0.944682
Outputting fields to tri-slab-e.k11.b04.x.te...
Fixing e-field (band 5) phase by 1 + 1.02873e-06i; max ampl. = 1.07523
Outputting fields to tri-slab-e.k11.b05.x.te...
Fixing e-field (band 6) phase by -1.02873e-06 + 1i; max ampl. = 0.861526
Outputting fields to tri-slab-e.k11.b06.x.te...
Fixing e-field (band 7) phase by 1 + 1.02873e-06i; max ampl. = 0.782859
Outputting fields to tri-slab-e.k11.b07.x.te...
Fixing e-field (band 8) phase by -1 + -1.02873e-06i; max ampl. = 0.928345
Outputting fields to tri-slab-e.k11.b08.x.te...
solve_kpoint (-0.266667,0.266667,0):
Solving for bands 1 to 8...
    linmin: converged after 4 iterations.
    linmin: converged after 4 iterations.
    linmin: converged after 4 iterations.
    linmin: converged after 4 iterations.
    linmin: converged after 4 iterations.
    linmin: converged after 4 iterations.
    linmin: converged after 4 iterations.
    linmin: converged after 4 iterations.
    linmin: converged after 2 iterations.
    linmin: converged after 2 iterations.
    linmin: converged after 2 iterations.
    linmin: converged after 2 iterations.
    linmin: converged after 2 iterations.
    linmin: converged after 2 iterations.
    linmin: converged after 2 iterations.
Finished solving for bands 1 to 8 after 15 iterations.
tefreqs:, 12, -0.266667, 0.266667, 0, 0.533333, 0.314669, 0.470601, 0.489822, 0.76366, 0.768194, 0.862466, 0.951079, 1.02037
elapsed time for k point: 0 seconds.
solve_kpoint (-0.2,0.2,0):
Solving for bands 1 to 8...
    linmin: converged after 3 iterations.
    linmin: converged after 4 iterations.
    linmin: converged after 4 iterations.
    linmin: converged after 2 iterations.
    linmin: converged after 2 iterations.
    linmin: converged after 2 iterations.
    linmin: converged after 2 iterations.
    linmin: converged after 2 iterations.
    linmin: converged after 2 iterations.
Finished solving for bands 1 to 8 after 9 iterations.
tefreqs:, 13, -0.2, 0.2, 0, 0.4, 0.243054, 0.526521, 0.527912, 0.738925, 0.740512, 0.895668, 0.924152, 1.04042
elapsed time for k point: 0 seconds.
solve_kpoint (-0.133333,0.133333,0):
Solving for bands 1 to 8...
    linmin: converged after 4 iterations.
    linmin: converged after 4 iterations.
    linmin: converged after 5 iterations.
    linmin: converged after 5 iterations.
    linmin: converged after 6 iterations.
    linmin: converged after 6 iterations.
    linmin: converged after 4 iterations.
    linmin: converged after 3 iterations.
    linmin: converged after 3 iterations.
    linmin: converged after 3 iterations.
    linmin: converged after 4 iterations.
    linmin: converged after 5 iterations.
    linmin: converged after 4 iterations.
    linmin: converged after 6 iterations.
    linmin: converged after 8 iterations.
    linmin: converged after 7 iterations.
    linmin: converged after 8 iterations.
    linmin: converged after 10 iterations.
    linmin: converged after 9 iterations.
    linmin: converged after 6 iterations.
    linmin: converged after 4 iterations.
    linmin: converged after 3 iterations.
    linmin: converged after 2 iterations.
    linmin: converged after 2 iterations.
    linmin: converged after 2 iterations.
    linmin: converged after 2 iterations.
    linmin: converged after 2 iterations.
    linmin: converged after 2 iterations.
Finished solving for bands 1 to 8 after 28 iterations.
tefreqs:, 14, -0.133333, 0.133333, 0, 0.266667, 0.163863, 0.568727, 0.594176, 0.719169, 0.720706, 0.843218, 0.910464, 0.984139
elapsed time for k point: 0 seconds.
solve_kpoint (-0.0666667,0.0666667,0):
Solving for bands 1 to 8...
    linmin: converged after 3 iterations.
    linmin: converged after 4 iterations.
    linmin: converged after 4 iterations.
    linmin: converged after 2 iterations.
    linmin: converged after 2 iterations.
    linmin: converged after 2 iterations.
    linmin: converged after 2 iterations.
    linmin: converged after 2 iterations.
    linmin: converged after 2 iterations.
Finished solving for bands 1 to 8 after 9 iterations.
tefreqs:, 15, -0.0666667, 0.0666667, 0, 0.133333, 0.0823443, 0.605824, 0.664347, 0.705075, 0.710512, 0.800287, 0.834836, 1.03962
elapsed time for k point: 0 seconds.
solve_kpoint (0,0,0):
Solving for bands 2 to 8...
    linmin: converged after 4 iterations.
    linmin: converged after 4 iterations.
    linmin: converged after 4 iterations.
    linmin: converged after 4 iterations.
    linmin: converged after 4 iterations.
    linmin: converged after 2 iterations.
    linmin: converged after 3 iterations.
    linmin: converged after 3 iterations.
    linmin: converged after 4 iterations.
    linmin: converged after 3 iterations.
    linmin: converged after 3 iterations.
    linmin: converged after 2 iterations.
    linmin: converged after 2 iterations.
    linmin: converged after 2 iterations.
    linmin: converged after 2 iterations.
    linmin: converged after 2 iterations.
Finished solving for bands 2 to 8 after 16 iterations.
tefreqs:, 16, 0, 0, 0, 0, 0, 0.623389, 0.699365, 0.699541, 0.72348, 0.781594, 0.781638, 1.0881
elapsed time for k point: 0 seconds.
Band 1 range: 0.0 at #(0.0 0.0 0.0) to 0.3503804611956804 at #(-0.3333333333333333 0.3333333333333333 0.0)
Band 2 range: 0.4212070419086785 at #(0.0 0.5 0.0) to 0.6233893995792495 at #(0.0 0.0 0.0)
Band 3 range: 0.45794403853226 at #(-0.3333333333333333 0.3333333333333333 0.0) to 0.699364886715961 at #(0.0 0.0 0.0)
Band 4 range: 0.6444962309962684 at #(0.0 0.5 0.0) to 0.7909855890160103 at #(-0.3333333333333333 0.3333333333333333 0.0)
Band 5 range: 0.7105117389586352 at #(-0.06666666666666667 0.06666666666666667 0.0) to 0.864201326573714 at #(0.0 0.5 0.0)
Band 6 range: 0.7815937303019397 at #(0.0 0.0 0.0) to 0.90451402235823 at #(0.0 0.4 0.0)
Band 7 range: 0.7816376097858212 at #(0.0 0.0 0.0) to 0.9885789002878501 at #(-0.3333333333333333 0.3333333333333333 0.0)
Band 8 range: 0.9546316519991082 at #(0.0 0.5 0.0) to 1.0880974596204893 at #(0.0 0.0 0.0)
Gap from band 1 (0.3503804611956804) to band 2 (0.4212070419086785), 18.35866455276653%
total elapsed time for run: 2 seconds.
done.
init-params: initializing eigensolver data
Computing 8 bands with 1.000000e-07 tolerance.
Working in 2 dimensions.
Grid size is 32 x 32 x 1.
Solving for 8 bands at a time.
Creating Maxwell data...
Mesh size is 3.
Lattice vectors:
     (0.866025, 0.5, 0)
     (0.866025, -0.5, 0)
     (0, 0, 1)
Cell volume = 0.866025
Reciprocal lattice vectors (/ 2 pi):
     (0.57735, 1, -0)
     (0.57735, -1, 0)
     (-0, 0, 1)
Geometric objects:
     block, center = (0,0,0)
          size (10,10,0.01)
          axes (1,0,0), (0,1,0), (0,0,1)
          epsilon = 4.3246, mu = 1
     cylinder, center = (0,0,0)
          radius 0.33, height 0.01, axis (0, 0, 1)
          epsilon = 1, mu = 1
Geometric object tree has depth 1 and 10 object nodes (vs. 2 actual objects)
Initializing epsilon function...
16 k-points:
     (0,0,0)
     (0,0.1,0)
     (0,0.2,0)
     (0,0.3,0)
     (0,0.4,0)
     (0,0.5,0)
     (-0.0666667,0.466667,0)
     (-0.133333,0.433333,0)
     (-0.2,0.4,0)
     (-0.266667,0.366667,0)
     (-0.333333,0.333333,0)
     (-0.266667,0.266667,0)
     (-0.2,0.2,0)
     (-0.133333,0.133333,0)
     (-0.0666667,0.0666667,0)
     (0,0,0)
Solving for band polarization: tm.
Initializing fields to random numbers...
elapsed time for initialization: 0 seconds.
epsilon: 1-4.3246, mean 3.0121, harm. mean 1.91743, 63.7695% > 1, 60.5216% "fill"
Outputting tri-slab-epsilon...
solve_kpoint (0,0,0):
tmfreqs:, k index, k1, k2, k3, kmag/2pi, tm band 1, tm band 2, tm band 3, tm band 4, tm band 5, tm band 6, tm band 7, tm band 8
Solving for bands 2 to 8...
    linmin: converged after 7 iterations.
    linmin: converged after 6 iterations.
    linmin: converged after 5 iterations.
    linmin: converged after 5 iterations.
    linmin: converged after 4 iterations.
    linmin: converged after 4 iterations.
    linmin: converged after 3 iterations.
    linmin: converged after 4 iterations.
    linmin: converged after 4 iterations.
    linmin: converged after 4 iterations.
    linmin: converged after 4 iterations.
    linmin: converged after 3 iterations.
    linmin: converged after 3 iterations.
    linmin: converged after 4 iterations.
    linmin: converged after 4 iterations.
    linmin: converged after 2 iterations.
    linmin: converged after 2 iterations.
    linmin: converged after 4 iterations.
    linmin: converged after 4 iterations.
    linmin: converged after 4 iterations.
    linmin: converged after 4 iterations.
    linmin: converged after 4 iterations.
    linmin: converged after 4 iterations.
    linmin: converged after 4 iterations.
    linmin: converged after 2 iterations.
    linmin: converged after 2 iterations.
    linmin: converged after 2 iterations.
Finished solving for bands 2 to 8 after 27 iterations.
tmfreqs:, 1, 0, 0, 0, 0, 0, 0.565637, 0.593235, 0.593397, 0.72299, 0.723195, 0.878106, 1.07811
elapsed time for k point: 0 seconds.
solve_kpoint (0,0.1,0):
Solving for bands 1 to 8...
    linmin: converged after 7 iterations.
    linmin: converged after 5 iterations.
    linmin: converged after 4 iterations.
    linmin: converged after 3 iterations.
    linmin: converged after 4 iterations.
    linmin: converged after 4 iterations.
    linmin: converged after 4 iterations.
    linmin: converged after 4 iterations.
    linmin: converged after 2 iterations.
    linmin: converged after 4 iterations.
    linmin: converged after 4 iterations.
    linmin: converged after 4 iterations.
    linmin: converged after 4 iterations.
    linmin: converged after 2 iterations.
    linmin: converged after 4 iterations.
    linmin: converged after 2 iterations.
    linmin: converged after 2 iterations.
    linmin: converged after 2 iterations.
    linmin: converged after 2 iterations.
    linmin: converged after 2 iterations.
    linmin: converged after 2 iterations.
Finished solving for bands 1 to 8 after 21 iterations.
tmfreqs:, 2, 0, 0.1, 0, 0.11547, 0.0664572, 0.535865, 0.588302, 0.616797, 0.716083, 0.732244, 0.895024, 1.02968
elapsed time for k point: 0 seconds.
solve_kpoint (0,0.2,0):
Solving for bands 1 to 8...
    linmin: converged after 3 iterations.
    linmin: converged after 4 iterations.
    linmin: converged after 4 iterations.
    linmin: converged after 2 iterations.
    linmin: converged after 2 iterations.
    linmin: converged after 2 iterations.
    linmin: converged after 2 iterations.
Finished solving for bands 1 to 8 after 7 iterations.
tmfreqs:, 3, 0, 0.2, 0, 0.23094, 0.132435, 0.4916, 0.577212, 0.632725, 0.715849, 0.755674, 0.932178, 0.982624
elapsed time for k point: 0 seconds.
solve_kpoint (0,0.3,0):
Solving for bands 1 to 8...
    linmin: converged after 3 iterations.
    linmin: converged after 4 iterations.
    linmin: converged after 4 iterations.
    linmin: converged after 2 iterations.
    linmin: converged after 2 iterations.
    linmin: converged after 2 iterations.
    linmin: converged after 1 iterations.
Finished solving for bands 1 to 8 after 7 iterations.
tmfreqs:, 4, 0, 0.3, 0, 0.34641, 0.197275, 0.442224, 0.565949, 0.625672, 0.742195, 0.787259, 0.924669, 0.988723
elapsed time for k point: 0 seconds.
solve_kpoint (0,0.4,0):
Solving for bands 1 to 8...
    linmin: converged after 4 iterations.
    linmin: converged after 4 iterations.
    linmin: converged after 4 iterations.
    linmin: converged after 4 iterations.
    linmin: converged after 4 iterations.
    linmin: converged after 5 iterations.
    linmin: converged after 4 iterations.
    linmin: converged after 3 iterations.
    linmin: converged after 3 iterations.
    linmin: converged after 4 iterations.
    linmin: converged after 4 iterations.
    linmin: converged after 3 iterations.
    linmin: converged after 3 iterations.
    linmin: converged after 4 iterations.
    linmin: converged after 4 iterations.
    linmin: converged after 4 iterations.
    linmin: converged after 4 iterations.
    linmin: converged after 4 iterations.
    linmin: converged after 5 iterations.
    linmin: converged after 5 iterations.
    linmin: converged after 5 iterations.
    linmin: converged after 5 iterations.
    linmin: converged after 5 iterations.
    linmin: converged after 5 iterations.
    linmin: converged after 4 iterations.
    linmin: converged after 4 iterations.
    linmin: converged after 4 iterations.
    linmin: converged after 4 iterations.
    linmin: converged after 4 iterations.
    linmin: converged after 5 iterations.
    linmin: converged after 5 iterations.
    linmin: converged after 5 iterations.
    linmin: converged after 6 iterations.
    linmin: converged after 6 iterations.
    linmin: converged after 5 iterations.
    linmin: converged after 9 iterations.
    linmin: converged after 11 iterations.
    linmin: converged after 5 iterations.
    linmin: converged after 5 iterations.
    linmin: converged after 5 iterations.
    linmin: converged after 4 iterations.
    linmin: converged after 3 iterations.
    linmin: converged after 3 iterations.
    linmin: converged after 3 iterations.
    linmin: converged after 3 iterations.
    linmin: converged after 2 iterations.
    linmin: converged after 2 iterations.
    linmin: converged after 2 iterations.
    linmin: converged after 2 iterations.
    linmin: converged after 2 iterations.
    linmin: converged after 2 iterations.
    linmin: converged after 2 iterations.
Finished solving for bands 1 to 8 after 52 iterations.
tmfreqs:, 5, 0, 0.4, 0, 0.46188, 0.259425, 0.38926, 0.558095, 0.61483, 0.78084, 0.822225, 0.879507, 0.914439
elapsed time for k point: 1 seconds.
solve_kpoint (0,0.5,0):
Solving for bands 1 to 8...
    linmin: converged after 3 iterations.
    linmin: converged after 4 iterations.
    linmin: converged after 2 iterations.
    linmin: converged after 2 iterations.
    linmin: converged after 2 iterations.
Finished solving for bands 1 to 8 after 5 iterations.
tmfreqs:, 6, 0, 0.5, 0, 0.57735, 0.30267, 0.349035, 0.555316, 0.610547, 0.811226, 0.846595, 0.847076, 0.888252
elapsed time for k point: 0 seconds.
solve_kpoint (-0.0666667,0.466667,0):
Solving for bands 1 to 8...
    linmin: converged after 4 iterations.
    linmin: converged after 4 iterations.
    linmin: converged after 2 iterations.
    linmin: converged after 2 iterations.
    linmin: converged after 2 iterations.
Finished solving for bands 1 to 8 after 5 iterations.
tmfreqs:, 7, -0.0666667, 0.466667, 0, 0.581187, 0.304647, 0.350479, 0.540033, 0.626212, 0.803914, 0.839887, 0.853676, 0.894711
elapsed time for k point: 0 seconds.
solve_kpoint (-0.133333,0.433333,0):
Solving for bands 1 to 8...
    linmin: converged after 4 iterations.
    linmin: converged after 4 iterations.
    linmin: converged after 2 iterations.
    linmin: converged after 2 iterations.
    linmin: converged after 2 iterations.
    linmin: converged after 2 iterations.
Finished solving for bands 1 to 8 after 6 iterations.
tmfreqs:, 8, -0.133333, 0.433333, 0, 0.592546, 0.310495, 0.354296, 0.512789, 0.654961, 0.789384, 0.825102, 0.867388, 0.907549
elapsed time for k point: 0 seconds.
solve_kpoint (-0.2,0.4,0):
Solving for bands 1 to 8...
    linmin: converged after 4 iterations.
    linmin: converged after 4 iterations.
    linmin: converged after 2 iterations.
    linmin: converged after 2 iterations.
    linmin: converged after 2 iterations.
    linmin: converged after 2 iterations.
    linmin: converged after 2 iterations.
Finished solving for bands 1 to 8 after 7 iterations.
tmfreqs:, 9, -0.2, 0.4, 0, 0.61101, 0.319984, 0.358578, 0.485855, 0.685885, 0.773133, 0.808683, 0.882069, 0.921316
elapsed time for k point: 0 seconds.
solve_kpoint (-0.266667,0.366667,0):
Solving for bands 1 to 8...
    linmin: converged after 4 iterations.
    linmin: converged after 4 iterations.
    linmin: converged after 4 iterations.
    linmin: converged after 4 iterations.
    linmin: converged after 2 iterations.
    linmin: converged after 2 iterations.
    linmin: converged after 2 iterations.
Finished solving for bands 1 to 8 after 7 iterations.
tmfreqs:, 10, -0.266667, 0.366667, 0, 0.635959, 0.332773, 0.358857, 0.465239, 0.71608, 0.75657, 0.793432, 0.895443, 0.934609
elapsed time for k point: 0 seconds.
solve_kpoint (-0.333333,0.333333,0):
Solving for bands 1 to 8...
    linmin: converged after 4 iterations.
    linmin: converged after 4 iterations.
    linmin: converged after 4 iterations.
    linmin: converged after 4 iterations.
    linmin: converged after 2 iterations.
    linmin: converged after 2 iterations.
    linmin: converged after 2 iterations.
    linmin: converged after 2 iterations.
    linmin: converged after 3 iterations.
    linmin: converged after 3 iterations.
    linmin: converged after 4 iterations.
    linmin: converged after 4 iterations.
    linmin: converged after 4 iterations.
    linmin: converged after 3 iterations.
    linmin: converged after 3 iterations.
    linmin: converged after 2 iterations.
Finished solving for bands 1 to 8 after 16 iterations.
tmfreqs:, 11, -0.333333, 0.333333, 0, 0.666667, 0.348443, 0.348503, 0.457584, 0.740184, 0.740253, 0.784961, 0.902621, 0.946897
elapsed time for k point: 0 seconds.
Fixing e-field (band 1) phase by -1 + -6.92789e-06i; max ampl. = 0.939685
Outputting fields to tri-slab-e.k11.b01.z.tm...
Fixing e-field (band 2) phase by -1 + -6.92789e-06i; max ampl. = 0.813712
Outputting fields to tri-slab-e.k11.b02.z.tm...
Fixing e-field (band 3) phase by -1 + -6.92771e-06i; max ampl. = 0.930059
Outputting fields to tri-slab-e.k11.b03.z.tm...
Fixing e-field (band 4) phase by -1 + -6.92789e-06i; max ampl. = 1.07473
Outputting fields to tri-slab-e.k11.b04.z.tm...
Fixing e-field (band 5) phase by 6.92789e-06 + -1i; max ampl. = 1.00371
Outputting fields to tri-slab-e.k11.b05.z.tm...
Fixing e-field (band 6) phase by 1 + 6.93014e-06i; max ampl. = 1.03217
Outputting fields to tri-slab-e.k11.b06.z.tm...
Fixing e-field (band 7) phase by 6.92789e-06 + -1i; max ampl. = 0.966558
Outputting fields to tri-slab-e.k11.b07.z.tm...
Fixing e-field (band 8) phase by 1 + 6.92774e-06i; max ampl. = 1.07023
Outputting fields to tri-slab-e.k11.b08.z.tm...
solve_kpoint (-0.266667,0.266667,0):
Solving for bands 1 to 8...
    linmin: converged after 4 iterations.
    linmin: converged after 4 iterations.
    linmin: converged after 4 iterations.
    linmin: converged after 4 iterations.
    linmin: converged after 2 iterations.
    linmin: converged after 2 iterations.
    linmin: converged after 2 iterations.
    linmin: converged after 2 iterations.
    linmin: converged after 9 iterations.
    linmin: converged after 3 iterations.
    linmin: converged after 4 iterations.
    linmin: converged after 4 iterations.
    linmin: converged after 4 iterations.
    linmin: converged after 5 iterations.
    linmin: converged after 5 iterations.
    linmin: converged after 5 iterations.
    linmin: converged after 4 iterations.
    linmin: converged after 4 iterations.
    linmin: converged after 4 iterations.
    linmin: converged after 3 iterations.
    linmin: converged after 3 iterations.
    linmin: converged after 3 iterations.
    linmin: converged after 3 iterations.
    linmin: converged after 3 iterations.
    linmin: converged after 3 iterations.
    linmin: converged after 3 iterations.
    linmin: converged after 3 iterations.
    linmin: converged after 3 iterations.
    linmin: converged after 3 iterations.
    linmin: converged after 3 iterations.
    linmin: converged after 3 iterations.
    linmin: converged after 3 iterations.
    linmin: converged after 3 iterations.
    linmin: converged after 3 iterations.
    linmin: converged after 3 iterations.
    linmin: converged after 3 iterations.
    linmin: converged after 3 iterations.
    linmin: converged after 3 iterations.
    linmin: converged after 3 iterations.
    linmin: converged after 3 iterations.
    linmin: converged after 3 iterations.
    linmin: converged after 3 iterations.
    linmin: converged after 3 iterations.
    linmin: converged after 3 iterations.
    linmin: converged after 3 iterations.
    linmin: converged after 3 iterations.
    linmin: converged after 3 iterations.
    linmin: converged after 3 iterations.
    linmin: converged after 3 iterations.
    linmin: converged after 3 iterations.
    linmin: converged after 3 iterations.
    linmin: converged after 3 iterations.
    linmin: converged after 3 iterations.
    linmin: converged after 3 iterations.
    linmin: converged after 3 iterations.
    linmin: converged after 3 iterations.
    linmin: converged after 3 iterations.
    linmin: converged after 3 iterations.
    linmin: converged after 3 iterations.
    linmin: converged after 3 iterations.
    linmin: converged after 3 iterations.
    linmin: converged after 3 iterations.
    linmin: converged after 3 iterations.
    linmin: converged after 3 iterations.
    linmin: converged after 3 iterations.
    linmin: converged after 3 iterations.
    linmin: converged after 3 iterations.
    linmin: converged after 3 iterations.
    linmin: converged after 3 iterations.
    linmin: converged after 4 iterations.
    linmin: converged after 4 iterations.
    linmin: converged after 4 iterations.
    linmin: converged after 2 iterations.
    linmin: converged after 2 iterations.
    linmin: converged after 2 iterations.
    linmin: converged after 2 iterations.
    linmin: converged after 2 iterations.
    linmin: converged after 2 iterations.
    linmin: converged after 2 iterations.
Finished solving for bands 1 to 8 after 79 iterations.
tmfreqs:, 12, -0.266667, 0.266667, 0, 0.533333, 0.295937, 0.386863, 0.479157, 0.709023, 0.733996, 0.826184, 0.869115, 0.956118
elapsed time for k point: 0 seconds.
solve_kpoint (-0.2,0.2,0):
Solving for bands 1 to 8...
    linmin: converged after 3 iterations.
    linmin: converged after 4 iterations.
    linmin: converged after 4 iterations.
    linmin: converged after 2 iterations.
    linmin: converged after 2 iterations.
    linmin: converged after 2 iterations.
    linmin: converged after 2 iterations.
Finished solving for bands 1 to 8 after 7 iterations.
tmfreqs:, 13, -0.2, 0.2, 0, 0.4, 0.226703, 0.431864, 0.519806, 0.680282, 0.714264, 0.817615, 0.888394, 0.984649
elapsed time for k point: 0 seconds.
solve_kpoint (-0.133333,0.133333,0):
Solving for bands 1 to 8...
    linmin: converged after 4 iterations.
    linmin: converged after 4 iterations.
    linmin: converged after 4 iterations.
    linmin: converged after 4 iterations.
    linmin: converged after 3 iterations.
    linmin: converged after 4 iterations.
    linmin: converged after 4 iterations.
    linmin: converged after 2 iterations.
    linmin: converged after 2 iterations.
    linmin: converged after 2 iterations.
    linmin: converged after 2 iterations.
    linmin: converged after 2 iterations.
    linmin: converged after 2 iterations.
    linmin: converged after 10 iterations.
    linmin: converged after 3 iterations.
    linmin: converged after 3 iterations.
    linmin: converged after 3 iterations.
    linmin: converged after 3 iterations.
    linmin: converged after 3 iterations.
    linmin: converged after 3 iterations.
    linmin: converged after 3 iterations.
    linmin: converged after 3 iterations.
    linmin: converged after 3 iterations.
    linmin: converged after 3 iterations.
    linmin: converged after 3 iterations.
    linmin: converged after 3 iterations.
    linmin: converged after 3 iterations.
    linmin: converged after 3 iterations.
    linmin: converged after 3 iterations.
    linmin: converged after 3 iterations.
    linmin: converged after 3 iterations.
    linmin: converged after 3 iterations.
    linmin: converged after 3 iterations.
    linmin: converged after 2 iterations.
    linmin: converged after 2 iterations.
    linmin: converged after 2 iterations.
    linmin: converged after 4 iterations.
    linmin: converged after 4 iterations.
    linmin: converged after 4 iterations.
    linmin: converged after 4 iterations.
    linmin: converged after 4 iterations.
    linmin: converged after 4 iterations.
    linmin: converged after 4 iterations.
    linmin: converged after 4 iterations.
    linmin: converged after 4 iterations.
    linmin: converged after 4 iterations.
    linmin: converged after 4 iterations.
    linmin: converged after 4 iterations.
    linmin: converged after 4 iterations.
    linmin: converged after 4 iterations.
    linmin: converged after 4 iterations.
    linmin: converged after 4 iterations.
    linmin: converged after 4 iterations.
    linmin: converged after 4 iterations.
    linmin: converged after 2 iterations.
    linmin: converged after 2 iterations.
    linmin: converged after 2 iterations.
    linmin: converged after 2 iterations.
    linmin: converged after 3 iterations.
    linmin: converged after 3 iterations.
    linmin: converged after 3 iterations.
    linmin: converged after 3 iterations.
    linmin: converged after 3 iterations.
    linmin: converged after 3 iterations.
    linmin: converged after 3 iterations.
    linmin: converged after 3 iterations.
    linmin: converged after 3 iterations.
    linmin: converged after 3 iterations.
    linmin: converged after 3 iterations.
    linmin: converged after 3 iterations.
    linmin: converged after 4 iterations.
    linmin: converged after 4 iterations.
    linmin: converged after 4 iterations.
    linmin: converged after 4 iterations.
    linmin: converged after 4 iterations.
    linmin: converged after 2 iterations.
    linmin: converged after 2 iterations.
    linmin: converged after 2 iterations.
    linmin: converged after 2 iterations.
    linmin: converged after 2 iterations.
Finished solving for bands 1 to 8 after 80 iterations.
tmfreqs:, 14, -0.133333, 0.133333, 0, 0.266667, 0.15266, 0.480573, 0.559679, 0.652743, 0.705937, 0.770188, 0.939854, 0.96261
elapsed time for k point: 1 seconds.
solve_kpoint (-0.0666667,0.0666667,0):
Solving for bands 1 to 8...
    linmin: converged after 5 iterations.
    linmin: converged after 3 iterations.
    linmin: converged after 3 iterations.
    linmin: converged after 4 iterations.
    linmin: converged after 4 iterations.
    linmin: converged after 4 iterations.
    linmin: converged after 2 iterations.
    linmin: converged after 2 iterations.
    linmin: converged after 2 iterations.
    linmin: converged after 2 iterations.
Finished solving for bands 1 to 8 after 10 iterations.
tmfreqs:, 15, -0.0666667, 0.0666667, 0, 0.133333, 0.0767086, 0.529714, 0.585513, 0.622111, 0.713726, 0.735741, 0.900047, 1.0182
elapsed time for k point: 0 seconds.
solve_kpoint (0,0,0):
Solving for bands 2 to 8...
    linmin: converged after 4 iterations.
    linmin: converged after 4 iterations.
    linmin: converged after 3 iterations.
    linmin: converged after 4 iterations.
    linmin: converged after 4 iterations.
    linmin: converged after 2 iterations.
    linmin: converged after 2 iterations.
    linmin: converged after 4 iterations.
    linmin: converged after 4 iterations.
    linmin: converged after 3 iterations.
    linmin: converged after 2 iterations.
    linmin: converged after 2 iterations.
    linmin: converged after 4 iterations.
    linmin: converged after 4 iterations.
    linmin: converged after 4 iterations.
    linmin: converged after 2 iterations.
    linmin: converged after 4 iterations.
Finished solving for bands 2 to 8 after 22 iterations.
tmfreqs:, 16, 0, 0, 0, 0, 0, 0.565637, 0.593235, 0.593397, 0.72299, 0.723195, 0.878106, 1.07805
elapsed time for k point: 0 seconds.
Band 1 range: 0.0 at #(0.0 0.0 0.0) to 0.34844273850188356 at #(-0.3333333333333333 0.3333333333333333 0.0)
Band 2 range: 0.34850322151353585 at #(-0.3333333333333333 0.3333333333333333 0.0) to 0.5656372699323321 at #(0.0 0.0 0.0)
Band 3 range: 0.4575835266280738 at #(-0.3333333333333333 0.3333333333333333 0.0) to 0.5932348390057401 at #(0.0 0.0 0.0)
Band 4 range: 0.5933970168165751 at #(0.0 0.0 0.0) to 0.7401835173963752 at #(-0.3333333333333333 0.3333333333333333 0.0)
Band 5 range: 0.7059371701453254 at #(-0.13333333333333333 0.13333333333333333 0.0) to 0.8112259666125043 at #(0.0 0.5 0.0)
Band 6 range: 0.7231953740471518 at #(0.0 0.0 0.0) to 0.8465947504920479 at #(0.0 0.5 0.0)
Band 7 range: 0.8470758288510375 at #(0.0 0.5 0.0) to 0.9398535504508145 at #(-0.13333333333333333 0.13333333333333333 0.0)
Band 8 range: 0.8882523538393965 at #(0.0 0.5 0.0) to 1.078106838677521 at #(0.0 0.0 0.0)
Gap from band 1 (0.34844273850188356) to band 2 (0.34850322151353585), 0.017356585767697733%
Gap from band 3 (0.5932348390057401) to band 4 (0.5933970168165751), 0.027334140751270143%
Gap from band 6 (0.8465947504920479) to band 7 (0.8470758288510375), 0.0568089644889713%
total elapsed time for run: 2 seconds.
done.
