init-params: initializing eigensolver data
Computing 8 bands with 1.000000e-07 tolerance.
Working in 2 dimensions.
Grid size is 32 x 32 x 1.
Solving for 8 bands at a time.
Creating Maxwell data...
Mesh size is 3.
Lattice vectors:
     (1, 0, 0)
     (0, 1, 0)
     (0, 0, 1)
Cell volume = 1
Reciprocal lattice vectors (/ 2 pi):
     (1, -0, 0)
     (-0, 1, -0)
     (0, -0, 1)
Geometric objects:
     block, center = (0,0,0)
          size (100,100,0.75)
          axes (1,0,0), (0,1,0), (0,0,1)
          epsilon = 4.3246, mu = 1
     cylinder, center = (0,0,0)
          radius 0.6, height 0.75, axis (0, 0, 1)
          epsilon = 1, mu = 1
Geometric object tree has depth 3 and 52 object nodes (vs. 2 actual objects)
Initializing epsilon function...
Allocating fields...
16 k-points:
     (0,0,0)
     (0.1,0,0)
     (0.2,0,0)
     (0.3,0,0)
     (0.4,0,0)
     (0.5,0,0)
     (0.5,0.1,0)
     (0.5,0.2,0)
     (0.5,0.3,0)
     (0.5,0.4,0)
     (0.5,0.5,0)
     (0.4,0.4,0)
     (0.3,0.3,0)
     (0.2,0.2,0)
     (0.1,0.1,0)
     (0,0,0)
Solving for band polarization: te.
Initializing fields to random numbers...
elapsed time for initialization: 0 seconds.
epsilon: 1-4.3246, mean 1.16364, harm. mean 1.04478, 6.73828% > 1, 4.92202% "fill"
Outputting sq-slab-epsilon...
solve_kpoint (0,0,0):
tefreqs:, k index, k1, k2, k3, kmag/2pi, te band 1, te band 2, te band 3, te band 4, te band 5, te band 6, te band 7, te band 8
Solving for bands 2 to 8...
    linmin: converged after 8 iterations.
    linmin: converged after 6 iterations.
    linmin: converged after 4 iterations.
    linmin: converged after 4 iterations.
    linmin: converged after 4 iterations.
    linmin: converged after 4 iterations.
    linmin: converged after 4 iterations.
    linmin: converged after 4 iterations.
    linmin: converged after 4 iterations.
    linmin: converged after 4 iterations.
    linmin: converged after 4 iterations.
    linmin: converged after 4 iterations.
    linmin: converged after 4 iterations.
    linmin: converged after 4 iterations.
    linmin: converged after 2 iterations.
    linmin: converged after 2 iterations.
    linmin: converged after 2 iterations.
    linmin: converged after 2 iterations.
Finished solving for bands 2 to 8 after 18 iterations.
tefreqs:, 1, 0, 0, 0, 0, 0, 0.941694, 0.941695, 0.971229, 0.99234, 1.32773, 1.35493, 1.35493
elapsed time for k point: 0 seconds.
solve_kpoint (0.1,0,0):
Solving for bands 1 to 8...
    linmin: converged after 6 iterations.
    linmin: converged after 5 iterations.
    linmin: converged after 3 iterations.
    linmin: converged after 3 iterations.
    linmin: converged after 3 iterations.
    linmin: converged after 2 iterations.
    linmin: converged after 2 iterations.
    linmin: converged after 2 iterations.
    linmin: converged after 2 iterations.
    linmin: converged after 2 iterations.
Finished solving for bands 1 to 8 after 10 iterations.
tefreqs:, 2, 0.1, 0, 0, 0.1, 0.0968325, 0.86533, 0.946504, 0.983985, 1.05945, 1.28063, 1.29812, 1.40436
elapsed time for k point: 0 seconds.
solve_kpoint (0.2,0,0):
Solving for bands 1 to 8...
    linmin: converged after 4 iterations.
    linmin: converged after 4 iterations.
    linmin: converged after 4 iterations.
    linmin: converged after 2 iterations.
    linmin: converged after 2 iterations.
    linmin: converged after 2 iterations.
    linmin: converged after 2 iterations.
    linmin: converged after 2 iterations.
Finished solving for bands 1 to 8 after 8 iterations.
tefreqs:, 3, 0.2, 0, 0, 0.2, 0.1936, 0.771462, 0.960625, 0.997122, 1.15022, 1.22574, 1.23545, 1.46596
elapsed time for k point: 0 seconds.
solve_kpoint (0.3,0,0):
Solving for bands 1 to 8...
    linmin: converged after 3 iterations.
    linmin: converged after 3 iterations.
    linmin: converged after 4 iterations.
    linmin: converged after 4 iterations.
    linmin: converged after 4 iterations.
    linmin: converged after 2 iterations.
    linmin: converged after 2 iterations.
    linmin: converged after 2 iterations.
    linmin: converged after 2 iterations.
Finished solving for bands 1 to 8 after 9 iterations.
tefreqs:, 4, 0.3, 0, 0, 0.3, 0.290205, 0.676385, 0.982936, 1.01805, 1.17261, 1.17816, 1.2425, 1.52222
elapsed time for k point: 0 seconds.
solve_kpoint (0.4,0,0):
Solving for bands 1 to 8...
    linmin: converged after 4 iterations.
    linmin: converged after 5 iterations.
    linmin: converged after 4 iterations.
    linmin: converged after 3 iterations.
    linmin: converged after 4 iterations.
    linmin: converged after 4 iterations.
    linmin: converged after 2 iterations.
    linmin: converged after 2 iterations.
    linmin: converged after 2 iterations.
    linmin: converged after 2 iterations.
    linmin: converged after 2 iterations.
    linmin: converged after 2 iterations.
Finished solving for bands 1 to 8 after 12 iterations.
tefreqs:, 5, 0.4, 0, 0, 0.4, 0.386343, 0.581065, 1.01005, 1.04616, 1.12632, 1.13001, 1.33123, 1.49695
elapsed time for k point: 0 seconds.
solve_kpoint (0.5,0,0):
Solving for bands 1 to 8...
    linmin: converged after 4 iterations.
    linmin: converged after 4 iterations.
    linmin: converged after 4 iterations.
    linmin: converged after 2 iterations.
    linmin: converged after 2 iterations.
    linmin: converged after 2 iterations.
    linmin: converged after 2 iterations.
Finished solving for bands 1 to 8 after 7 iterations.
tefreqs:, 6, 0.5, 0, 0, 0.5, 0.469729, 0.497939, 1.02695, 1.07306, 1.09325, 1.10609, 1.41673, 1.41795
elapsed time for k point: 0 seconds.
solve_kpoint (0.5,0.1,0):
Solving for bands 1 to 8...
    linmin: converged after 4 iterations.
    linmin: converged after 4 iterations.
    linmin: converged after 2 iterations.
    linmin: converged after 2 iterations.
    linmin: converged after 2 iterations.
    linmin: converged after 2 iterations.
    linmin: converged after 2 iterations.
Finished solving for bands 1 to 8 after 7 iterations.
tefreqs:, 7, 0.5, 0.1, 0, 0.509902, 0.480103, 0.506593, 0.968839, 1.01106, 1.13141, 1.18953, 1.41968, 1.42037
elapsed time for k point: 0 seconds.
solve_kpoint (0.5,0.2,0):
Solving for bands 1 to 8...
    linmin: converged after 4 iterations.
    linmin: converged after 4 iterations.
    linmin: converged after 2 iterations.
    linmin: converged after 2 iterations.
    linmin: converged after 2 iterations.
    linmin: converged after 2 iterations.
    linmin: converged after 2 iterations.
    linmin: converged after 2 iterations.
Finished solving for bands 1 to 8 after 8 iterations.
tefreqs:, 8, 0.5, 0.2, 0, 0.538516, 0.509929, 0.531668, 0.893951, 0.924772, 1.20665, 1.27928, 1.42725, 1.42858
elapsed time for k point: 0 seconds.
solve_kpoint (0.5,0.3,0):
Solving for bands 1 to 8...
    linmin: converged after 4 iterations.
    linmin: converged after 4 iterations.
    linmin: converged after 4 iterations.
    linmin: converged after 4 iterations.
    linmin: converged after 2 iterations.
    linmin: converged after 2 iterations.
    linmin: converged after 2 iterations.
    linmin: converged after 2 iterations.
    linmin: converged after 2 iterations.
Finished solving for bands 1 to 8 after 9 iterations.
tefreqs:, 9, 0.5, 0.3, 0, 0.583095, 0.555956, 0.570837, 0.820381, 0.841247, 1.27906, 1.36595, 1.43684, 1.44504
elapsed time for k point: 0 seconds.
solve_kpoint (0.5,0.4,0):
Solving for bands 1 to 8...
    linmin: converged after 4 iterations.
    linmin: converged after 4 iterations.
    linmin: converged after 4 iterations.
    linmin: converged after 4 iterations.
    linmin: converged after 2 iterations.
    linmin: converged after 2 iterations.
    linmin: converged after 2 iterations.
    linmin: converged after 2 iterations.
    linmin: converged after 2 iterations.
    linmin: converged after 2 iterations.
    linmin: converged after 2 iterations.
    linmin: converged after 2 iterations.
Finished solving for bands 1 to 8 after 12 iterations.
tefreqs:, 10, 0.5, 0.4, 0, 0.640312, 0.613966, 0.620839, 0.750511, 0.762041, 1.34101, 1.42689, 1.44308, 1.48725
elapsed time for k point: 0 seconds.
solve_kpoint (0.5,0.5,0):
Solving for bands 1 to 8...
    linmin: converged after 4 iterations.
    linmin: converged after 4 iterations.
    linmin: converged after 4 iterations.
    linmin: converged after 3 iterations.
    linmin: converged after 3 iterations.
    linmin: converged after 4 iterations.
    linmin: converged after 3 iterations.
    linmin: converged after 3 iterations.
    linmin: converged after 4 iterations.
    linmin: converged after 4 iterations.
    linmin: converged after 2 iterations.
    linmin: converged after 2 iterations.
    linmin: converged after 2 iterations.
    linmin: converged after 2 iterations.
    linmin: converged after 2 iterations.
    linmin: converged after 2 iterations.
    linmin: converged after 2 iterations.
    linmin: converged after 2 iterations.
Finished solving for bands 1 to 8 after 18 iterations.
tefreqs:, 11, 0.5, 0.5, 0, 0.707107, 0.66682, 0.66682, 0.698055, 0.70235, 1.37084, 1.44108, 1.4411, 1.54347
elapsed time for k point: 0 seconds.
Fixing e-field (band 1) phase by 1.64603e-05 + -1i; max ampl. = 1.0303
Outputting fields to sq-slab-e.k11.b01.x.te...
Fixing e-field (band 2) phase by -1 + -1.64603e-05i; max ampl. = 1.41977
Outputting fields to sq-slab-e.k11.b02.x.te...
Fixing e-field (band 3) phase by -1 + -1.64603e-05i; max ampl. = 1.37839
Outputting fields to sq-slab-e.k11.b03.x.te...
Fixing e-field (band 4) phase by 1 + 1.64603e-05i; max ampl. = 1.4242
Outputting fields to sq-slab-e.k11.b04.x.te...
Fixing e-field (band 5) phase by -1.64603e-05 + 1i; max ampl. = 1.6907
Outputting fields to sq-slab-e.k11.b05.x.te...
Fixing e-field (band 6) phase by -1.64603e-05 + 1i; max ampl. = 1.46361
Outputting fields to sq-slab-e.k11.b06.x.te...
Fixing e-field (band 7) phase by 1 + 1.64603e-05i; max ampl. = 1.3527
Outputting fields to sq-slab-e.k11.b07.x.te...
Fixing e-field (band 8) phase by 1.64603e-05 + -1i; max ampl. = 1.49318
Outputting fields to sq-slab-e.k11.b08.x.te...
solve_kpoint (0.4,0.4,0):
Solving for bands 1 to 8...
    linmin: converged after 6 iterations.
    linmin: converged after 3 iterations.
    linmin: converged after 4 iterations.
    linmin: converged after 4 iterations.
    linmin: converged after 4 iterations.
    linmin: converged after 4 iterations.
    linmin: converged after 2 iterations.
    linmin: converged after 2 iterations.
    linmin: converged after 2 iterations.
    linmin: converged after 2 iterations.
    linmin: converged after 2 iterations.
    linmin: converged after 2 iterations.
    linmin: converged after 2 iterations.
Finished solving for bands 1 to 8 after 13 iterations.
tefreqs:, 12, 0.4, 0.4, 0, 0.565685, 0.546415, 0.681312, 0.712075, 0.820388, 1.3223, 1.39461, 1.44881, 1.51695
elapsed time for k point: 0 seconds.
solve_kpoint (0.3,0.3,0):
Solving for bands 1 to 8...
    linmin: converged after 3 iterations.
    linmin: converged after 4 iterations.
    linmin: converged after 4 iterations.
    linmin: converged after 4 iterations.
    linmin: converged after 2 iterations.
    linmin: converged after 2 iterations.
    linmin: converged after 3 iterations.
    linmin: converged after 6 iterations.
    linmin: converged after 4 iterations.
    linmin: converged after 4 iterations.
    linmin: converged after 4 iterations.
    linmin: converged after 3 iterations.
    linmin: converged after 3 iterations.
    linmin: converged after 3 iterations.
    linmin: converged after 3 iterations.
    linmin: converged after 4 iterations.
    linmin: converged after 4 iterations.
    linmin: converged after 4 iterations.
    linmin: converged after 4 iterations.
    linmin: converged after 3 iterations.
    linmin: converged after 3 iterations.
    linmin: converged after 3 iterations.
    linmin: converged after 3 iterations.
    linmin: converged after 3 iterations.
    linmin: converged after 3 iterations.
    linmin: converged after 3 iterations.
    linmin: converged after 3 iterations.
    linmin: converged after 3 iterations.
    linmin: converged after 3 iterations.
    linmin: converged after 3 iterations.
    linmin: converged after 3 iterations.
    linmin: converged after 3 iterations.
    linmin: converged after 3 iterations.
    linmin: converged after 3 iterations.
    linmin: converged after 3 iterations.
    linmin: converged after 3 iterations.
    linmin: converged after 3 iterations.
    linmin: converged after 3 iterations.
    linmin: converged after 3 iterations.
    linmin: converged after 3 iterations.
    linmin: converged after 3 iterations.
    linmin: converged after 3 iterations.
    linmin: converged after 3 iterations.
    linmin: converged after 3 iterations.
    linmin: converged after 3 iterations.
    linmin: converged after 3 iterations.
    linmin: converged after 3 iterations.
    linmin: converged after 3 iterations.
    linmin: converged after 3 iterations.
    linmin: converged after 3 iterations.
    linmin: converged after 3 iterations.
    linmin: converged after 3 iterations.
    linmin: converged after 3 iterations.
    linmin: converged after 3 iterations.
    linmin: converged after 3 iterations.
    linmin: converged after 3 iterations.
    linmin: converged after 3 iterations.
    linmin: converged after 3 iterations.
    linmin: converged after 3 iterations.
    linmin: converged after 4 iterations.
    linmin: converged after 4 iterations.
    linmin: converged after 4 iterations.
    linmin: converged after 4 iterations.
    linmin: converged after 4 iterations.
    linmin: converged after 4 iterations.
    linmin: converged after 4 iterations.
    linmin: converged after 4 iterations.
    linmin: converged after 4 iterations.
    linmin: converged after 4 iterations.
    linmin: converged after 3 iterations.
    linmin: converged after 4 iterations.
    linmin: converged after 4 iterations.
    linmin: converged after 2 iterations.
    linmin: converged after 2 iterations.
    linmin: converged after 2 iterations.
    linmin: converged after 2 iterations.
    linmin: converged after 2 iterations.
    linmin: converged after 2 iterations.
Finished solving for bands 1 to 8 after 78 iterations.
tefreqs:, 13, 0.3, 0.3, 0, 0.424264, 0.410392, 0.722993, 0.747329, 0.954686, 1.23756, 1.29505, 1.40979, 1.4201
elapsed time for k point: 0 seconds.
solve_kpoint (0.2,0.2,0):
Solving for bands 1 to 8...
    linmin: converged after 3 iterations.
    linmin: converged after 4 iterations.
    linmin: converged after 2 iterations.
    linmin: converged after 2 iterations.
    linmin: converged after 2 iterations.
    linmin: converged after 2 iterations.
    linmin: converged after 2 iterations.
    linmin: converged after 2 iterations.
Finished solving for bands 1 to 8 after 8 iterations.
tefreqs:, 14, 0.2, 0.2, 0, 0.282843, 0.273783, 0.787321, 0.80234, 1.08617, 1.14598, 1.18373, 1.37609, 1.38352
elapsed time for k point: 0 seconds.
solve_kpoint (0.1,0.1,0):
Solving for bands 1 to 8...
    linmin: converged after 4 iterations.
    linmin: converged after 3 iterations.
    linmin: converged after 2 iterations.
    linmin: converged after 2 iterations.
    linmin: converged after 2 iterations.
    linmin: converged after 2 iterations.
    linmin: converged after 2 iterations.
    linmin: converged after 2 iterations.
Finished solving for bands 1 to 8 after 8 iterations.
tefreqs:, 15, 0.1, 0.1, 0, 0.141421, 0.13694, 0.868331, 0.872675, 1.04777, 1.07483, 1.22221, 1.35612, 1.36207
elapsed time for k point: 1 seconds.
solve_kpoint (0,0,0):
Solving for bands 2 to 8...
    linmin: converged after 4 iterations.
    linmin: converged after 2 iterations.
    linmin: converged after 3 iterations.
    linmin: converged after 4 iterations.
    linmin: converged after 3 iterations.
    linmin: converged after 4 iterations.
    linmin: converged after 4 iterations.
    linmin: converged after 4 iterations.
    linmin: converged after 4 iterations.
    linmin: converged after 2 iterations.
    linmin: converged after 2 iterations.
    linmin: converged after 2 iterations.
    linmin: converged after 2 iterations.
Finished solving for bands 2 to 8 after 13 iterations.
tefreqs:, 16, 0, 0, 0, 0, 0, 0.941694, 0.941695, 0.971229, 0.99234, 1.32773, 1.35493, 1.35493
elapsed time for k point: 0 seconds.
Band 1 range: 0.0 at #(0.0 0.0 0.0) to 0.6668199291261073 at #(0.5 0.5 0.0)
Band 2 range: 0.4979393715991404 at #(0.5 0.0 0.0) to 0.9416943877641216 at #(0.0 0.0 0.0)
Band 3 range: 0.6980548565833089 at #(0.5 0.5 0.0) to 1.0269520837757238 at #(0.5 0.0 0.0)
Band 4 range: 0.7023501203102167 at #(0.5 0.5 0.0) to 1.0861655565608757 at #(0.2 0.2 0.0)
Band 5 range: 0.9923396583478387 at #(0.0 0.0 0.0) to 1.370843908269564 at #(0.5 0.5 0.0)
Band 6 range: 1.1060937264947195 at #(0.5 0.0 0.0) to 1.4410766408845175 at #(0.5 0.5 0.0)
Band 7 range: 1.2354503417373999 at #(0.20000000000000004 0.0 0.0) to 1.4488052307313073 at #(0.4 0.4 0.0)
Band 8 range: 1.354930314170619 at #(0.0 0.0 0.0) to 1.543465989224792 at #(0.5 0.5 0.0)
total elapsed time for run: 1 seconds.
done.
init-params: initializing eigensolver data
Computing 8 bands with 1.000000e-07 tolerance.
Working in 2 dimensions.
Grid size is 32 x 32 x 1.
Solving for 8 bands at a time.
Creating Maxwell data...
Mesh size is 3.
Lattice vectors:
     (1, 0, 0)
     (0, 1, 0)
     (0, 0, 1)
Cell volume = 1
Reciprocal lattice vectors (/ 2 pi):
     (1, -0, 0)
     (-0, 1, -0)
     (0, -0, 1)
Geometric objects:
     block, center = (0,0,0)
          size (100,100,0.75)
          axes (1,0,0), (0,1,0), (0,0,1)
          epsilon = 4.3246, mu = 1
     cylinder, center = (0,0,0)
          radius 0.6, height 0.75, axis (0, 0, 1)
          epsilon = 1, mu = 1
Geometric object tree has depth 3 and 52 object nodes (vs. 2 actual objects)
Initializing epsilon function...
16 k-points:
     (0,0,0)
     (0.1,0,0)
     (0.2,0,0)
     (0.3,0,0)
     (0.4,0,0)
     (0.5,0,0)
     (0.5,0.1,0)
     (0.5,0.2,0)
     (0.5,0.3,0)
     (0.5,0.4,0)
     (0.5,0.5,0)
     (0.4,0.4,0)
     (0.3,0.3,0)
     (0.2,0.2,0)
     (0.1,0.1,0)
     (0,0,0)
Solving for band polarization: tm.
Initializing fields to random numbers...
elapsed time for initialization: 0 seconds.
epsilon: 1-4.3246, mean 1.16364, harm. mean 1.04478, 6.73828% > 1, 4.92202% "fill"
Outputting sq-slab-epsilon...
solve_kpoint (0,0,0):
tmfreqs:, k index, k1, k2, k3, kmag/2pi, tm band 1, tm band 2, tm band 3, tm band 4, tm band 5, tm band 6, tm band 7, tm band 8
Solving for bands 2 to 8...
    linmin: converged after 8 iterations.
    linmin: converged after 6 iterations.
    linmin: converged after 6 iterations.
    linmin: converged after 5 iterations.
    linmin: converged after 5 iterations.
    linmin: converged after 4 iterations.
    linmin: converged after 4 iterations.
    linmin: converged after 4 iterations.
    linmin: converged after 4 iterations.
    linmin: converged after 2 iterations.
    linmin: converged after 2 iterations.
    linmin: converged after 2 iterations.
    linmin: converged after 2 iterations.
Finished solving for bands 2 to 8 after 13 iterations.
tmfreqs:, 1, 0, 0, 0, 0, 0, 0.766393, 0.965902, 0.965903, 0.997196, 1.26518, 1.31298, 1.31298
elapsed time for k point: 0 seconds.
solve_kpoint (0.1,0,0):
Solving for bands 1 to 8...
    linmin: converged after 3 iterations.
    linmin: converged after 4 iterations.
    linmin: converged after 3 iterations.
    linmin: converged after 2 iterations.
    linmin: converged after 2 iterations.
    linmin: converged after 2 iterations.
    linmin: converged after 2 iterations.
Finished solving for bands 1 to 8 after 7 iterations.
tmfreqs:, 2, 0.1, 0, 0, 0.1, 0.0926434, 0.751691, 0.923613, 0.970405, 1.05543, 1.22716, 1.28412, 1.35646
elapsed time for k point: 0 seconds.
solve_kpoint (0.2,0,0):
Solving for bands 1 to 8...
    linmin: converged after 4 iterations.
    linmin: converged after 4 iterations.
    linmin: converged after 2 iterations.
    linmin: converged after 2 iterations.
    linmin: converged after 2 iterations.
    linmin: converged after 2 iterations.
    linmin: converged after 2 iterations.
Finished solving for bands 1 to 8 after 7 iterations.
tmfreqs:, 3, 0.2, 0, 0, 0.2, 0.1849, 0.705036, 0.897299, 0.983632, 1.12902, 1.18177, 1.23383, 1.42117
elapsed time for k point: 0 seconds.
solve_kpoint (0.3,0,0):
Solving for bands 1 to 8...
    linmin: converged after 4 iterations.
    linmin: converged after 4 iterations.
    linmin: converged after 3 iterations.
    linmin: converged after 4 iterations.
    linmin: converged after 4 iterations.
    linmin: converged after 2 iterations.
    linmin: converged after 2 iterations.
    linmin: converged after 2 iterations.
Finished solving for bands 1 to 8 after 8 iterations.
tmfreqs:, 4, 0.3, 0, 0, 0.3, 0.276147, 0.634846, 0.893796, 1.00456, 1.13147, 1.18332, 1.21669, 1.48716
elapsed time for k point: 0 seconds.
solve_kpoint (0.4,0,0):
Solving for bands 1 to 8...
    linmin: converged after 4 iterations.
    linmin: converged after 4 iterations.
    linmin: converged after 4 iterations.
    linmin: converged after 3 iterations.
    linmin: converged after 4 iterations.
    linmin: converged after 2 iterations.
    linmin: converged after 2 iterations.
    linmin: converged after 2 iterations.
    linmin: converged after 2 iterations.
    linmin: converged after 2 iterations.
    linmin: converged after 2 iterations.
Finished solving for bands 1 to 8 after 11 iterations.
tmfreqs:, 5, 0.4, 0, 0, 0.4, 0.364452, 0.555519, 0.898812, 1.03011, 1.10394, 1.13938, 1.29328, 1.44732
elapsed time for k point: 0 seconds.
solve_kpoint (0.5,0,0):
Solving for bands 1 to 8...
    linmin: converged after 4 iterations.
    linmin: converged after 4 iterations.
    linmin: converged after 2 iterations.
    linmin: converged after 2 iterations.
    linmin: converged after 2 iterations.
    linmin: converged after 2 iterations.
Finished solving for bands 1 to 8 after 6 iterations.
tmfreqs:, 6, 0.5, 0, 0, 0.5, 0.42612, 0.49639, 0.901914, 1.04625, 1.09341, 1.11704, 1.35789, 1.38498
elapsed time for k point: 0 seconds.
solve_kpoint (0.5,0.1,0):
Solving for bands 1 to 8...
    linmin: converged after 4 iterations.
    linmin: converged after 4 iterations.
    linmin: converged after 4 iterations.
    linmin: converged after 2 iterations.
    linmin: converged after 2 iterations.
    linmin: converged after 2 iterations.
    linmin: converged after 2 iterations.
Finished solving for bands 1 to 8 after 7 iterations.
tmfreqs:, 7, 0.5, 0.1, 0, 0.509902, 0.433869, 0.506206, 0.875538, 1.01862, 1.07175, 1.19146, 1.36107, 1.38607
elapsed time for k point: 0 seconds.
solve_kpoint (0.5,0.2,0):
Solving for bands 1 to 8...
    linmin: converged after 3 iterations.
    linmin: converged after 4 iterations.
    linmin: converged after 4 iterations.
    linmin: converged after 2 iterations.
    linmin: converged after 2 iterations.
    linmin: converged after 2 iterations.
    linmin: converged after 2 iterations.
Finished solving for bands 1 to 8 after 7 iterations.
tmfreqs:, 8, 0.5, 0.2, 0, 0.538516, 0.455761, 0.534568, 0.822853, 0.934635, 1.12188, 1.2706, 1.3741, 1.38662
elapsed time for k point: 0 seconds.
solve_kpoint (0.5,0.3,0):
Solving for bands 1 to 8...
    linmin: converged after 3 iterations.
    linmin: converged after 4 iterations.
    linmin: converged after 4 iterations.
    linmin: converged after 2 iterations.
    linmin: converged after 2 iterations.
    linmin: converged after 2 iterations.
    linmin: converged after 2 iterations.
Finished solving for bands 1 to 8 after 7 iterations.
tmfreqs:, 9, 0.5, 0.3, 0, 0.583095, 0.487723, 0.578725, 0.76656, 0.852931, 1.17427, 1.32367, 1.37856, 1.4156
elapsed time for k point: 0 seconds.
solve_kpoint (0.5,0.4,0):
Solving for bands 1 to 8...
    linmin: converged after 3 iterations.
    linmin: converged after 4 iterations.
    linmin: converged after 4 iterations.
    linmin: converged after 2 iterations.
    linmin: converged after 2 iterations.
    linmin: converged after 2 iterations.
    linmin: converged after 2 iterations.
    linmin: converged after 2 iterations.
    linmin: converged after 2 iterations.
Finished solving for bands 1 to 8 after 9 iterations.
tmfreqs:, 10, 0.5, 0.4, 0, 0.640312, 0.521524, 0.63531, 0.718176, 0.7749, 1.21883, 1.34202, 1.35922, 1.49176
elapsed time for k point: 0 seconds.
solve_kpoint (0.5,0.5,0):
Solving for bands 1 to 8...
    linmin: converged after 3 iterations.
    linmin: converged after 4 iterations.
    linmin: converged after 4 iterations.
    linmin: converged after 2 iterations.
    linmin: converged after 3 iterations.
    linmin: converged after 4 iterations.
    linmin: converged after 5 iterations.
    linmin: converged after 3 iterations.
    linmin: converged after 3 iterations.
    linmin: converged after 2 iterations.
    linmin: converged after 2 iterations.
    linmin: converged after 2 iterations.
    linmin: converged after 2 iterations.
    linmin: converged after 2 iterations.
    linmin: converged after 4 iterations.
    linmin: converged after 4 iterations.
    linmin: converged after 2 iterations.
    linmin: converged after 2 iterations.
    linmin: converged after 2 iterations.
    linmin: converged after 2 iterations.
Finished solving for bands 1 to 8 after 20 iterations.
tmfreqs:, 11, 0.5, 0.5, 0, 0.707107, 0.538596, 0.6963, 0.6963, 0.706956, 1.23938, 1.34629, 1.34629, 1.57407
elapsed time for k point: 0 seconds.
Fixing e-field (band 1) phase by -1 + -1.97538e-07i; max ampl. = 1.86365
Outputting fields to sq-slab-e.k11.b01.z.tm...
Fixing e-field (band 2) phase by 1 + 1.17986e-07i; max ampl. = 1.93936
Outputting fields to sq-slab-e.k11.b02.z.tm...
Fixing e-field (band 3) phase by 1 + 1.9754e-07i; max ampl. = 1.93937
Outputting fields to sq-slab-e.k11.b03.z.tm...
Fixing e-field (band 4) phase by 1 + 7.15039e-08i; max ampl. = 1.99902
Outputting fields to sq-slab-e.k11.b04.z.tm...
Fixing e-field (band 5) phase by 1.97538e-07 + -1i; max ampl. = 1.37296
Outputting fields to sq-slab-e.k11.b05.z.tm...
Fixing e-field (band 6) phase by -1.19589e-07 + -1i; max ampl. = 2.38461
Outputting fields to sq-slab-e.k11.b06.z.tm...
Fixing e-field (band 7) phase by 1.97527e-07 + -1i; max ampl. = 2.38458
Outputting fields to sq-slab-e.k11.b07.z.tm...
Fixing e-field (band 8) phase by 1 + -1.68934e-07i; max ampl. = 2.77579
Outputting fields to sq-slab-e.k11.b08.z.tm...
solve_kpoint (0.4,0.4,0):
Solving for bands 1 to 8...
    linmin: converged after 5 iterations.
    linmin: converged after 4 iterations.
    linmin: converged after 4 iterations.
    linmin: converged after 4 iterations.
    linmin: converged after 4 iterations.
    linmin: converged after 2 iterations.
    linmin: converged after 2 iterations.
    linmin: converged after 2 iterations.
    linmin: converged after 2 iterations.
    linmin: converged after 2 iterations.
Finished solving for bands 1 to 8 after 10 iterations.
tmfreqs:, 12, 0.4, 0.4, 0, 0.565685, 0.495134, 0.642057, 0.709999, 0.813956, 1.20356, 1.32925, 1.37489, 1.51009
elapsed time for k point: 0 seconds.
solve_kpoint (0.3,0.3,0):
Solving for bands 1 to 8...
    linmin: converged after 4 iterations.
    linmin: converged after 4 iterations.
    linmin: converged after 4 iterations.
    linmin: converged after 4 iterations.
    linmin: converged after 2 iterations.
    linmin: converged after 2 iterations.
    linmin: converged after 8 iterations.
    linmin: converged after 3 iterations.
    linmin: converged after 3 iterations.
    linmin: converged after 3 iterations.
    linmin: converged after 3 iterations.
    linmin: converged after 3 iterations.
    linmin: converged after 3 iterations.
    linmin: converged after 3 iterations.
    linmin: converged after 3 iterations.
    linmin: converged after 4 iterations.
    linmin: converged after 4 iterations.
    linmin: converged after 4 iterations.
    linmin: converged after 4 iterations.
    linmin: converged after 4 iterations.
    linmin: converged after 5 iterations.
    linmin: converged after 5 iterations.
    linmin: converged after 5 iterations.
    linmin: converged after 4 iterations.
    linmin: converged after 4 iterations.
    linmin: converged after 4 iterations.
    linmin: converged after 4 iterations.
    linmin: converged after 4 iterations.
    linmin: converged after 4 iterations.
    linmin: converged after 4 iterations.
    linmin: converged after 4 iterations.
    linmin: converged after 4 iterations.
    linmin: converged after 4 iterations.
    linmin: converged after 4 iterations.
    linmin: converged after 4 iterations.
    linmin: converged after 4 iterations.
    linmin: converged after 4 iterations.
    linmin: converged after 4 iterations.
    linmin: converged after 5 iterations.
    linmin: converged after 5 iterations.
    linmin: converged after 5 iterations.
    linmin: converged after 5 iterations.
    linmin: converged after 6 iterations.
    linmin: converged after 6 iterations.
    linmin: converged after 6 iterations.
    linmin: converged after 6 iterations.
    linmin: converged after 8 iterations.
    linmin: converged after 12 iterations.
    linmin: converged after 6 iterations.
    linmin: converged after 10 iterations.
    linmin: converged after 9 iterations.
    linmin: converged after 6 iterations.
    linmin: converged after 6 iterations.
    linmin: converged after 4 iterations.
    linmin: converged after 3 iterations.
    linmin: converged after 3 iterations.
    linmin: converged after 2 iterations.
    linmin: converged after 2 iterations.
    linmin: converged after 2 iterations.
    linmin: converged after 2 iterations.
Finished solving for bands 1 to 8 after 60 iterations.
tmfreqs:, 13, 0.3, 0.3, 0, 0.424264, 0.386311, 0.655374, 0.749535, 0.933967, 1.14031, 1.27451, 1.38277, 1.39138
elapsed time for k point: 0 seconds.
solve_kpoint (0.2,0.2,0):
Solving for bands 1 to 8...
    linmin: converged after 3 iterations.
    linmin: converged after 4 iterations.
    linmin: converged after 4 iterations.
    linmin: converged after 4 iterations.
    linmin: converged after 2 iterations.
    linmin: converged after 2 iterations.
    linmin: converged after 2 iterations.
Finished solving for bands 1 to 8 after 7 iterations.
tmfreqs:, 14, 0.2, 0.2, 0, 0.282843, 0.260641, 0.69616, 0.810929, 1.0272, 1.09957, 1.18352, 1.33996, 1.36367
elapsed time for k point: 0 seconds.
solve_kpoint (0.1,0.1,0):
Solving for bands 1 to 8...
    linmin: converged after 4 iterations.
    linmin: converged after 3 iterations.
    linmin: converged after 4 iterations.
    linmin: converged after 4 iterations.
    linmin: converged after 2 iterations.
    linmin: converged after 2 iterations.
    linmin: converged after 2 iterations.
Finished solving for bands 1 to 8 after 7 iterations.
tmfreqs:, 15, 0.1, 0.1, 0, 0.141421, 0.130931, 0.742455, 0.889047, 0.993002, 1.08217, 1.18848, 1.31943, 1.33665
elapsed time for k point: 0 seconds.
solve_kpoint (0,0,0):
Solving for bands 2 to 8...
    linmin: converged after 4 iterations.
    linmin: converged after 4 iterations.
    linmin: converged after 4 iterations.
    linmin: converged after 4 iterations.
    linmin: converged after 4 iterations.
    linmin: converged after 2 iterations.
    linmin: converged after 2 iterations.
    linmin: converged after 2 iterations.
    linmin: converged after 1 iterations.
Finished solving for bands 2 to 8 after 9 iterations.
tmfreqs:, 16, 0, 0, 0, 0, 0, 0.766393, 0.965902, 0.965903, 0.997196, 1.26518, 1.31298, 1.31298
elapsed time for k point: 0 seconds.
Band 1 range: 0.0 at #(0.0 0.0 0.0) to 0.5385959022167457 at #(0.5 0.5 0.0)
Band 2 range: 0.49638985958151055 at #(0.5 0.0 0.0) to 0.7663926058463874 at #(0.0 0.0 0.0)
Band 3 range: 0.6962999853089442 at #(0.5 0.5 0.0) to 0.9659021097090336 at #(0.0 0.0 0.0)
Band 4 range: 0.7069559442207388 at #(0.5 0.5 0.0) to 1.0462466296041204 at #(0.5 0.0 0.0)
Band 5 range: 0.9971963692713185 at #(0.0 0.0 0.0) to 1.239381689716714 at #(0.5 0.5 0.0)
Band 6 range: 1.1170431841190374 at #(0.5 0.0 0.0) to 1.3462853843135398 at #(0.5 0.5 0.0)
Band 7 range: 1.2166915944422576 at #(0.30000000000000004 0.0 0.0) to 1.3827718458427534 at #(0.30000000000000004 0.30000000000000004 0.0)
Band 8 range: 1.3129774981668128 at #(0.0 0.0 0.0) to 1.5740674335439444 at #(0.5 0.5 0.0)
total elapsed time for run: 0 seconds.
done.
