init-params: initializing eigensolver data
Computing 8 bands with 1.000000e-07 tolerance.
Working in 2 dimensions.
Grid size is 32 x 32 x 1.
Solving for 8 bands at a time.
Creating Maxwell data...
Mesh size is 3.
Lattice vectors:
     (0.866025, 0.5, 0)
     (0.866025, -0.5, 0)
     (0, 0, 1)
Cell volume = 0.866025
Reciprocal lattice vectors (/ 2 pi):
     (0.57735, 1, -0)
     (0.57735, -1, 0)
     (-0, 0, 1)
Geometric objects:
     block, center = (0,0,0)
          size (100,100,0.01)
          axes (1,0,0), (0,1,0), (0,0,1)
          epsilon = 4.3246, mu = 1
     cylinder, center = (0.166667,0.166667,0)
          radius 0.22, height 0.01, axis (0, 0, 1)
          epsilon = 1, mu = 1
     cylinder, center = (-0.166667,-0.166667,0)
          radius 0.22, height 0.01, axis (0, 0, 1)
          epsilon = 1, mu = 1
Geometric object tree has depth 1 and 11 object nodes (vs. 3 actual objects)
Initializing epsilon function...
Allocating fields...
16 k-points:
     (0,0,0)
     (0,0.1,0)
     (0,0.2,0)
     (0,0.3,0)
     (0,0.4,0)
     (0,0.5,0)
     (-0.0666667,0.466667,0)
     (-0.133333,0.433333,0)
     (-0.2,0.4,0)
     (-0.266667,0.366667,0)
     (-0.333333,0.333333,0)
     (-0.266667,0.266667,0)
     (-0.2,0.2,0)
     (-0.133333,0.133333,0)
     (-0.0666667,0.0666667,0)
     (0,0,0)
Solving for band polarization: te.
Initializing fields to random numbers...
elapsed time for initialization: 0 seconds.
epsilon: 1-4.3246, mean 3.1533, harm. mean 2.04907, 68.3594% > 1, 64.7688% "fill"
Outputting honey-slab-epsilon...
solve_kpoint (0,0,0):
tefreqs:, k index, k1, k2, k3, kmag/2pi, te band 1, te band 2, te band 3, te band 4, te band 5, te band 6, te band 7, te band 8
Solving for bands 2 to 8...
    linmin: converged after 8 iterations.
    linmin: converged after 6 iterations.
    linmin: converged after 5 iterations.
    linmin: converged after 3 iterations.
    linmin: converged after 4 iterations.
    linmin: converged after 3 iterations.
    linmin: converged after 5 iterations.
    linmin: converged after 5 iterations.
    linmin: converged after 3 iterations.
    linmin: converged after 4 iterations.
    linmin: converged after 4 iterations.
    linmin: converged after 4 iterations.
    linmin: converged after 4 iterations.
    linmin: converged after 4 iterations.
    linmin: converged after 4 iterations.
    linmin: converged after 4 iterations.
    linmin: converged after 2 iterations.
    linmin: converged after 2 iterations.
    linmin: converged after 2 iterations.
    linmin: converged after 2 iterations.
    linmin: converged after 2 iterations.
Finished solving for bands 2 to 8 after 21 iterations.
tefreqs:, 1, 0, 0, 0, 0, 0, 0.588799, 0.638693, 0.679043, 0.679097, 0.807582, 0.807618, 1.10189
elapsed time for k point: 0 seconds.
solve_kpoint (0,0.1,0):
Solving for bands 1 to 8...
    linmin: converged after 5 iterations.
    linmin: converged after 4 iterations.
    linmin: converged after 3 iterations.
    linmin: converged after 3 iterations.
    linmin: converged after 3 iterations.
    linmin: converged after 4 iterations.
    linmin: converged after 4 iterations.
    linmin: converged after 2 iterations.
    linmin: converged after 2 iterations.
    linmin: converged after 2 iterations.
    linmin: converged after 2 iterations.
    linmin: converged after 2 iterations.
    linmin: converged after 2 iterations.
Finished solving for bands 1 to 8 after 13 iterations.
tefreqs:, 2, 0, 0.1, 0, 0.11547, 0.0697323, 0.572389, 0.620741, 0.675888, 0.694314, 0.814578, 0.830914, 1.08742
elapsed time for k point: 0 seconds.
solve_kpoint (0,0.2,0):
Solving for bands 1 to 8...
    linmin: converged after 3 iterations.
    linmin: converged after 3 iterations.
    linmin: converged after 4 iterations.
    linmin: converged after 2 iterations.
    linmin: converged after 4 iterations.
    linmin: converged after 2 iterations.
    linmin: converged after 2 iterations.
    linmin: converged after 2 iterations.
    linmin: converged after 2 iterations.
Finished solving for bands 1 to 8 after 9 iterations.
tefreqs:, 3, 0, 0.2, 0, 0.23094, 0.139234, 0.533521, 0.586972, 0.668494, 0.72919, 0.833162, 0.881022, 1.05447
elapsed time for k point: 0 seconds.
solve_kpoint (0,0.3,0):
Solving for bands 1 to 8...
    linmin: converged after 4 iterations.
    linmin: converged after 4 iterations.
    linmin: converged after 4 iterations.
    linmin: converged after 4 iterations.
    linmin: converged after 4 iterations.
    linmin: converged after 2 iterations.
    linmin: converged after 2 iterations.
    linmin: converged after 2 iterations.
    linmin: converged after 2 iterations.
    linmin: converged after 2 iterations.
    linmin: converged after 2 iterations.
    linmin: converged after 10 iterations.
    linmin: converged after 3 iterations.
    linmin: converged after 3 iterations.
    linmin: converged after 3 iterations.
    linmin: converged after 3 iterations.
    linmin: converged after 3 iterations.
    linmin: converged after 3 iterations.
    linmin: converged after 3 iterations.
    linmin: converged after 3 iterations.
    linmin: converged after 3 iterations.
    linmin: converged after 3 iterations.
    linmin: converged after 3 iterations.
    linmin: converged after 2 iterations.
    linmin: converged after 4 iterations.
    linmin: converged after 4 iterations.
    linmin: converged after 4 iterations.
    linmin: converged after 4 iterations.
    linmin: converged after 4 iterations.
    linmin: converged after 4 iterations.
    linmin: converged after 4 iterations.
    linmin: converged after 2 iterations.
    linmin: converged after 3 iterations.
    linmin: converged after 3 iterations.
    linmin: converged after 3 iterations.
    linmin: converged after 3 iterations.
    linmin: converged after 3 iterations.
    linmin: converged after 3 iterations.
    linmin: converged after 3 iterations.
    linmin: converged after 3 iterations.
    linmin: converged after 3 iterations.
    linmin: converged after 3 iterations.
    linmin: converged after 3 iterations.
    linmin: converged after 3 iterations.
    linmin: converged after 3 iterations.
    linmin: converged after 3 iterations.
    linmin: converged after 3 iterations.
    linmin: converged after 3 iterations.
    linmin: converged after 3 iterations.
    linmin: converged after 3 iterations.
    linmin: converged after 3 iterations.
    linmin: converged after 3 iterations.
    linmin: converged after 3 iterations.
    linmin: converged after 3 iterations.
    linmin: converged after 3 iterations.
    linmin: converged after 3 iterations.
    linmin: converged after 3 iterations.
    linmin: converged after 3 iterations.
    linmin: converged after 3 iterations.
    linmin: converged after 3 iterations.
    linmin: converged after 3 iterations.
    linmin: converged after 3 iterations.
    linmin: converged after 3 iterations.
    linmin: converged after 3 iterations.
    linmin: converged after 3 iterations.
    linmin: converged after 3 iterations.
    linmin: converged after 3 iterations.
    linmin: converged after 3 iterations.
    linmin: converged after 3 iterations.
    linmin: converged after 4 iterations.
    linmin: converged after 4 iterations.
    linmin: converged after 2 iterations.
    linmin: converged after 2 iterations.
    linmin: converged after 3 iterations.
    linmin: converged after 2 iterations.
    linmin: converged after 3 iterations.
    linmin: converged after 2 iterations.
    linmin: converged after 2 iterations.
    linmin: converged after 2 iterations.
    linmin: converged after 2 iterations.
    linmin: converged after 2 iterations.
    linmin: converged after 2 iterations.
Finished solving for bands 1 to 8 after 82 iterations.
tefreqs:, 4, 0, 0.3, 0, 0.34641, 0.208127, 0.479248, 0.561645, 0.660718, 0.770477, 0.858963, 0.937798, 1.00042
elapsed time for k point: 1 seconds.
solve_kpoint (0,0.4,0):
Solving for bands 1 to 8...
    linmin: converged after 4 iterations.
    linmin: converged after 4 iterations.
    linmin: converged after 4 iterations.
    linmin: converged after 2 iterations.
    linmin: converged after 2 iterations.
    linmin: converged after 2 iterations.
    linmin: converged after 2 iterations.
    linmin: converged after 2 iterations.
    linmin: converged after 5 iterations.
    linmin: converged after 7 iterations.
    linmin: converged after 4 iterations.
    linmin: converged after 4 iterations.
    linmin: converged after 4 iterations.
    linmin: converged after 3 iterations.
    linmin: converged after 3 iterations.
    linmin: converged after 3 iterations.
    linmin: converged after 3 iterations.
    linmin: converged after 3 iterations.
    linmin: converged after 4 iterations.
    linmin: converged after 4 iterations.
    linmin: converged after 4 iterations.
    linmin: converged after 3 iterations.
    linmin: converged after 3 iterations.
    linmin: converged after 3 iterations.
    linmin: converged after 3 iterations.
    linmin: converged after 3 iterations.
    linmin: converged after 3 iterations.
    linmin: converged after 3 iterations.
    linmin: converged after 3 iterations.
    linmin: converged after 3 iterations.
    linmin: converged after 3 iterations.
    linmin: converged after 3 iterations.
    linmin: converged after 3 iterations.
    linmin: converged after 3 iterations.
    linmin: converged after 3 iterations.
    linmin: converged after 3 iterations.
    linmin: converged after 3 iterations.
    linmin: converged after 3 iterations.
    linmin: converged after 3 iterations.
    linmin: converged after 3 iterations.
    linmin: converged after 3 iterations.
    linmin: converged after 3 iterations.
    linmin: converged after 3 iterations.
    linmin: converged after 3 iterations.
    linmin: converged after 3 iterations.
    linmin: converged after 3 iterations.
    linmin: converged after 3 iterations.
    linmin: converged after 3 iterations.
    linmin: converged after 3 iterations.
    linmin: converged after 3 iterations.
    linmin: converged after 3 iterations.
    linmin: converged after 3 iterations.
    linmin: converged after 3 iterations.
    linmin: converged after 3 iterations.
    linmin: converged after 3 iterations.
    linmin: converged after 3 iterations.
    linmin: converged after 3 iterations.
    linmin: converged after 3 iterations.
    linmin: converged after 3 iterations.
    linmin: converged after 3 iterations.
    linmin: converged after 3 iterations.
    linmin: converged after 3 iterations.
    linmin: converged after 3 iterations.
    linmin: converged after 3 iterations.
    linmin: converged after 3 iterations.
    linmin: converged after 3 iterations.
    linmin: converged after 3 iterations.
    linmin: converged after 3 iterations.
    linmin: converged after 3 iterations.
    linmin: converged after 4 iterations.
    linmin: converged after 4 iterations.
    linmin: converged after 4 iterations.
    linmin: converged after 2 iterations.
    linmin: converged after 2 iterations.
    linmin: converged after 2 iterations.
    linmin: converged after 2 iterations.
    linmin: converged after 2 iterations.
    linmin: converged after 2 iterations.
    linmin: converged after 2 iterations.
    linmin: converged after 2 iterations.
    linmin: converged after 2 iterations.
Finished solving for bands 1 to 8 after 81 iterations.
tefreqs:, 5, 0, 0.4, 0, 0.46188, 0.275208, 0.418151, 0.547187, 0.655192, 0.811033, 0.887146, 0.949339, 0.98214
elapsed time for k point: 0 seconds.
solve_kpoint (0,0.5,0):
Solving for bands 1 to 8...
    linmin: converged after 3 iterations.
    linmin: converged after 4 iterations.
    linmin: converged after 4 iterations.
    linmin: converged after 2 iterations.
    linmin: converged after 2 iterations.
    linmin: converged after 2 iterations.
    linmin: converged after 2 iterations.
    linmin: converged after 2 iterations.
    linmin: converged after 2 iterations.
Finished solving for bands 1 to 8 after 9 iterations.
tefreqs:, 6, 0, 0.5, 0, 0.57735, 0.323615, 0.371395, 0.542444, 0.653221, 0.833155, 0.904096, 0.926923, 0.962957
elapsed time for k point: 0 seconds.
solve_kpoint (-0.0666667,0.466667,0):
Solving for bands 1 to 8...
    linmin: converged after 4 iterations.
    linmin: converged after 4 iterations.
    linmin: converged after 4 iterations.
    linmin: converged after 4 iterations.
    linmin: converged after 4 iterations.
    linmin: converged after 2 iterations.
    linmin: converged after 2 iterations.
    linmin: converged after 2 iterations.
    linmin: converged after 2 iterations.
    linmin: converged after 2 iterations.
Finished solving for bands 1 to 8 after 10 iterations.
tefreqs:, 7, -0.0666667, 0.466667, 0, 0.581187, 0.32641, 0.372946, 0.53103, 0.663935, 0.827543, 0.909852, 0.919508, 0.968733
elapsed time for k point: 0 seconds.
solve_kpoint (-0.133333,0.433333,0):
Solving for bands 1 to 8...
    linmin: converged after 4 iterations.
    linmin: converged after 4 iterations.
    linmin: converged after 4 iterations.
    linmin: converged after 4 iterations.
    linmin: converged after 4 iterations.
    linmin: converged after 2 iterations.
    linmin: converged after 2 iterations.
    linmin: converged after 2 iterations.
    linmin: converged after 2 iterations.
    linmin: converged after 2 iterations.
Finished solving for bands 1 to 8 after 10 iterations.
tefreqs:, 8, -0.133333, 0.433333, 0, 0.592546, 0.334646, 0.377497, 0.504679, 0.688084, 0.814317, 0.904942, 0.923474, 0.978227
elapsed time for k point: 0 seconds.
solve_kpoint (-0.2,0.4,0):
Solving for bands 1 to 8...
    linmin: converged after 4 iterations.
    linmin: converged after 3 iterations.
    linmin: converged after 4 iterations.
    linmin: converged after 4 iterations.
    linmin: converged after 4 iterations.
    linmin: converged after 2 iterations.
    linmin: converged after 2 iterations.
    linmin: converged after 2 iterations.
    linmin: converged after 2 iterations.
    linmin: converged after 2 iterations.
Finished solving for bands 1 to 8 after 10 iterations.
tefreqs:, 9, -0.2, 0.4, 0, 0.61101, 0.347911, 0.384626, 0.472539, 0.716208, 0.798124, 0.889873, 0.940196, 0.984642
elapsed time for k point: 0 seconds.
solve_kpoint (-0.266667,0.366667,0):
Solving for bands 1 to 8...
    linmin: converged after 4 iterations.
    linmin: converged after 3 iterations.
    linmin: converged after 4 iterations.
    linmin: converged after 4 iterations.
    linmin: converged after 4 iterations.
    linmin: converged after 2 iterations.
    linmin: converged after 2 iterations.
    linmin: converged after 2 iterations.
    linmin: converged after 2 iterations.
    linmin: converged after 2 iterations.
Finished solving for bands 1 to 8 after 10 iterations.
tefreqs:, 10, -0.266667, 0.366667, 0, 0.635959, 0.365613, 0.392588, 0.439662, 0.743285, 0.781174, 0.877605, 0.957558, 0.984336
elapsed time for k point: 0 seconds.
solve_kpoint (-0.333333,0.333333,0):
Solving for bands 1 to 8...
    linmin: converged after 4 iterations.
    linmin: converged after 3 iterations.
    linmin: converged after 4 iterations.
    linmin: converged after 4 iterations.
    linmin: converged after 4 iterations.
    linmin: converged after 2 iterations.
    linmin: converged after 2 iterations.
    linmin: converged after 2 iterations.
    linmin: converged after 2 iterations.
Finished solving for bands 1 to 8 after 9 iterations.
tefreqs:, 11, -0.333333, 0.333333, 0, 0.666667, 0.38702, 0.38725, 0.421268, 0.764367, 0.764652, 0.872262, 0.973741, 0.974181
elapsed time for k point: 0 seconds.
Fixing e-field (band 1) phase by -1 + 4.14432e-06i; max ampl. = 0.8727
Outputting fields to honey-slab-e.k11.b01.x.te...
Fixing e-field (band 2) phase by 1 + -4.14432e-06i; max ampl. = 1.2298
Outputting fields to honey-slab-e.k11.b02.x.te...
Fixing e-field (band 3) phase by 1 + -4.14432e-06i; max ampl. = 0.851378
Outputting fields to honey-slab-e.k11.b03.x.te...
Fixing e-field (band 4) phase by 4.14432e-06 + 1i; max ampl. = 0.800999
Outputting fields to honey-slab-e.k11.b04.x.te...
Fixing e-field (band 5) phase by -1 + 4.14432e-06i; max ampl. = 1.09754
Outputting fields to honey-slab-e.k11.b05.x.te...
Fixing e-field (band 6) phase by -4.14432e-06 + -1i; max ampl. = 0.98714
Outputting fields to honey-slab-e.k11.b06.x.te...
Fixing e-field (band 7) phase by -1 + 4.14432e-06i; max ampl. = 0.84099
Outputting fields to honey-slab-e.k11.b07.x.te...
Fixing e-field (band 8) phase by -1 + 4.14432e-06i; max ampl. = 0.879886
Outputting fields to honey-slab-e.k11.b08.x.te...
solve_kpoint (-0.266667,0.266667,0):
Solving for bands 1 to 8...
    linmin: converged after 4 iterations.
    linmin: converged after 4 iterations.
    linmin: converged after 4 iterations.
    linmin: converged after 4 iterations.
    linmin: converged after 4 iterations.
    linmin: converged after 2 iterations.
    linmin: converged after 2 iterations.
    linmin: converged after 2 iterations.
    linmin: converged after 2 iterations.
    linmin: converged after 2 iterations.
Finished solving for bands 1 to 8 after 10 iterations.
tefreqs:, 12, -0.266667, 0.266667, 0, 0.533333, 0.317827, 0.438719, 0.446978, 0.73376, 0.772395, 0.898659, 0.932544, 0.993807
elapsed time for k point: 0 seconds.
solve_kpoint (-0.2,0.2,0):
Solving for bands 1 to 8...
    linmin: converged after 4 iterations.
    linmin: converged after 4 iterations.
    linmin: converged after 4 iterations.
    linmin: converged after 4 iterations.
    linmin: converged after 4 iterations.
    linmin: converged after 2 iterations.
    linmin: converged after 2 iterations.
    linmin: converged after 2 iterations.
    linmin: converged after 2 iterations.
Finished solving for bands 1 to 8 after 9 iterations.
tefreqs:, 13, -0.2, 0.2, 0, 0.4, 0.240046, 0.485735, 0.497592, 0.708045, 0.751724, 0.885677, 0.956021, 0.960221
elapsed time for k point: 0 seconds.
solve_kpoint (-0.133333,0.133333,0):
Solving for bands 1 to 8...
    linmin: converged after 4 iterations.
    linmin: converged after 4 iterations.
    linmin: converged after 3 iterations.
    linmin: converged after 2 iterations.
    linmin: converged after 2 iterations.
    linmin: converged after 2 iterations.
    linmin: converged after 2 iterations.
    linmin: converged after 2 iterations.
    linmin: converged after 2 iterations.
    linmin: converged after 2 iterations.
Finished solving for bands 1 to 8 after 10 iterations.
tefreqs:, 14, -0.133333, 0.133333, 0, 0.266667, 0.160649, 0.528097, 0.558924, 0.689148, 0.724512, 0.844785, 0.897108, 1.01973
elapsed time for k point: 0 seconds.
solve_kpoint (-0.0666667,0.0666667,0):
Solving for bands 1 to 8...
    linmin: converged after 5 iterations.
    linmin: converged after 3 iterations.
    linmin: converged after 4 iterations.
    linmin: converged after 3 iterations.
    linmin: converged after 3 iterations.
    linmin: converged after 3 iterations.
    linmin: converged after 3 iterations.
    linmin: converged after 3 iterations.
    linmin: converged after 3 iterations.
    linmin: converged after 2 iterations.
    linmin: converged after 2 iterations.
    linmin: converged after 2 iterations.
    linmin: converged after 2 iterations.
    linmin: converged after 2 iterations.
    linmin: converged after 2 iterations.
    linmin: converged after 2 iterations.
    linmin: converged after 2 iterations.
Finished solving for bands 1 to 8 after 17 iterations.
tefreqs:, 15, -0.0666667, 0.0666667, 0, 0.133333, 0.0804911, 0.568108, 0.613968, 0.679134, 0.695718, 0.817192, 0.837353, 1.07938
elapsed time for k point: 0 seconds.
solve_kpoint (0,0,0):
Solving for bands 2 to 8...
    linmin: converged after 4 iterations.
    linmin: converged after 5 iterations.
    linmin: converged after 4 iterations.
    linmin: converged after 4 iterations.
    linmin: converged after 4 iterations.
    linmin: converged after 4 iterations.
    linmin: converged after 4 iterations.
    linmin: converged after 4 iterations.
    linmin: converged after 4 iterations.
    linmin: converged after 2 iterations.
    linmin: converged after 2 iterations.
    linmin: converged after 2 iterations.
    linmin: converged after 2 iterations.
    linmin: converged after 2 iterations.
    linmin: converged after 2 iterations.
Finished solving for bands 2 to 8 after 15 iterations.
tefreqs:, 16, 0, 0, 0, 0, 0, 0.588799, 0.638693, 0.679043, 0.679097, 0.807582, 0.807618, 1.10189
elapsed time for k point: 0 seconds.
Band 1 range: 0.0 at #(0.0 0.0 0.0) to 0.3870196889782983 at #(-0.3333333333333333 0.3333333333333333 0.0)
Band 2 range: 0.3713945397999811 at #(0.0 0.5 0.0) to 0.5887993344894019 at #(0.0 0.0 0.0)
Band 3 range: 0.42126814793871503 at #(-0.3333333333333333 0.3333333333333333 0.0) to 0.6386934379238433 at #(0.0 0.0 0.0)
Band 4 range: 0.6532208441233848 at #(0.0 0.5 0.0) to 0.7643673948290377 at #(-0.3333333333333333 0.3333333333333333 0.0)
Band 5 range: 0.6790968142881433 at #(0.0 0.0 0.0) to 0.8331553614530962 at #(0.0 0.5 0.0)
Band 6 range: 0.8075817222078546 at #(0.0 0.0 0.0) to 0.9098522036794294 at #(-0.0666666666666667 0.4666666666666666 0.0)
Band 7 range: 0.8076181814509573 at #(0.0 0.0 0.0) to 0.9737406038269305 at #(-0.3333333333333333 0.3333333333333333 0.0)
Band 8 range: 0.9602213821736856 at #(-0.2 0.2 0.0) to 1.1018936482594002 at #(0.0 0.0 0.0)
Gap from band 3 (0.6386934379238433) to band 4 (0.6532208441233848), 2.248973697623453%
total elapsed time for run: 1 seconds.
done.
init-params: initializing eigensolver data
Computing 8 bands with 1.000000e-07 tolerance.
Working in 2 dimensions.
Grid size is 32 x 32 x 1.
Solving for 8 bands at a time.
Creating Maxwell data...
Mesh size is 3.
Lattice vectors:
     (0.866025, 0.5, 0)
     (0.866025, -0.5, 0)
     (0, 0, 1)
Cell volume = 0.866025
Reciprocal lattice vectors (/ 2 pi):
     (0.57735, 1, -0)
     (0.57735, -1, 0)
     (-0, 0, 1)
Geometric objects:
     block, center = (0,0,0)
          size (100,100,0.01)
          axes (1,0,0), (0,1,0), (0,0,1)
          epsilon = 4.3246, mu = 1
     cylinder, center = (0.166667,0.166667,0)
          radius 0.22, height 0.01, axis (0, 0, 1)
          epsilon = 1, mu = 1
     cylinder, center = (-0.166667,-0.166667,0)
          radius 0.22, height 0.01, axis (0, 0, 1)
          epsilon = 1, mu = 1
Geometric object tree has depth 1 and 11 object nodes (vs. 3 actual objects)
Initializing epsilon function...
16 k-points:
     (0,0,0)
     (0,0.1,0)
     (0,0.2,0)
     (0,0.3,0)
     (0,0.4,0)
     (0,0.5,0)
     (-0.0666667,0.466667,0)
     (-0.133333,0.433333,0)
     (-0.2,0.4,0)
     (-0.266667,0.366667,0)
     (-0.333333,0.333333,0)
     (-0.266667,0.266667,0)
     (-0.2,0.2,0)
     (-0.133333,0.133333,0)
     (-0.0666667,0.0666667,0)
     (0,0,0)
Solving for band polarization: tm.
Initializing fields to random numbers...
elapsed time for initialization: 0 seconds.
epsilon: 1-4.3246, mean 3.1533, harm. mean 2.04907, 68.3594% > 1, 64.7688% "fill"
Outputting honey-slab-epsilon...
solve_kpoint (0,0,0):
tmfreqs:, k index, k1, k2, k3, kmag/2pi, tm band 1, tm band 2, tm band 3, tm band 4, tm band 5, tm band 6, tm band 7, tm band 8
Solving for bands 2 to 8...
    linmin: converged after 8 iterations.
    linmin: converged after 6 iterations.
    linmin: converged after 5 iterations.
    linmin: converged after 5 iterations.
    linmin: converged after 4 iterations.
    linmin: converged after 4 iterations.
    linmin: converged after 4 iterations.
    linmin: converged after 4 iterations.
    linmin: converged after 4 iterations.
    linmin: converged after 3 iterations.
    linmin: converged after 4 iterations.
    linmin: converged after 2 iterations.
    linmin: converged after 2 iterations.
    linmin: converged after 2 iterations.
    linmin: converged after 2 iterations.
    linmin: converged after 2 iterations.
    linmin: converged after 2 iterations.
    linmin: converged after 2 iterations.
Finished solving for bands 2 to 8 after 18 iterations.
tmfreqs:, 1, 0, 0, 0, 0, 0, 0.583869, 0.583879, 0.633673, 0.634286, 0.638709, 0.87057, 0.992193
elapsed time for k point: 0 seconds.
solve_kpoint (0,0.1,0):
Solving for bands 1 to 8...
    linmin: converged after 6 iterations.
    linmin: converged after 5 iterations.
    linmin: converged after 3 iterations.
    linmin: converged after 4 iterations.
    linmin: converged after 4 iterations.
    linmin: converged after 2 iterations.
    linmin: converged after 2 iterations.
    linmin: converged after 2 iterations.
    linmin: converged after 2 iterations.
    linmin: converged after 2 iterations.
Finished solving for bands 1 to 8 after 10 iterations.
tmfreqs:, 2, 0, 0.1, 0, 0.11547, 0.0649815, 0.552149, 0.572371, 0.629516, 0.649917, 0.667254, 0.881681, 0.968658
elapsed time for k point: 0 seconds.
solve_kpoint (0,0.2,0):
Solving for bands 1 to 8...
    linmin: converged after 4 iterations.
    linmin: converged after 4 iterations.
    linmin: converged after 4 iterations.
    linmin: converged after 2 iterations.
    linmin: converged after 2 iterations.
    linmin: converged after 2 iterations.
    linmin: converged after 2 iterations.
Finished solving for bands 1 to 8 after 7 iterations.
tmfreqs:, 3, 0, 0.2, 0, 0.23094, 0.129679, 0.500767, 0.554054, 0.617277, 0.681074, 0.712404, 0.91079, 0.928411
elapsed time for k point: 0 seconds.
solve_kpoint (0,0.3,0):
Solving for bands 1 to 8...
    linmin: converged after 3 iterations.
    linmin: converged after 4 iterations.
    linmin: converged after 2 iterations.
    linmin: converged after 2 iterations.
    linmin: converged after 4 iterations.
    linmin: converged after 4 iterations.
    linmin: converged after 4 iterations.
    linmin: converged after 2 iterations.
    linmin: converged after 2 iterations.
    linmin: converged after 2 iterations.
    linmin: converged after 2 iterations.
Finished solving for bands 1 to 8 after 11 iterations.
tmfreqs:, 4, 0, 0.3, 0, 0.34641, 0.19369, 0.444865, 0.538954, 0.60439, 0.717606, 0.758916, 0.885279, 0.948476
elapsed time for k point: 1 seconds.
solve_kpoint (0,0.4,0):
Solving for bands 1 to 8...
    linmin: converged after 4 iterations.
    linmin: converged after 5 iterations.
    linmin: converged after 5 iterations.
    linmin: converged after 3 iterations.
    linmin: converged after 4 iterations.
    linmin: converged after 2 iterations.
    linmin: converged after 2 iterations.
    linmin: converged after 2 iterations.
    linmin: converged after 2 iterations.
Finished solving for bands 1 to 8 after 9 iterations.
tmfreqs:, 5, 0, 0.4, 0, 0.46188, 0.25593, 0.387143, 0.529361, 0.595265, 0.757184, 0.804888, 0.841745, 0.907814
elapsed time for k point: 0 seconds.
solve_kpoint (0,0.5,0):
Solving for bands 1 to 8...
    linmin: converged after 3 iterations.
    linmin: converged after 4 iterations.
    linmin: converged after 2 iterations.
    linmin: converged after 2 iterations.
    linmin: converged after 2 iterations.
    linmin: converged after 2 iterations.
Finished solving for bands 1 to 8 after 6 iterations.
tmfreqs:, 6, 0, 0.5, 0, 0.57735, 0.301329, 0.343198, 0.526086, 0.59202, 0.7981, 0.799514, 0.837649, 0.875172
elapsed time for k point: 0 seconds.
solve_kpoint (-0.0666667,0.466667,0):
Solving for bands 1 to 8...
    linmin: converged after 4 iterations.
    linmin: converged after 4 iterations.
    linmin: converged after 2 iterations.
    linmin: converged after 2 iterations.
    linmin: converged after 2 iterations.
    linmin: converged after 2 iterations.
Finished solving for bands 1 to 8 after 6 iterations.
tmfreqs:, 7, -0.0666667, 0.466667, 0, 0.581187, 0.303162, 0.345384, 0.511233, 0.606661, 0.790864, 0.794786, 0.844736, 0.879652
elapsed time for k point: 0 seconds.
solve_kpoint (-0.133333,0.433333,0):
Solving for bands 1 to 8...
    linmin: converged after 4 iterations.
    linmin: converged after 4 iterations.
    linmin: converged after 2 iterations.
    linmin: converged after 2 iterations.
    linmin: converged after 2 iterations.
    linmin: converged after 2 iterations.
Finished solving for bands 1 to 8 after 6 iterations.
tmfreqs:, 8, -0.133333, 0.433333, 0, 0.592546, 0.308506, 0.351841, 0.482341, 0.634982, 0.77621, 0.783118, 0.858964, 0.890551
elapsed time for k point: 0 seconds.
solve_kpoint (-0.2,0.4,0):
Solving for bands 1 to 8...
    linmin: converged after 4 iterations.
    linmin: converged after 4 iterations.
    linmin: converged after 2 iterations.
    linmin: converged after 2 iterations.
    linmin: converged after 2 iterations.
    linmin: converged after 2 iterations.
Finished solving for bands 1 to 8 after 6 iterations.
tmfreqs:, 9, -0.2, 0.4, 0, 0.61101, 0.316801, 0.36229, 0.45042, 0.666243, 0.759835, 0.768226, 0.874632, 0.90414
elapsed time for k point: 0 seconds.
solve_kpoint (-0.266667,0.366667,0):
Solving for bands 1 to 8...
    linmin: converged after 4 iterations.
    linmin: converged after 4 iterations.
    linmin: converged after 4 iterations.
    linmin: converged after 2 iterations.
    linmin: converged after 2 iterations.
    linmin: converged after 2 iterations.
    linmin: converged after 2 iterations.
    linmin: converged after 2 iterations.
Finished solving for bands 1 to 8 after 8 iterations.
tmfreqs:, 10, -0.266667, 0.366667, 0, 0.635959, 0.326589, 0.376306, 0.41894, 0.6978, 0.743626, 0.752211, 0.889626, 0.918347
elapsed time for k point: 0 seconds.
solve_kpoint (-0.333333,0.333333,0):
Solving for bands 1 to 8...
    linmin: converged after 4 iterations.
    linmin: converged after 3 iterations.
    linmin: converged after 3 iterations.
    linmin: converged after 4 iterations.
    linmin: converged after 4 iterations.
    linmin: converged after 2 iterations.
    linmin: converged after 2 iterations.
    linmin: converged after 2 iterations.
    linmin: converged after 2 iterations.
    linmin: converged after 3 iterations.
    linmin: converged after 3 iterations.
    linmin: converged after 4 iterations.
    linmin: converged after 4 iterations.
    linmin: converged after 3 iterations.
    linmin: converged after 3 iterations.
    linmin: converged after 3 iterations.
    linmin: converged after 2 iterations.
    linmin: converged after 2 iterations.
Finished solving for bands 1 to 8 after 18 iterations.
tmfreqs:, 11, -0.333333, 0.333333, 0, 0.666667, 0.332732, 0.393278, 0.39341, 0.721243, 0.735818, 0.736197, 0.89872, 0.931881
elapsed time for k point: 0 seconds.
Fixing e-field (band 1) phase by -1 + 4.66919e-06i; max ampl. = 0.960751
Outputting fields to honey-slab-e.k11.b01.z.tm...
Fixing e-field (band 2) phase by -1 + 4.66919e-06i; max ampl. = 0.898091
Outputting fields to honey-slab-e.k11.b02.z.tm...
Fixing e-field (band 3) phase by -1 + 4.66919e-06i; max ampl. = 1.03629
Outputting fields to honey-slab-e.k11.b03.z.tm...
Fixing e-field (band 4) phase by -1 + 4.6692e-06i; max ampl. = 1.06478
Outputting fields to honey-slab-e.k11.b04.z.tm...
Fixing e-field (band 5) phase by -4.66919e-06 + -1i; max ampl. = 0.915854
Outputting fields to honey-slab-e.k11.b05.z.tm...
Fixing e-field (band 6) phase by 1 + -4.66919e-06i; max ampl. = 0.982441
Outputting fields to honey-slab-e.k11.b06.z.tm...
Fixing e-field (band 7) phase by -4.66937e-06 + -1i; max ampl. = 0.854676
Outputting fields to honey-slab-e.k11.b07.z.tm...
Fixing e-field (band 8) phase by -1 + 4.6692e-06i; max ampl. = 1.09123
Outputting fields to honey-slab-e.k11.b08.z.tm...
solve_kpoint (-0.266667,0.266667,0):
Solving for bands 1 to 8...
    linmin: converged after 4 iterations.
    linmin: converged after 3 iterations.
    linmin: converged after 4 iterations.
    linmin: converged after 4 iterations.
    linmin: converged after 4 iterations.
    linmin: converged after 2 iterations.
    linmin: converged after 2 iterations.
    linmin: converged after 2 iterations.
    linmin: converged after 3 iterations.
    linmin: converged after 9 iterations.
    linmin: converged after 3 iterations.
    linmin: converged after 4 iterations.
    linmin: converged after 4 iterations.
    linmin: converged after 4 iterations.
    linmin: converged after 4 iterations.
    linmin: converged after 4 iterations.
    linmin: converged after 4 iterations.
    linmin: converged after 3 iterations.
    linmin: converged after 3 iterations.
    linmin: converged after 3 iterations.
    linmin: converged after 3 iterations.
    linmin: converged after 3 iterations.
    linmin: converged after 3 iterations.
    linmin: converged after 3 iterations.
    linmin: converged after 3 iterations.
    linmin: converged after 3 iterations.
    linmin: converged after 3 iterations.
    linmin: converged after 3 iterations.
    linmin: converged after 3 iterations.
    linmin: converged after 3 iterations.
    linmin: converged after 3 iterations.
    linmin: converged after 3 iterations.
    linmin: converged after 3 iterations.
    linmin: converged after 3 iterations.
    linmin: converged after 3 iterations.
    linmin: converged after 3 iterations.
    linmin: converged after 3 iterations.
    linmin: converged after 3 iterations.
    linmin: converged after 3 iterations.
    linmin: converged after 3 iterations.
    linmin: converged after 3 iterations.
    linmin: converged after 3 iterations.
    linmin: converged after 3 iterations.
    linmin: converged after 3 iterations.
    linmin: converged after 3 iterations.
    linmin: converged after 3 iterations.
    linmin: converged after 3 iterations.
    linmin: converged after 3 iterations.
    linmin: converged after 3 iterations.
    linmin: converged after 3 iterations.
    linmin: converged after 3 iterations.
    linmin: converged after 3 iterations.
    linmin: converged after 3 iterations.
    linmin: converged after 3 iterations.
    linmin: converged after 3 iterations.
    linmin: converged after 3 iterations.
    linmin: converged after 3 iterations.
    linmin: converged after 3 iterations.
    linmin: converged after 3 iterations.
    linmin: converged after 3 iterations.
    linmin: converged after 3 iterations.
    linmin: converged after 3 iterations.
    linmin: converged after 3 iterations.
    linmin: converged after 3 iterations.
    linmin: converged after 3 iterations.
    linmin: converged after 3 iterations.
    linmin: converged after 3 iterations.
    linmin: converged after 3 iterations.
    linmin: converged after 3 iterations.
    linmin: converged after 4 iterations.
    linmin: converged after 4 iterations.
    linmin: converged after 4 iterations.
    linmin: converged after 2 iterations.
    linmin: converged after 2 iterations.
    linmin: converged after 2 iterations.
    linmin: converged after 2 iterations.
    linmin: converged after 2 iterations.
    linmin: converged after 2 iterations.
    linmin: converged after 2 iterations.
    linmin: converged after 2 iterations.
    linmin: converged after 2 iterations.
Finished solving for bands 1 to 8 after 81 iterations.
tmfreqs:, 12, -0.266667, 0.266667, 0, 0.533333, 0.292569, 0.400538, 0.434326, 0.69548, 0.705374, 0.79459, 0.856568, 0.947241
elapsed time for k point: 0 seconds.
solve_kpoint (-0.2,0.2,0):
Solving for bands 1 to 8...
    linmin: converged after 3 iterations.
    linmin: converged after 4 iterations.
    linmin: converged after 4 iterations.
    linmin: converged after 2 iterations.
    linmin: converged after 2 iterations.
    linmin: converged after 2 iterations.
Finished solving for bands 1 to 8 after 6 iterations.
tmfreqs:, 13, -0.2, 0.2, 0, 0.4, 0.222969, 0.44319, 0.480667, 0.670405, 0.679029, 0.794956, 0.856469, 0.980675
elapsed time for k point: 0 seconds.
solve_kpoint (-0.133333,0.133333,0):
Solving for bands 1 to 8...
    linmin: converged after 4 iterations.
    linmin: converged after 4 iterations.
    linmin: converged after 4 iterations.
    linmin: converged after 4 iterations.
    linmin: converged after 2 iterations.
    linmin: converged after 2 iterations.
    linmin: converged after 2 iterations.
Finished solving for bands 1 to 8 after 7 iterations.
tmfreqs:, 14, -0.133333, 0.133333, 0, 0.266667, 0.149584, 0.493588, 0.527037, 0.651393, 0.657771, 0.734848, 0.91265, 1.01726
elapsed time for k point: 0 seconds.
solve_kpoint (-0.0666667,0.0666667,0):
Solving for bands 1 to 8...
    linmin: converged after 6 iterations.
    linmin: converged after 4 iterations.
    linmin: converged after 3 iterations.
    linmin: converged after 4 iterations.
    linmin: converged after 3 iterations.
    linmin: converged after 3 iterations.
    linmin: converged after 8 iterations.
    linmin: converged after 4 iterations.
    linmin: converged after 4 iterations.
    linmin: converged after 4 iterations.
    linmin: converged after 4 iterations.
    linmin: converged after 5 iterations.
    linmin: converged after 5 iterations.
    linmin: converged after 6 iterations.
    linmin: converged after 6 iterations.
    linmin: converged after 8 iterations.
    linmin: converged after 8 iterations.
    linmin: converged after 7 iterations.
    linmin: converged after 7 iterations.
    linmin: converged after 8 iterations.
    linmin: converged after 10 iterations.
    linmin: converged after 6 iterations.
    linmin: converged after 8 iterations.
    linmin: converged after 7 iterations.
    linmin: converged after 7 iterations.
    linmin: converged after 6 iterations.
    linmin: converged after 7 iterations.
    linmin: converged after 6 iterations.
    linmin: converged after 4 iterations.
    linmin: converged after 3 iterations.
    linmin: converged after 2 iterations.
    linmin: converged after 2 iterations.
    linmin: converged after 2 iterations.
Finished solving for bands 1 to 8 after 33 iterations.
tmfreqs:, 15, -0.0666667, 0.0666667, 0, 0.133333, 0.0750167, 0.546493, 0.566055, 0.639517, 0.641666, 0.676589, 0.885196, 0.962726
elapsed time for k point: 0 seconds.
solve_kpoint (0,0,0):
Solving for bands 2 to 8...
    linmin: converged after 4 iterations.
    linmin: converged after 3 iterations.
    linmin: converged after 4 iterations.
    linmin: converged after 4 iterations.
    linmin: converged after 4 iterations.
    linmin: converged after 4 iterations.
    linmin: converged after 2 iterations.
    linmin: converged after 2 iterations.
    linmin: converged after 2 iterations.
    linmin: converged after 2 iterations.
Finished solving for bands 2 to 8 after 10 iterations.
tmfreqs:, 16, 0, 0, 0, 0, 0, 0.583869, 0.583879, 0.633673, 0.634286, 0.638709, 0.87057, 0.992193
elapsed time for k point: 0 seconds.
Band 1 range: 0.0 at #(0.0 0.0 0.0) to 0.3327323355752048 at #(-0.3333333333333333 0.3333333333333333 0.0)
Band 2 range: 0.34319817414639 at #(0.0 0.5 0.0) to 0.5838689717353167 at #(0.0 0.0 0.0)
Band 3 range: 0.39341042280400884 at #(-0.3333333333333333 0.3333333333333333 0.0) to 0.5838785480063459 at #(0.0 0.0 0.0)
Band 4 range: 0.5920196477729699 at #(0.0 0.5 0.0) to 0.721243421424099 at #(-0.3333333333333333 0.3333333333333333 0.0)
Band 5 range: 0.6342862330395627 at #(0.0 0.0 0.0) to 0.7980999388855072 at #(0.0 0.5 0.0)
Band 6 range: 0.6387089610196207 at #(0.0 0.0 0.0) to 0.8048875811316546 at #(0.0 0.4 0.0)
Band 7 range: 0.8376488561299698 at #(0.0 0.5 0.0) to 0.9126497074489976 at #(-0.13333333333333333 0.13333333333333333 0.0)
Band 8 range: 0.8751720577813454 at #(0.0 0.5 0.0) to 1.0172604746997347 at #(-0.13333333333333333 0.13333333333333333 0.0)
Gap from band 1 (0.3327323355752048) to band 2 (0.34319817414639), 3.0967202754306427%
Gap from band 3 (0.5838785480063459) to band 4 (0.5920196477729699), 1.3846606442369083%
Gap from band 6 (0.8048875811316546) to band 7 (0.8376488561299698), 3.989107852357119%
total elapsed time for run: 1 seconds.
done.
