init-params: initializing eigensolver data
Computing 2 bands with 1.000000e-07 tolerance.
Working in 2 dimensions.
Grid size is 32 x 32 x 1.
Solving for 2 bands at a time.
Creating Maxwell data...
Mesh size is 7.
Lattice vectors:
     (1, 0, 0)
     (0, 1, 0)
     (0, 0, 1)
Cell volume = 1
Reciprocal lattice vectors (/ 2 pi):
     (1, -0, 0)
     (-0, 1, -0)
     (0, -0, 1)
Geometric objects:
     block, center = (0,0,0)
          size (100,100,0.75)
          axes (1,0,0), (0,1,0), (0,0,1)
          epsilon = 4.3246, mu = 1
     cylinder, center = (0,0,0)
          radius 1.05, height 0.75, axis (0, 0, 1)
          epsilon = 1, mu = 1
Geometric object tree has depth 1 and 18 object nodes (vs. 2 actual objects)
Initializing epsilon function...
Allocating fields...
16 k-points:
     (0,0,0)
     (0.1,0,0)
     (0.2,0,0)
     (0.3,0,0)
     (0.4,0,0)
     (0.5,0,0)
     (0.5,0.1,0)
     (0.5,0.2,0)
     (0.5,0.3,0)
     (0.5,0.4,0)
     (0.5,0.5,0)
     (0.4,0.4,0)
     (0.3,0.3,0)
     (0.2,0.2,0)
     (0.1,0.1,0)
     (0,0,0)
Solving for band polarization: tm.
Initializing fields to random numbers...
elapsed time for initialization: 0 seconds.
epsilon: 1-1, mean 1, harm. mean 1, 0% > 1, 100% "fill"
Outputting sq-slab-maxTM-epsilon...
solve_kpoint (0,0,0):
tmfreqs:, k index, k1, k2, k3, kmag/2pi, tm band 1, tm band 2
Solving for bands 2 to 2...
    linmin: converged after 7 iterations.
    linmin: converged after 6 iterations.
    linmin: converged after 4 iterations.
    linmin: converged after 4 iterations.
    linmin: converged after 2 iterations.
    linmin: converged after 2 iterations.
    linmin: converged after 2 iterations.
Finished solving for bands 2 to 2 after 7 iterations.
tmfreqs:, 1, 0, 0, 0, 0, 0, 1
elapsed time for k point: 0 seconds.
solve_kpoint (0.1,0,0):
Solving for bands 1 to 2...
    linmin: converged after 5 iterations.
    linmin: converged after 7 iterations.
    linmin: converged after 4 iterations.
    linmin: converged after 4 iterations.
    linmin: converged after 2 iterations.
    linmin: converged after 2 iterations.
    linmin: converged after 2 iterations.
Finished solving for bands 1 to 2 after 7 iterations.
tmfreqs:, 2, 0.1, 0, 0, 0.1, 0.1, 0.9
elapsed time for k point: 0 seconds.
solve_kpoint (0.2,0,0):
Solving for bands 1 to 2...
    linmin: converged after 1 iterations.
Finished solving for bands 1 to 2 after 1 iterations.
tmfreqs:, 3, 0.2, 0, 0, 0.2, 0.2, 0.8
elapsed time for k point: 0 seconds.
solve_kpoint (0.3,0,0):
Solving for bands 1 to 2...
    linmin: converged after 1 iterations.
Finished solving for bands 1 to 2 after 1 iterations.
tmfreqs:, 4, 0.3, 0, 0, 0.3, 0.3, 0.7
elapsed time for k point: 0 seconds.
solve_kpoint (0.4,0,0):
Solving for bands 1 to 2...
    linmin: converged after 1 iterations.
Finished solving for bands 1 to 2 after 1 iterations.
tmfreqs:, 5, 0.4, 0, 0, 0.4, 0.4, 0.6
elapsed time for k point: 0 seconds.
solve_kpoint (0.5,0,0):
Solving for bands 1 to 2...
    linmin: converged after 1 iterations.
Finished solving for bands 1 to 2 after 1 iterations.
tmfreqs:, 6, 0.5, 0, 0, 0.5, 0.5, 0.5
elapsed time for k point: 0 seconds.
solve_kpoint (0.5,0.1,0):
Solving for bands 1 to 2...
    linmin: converged after 1 iterations.
Finished solving for bands 1 to 2 after 1 iterations.
tmfreqs:, 7, 0.5, 0.1, 0, 0.509902, 0.509902, 0.509902
elapsed time for k point: 0 seconds.
solve_kpoint (0.5,0.2,0):
Solving for bands 1 to 2...
    linmin: converged after 1 iterations.
Finished solving for bands 1 to 2 after 1 iterations.
tmfreqs:, 8, 0.5, 0.2, 0, 0.538516, 0.538516, 0.538516
elapsed time for k point: 0 seconds.
solve_kpoint (0.5,0.3,0):
Solving for bands 1 to 2...
    linmin: converged after 1 iterations.
Finished solving for bands 1 to 2 after 1 iterations.
tmfreqs:, 9, 0.5, 0.3, 0, 0.583095, 0.583095, 0.583095
elapsed time for k point: 0 seconds.
solve_kpoint (0.5,0.4,0):
Solving for bands 1 to 2...
    linmin: converged after 5 iterations.
Finished solving for bands 1 to 2 after 1 iterations.
tmfreqs:, 10, 0.5, 0.4, 0, 0.640312, 0.640312, 0.640312
elapsed time for k point: 0 seconds.
solve_kpoint (0.5,0.5,0):
Solving for bands 1 to 2...
    linmin: converged after 5 iterations.
Finished solving for bands 1 to 2 after 1 iterations.
tmfreqs:, 11, 0.5, 0.5, 0, 0.707107, 0.707107, 0.707107
elapsed time for k point: 0 seconds.
solve_kpoint (0.4,0.4,0):
Solving for bands 1 to 2...
    linmin: converged after 5 iterations.
Finished solving for bands 1 to 2 after 1 iterations.
tmfreqs:, 12, 0.4, 0.4, 0, 0.565685, 0.565685, 0.72111
elapsed time for k point: 0 seconds.
solve_kpoint (0.3,0.3,0):
Solving for bands 1 to 2...
    linmin: converged after 5 iterations.
Finished solving for bands 1 to 2 after 1 iterations.
tmfreqs:, 13, 0.3, 0.3, 0, 0.424264, 0.424264, 0.761577
elapsed time for k point: 0 seconds.
solve_kpoint (0.2,0.2,0):
Solving for bands 1 to 2...
    linmin: converged after 48 iterations.
Finished solving for bands 1 to 2 after 1 iterations.
tmfreqs:, 14, 0.2, 0.2, 0, 0.282843, 0.282843, 0.824621
elapsed time for k point: 0 seconds.
solve_kpoint (0.1,0.1,0):
Solving for bands 1 to 2...
    linmin: converged after 4 iterations.
Finished solving for bands 1 to 2 after 1 iterations.
tmfreqs:, 15, 0.1, 0.1, 0, 0.141421, 0.141421, 0.905539
elapsed time for k point: 0 seconds.
solve_kpoint (0,0,0):
Solving for bands 2 to 2...
    linmin: converged after 4 iterations.
Finished solving for bands 2 to 2 after 1 iterations.
tmfreqs:, 16, 0, 0, 0, 0, 0, 1
elapsed time for k point: 0 seconds.
Band 1 range: 0.0 at #(0.0 0.0 0.0) to 0.7071067811865476 at #(0.5 0.5 0.0)
Band 2 range: 0.5000000000000056 at #(0.5 0.0 0.0) to 1.0000000004927483 at #(0.0 0.0 0.0)
total elapsed time for run: 0 seconds.
done.
init-params: initializing eigensolver data
Computing 2 bands with 1.000000e-07 tolerance.
Working in 2 dimensions.
Grid size is 32 x 32 x 1.
Solving for 2 bands at a time.
Creating Maxwell data...
Mesh size is 7.
Lattice vectors:
     (1, 0, 0)
     (0, 1, 0)
     (0, 0, 1)
Cell volume = 1
Reciprocal lattice vectors (/ 2 pi):
     (1, -0, 0)
     (-0, 1, -0)
     (0, -0, 1)
Geometric objects:
     block, center = (0,0,0)
          size (100,100,0.75)
          axes (1,0,0), (0,1,0), (0,0,1)
          epsilon = 4.3246, mu = 1
     cylinder, center = (0,0,0)
          radius 0.687132, height 0.75, axis (0, 0, 1)
          epsilon = 1, mu = 1
Geometric object tree has depth 3 and 52 object nodes (vs. 2 actual objects)
Initializing epsilon function...
16 k-points:
     (0,0,0)
     (0.1,0,0)
     (0.2,0,0)
     (0.3,0,0)
     (0.4,0,0)
     (0.5,0,0)
     (0.5,0.1,0)
     (0.5,0.2,0)
     (0.5,0.3,0)
     (0.5,0.4,0)
     (0.5,0.5,0)
     (0.4,0.4,0)
     (0.3,0.3,0)
     (0.2,0.2,0)
     (0.1,0.1,0)
     (0,0,0)
Solving for band polarization: tm.
Initializing fields to random numbers...
elapsed time for initialization: 0 seconds.
epsilon: 1-4.3246, mean 1.00325, harm. mean 1.00075, 0.0976562% > 1, 0.0976562% "fill"
Outputting sq-slab-maxTM-epsilon...
solve_kpoint (0,0,0):
tmfreqs:, k index, k1, k2, k3, kmag/2pi, tm band 1, tm band 2
Solving for bands 2 to 2...
    linmin: converged after 8 iterations.
    linmin: converged after 8 iterations.
    linmin: converged after 4 iterations.
    linmin: converged after 3 iterations.
    linmin: converged after 2 iterations.
    linmin: converged after 3 iterations.
    linmin: converged after 4 iterations.
    linmin: converged after 3 iterations.
    linmin: converged after 2 iterations.
    linmin: converged after 2 iterations.
Finished solving for bands 2 to 2 after 10 iterations.
tmfreqs:, 1, 0, 0, 0, 0, 0, 0.993161
elapsed time for k point: 0 seconds.
solve_kpoint (0.1,0,0):
Solving for bands 1 to 2...
    linmin: converged after 5 iterations.
    linmin: converged after 6 iterations.
    linmin: converged after 6 iterations.
    linmin: converged after 3 iterations.
    linmin: converged after 2 iterations.
    linmin: converged after 2 iterations.
    linmin: converged after 2 iterations.
    linmin: converged after 2 iterations.
    linmin: converged after 2 iterations.
    linmin: converged after 2 iterations.
Finished solving for bands 1 to 2 after 10 iterations.
tmfreqs:, 2, 0.1, 0, 0, 0.1, 0.099838, 0.898418
elapsed time for k point: 0 seconds.
solve_kpoint (0.2,0,0):
Solving for bands 1 to 2...
    linmin: converged after 2 iterations.
    linmin: converged after 2 iterations.
    linmin: converged after 2 iterations.
    linmin: converged after 2 iterations.
Finished solving for bands 1 to 2 after 4 iterations.
tmfreqs:, 3, 0.2, 0, 0, 0.2, 0.199675, 0.798639
elapsed time for k point: 0 seconds.
solve_kpoint (0.3,0,0):
Solving for bands 1 to 2...
    linmin: converged after 2 iterations.
    linmin: converged after 2 iterations.
    linmin: converged after 2 iterations.
Finished solving for bands 1 to 2 after 3 iterations.
tmfreqs:, 4, 0.3, 0, 0, 0.3, 0.299511, 0.69883
elapsed time for k point: 0 seconds.
solve_kpoint (0.4,0,0):
Solving for bands 1 to 2...
    linmin: converged after 2 iterations.
    linmin: converged after 2 iterations.
    linmin: converged after 1 iterations.
Finished solving for bands 1 to 2 after 3 iterations.
tmfreqs:, 5, 0.4, 0, 0, 0.4, 0.399344, 0.59901
elapsed time for k point: 0 seconds.
solve_kpoint (0.5,0,0):
Solving for bands 1 to 2...
    linmin: converged after 2 iterations.
    linmin: converged after 2 iterations.
    linmin: converged after 1 iterations.
Finished solving for bands 1 to 2 after 3 iterations.
tmfreqs:, 6, 0.5, 0, 0, 0.5, 0.498358, 0.5
elapsed time for k point: 0 seconds.
solve_kpoint (0.5,0.1,0):
Solving for bands 1 to 2...
    linmin: converged after 2 iterations.
    linmin: converged after 2 iterations.
Finished solving for bands 1 to 2 after 2 iterations.
tmfreqs:, 7, 0.5, 0.1, 0, 0.509902, 0.508226, 0.509902
elapsed time for k point: 0 seconds.
solve_kpoint (0.5,0.2,0):
Solving for bands 1 to 2...
    linmin: converged after 2 iterations.
    linmin: converged after 2 iterations.
    linmin: converged after 1 iterations.
Finished solving for bands 1 to 2 after 3 iterations.
tmfreqs:, 8, 0.5, 0.2, 0, 0.538516, 0.536741, 0.538516
elapsed time for k point: 0 seconds.
solve_kpoint (0.5,0.3,0):
Solving for bands 1 to 2...
    linmin: converged after 2 iterations.
    linmin: converged after 2 iterations.
    linmin: converged after 2 iterations.
Finished solving for bands 1 to 2 after 3 iterations.
tmfreqs:, 9, 0.5, 0.3, 0, 0.583095, 0.581163, 0.583095
elapsed time for k point: 0 seconds.
solve_kpoint (0.5,0.4,0):
Solving for bands 1 to 2...
    linmin: converged after 2 iterations.
    linmin: converged after 2 iterations.
    linmin: converged after 2 iterations.
    linmin: converged after 1 iterations.
Finished solving for bands 1 to 2 after 4 iterations.
tmfreqs:, 10, 0.5, 0.4, 0, 0.640312, 0.638165, 0.640312
elapsed time for k point: 0 seconds.
solve_kpoint (0.5,0.5,0):
Solving for bands 1 to 2...
    linmin: converged after 2 iterations.
    linmin: converged after 7 iterations.
    linmin: converged after 4 iterations.
    linmin: converged after 2 iterations.
    linmin: converged after 2 iterations.
    linmin: converged after 4 iterations.
    linmin: converged after 2 iterations.
    linmin: converged after 2 iterations.
Finished solving for bands 1 to 2 after 8 iterations.
tmfreqs:, 11, 0.5, 0.5, 0, 0.707107, 0.702424, 0.707107
elapsed time for k point: 0 seconds.
solve_kpoint (0.4,0.4,0):
Solving for bands 1 to 2...
    linmin: converged after 5 iterations.
    linmin: converged after 4 iterations.
    linmin: converged after 4 iterations.
    linmin: converged after 4 iterations.
    linmin: converged after 2 iterations.
    linmin: converged after 3 iterations.
    linmin: converged after 3 iterations.
    linmin: converged after 4 iterations.
    linmin: converged after 4 iterations.
    linmin: converged after 2 iterations.
    linmin: converged after 2 iterations.
Finished solving for bands 1 to 2 after 11 iterations.
tmfreqs:, 12, 0.4, 0.4, 0, 0.565685, 0.56474, 0.718707
elapsed time for k point: 0 seconds.
solve_kpoint (0.3,0.3,0):
Solving for bands 1 to 2...
    linmin: converged after 2 iterations.
    linmin: converged after 2 iterations.
    linmin: converged after 2 iterations.
    linmin: converged after 1 iterations.
Finished solving for bands 1 to 2 after 4 iterations.
tmfreqs:, 13, 0.3, 0.3, 0, 0.424264, 0.423567, 0.759027
elapsed time for k point: 0 seconds.
solve_kpoint (0.2,0.2,0):
Solving for bands 1 to 2...
    linmin: converged after 2 iterations.
    linmin: converged after 2 iterations.
    linmin: converged after 2 iterations.
Finished solving for bands 1 to 2 after 3 iterations.
tmfreqs:, 14, 0.2, 0.2, 0, 0.282843, 0.282382, 0.821836
elapsed time for k point: 0 seconds.
solve_kpoint (0.1,0.1,0):
Solving for bands 1 to 2...
    linmin: converged after 3 iterations.
    linmin: converged after 2 iterations.
    linmin: converged after 2 iterations.
    linmin: converged after 2 iterations.
Finished solving for bands 1 to 2 after 4 iterations.
tmfreqs:, 15, 0.1, 0.1, 0, 0.141421, 0.141192, 0.902425
elapsed time for k point: 0 seconds.
solve_kpoint (0,0,0):
Solving for bands 2 to 2...
    linmin: converged after 2 iterations.
    linmin: converged after 4 iterations.
    linmin: converged after 5 iterations.
    linmin: converged after 4 iterations.
    linmin: converged after 2 iterations.
    linmin: converged after 2 iterations.
    linmin: converged after 4 iterations.
    linmin: converged after 4 iterations.
    linmin: converged after 2 iterations.
    linmin: converged after 2 iterations.
Finished solving for bands 2 to 2 after 10 iterations.
tmfreqs:, 16, 0, 0, 0, 0, 0, 0.993161
elapsed time for k point: 0 seconds.
Band 1 range: 0.0 at #(0.0 0.0 0.0) to 0.702424041692557 at #(0.5 0.5 0.0)
Band 2 range: 0.500000000000843 at #(0.5 0.0 0.0) to 0.9931611922369542 at #(0.0 0.0 0.0)
total elapsed time for run: 0 seconds.
done.
init-params: initializing eigensolver data
Computing 2 bands with 1.000000e-07 tolerance.
Working in 2 dimensions.
Grid size is 32 x 32 x 1.
Solving for 2 bands at a time.
Creating Maxwell data...
Mesh size is 7.
Lattice vectors:
     (1, 0, 0)
     (0, 1, 0)
     (0, 0, 1)
Cell volume = 1
Reciprocal lattice vectors (/ 2 pi):
     (1, -0, 0)
     (-0, 1, -0)
     (0, -0, 1)
Geometric objects:
     block, center = (0,0,0)
          size (100,100,0.75)
          axes (1,0,0), (0,1,0), (0,0,1)
          epsilon = 4.3246, mu = 1
     cylinder, center = (0,0,0)
          radius 0.462868, height 0.75, axis (0, 0, 1)
          epsilon = 1, mu = 1
Geometric object tree has depth 1 and 10 object nodes (vs. 2 actual objects)
Initializing epsilon function...
16 k-points:
     (0,0,0)
     (0.1,0,0)
     (0.2,0,0)
     (0.3,0,0)
     (0.4,0,0)
     (0.5,0,0)
     (0.5,0.1,0)
     (0.5,0.2,0)
     (0.5,0.3,0)
     (0.5,0.4,0)
     (0.5,0.5,0)
     (0.4,0.4,0)
     (0.3,0.3,0)
     (0.2,0.2,0)
     (0.1,0.1,0)
     (0,0,0)
Solving for band polarization: tm.
Initializing fields to random numbers...
elapsed time for initialization: 0 seconds.
epsilon: 1-4.3246, mean 2.0869, harm. mean 1.36217, 38.5742% > 1, 32.6926% "fill"
Outputting sq-slab-maxTM-epsilon...
solve_kpoint (0,0,0):
tmfreqs:, k index, k1, k2, k3, kmag/2pi, tm band 1, tm band 2
Solving for bands 2 to 2...
    linmin: converged after 7 iterations.
    linmin: converged after 6 iterations.
    linmin: converged after 4 iterations.
    linmin: converged after 4 iterations.
    linmin: converged after 3 iterations.
    linmin: converged after 9 iterations.
    linmin: converged after 7 iterations.
    linmin: converged after 5 iterations.
    linmin: converged after 4 iterations.
    linmin: converged after 5 iterations.
    linmin: converged after 3 iterations.
    linmin: converged after 2 iterations.
    linmin: converged after 2 iterations.
    linmin: converged after 2 iterations.
    linmin: converged after 2 iterations.
    linmin: converged after 2 iterations.
Finished solving for bands 2 to 2 after 16 iterations.
tmfreqs:, 1, 0, 0, 0, 0, 0, 0.647998
elapsed time for k point: 0 seconds.
solve_kpoint (0.1,0,0):
Solving for bands 1 to 2...
    linmin: converged after 12 iterations.
    linmin: converged after 8 iterations.
    linmin: converged after 5 iterations.
    linmin: converged after 3 iterations.
    linmin: converged after 3 iterations.
    linmin: converged after 3 iterations.
    linmin: converged after 3 iterations.
    linmin: converged after 4 iterations.
    linmin: converged after 4 iterations.
    linmin: converged after 4 iterations.
    linmin: converged after 2 iterations.
    linmin: converged after 2 iterations.
    linmin: converged after 2 iterations.
    linmin: converged after 2 iterations.
    linmin: converged after 2 iterations.
    linmin: converged after 2 iterations.
Finished solving for bands 1 to 2 after 16 iterations.
tmfreqs:, 2, 0.1, 0, 0, 0.1, 0.0691057, 0.598276
elapsed time for k point: 0 seconds.
solve_kpoint (0.2,0,0):
Solving for bands 1 to 2...
    linmin: converged after 4 iterations.
    linmin: converged after 4 iterations.
    linmin: converged after 2 iterations.
    linmin: converged after 2 iterations.
    linmin: converged after 2 iterations.
    linmin: converged after 2 iterations.
Finished solving for bands 1 to 2 after 6 iterations.
tmfreqs:, 3, 0.2, 0, 0, 0.2, 0.137454, 0.540715
elapsed time for k point: 0 seconds.
solve_kpoint (0.3,0,0):
Solving for bands 1 to 2...
    linmin: converged after 3 iterations.
    linmin: converged after 4 iterations.
    linmin: converged after 2 iterations.
    linmin: converged after 2 iterations.
    linmin: converged after 2 iterations.
Finished solving for bands 1 to 2 after 5 iterations.
tmfreqs:, 4, 0.3, 0, 0, 0.3, 0.20388, 0.482301
elapsed time for k point: 0 seconds.
solve_kpoint (0.4,0,0):
Solving for bands 1 to 2...
    linmin: converged after 3 iterations.
    linmin: converged after 2 iterations.
    linmin: converged after 2 iterations.
    linmin: converged after 2 iterations.
    linmin: converged after 2 iterations.
Finished solving for bands 1 to 2 after 5 iterations.
tmfreqs:, 5, 0.4, 0, 0, 0.4, 0.264992, 0.426151
elapsed time for k point: 0 seconds.
solve_kpoint (0.5,0,0):
Solving for bands 1 to 2...
    linmin: converged after 3 iterations.
    linmin: converged after 2 iterations.
    linmin: converged after 2 iterations.
    linmin: converged after 2 iterations.
Finished solving for bands 1 to 2 after 4 iterations.
tmfreqs:, 6, 0.5, 0, 0, 0.5, 0.299755, 0.393069
elapsed time for k point: 0 seconds.
solve_kpoint (0.5,0.1,0):
Solving for bands 1 to 2...
    linmin: converged after 4 iterations.
    linmin: converged after 2 iterations.
    linmin: converged after 2 iterations.
    linmin: converged after 2 iterations.
Finished solving for bands 1 to 2 after 4 iterations.
tmfreqs:, 7, 0.5, 0.1, 0, 0.509902, 0.305244, 0.399935
elapsed time for k point: 0 seconds.
solve_kpoint (0.5,0.2,0):
Solving for bands 1 to 2...
    linmin: converged after 4 iterations.
    linmin: converged after 2 iterations.
    linmin: converged after 2 iterations.
    linmin: converged after 2 iterations.
Finished solving for bands 1 to 2 after 4 iterations.
tmfreqs:, 8, 0.5, 0.2, 0, 0.538516, 0.320783, 0.419122
elapsed time for k point: 0 seconds.
solve_kpoint (0.5,0.3,0):
Solving for bands 1 to 2...
    linmin: converged after 4 iterations.
    linmin: converged after 4 iterations.
    linmin: converged after 2 iterations.
    linmin: converged after 2 iterations.
    linmin: converged after 2 iterations.
Finished solving for bands 1 to 2 after 5 iterations.
tmfreqs:, 9, 0.5, 0.3, 0, 0.583095, 0.343608, 0.446359
elapsed time for k point: 0 seconds.
solve_kpoint (0.5,0.4,0):
Solving for bands 1 to 2...
    linmin: converged after 4 iterations.
    linmin: converged after 4 iterations.
    linmin: converged after 2 iterations.
    linmin: converged after 2 iterations.
    linmin: converged after 2 iterations.
Finished solving for bands 1 to 2 after 5 iterations.
tmfreqs:, 10, 0.5, 0.4, 0, 0.640312, 0.368095, 0.473434
elapsed time for k point: 0 seconds.
solve_kpoint (0.5,0.5,0):
Solving for bands 1 to 2...
    linmin: converged after 4 iterations.
    linmin: converged after 4 iterations.
    linmin: converged after 4 iterations.
    linmin: converged after 2 iterations.
    linmin: converged after 2 iterations.
    linmin: converged after 2 iterations.
Finished solving for bands 1 to 2 after 6 iterations.
tmfreqs:, 11, 0.5, 0.5, 0, 0.707107, 0.380759, 0.485944
elapsed time for k point: 0 seconds.
solve_kpoint (0.4,0.4,0):
Solving for bands 1 to 2...
    linmin: converged after 4 iterations.
    linmin: converged after 3 iterations.
    linmin: converged after 4 iterations.
    linmin: converged after 3 iterations.
    linmin: converged after 4 iterations.
    linmin: converged after 3 iterations.
    linmin: converged after 2 iterations.
    linmin: converged after 2 iterations.
    linmin: converged after 2 iterations.
    linmin: converged after 2 iterations.
    linmin: converged after 2 iterations.
    linmin: converged after 2 iterations.
Finished solving for bands 1 to 2 after 12 iterations.
tmfreqs:, 12, 0.4, 0.4, 0, 0.565685, 0.352193, 0.489441
elapsed time for k point: 0 seconds.
solve_kpoint (0.3,0.3,0):
Solving for bands 1 to 2...
    linmin: converged after 4 iterations.
    linmin: converged after 4 iterations.
    linmin: converged after 2 iterations.
    linmin: converged after 2 iterations.
    linmin: converged after 2 iterations.
Finished solving for bands 1 to 2 after 5 iterations.
tmfreqs:, 13, 0.3, 0.3, 0, 0.424264, 0.281443, 0.510324
elapsed time for k point: 0 seconds.
solve_kpoint (0.2,0.2,0):
Solving for bands 1 to 2...
    linmin: converged after 5 iterations.
    linmin: converged after 4 iterations.
    linmin: converged after 2 iterations.
    linmin: converged after 2 iterations.
    linmin: converged after 2 iterations.
Finished solving for bands 1 to 2 after 5 iterations.
tmfreqs:, 14, 0.2, 0.2, 0, 0.282843, 0.192803, 0.548146
elapsed time for k point: 0 seconds.
solve_kpoint (0.1,0.1,0):
Solving for bands 1 to 2...
    linmin: converged after 6 iterations.
    linmin: converged after 3 iterations.
    linmin: converged after 2 iterations.
    linmin: converged after 2 iterations.
    linmin: converged after 2 iterations.
Finished solving for bands 1 to 2 after 5 iterations.
tmfreqs:, 15, 0.1, 0.1, 0, 0.141421, 0.0975591, 0.59738
elapsed time for k point: 0 seconds.
solve_kpoint (0,0,0):
Solving for bands 2 to 2...
    linmin: converged after 4 iterations.
    linmin: converged after 3 iterations.
    linmin: converged after 5 iterations.
    linmin: converged after 4 iterations.
    linmin: converged after 3 iterations.
    linmin: converged after 2 iterations.
    linmin: converged after 4 iterations.
    linmin: converged after 2 iterations.
    linmin: converged after 2 iterations.
    linmin: converged after 2 iterations.
Finished solving for bands 2 to 2 after 10 iterations.
tmfreqs:, 16, 0, 0, 0, 0, 0, 0.647997
elapsed time for k point: 0 seconds.
Band 1 range: 0.0 at #(0.0 0.0 0.0) to 0.38075903377194276 at #(0.5 0.5 0.0)
Band 2 range: 0.39306919368411536 at #(0.5 0.0 0.0) to 0.6479975418127453 at #(0.0 0.0 0.0)
Gap from band 1 (0.38075903377194276) to band 2 (0.39306919368411536), 3.181625966951854%
total elapsed time for run: 0 seconds.
done.
init-params: initializing eigensolver data
Computing 2 bands with 1.000000e-07 tolerance.
Working in 2 dimensions.
Grid size is 32 x 32 x 1.
Solving for 2 bands at a time.
Creating Maxwell data...
Mesh size is 7.
Lattice vectors:
     (1, 0, 0)
     (0, 1, 0)
     (0, 0, 1)
Cell volume = 1
Reciprocal lattice vectors (/ 2 pi):
     (1, -0, 0)
     (-0, 1, -0)
     (0, -0, 1)
Geometric objects:
     block, center = (0,0,0)
          size (100,100,0.75)
          axes (1,0,0), (0,1,0), (0,0,1)
          epsilon = 4.3246, mu = 1
     cylinder, center = (0,0,0)
          radius 0.324265, height 0.75, axis (0, 0, 1)
          epsilon = 1, mu = 1
Geometric object tree has depth 1 and 10 object nodes (vs. 2 actual objects)
Initializing epsilon function...
16 k-points:
     (0,0,0)
     (0.1,0,0)
     (0.2,0,0)
     (0.3,0,0)
     (0.4,0,0)
     (0.5,0,0)
     (0.5,0.1,0)
     (0.5,0.2,0)
     (0.5,0.3,0)
     (0.5,0.4,0)
     (0.5,0.5,0)
     (0.4,0.4,0)
     (0.3,0.3,0)
     (0.2,0.2,0)
     (0.1,0.1,0)
     (0,0,0)
Solving for band polarization: tm.
Initializing fields to random numbers...
elapsed time for initialization: 0 seconds.
epsilon: 1-4.3246, mean 3.22638, harm. mean 2.11493, 71.3867% > 1, 66.9669% "fill"
Outputting sq-slab-maxTM-epsilon...
solve_kpoint (0,0,0):
tmfreqs:, k index, k1, k2, k3, kmag/2pi, tm band 1, tm band 2
Solving for bands 2 to 2...
    linmin: converged after 7 iterations.
    linmin: converged after 7 iterations.
    linmin: converged after 4 iterations.
    linmin: converged after 5 iterations.
    linmin: converged after 5 iterations.
    linmin: converged after 4 iterations.
    linmin: converged after 4 iterations.
    linmin: converged after 3 iterations.
    linmin: converged after 2 iterations.
    linmin: converged after 2 iterations.
    linmin: converged after 2 iterations.
    linmin: converged after 2 iterations.
    linmin: converged after 2 iterations.
    linmin: converged after 2 iterations.
    linmin: converged after 2 iterations.
Finished solving for bands 2 to 2 after 15 iterations.
tmfreqs:, 1, 0, 0, 0, 0, 0, 0.504983
elapsed time for k point: 0 seconds.
solve_kpoint (0.1,0,0):
Solving for bands 1 to 2...
    linmin: converged after 10 iterations.
    linmin: converged after 8 iterations.
    linmin: converged after 4 iterations.
    linmin: converged after 3 iterations.
    linmin: converged after 3 iterations.
    linmin: converged after 4 iterations.
    linmin: converged after 4 iterations.
    linmin: converged after 4 iterations.
    linmin: converged after 4 iterations.
    linmin: converged after 2 iterations.
    linmin: converged after 2 iterations.
    linmin: converged after 2 iterations.
    linmin: converged after 2 iterations.
    linmin: converged after 2 iterations.
    linmin: converged after 2 iterations.
    linmin: converged after 2 iterations.
    linmin: converged after 2 iterations.
Finished solving for bands 1 to 2 after 17 iterations.
tmfreqs:, 2, 0.1, 0, 0, 0.1, 0.0556255, 0.478449
elapsed time for k point: 0 seconds.
solve_kpoint (0.2,0,0):
Solving for bands 1 to 2...
    linmin: converged after 5 iterations.
    linmin: converged after 3 iterations.
    linmin: converged after 4 iterations.
    linmin: converged after 2 iterations.
    linmin: converged after 2 iterations.
    linmin: converged after 2 iterations.
Finished solving for bands 1 to 2 after 6 iterations.
tmfreqs:, 3, 0.2, 0, 0, 0.2, 0.11095, 0.433366
elapsed time for k point: 0 seconds.
solve_kpoint (0.3,0,0):
Solving for bands 1 to 2...
    linmin: converged after 4 iterations.
    linmin: converged after 4 iterations.
    linmin: converged after 2 iterations.
    linmin: converged after 2 iterations.
    linmin: converged after 2 iterations.
Finished solving for bands 1 to 2 after 5 iterations.
tmfreqs:, 4, 0.3, 0, 0, 0.3, 0.165534, 0.384351
elapsed time for k point: 0 seconds.
solve_kpoint (0.4,0,0):
Solving for bands 1 to 2...
    linmin: converged after 3 iterations.
    linmin: converged after 2 iterations.
    linmin: converged after 2 iterations.
    linmin: converged after 2 iterations.
Finished solving for bands 1 to 2 after 4 iterations.
tmfreqs:, 5, 0.4, 0, 0, 0.4, 0.218089, 0.334816
elapsed time for k point: 0 seconds.
solve_kpoint (0.5,0,0):
Solving for bands 1 to 2...
    linmin: converged after 3 iterations.
    linmin: converged after 2 iterations.
    linmin: converged after 2 iterations.
    linmin: converged after 1 iterations.
Finished solving for bands 1 to 2 after 4 iterations.
tmfreqs:, 6, 0.5, 0, 0, 0.5, 0.253887, 0.299991
elapsed time for k point: 0 seconds.
solve_kpoint (0.5,0.1,0):
Solving for bands 1 to 2...
    linmin: converged after 4 iterations.
    linmin: converged after 2 iterations.
    linmin: converged after 2 iterations.
Finished solving for bands 1 to 2 after 3 iterations.
tmfreqs:, 7, 0.5, 0.1, 0, 0.509902, 0.258854, 0.305271
elapsed time for k point: 0 seconds.
solve_kpoint (0.5,0.2,0):
Solving for bands 1 to 2...
    linmin: converged after 4 iterations.
    linmin: converged after 2 iterations.
    linmin: converged after 2 iterations.
    linmin: converged after 2 iterations.
Finished solving for bands 1 to 2 after 4 iterations.
tmfreqs:, 8, 0.5, 0.2, 0, 0.538516, 0.273169, 0.320056
elapsed time for k point: 0 seconds.
solve_kpoint (0.5,0.3,0):
Solving for bands 1 to 2...
    linmin: converged after 4 iterations.
    linmin: converged after 4 iterations.
    linmin: converged after 2 iterations.
    linmin: converged after 2 iterations.
    linmin: converged after 2 iterations.
Finished solving for bands 1 to 2 after 5 iterations.
tmfreqs:, 9, 0.5, 0.3, 0, 0.583095, 0.295305, 0.341152
elapsed time for k point: 0 seconds.
solve_kpoint (0.5,0.4,0):
Solving for bands 1 to 2...
    linmin: converged after 4 iterations.
    linmin: converged after 4 iterations.
    linmin: converged after 2 iterations.
    linmin: converged after 2 iterations.
    linmin: converged after 2 iterations.
Finished solving for bands 1 to 2 after 5 iterations.
tmfreqs:, 10, 0.5, 0.4, 0, 0.640312, 0.32298, 0.362346
elapsed time for k point: 0 seconds.
solve_kpoint (0.5,0.5,0):
Solving for bands 1 to 2...
    linmin: converged after 4 iterations.
    linmin: converged after 3 iterations.
    linmin: converged after 4 iterations.
    linmin: converged after 3 iterations.
    linmin: converged after 2 iterations.
    linmin: converged after 2 iterations.
    linmin: converged after 2 iterations.
Finished solving for bands 1 to 2 after 7 iterations.
tmfreqs:, 11, 0.5, 0.5, 0, 0.707107, 0.34566, 0.372274
elapsed time for k point: 0 seconds.
solve_kpoint (0.4,0.4,0):
Solving for bands 1 to 2...
    linmin: converged after 4 iterations.
    linmin: converged after 4 iterations.
    linmin: converged after 4 iterations.
    linmin: converged after 5 iterations.
    linmin: converged after 3 iterations.
    linmin: converged after 4 iterations.
    linmin: converged after 2 iterations.
    linmin: converged after 2 iterations.
    linmin: converged after 2 iterations.
    linmin: converged after 2 iterations.
    linmin: converged after 2 iterations.
Finished solving for bands 1 to 2 after 11 iterations.
tmfreqs:, 12, 0.4, 0.4, 0, 0.565685, 0.300644, 0.379418
elapsed time for k point: 0 seconds.
solve_kpoint (0.3,0.3,0):
Solving for bands 1 to 2...
    linmin: converged after 5 iterations.
    linmin: converged after 4 iterations.
    linmin: converged after 2 iterations.
    linmin: converged after 2 iterations.
Finished solving for bands 1 to 2 after 4 iterations.
tmfreqs:, 13, 0.3, 0.3, 0, 0.424264, 0.231558, 0.399962
elapsed time for k point: 0 seconds.
solve_kpoint (0.2,0.2,0):
Solving for bands 1 to 2...
    linmin: converged after 5 iterations.
    linmin: converged after 2 iterations.
    linmin: converged after 2 iterations.
    linmin: converged after 2 iterations.
    linmin: converged after 2 iterations.
Finished solving for bands 1 to 2 after 5 iterations.
tmfreqs:, 14, 0.2, 0.2, 0, 0.282843, 0.15629, 0.431597
elapsed time for k point: 0 seconds.
solve_kpoint (0.1,0.1,0):
Solving for bands 1 to 2...
    linmin: converged after 6 iterations.
    linmin: converged after 4 iterations.
    linmin: converged after 2 iterations.
    linmin: converged after 2 iterations.
    linmin: converged after 2 iterations.
Finished solving for bands 1 to 2 after 5 iterations.
tmfreqs:, 15, 0.1, 0.1, 0, 0.141421, 0.0785978, 0.471073
elapsed time for k point: 0 seconds.
solve_kpoint (0,0,0):
Solving for bands 2 to 2...
    linmin: converged after 4 iterations.
    linmin: converged after 3 iterations.
    linmin: converged after 4 iterations.
    linmin: converged after 2 iterations.
    linmin: converged after 2 iterations.
    linmin: converged after 2 iterations.
    linmin: converged after 2 iterations.
    linmin: converged after 2 iterations.
Finished solving for bands 2 to 2 after 8 iterations.
tmfreqs:, 16, 0, 0, 0, 0, 0, 0.504983
elapsed time for k point: 0 seconds.
Band 1 range: 0.0 at #(0.0 0.0 0.0) to 0.3456601866704328 at #(0.5 0.5 0.0)
Band 2 range: 0.2999914812072706 at #(0.5 0.0 0.0) to 0.5049828078499673 at #(0.0 0.0 0.0)
total elapsed time for run: 0 seconds.
done.
init-params: initializing eigensolver data
Computing 2 bands with 1.000000e-07 tolerance.
Working in 2 dimensions.
Grid size is 32 x 32 x 1.
Solving for 2 bands at a time.
Creating Maxwell data...
Mesh size is 7.
Lattice vectors:
     (1, 0, 0)
     (0, 1, 0)
     (0, 0, 1)
Cell volume = 1
Reciprocal lattice vectors (/ 2 pi):
     (1, -0, 0)
     (-0, 1, -0)
     (0, -0, 1)
Geometric objects:
     block, center = (0,0,0)
          size (100,100,0.75)
          axes (1,0,0), (0,1,0), (0,0,1)
          epsilon = 4.3246, mu = 1
     cylinder, center = (0,0,0)
          radius 0.509155, height 0.75, axis (0, 0, 1)
          epsilon = 1, mu = 1
Geometric object tree has depth 3 and 52 object nodes (vs. 2 actual objects)
Initializing epsilon function...
16 k-points:
     (0,0,0)
     (0.1,0,0)
     (0.2,0,0)
     (0.3,0,0)
     (0.4,0,0)
     (0.5,0,0)
     (0.5,0.1,0)
     (0.5,0.2,0)
     (0.5,0.3,0)
     (0.5,0.4,0)
     (0.5,0.5,0)
     (0.4,0.4,0)
     (0.3,0.3,0)
     (0.2,0.2,0)
     (0.1,0.1,0)
     (0,0,0)
Solving for band polarization: tm.
Initializing fields to random numbers...
elapsed time for initialization: 0 seconds.
epsilon: 1-4.3246, mean 1.63179, harm. mean 1.18747, 24.3164% > 1, 19.0036% "fill"
Outputting sq-slab-maxTM-epsilon...
solve_kpoint (0,0,0):
tmfreqs:, k index, k1, k2, k3, kmag/2pi, tm band 1, tm band 2
Solving for bands 2 to 2...
    linmin: converged after 7 iterations.
    linmin: converged after 5 iterations.
    linmin: converged after 4 iterations.
    linmin: converged after 4 iterations.
    linmin: converged after 4 iterations.
    linmin: converged after 4 iterations.
    linmin: converged after 2 iterations.
    linmin: converged after 2 iterations.
    linmin: converged after 2 iterations.
Finished solving for bands 2 to 2 after 9 iterations.
tmfreqs:, 1, 0, 0, 0, 0, 0, 0.689692
elapsed time for k point: 0 seconds.
solve_kpoint (0.1,0,0):
Solving for bands 1 to 2...
    linmin: converged after 4 iterations.
    linmin: converged after 6 iterations.
    linmin: converged after 3 iterations.
    linmin: converged after 4 iterations.
    linmin: converged after 4 iterations.
    linmin: converged after 2 iterations.
    linmin: converged after 2 iterations.
    linmin: converged after 2 iterations.
    linmin: converged after 2 iterations.
    linmin: converged after 2 iterations.
Finished solving for bands 1 to 2 after 10 iterations.
tmfreqs:, 2, 0.1, 0, 0, 0.1, 0.078136, 0.66002
elapsed time for k point: 0 seconds.
solve_kpoint (0.2,0,0):
Solving for bands 1 to 2...
    linmin: converged after 4 iterations.
    linmin: converged after 3 iterations.
    linmin: converged after 4 iterations.
    linmin: converged after 2 iterations.
    linmin: converged after 2 iterations.
    linmin: converged after 2 iterations.
Finished solving for bands 1 to 2 after 6 iterations.
tmfreqs:, 3, 0.2, 0, 0, 0.2, 0.155313, 0.606078
elapsed time for k point: 0 seconds.
solve_kpoint (0.3,0,0):
Solving for bands 1 to 2...
    linmin: converged after 4 iterations.
    linmin: converged after 4 iterations.
    linmin: converged after 2 iterations.
    linmin: converged after 2 iterations.
    linmin: converged after 1 iterations.
Finished solving for bands 1 to 2 after 5 iterations.
tmfreqs:, 4, 0.3, 0, 0, 0.3, 0.230008, 0.545387
elapsed time for k point: 0 seconds.
solve_kpoint (0.4,0,0):
Solving for bands 1 to 2...
    linmin: converged after 4 iterations.
    linmin: converged after 4 iterations.
    linmin: converged after 2 iterations.
    linmin: converged after 2 iterations.
Finished solving for bands 1 to 2 after 4 iterations.
tmfreqs:, 5, 0.4, 0, 0, 0.4, 0.297804, 0.485421
elapsed time for k point: 0 seconds.
solve_kpoint (0.5,0,0):
Solving for bands 1 to 2...
    linmin: converged after 4 iterations.
    linmin: converged after 4 iterations.
    linmin: converged after 2 iterations.
    linmin: converged after 2 iterations.
Finished solving for bands 1 to 2 after 4 iterations.
tmfreqs:, 6, 0.5, 0, 0, 0.5, 0.334822, 0.450944
elapsed time for k point: 0 seconds.
solve_kpoint (0.5,0.1,0):
Solving for bands 1 to 2...
    linmin: converged after 4 iterations.
    linmin: converged after 2 iterations.
    linmin: converged after 2 iterations.
    linmin: converged after 2 iterations.
Finished solving for bands 1 to 2 after 4 iterations.
tmfreqs:, 7, 0.5, 0.1, 0, 0.509902, 0.340626, 0.459383
elapsed time for k point: 0 seconds.
solve_kpoint (0.5,0.2,0):
Solving for bands 1 to 2...
    linmin: converged after 4 iterations.
    linmin: converged after 2 iterations.
    linmin: converged after 2 iterations.
    linmin: converged after 2 iterations.
Finished solving for bands 1 to 2 after 4 iterations.
tmfreqs:, 8, 0.5, 0.2, 0, 0.538516, 0.356826, 0.483419
elapsed time for k point: 0 seconds.
solve_kpoint (0.5,0.3,0):
Solving for bands 1 to 2...
    linmin: converged after 4 iterations.
    linmin: converged after 2 iterations.
    linmin: converged after 2 iterations.
    linmin: converged after 2 iterations.
    linmin: converged after 2 iterations.
Finished solving for bands 1 to 2 after 5 iterations.
tmfreqs:, 9, 0.5, 0.3, 0, 0.583095, 0.379754, 0.519347
elapsed time for k point: 0 seconds.
solve_kpoint (0.5,0.4,0):
Solving for bands 1 to 2...
    linmin: converged after 4 iterations.
    linmin: converged after 4 iterations.
    linmin: converged after 2 iterations.
    linmin: converged after 2 iterations.
    linmin: converged after 2 iterations.
Finished solving for bands 1 to 2 after 5 iterations.
tmfreqs:, 10, 0.5, 0.4, 0, 0.640312, 0.402423, 0.559794
elapsed time for k point: 0 seconds.
solve_kpoint (0.5,0.5,0):
Solving for bands 1 to 2...
    linmin: converged after 4 iterations.
    linmin: converged after 3 iterations.
    linmin: converged after 4 iterations.
    linmin: converged after 2 iterations.
    linmin: converged after 2 iterations.
    linmin: converged after 2 iterations.
Finished solving for bands 1 to 2 after 6 iterations.
tmfreqs:, 11, 0.5, 0.5, 0, 0.707107, 0.412827, 0.582875
elapsed time for k point: 0 seconds.
solve_kpoint (0.4,0.4,0):
Solving for bands 1 to 2...
    linmin: converged after 3 iterations.
    linmin: converged after 3 iterations.
    linmin: converged after 4 iterations.
    linmin: converged after 4 iterations.
    linmin: converged after 3 iterations.
    linmin: converged after 2 iterations.
    linmin: converged after 2 iterations.
    linmin: converged after 2 iterations.
    linmin: converged after 2 iterations.
    linmin: converged after 2 iterations.
Finished solving for bands 1 to 2 after 10 iterations.
tmfreqs:, 12, 0.4, 0.4, 0, 0.565685, 0.388397, 0.563846
elapsed time for k point: 0 seconds.
solve_kpoint (0.3,0.3,0):
Solving for bands 1 to 2...
    linmin: converged after 3 iterations.
    linmin: converged after 4 iterations.
    linmin: converged after 2 iterations.
    linmin: converged after 2 iterations.
    linmin: converged after 2 iterations.
Finished solving for bands 1 to 2 after 5 iterations.
tmfreqs:, 13, 0.3, 0.3, 0, 0.424264, 0.315836, 0.566918
elapsed time for k point: 0 seconds.
solve_kpoint (0.2,0.2,0):
Solving for bands 1 to 2...
    linmin: converged after 4 iterations.
    linmin: converged after 4 iterations.
    linmin: converged after 2 iterations.
    linmin: converged after 2 iterations.
    linmin: converged after 2 iterations.
Finished solving for bands 1 to 2 after 5 iterations.
tmfreqs:, 14, 0.2, 0.2, 0, 0.282843, 0.21759, 0.600132
elapsed time for k point: 0 seconds.
solve_kpoint (0.1,0.1,0):
Solving for bands 1 to 2...
    linmin: converged after 5 iterations.
    linmin: converged after 4 iterations.
    linmin: converged after 4 iterations.
    linmin: converged after 2 iterations.
    linmin: converged after 2 iterations.
Finished solving for bands 1 to 2 after 5 iterations.
tmfreqs:, 15, 0.1, 0.1, 0, 0.141421, 0.110285, 0.648833
elapsed time for k point: 0 seconds.
solve_kpoint (0,0,0):
Solving for bands 2 to 2...
    linmin: converged after 4 iterations.
    linmin: converged after 5 iterations.
    linmin: converged after 4 iterations.
    linmin: converged after 2 iterations.
    linmin: converged after 2 iterations.
    linmin: converged after 2 iterations.
Finished solving for bands 2 to 2 after 6 iterations.
tmfreqs:, 16, 0, 0, 0, 0, 0, 0.689692
elapsed time for k point: 0 seconds.
Band 1 range: 0.0 at #(0.0 0.0 0.0) to 0.4128265329231007 at #(0.5 0.5 0.0)
Band 2 range: 0.4509439514851474 at #(0.5 0.0 0.0) to 0.6896921640692409 at #(0.0 0.0 0.0)
Gap from band 1 (0.4128265329231007) to band 2 (0.4509439514851474), 8.825821036976086%
total elapsed time for run: 0 seconds.
done.
init-params: initializing eigensolver data
Computing 2 bands with 1.000000e-07 tolerance.
Working in 2 dimensions.
Grid size is 32 x 32 x 1.
Solving for 2 bands at a time.
Creating Maxwell data...
Mesh size is 7.
Lattice vectors:
     (1, 0, 0)
     (0, 1, 0)
     (0, 0, 1)
Cell volume = 1
Reciprocal lattice vectors (/ 2 pi):
     (1, -0, 0)
     (-0, 1, -0)
     (0, -0, 1)
Geometric objects:
     block, center = (0,0,0)
          size (100,100,0.75)
          axes (1,0,0), (0,1,0), (0,0,1)
          epsilon = 4.3246, mu = 1
     cylinder, center = (0,0,0)
          radius 0.577136, height 0.75, axis (0, 0, 1)
          epsilon = 1, mu = 1
Geometric object tree has depth 3 and 52 object nodes (vs. 2 actual objects)
Initializing epsilon function...
16 k-points:
     (0,0,0)
     (0.1,0,0)
     (0.2,0,0)
     (0.3,0,0)
     (0.4,0,0)
     (0.5,0,0)
     (0.5,0.1,0)
     (0.5,0.2,0)
     (0.5,0.3,0)
     (0.5,0.4,0)
     (0.5,0.5,0)
     (0.4,0.4,0)
     (0.3,0.3,0)
     (0.2,0.2,0)
     (0.1,0.1,0)
     (0,0,0)
Solving for band polarization: tm.
Initializing fields to random numbers...
elapsed time for initialization: 0 seconds.
epsilon: 1-4.3246, mean 1.2452, harm. mean 1.06669, 9.86328% > 1, 7.37547% "fill"
Outputting sq-slab-maxTM-epsilon...
solve_kpoint (0,0,0):
tmfreqs:, k index, k1, k2, k3, kmag/2pi, tm band 1, tm band 2
Solving for bands 2 to 2...
    linmin: converged after 7 iterations.
    linmin: converged after 6 iterations.
    linmin: converged after 3 iterations.
    linmin: converged after 4 iterations.
    linmin: converged after 2 iterations.
    linmin: converged after 2 iterations.
    linmin: converged after 2 iterations.
    linmin: converged after 2 iterations.
Finished solving for bands 2 to 2 after 8 iterations.
tmfreqs:, 1, 0, 0, 0, 0, 0, 0.730651
elapsed time for k point: 0 seconds.
solve_kpoint (0.1,0,0):
Solving for bands 1 to 2...
    linmin: converged after 4 iterations.
    linmin: converged after 4 iterations.
    linmin: converged after 4 iterations.
    linmin: converged after 2 iterations.
    linmin: converged after 2 iterations.
    linmin: converged after 2 iterations.
Finished solving for bands 1 to 2 after 6 iterations.
tmfreqs:, 2, 0.1, 0, 0, 0.1, 0.0895237, 0.717249
elapsed time for k point: 0 seconds.
solve_kpoint (0.2,0,0):
Solving for bands 1 to 2...
    linmin: converged after 4 iterations.
    linmin: converged after 3 iterations.
    linmin: converged after 2 iterations.
    linmin: converged after 2 iterations.
    linmin: converged after 2 iterations.
Finished solving for bands 1 to 2 after 5 iterations.
tmfreqs:, 3, 0.2, 0, 0, 0.2, 0.178448, 0.67567
elapsed time for k point: 0 seconds.
solve_kpoint (0.3,0,0):
Solving for bands 1 to 2...
    linmin: converged after 4 iterations.
    linmin: converged after 4 iterations.
    linmin: converged after 2 iterations.
    linmin: converged after 2 iterations.
    linmin: converged after 2 iterations.
Finished solving for bands 1 to 2 after 5 iterations.
tmfreqs:, 4, 0.3, 0, 0, 0.3, 0.265797, 0.612504
elapsed time for k point: 0 seconds.
solve_kpoint (0.4,0,0):
Solving for bands 1 to 2...
    linmin: converged after 4 iterations.
    linmin: converged after 4 iterations.
    linmin: converged after 2 iterations.
    linmin: converged after 2 iterations.
Finished solving for bands 1 to 2 after 4 iterations.
tmfreqs:, 5, 0.4, 0, 0, 0.4, 0.348537, 0.540819
elapsed time for k point: 0 seconds.
solve_kpoint (0.5,0,0):
Solving for bands 1 to 2...
    linmin: converged after 4 iterations.
    linmin: converged after 2 iterations.
    linmin: converged after 2 iterations.
    linmin: converged after 2 iterations.
Finished solving for bands 1 to 2 after 4 iterations.
tmfreqs:, 6, 0.5, 0, 0, 0.5, 0.400703, 0.491873
elapsed time for k point: 0 seconds.
solve_kpoint (0.5,0.1,0):
Solving for bands 1 to 2...
    linmin: converged after 4 iterations.
    linmin: converged after 2 iterations.
    linmin: converged after 2 iterations.
Finished solving for bands 1 to 2 after 3 iterations.
tmfreqs:, 7, 0.5, 0.1, 0, 0.509902, 0.407759, 0.501567
elapsed time for k point: 0 seconds.
solve_kpoint (0.5,0.2,0):
Solving for bands 1 to 2...
    linmin: converged after 4 iterations.
    linmin: converged after 2 iterations.
    linmin: converged after 2 iterations.
    linmin: converged after 2 iterations.
Finished solving for bands 1 to 2 after 4 iterations.
tmfreqs:, 8, 0.5, 0.2, 0, 0.538516, 0.427528, 0.529554
elapsed time for k point: 0 seconds.
solve_kpoint (0.5,0.3,0):
Solving for bands 1 to 2...
    linmin: converged after 4 iterations.
    linmin: converged after 2 iterations.
    linmin: converged after 2 iterations.
    linmin: converged after 2 iterations.
Finished solving for bands 1 to 2 after 4 iterations.
tmfreqs:, 9, 0.5, 0.3, 0, 0.583095, 0.455778, 0.573049
elapsed time for k point: 0 seconds.
solve_kpoint (0.5,0.4,0):
Solving for bands 1 to 2...
    linmin: converged after 4 iterations.
    linmin: converged after 4 iterations.
    linmin: converged after 2 iterations.
    linmin: converged after 2 iterations.
    linmin: converged after 2 iterations.
Finished solving for bands 1 to 2 after 5 iterations.
tmfreqs:, 10, 0.5, 0.4, 0, 0.640312, 0.484261, 0.628466
elapsed time for k point: 0 seconds.
solve_kpoint (0.5,0.5,0):
Solving for bands 1 to 2...
    linmin: converged after 4 iterations.
    linmin: converged after 3 iterations.
    linmin: converged after 6 iterations.
    linmin: converged after 3 iterations.
    linmin: converged after 2 iterations.
    linmin: converged after 2 iterations.
    linmin: converged after 2 iterations.
    linmin: converged after 2 iterations.
    linmin: converged after 2 iterations.
Finished solving for bands 1 to 2 after 9 iterations.
tmfreqs:, 11, 0.5, 0.5, 0, 0.707107, 0.497669, 0.682584
elapsed time for k point: 0 seconds.
solve_kpoint (0.4,0.4,0):
Solving for bands 1 to 2...
    linmin: converged after 4 iterations.
    linmin: converged after 4 iterations.
    linmin: converged after 4 iterations.
    linmin: converged after 4 iterations.
    linmin: converged after 3 iterations.
    linmin: converged after 2 iterations.
    linmin: converged after 2 iterations.
    linmin: converged after 2 iterations.
    linmin: converged after 2 iterations.
    linmin: converged after 2 iterations.
Finished solving for bands 1 to 2 after 10 iterations.
tmfreqs:, 12, 0.4, 0.4, 0, 0.565685, 0.464355, 0.628107
elapsed time for k point: 0 seconds.
solve_kpoint (0.3,0.3,0):
Solving for bands 1 to 2...
    linmin: converged after 4 iterations.
    linmin: converged after 4 iterations.
    linmin: converged after 2 iterations.
    linmin: converged after 2 iterations.
    linmin: converged after 2 iterations.
Finished solving for bands 1 to 2 after 5 iterations.
tmfreqs:, 13, 0.3, 0.3, 0, 0.424264, 0.369357, 0.630862
elapsed time for k point: 1 seconds.
solve_kpoint (0.2,0.2,0):
Solving for bands 1 to 2...
    linmin: converged after 3 iterations.
    linmin: converged after 4 iterations.
    linmin: converged after 2 iterations.
    linmin: converged after 2 iterations.
    linmin: converged after 2 iterations.
Finished solving for bands 1 to 2 after 5 iterations.
tmfreqs:, 14, 0.2, 0.2, 0, 0.282843, 0.25105, 0.666043
elapsed time for k point: 0 seconds.
solve_kpoint (0.1,0.1,0):
Solving for bands 1 to 2...
    linmin: converged after 4 iterations.
    linmin: converged after 3 iterations.
    linmin: converged after 2 iterations.
    linmin: converged after 2 iterations.
    linmin: converged after 2 iterations.
Finished solving for bands 1 to 2 after 5 iterations.
tmfreqs:, 15, 0.1, 0.1, 0, 0.141421, 0.126471, 0.708481
elapsed time for k point: 0 seconds.
solve_kpoint (0,0,0):
Solving for bands 2 to 2...
    linmin: converged after 4 iterations.
    linmin: converged after 3 iterations.
    linmin: converged after 2 iterations.
    linmin: converged after 2 iterations.
    linmin: converged after 2 iterations.
Finished solving for bands 2 to 2 after 5 iterations.
tmfreqs:, 16, 0, 0, 0, 0, 0, 0.730651
elapsed time for k point: 0 seconds.
Band 1 range: 0.0 at #(0.0 0.0 0.0) to 0.49766858378581724 at #(0.5 0.5 0.0)
Band 2 range: 0.49187269394773075 at #(0.5 0.0 0.0) to 0.7306506748698514 at #(0.0 0.0 0.0)
total elapsed time for run: 1 seconds.
done.
radius at maximum: 0.5091545817563599
gap size at maximum: 8.825821036976086
