init-params: initializing eigensolver data
Computing 7 bands with 1.000000e-07 tolerance.
Working in 2 dimensions.
Grid size is 32 x 32 x 1.
Solving for 7 bands at a time.
Creating Maxwell data...
Mesh size is 7.
Lattice vectors:
     (0.866025, 0.5, 0)
     (0.866025, -0.5, 0)
     (0, 0, 1)
Cell volume = 0.866025
Reciprocal lattice vectors (/ 2 pi):
     (0.57735, 1, -0)
     (0.57735, -1, 0)
     (-0, 0, 1)
Geometric objects:
     block, center = (0,0,0)
          size (100,100,0.75)
          axes (1,0,0), (0,1,0), (0,0,1)
          epsilon = 4.3246, mu = 1
     cylinder, center = (0.166667,0.166667,0)
          radius 0.55, height 0.75, axis (0, 0, 1)
          epsilon = 1, mu = 1
     cylinder, center = (-0.166667,-0.166667,0)
          radius 0.55, height 0.75, axis (0, 0, 1)
          epsilon = 1, mu = 1
Geometric object tree has depth 3 and 54 object nodes (vs. 3 actual objects)
Initializing epsilon function...
Allocating fields...
16 k-points:
     (0,0,0)
     (0,0.1,0)
     (0,0.2,0)
     (0,0.3,0)
     (0,0.4,0)
     (0,0.5,0)
     (-0.0666667,0.466667,0)
     (-0.133333,0.433333,0)
     (-0.2,0.4,0)
     (-0.266667,0.366667,0)
     (-0.333333,0.333333,0)
     (-0.266667,0.266667,0)
     (-0.2,0.2,0)
     (-0.133333,0.133333,0)
     (-0.0666667,0.0666667,0)
     (0,0,0)
Solving for band polarization: tm.
Initializing fields to random numbers...
elapsed time for initialization: 0 seconds.
epsilon: 1-4.3246, mean 1.01167, harm. mean 1.00419, 0.78125% > 1, 0.351086% "fill"
Outputting honey-slab-maxTM-epsilon...
solve_kpoint (0,0,0):
tmfreqs:, k index, k1, k2, k3, kmag/2pi, tm band 1, tm band 2, tm band 3, tm band 4, tm band 5, tm band 6, tm band 7
Solving for bands 2 to 7...
    linmin: converged after 8 iterations.
    linmin: converged after 6 iterations.
    linmin: converged after 5 iterations.
    linmin: converged after 6 iterations.
    linmin: converged after 4 iterations.
    linmin: converged after 2 iterations.
    linmin: converged after 2 iterations.
    linmin: converged after 2 iterations.
Finished solving for bands 2 to 7 after 8 iterations.
tmfreqs:, 1, 0, 0, 0, 0, 0, 1.11242, 1.15427, 1.15437, 1.1547, 1.1547, 1.1547
elapsed time for k point: 0 seconds.
solve_kpoint (0,0.1,0):
Solving for bands 1 to 7...
    linmin: converged after 3 iterations.
    linmin: converged after 2 iterations.
    linmin: converged after 2 iterations.
    linmin: converged after 2 iterations.
Finished solving for bands 1 to 7 after 4 iterations.
tmfreqs:, 2, 0, 0.1, 0, 0.11547, 0.114801, 1.0303, 1.08778, 1.10132, 1.20204, 1.21634, 1.2644
elapsed time for k point: 0 seconds.
solve_kpoint (0,0.2,0):
Solving for bands 1 to 7...
    linmin: converged after 4 iterations.
    linmin: converged after 2 iterations.
    linmin: converged after 2 iterations.
    linmin: converged after 2 iterations.
Finished solving for bands 1 to 7 after 4 iterations.
tmfreqs:, 3, 0, 0.2, 0, 0.23094, 0.229594, 0.917344, 1.045, 1.05812, 1.26923, 1.28559, 1.37797
elapsed time for k point: 0 seconds.
solve_kpoint (0,0.3,0):
Solving for bands 1 to 7...
    linmin: converged after 4 iterations.
    linmin: converged after 4 iterations.
    linmin: converged after 2 iterations.
    linmin: converged after 2 iterations.
    linmin: converged after 2 iterations.
    linmin: converged after 2 iterations.
Finished solving for bands 1 to 7 after 6 iterations.
tmfreqs:, 4, 0, 0.3, 0, 0.34641, 0.34437, 0.803107, 1.01351, 1.02614, 1.34279, 1.36113, 1.49153
elapsed time for k point: 0 seconds.
solve_kpoint (0,0.4,0):
Solving for bands 1 to 7...
    linmin: converged after 3 iterations.
    linmin: converged after 4 iterations.
    linmin: converged after 5 iterations.
    linmin: converged after 3 iterations.
    linmin: converged after 3 iterations.
    linmin: converged after 2 iterations.
    linmin: converged after 2 iterations.
    linmin: converged after 2 iterations.
    linmin: converged after 2 iterations.
    linmin: converged after 2 iterations.
    linmin: converged after 2 iterations.
    linmin: converged after 2 iterations.
Finished solving for bands 1 to 7 after 12 iterations.
tmfreqs:, 5, 0, 0.4, 0, 0.46188, 0.459105, 0.688592, 0.994146, 1.00647, 1.42064, 1.44196, 1.58684
elapsed time for k point: 0 seconds.
solve_kpoint (0,0.5,0):
Solving for bands 1 to 7...
    linmin: converged after 5 iterations.
    linmin: converged after 4 iterations.
    linmin: converged after 4 iterations.
    linmin: converged after 4 iterations.
    linmin: converged after 2 iterations.
    linmin: converged after 2 iterations.
    linmin: converged after 2 iterations.
    linmin: converged after 2 iterations.
    linmin: converged after 3 iterations.
    linmin: converged after 4 iterations.
    linmin: converged after 5 iterations.
    linmin: converged after 3 iterations.
    linmin: converged after 2 iterations.
    linmin: converged after 2 iterations.
    linmin: converged after 2 iterations.
Finished solving for bands 1 to 7 after 15 iterations.
tmfreqs:, 6, 0, 0.5, 0, 0.57735, 0.57044, 0.577321, 0.987604, 0.999826, 1.48544, 1.52686, 1.52702
elapsed time for k point: 0 seconds.
solve_kpoint (-0.0666667,0.466667,0):
Solving for bands 1 to 7...
    linmin: converged after 7 iterations.
    linmin: converged after 4 iterations.
    linmin: converged after 4 iterations.
    linmin: converged after 4 iterations.
    linmin: converged after 4 iterations.
    linmin: converged after 2 iterations.
    linmin: converged after 2 iterations.
    linmin: converged after 2 iterations.
    linmin: converged after 2 iterations.
    linmin: converged after 2 iterations.
    linmin: converged after 2 iterations.
    linmin: converged after 2 iterations.
Finished solving for bands 1 to 7 after 12 iterations.
tmfreqs:, 7, -0.0666667, 0.466667, 0, 0.581187, 0.574222, 0.581157, 0.927327, 1.06005, 1.45994, 1.48442, 1.5538
elapsed time for k point: 0 seconds.
solve_kpoint (-0.133333,0.433333,0):
Solving for bands 1 to 7...
    linmin: converged after 2 iterations.
    linmin: converged after 4 iterations.
    linmin: converged after 2 iterations.
    linmin: converged after 2 iterations.
    linmin: converged after 2 iterations.
    linmin: converged after 2 iterations.
Finished solving for bands 1 to 7 after 6 iterations.
tmfreqs:, 8, -0.133333, 0.433333, 0, 0.592546, 0.585418, 0.592516, 0.861335, 1.12588, 1.42246, 1.44346, 1.59508
elapsed time for k point: 0 seconds.
solve_kpoint (-0.2,0.4,0):
Solving for bands 1 to 7...
    linmin: converged after 3 iterations.
    linmin: converged after 4 iterations.
    linmin: converged after 4 iterations.
    linmin: converged after 2 iterations.
    linmin: converged after 2 iterations.
    linmin: converged after 2 iterations.
    linmin: converged after 2 iterations.
Finished solving for bands 1 to 7 after 7 iterations.
tmfreqs:, 9, -0.2, 0.4, 0, 0.61101, 0.603599, 0.610979, 0.795246, 1.19162, 1.38544, 1.40446, 1.63766
elapsed time for k point: 0 seconds.
solve_kpoint (-0.266667,0.366667,0):
Solving for bands 1 to 7...
    linmin: converged after 3 iterations.
    linmin: converged after 4 iterations.
    linmin: converged after 4 iterations.
    linmin: converged after 4 iterations.
    linmin: converged after 4 iterations.
    linmin: converged after 2 iterations.
    linmin: converged after 2 iterations.
    linmin: converged after 2 iterations.
Finished solving for bands 1 to 7 after 8 iterations.
tmfreqs:, 10, -0.266667, 0.366667, 0, 0.635959, 0.628079, 0.635927, 0.729209, 1.25673, 1.35063, 1.3676, 1.67706
elapsed time for k point: 0 seconds.
solve_kpoint (-0.333333,0.333333,0):
Solving for bands 1 to 7...
    linmin: converged after 5 iterations.
    linmin: converged after 4 iterations.
    linmin: converged after 4 iterations.
    linmin: converged after 2 iterations.
    linmin: converged after 2 iterations.
    linmin: converged after 2 iterations.
    linmin: converged after 2 iterations.
    linmin: converged after 2 iterations.
Finished solving for bands 1 to 7 after 8 iterations.
tmfreqs:, 11, -0.333333, 0.333333, 0, 0.666667, 0.654752, 0.666626, 0.666635, 1.30659, 1.333, 1.33307, 1.69851
elapsed time for k point: 0 seconds.
solve_kpoint (-0.266667,0.266667,0):
Solving for bands 1 to 7...
    linmin: converged after 5 iterations.
    linmin: converged after 3 iterations.
    linmin: converged after 4 iterations.
    linmin: converged after 4 iterations.
    linmin: converged after 2 iterations.
    linmin: converged after 2 iterations.
    linmin: converged after 2 iterations.
    linmin: converged after 2 iterations.
Finished solving for bands 1 to 7 after 8 iterations.
tmfreqs:, 12, -0.266667, 0.266667, 0, 0.533333, 0.530063, 0.733514, 0.742323, 1.25457, 1.2716, 1.45609, 1.61436
elapsed time for k point: 0 seconds.
solve_kpoint (-0.2,0.2,0):
Solving for bands 1 to 7...
    linmin: converged after 4 iterations.
    linmin: converged after 4 iterations.
    linmin: converged after 2 iterations.
    linmin: converged after 2 iterations.
    linmin: converged after 2 iterations.
    linmin: converged after 2 iterations.
Finished solving for bands 1 to 7 after 6 iterations.
tmfreqs:, 13, -0.2, 0.2, 0, 0.4, 0.397627, 0.822382, 0.832615, 1.20602, 1.22172, 1.49226, 1.59056
elapsed time for k point: 0 seconds.
solve_kpoint (-0.133333,0.133333,0):
Solving for bands 1 to 7...
    linmin: converged after 4 iterations.
    linmin: converged after 4 iterations.
    linmin: converged after 4 iterations.
    linmin: converged after 2 iterations.
    linmin: converged after 2 iterations.
    linmin: converged after 9 iterations.
    linmin: converged after 3 iterations.
    linmin: converged after 3 iterations.
    linmin: converged after 3 iterations.
    linmin: converged after 3 iterations.
    linmin: converged after 3 iterations.
    linmin: converged after 3 iterations.
    linmin: converged after 3 iterations.
    linmin: converged after 3 iterations.
    linmin: converged after 3 iterations.
    linmin: converged after 2 iterations.
    linmin: converged after 2 iterations.
    linmin: converged after 2 iterations.
    linmin: converged after 2 iterations.
    linmin: converged after 2 iterations.
    linmin: converged after 2 iterations.
    linmin: converged after 2 iterations.
    linmin: converged after 2 iterations.
    linmin: converged after 2 iterations.
    linmin: converged after 2 iterations.
    linmin: converged after 2 iterations.
    linmin: converged after 2 iterations.
    linmin: converged after 2 iterations.
    linmin: converged after 2 iterations.
    linmin: converged after 2 iterations.
    linmin: converged after 2 iterations.
    linmin: converged after 2 iterations.
    linmin: converged after 2 iterations.
    linmin: converged after 2 iterations.
    linmin: converged after 2 iterations.
    linmin: converged after 2 iterations.
    linmin: converged after 2 iterations.
    linmin: converged after 2 iterations.
    linmin: converged after 2 iterations.
    linmin: converged after 2 iterations.
    linmin: converged after 2 iterations.
    linmin: converged after 2 iterations.
    linmin: converged after 2 iterations.
    linmin: converged after 2 iterations.
    linmin: converged after 2 iterations.
    linmin: converged after 2 iterations.
    linmin: converged after 2 iterations.
    linmin: converged after 2 iterations.
    linmin: converged after 2 iterations.
    linmin: converged after 2 iterations.
    linmin: converged after 2 iterations.
    linmin: converged after 2 iterations.
    linmin: converged after 2 iterations.
    linmin: converged after 2 iterations.
    linmin: converged after 2 iterations.
    linmin: converged after 2 iterations.
    linmin: converged after 2 iterations.
    linmin: converged after 3 iterations.
    linmin: converged after 3 iterations.
    linmin: converged after 3 iterations.
    linmin: converged after 3 iterations.
    linmin: converged after 3 iterations.
    linmin: converged after 3 iterations.
    linmin: converged after 3 iterations.
    linmin: converged after 7 iterations.
    linmin: converged after 4 iterations.
    linmin: converged after 3 iterations.
    linmin: converged after 4 iterations.
    linmin: converged after 2 iterations.
    linmin: converged after 2 iterations.
    linmin: converged after 2 iterations.
Finished solving for bands 1 to 7 after 76 iterations.
tmfreqs:, 14, -0.133333, 0.133333, 0, 0.266667, 0.265108, 0.92125, 0.933276, 1.16993, 1.1848, 1.37483, 1.39195
elapsed time for k point: 1 seconds.
solve_kpoint (-0.0666667,0.0666667,0):
Solving for bands 1 to 7...
    linmin: converged after 3 iterations.
    linmin: converged after 2 iterations.
    linmin: converged after 2 iterations.
Finished solving for bands 1 to 7 after 4 iterations.
tmfreqs:, 15, -0.0666667, 0.0666667, 0, 0.133333, 0.13256, 1.02634, 1.0413, 1.14797, 1.16209, 1.25831, 1.27184
elapsed time for k point: 0 seconds.
solve_kpoint (0,0,0):
Solving for bands 2 to 7...
    linmin: converged after 4 iterations.
    linmin: converged after 2 iterations.
    linmin: converged after 2 iterations.
Finished solving for bands 2 to 7 after 3 iterations.
tmfreqs:, 16, 0, 0, 0, 0, 0, 1.11242, 1.15427, 1.15437, 1.1547, 1.1547, 1.1547
elapsed time for k point: 0 seconds.
Band 1 range: 0.0 at #(0.0 0.0 0.0) to 0.6547521432141581 at #(-0.3333333333333333 0.3333333333333333 0.0)
Band 2 range: 0.5773208717955185 at #(0.0 0.5 0.0) to 1.1124174410416694 at #(0.0 0.0 0.0)
Band 3 range: 0.6666348583540531 at #(-0.3333333333333333 0.3333333333333333 0.0) to 1.1542738143641833 at #(0.0 0.0 0.0)
Band 4 range: 0.9998261224950837 at #(0.0 0.5 0.0) to 1.306594362739636 at #(-0.3333333333333333 0.3333333333333333 0.0)
Band 5 range: 1.1546991817904748 at #(0.0 0.0 0.0) to 1.4854390494074712 at #(0.0 0.5 0.0)
Band 6 range: 1.1546995056968368 at #(0.0 0.0 0.0) to 1.5268617613059778 at #(0.0 0.5 0.0)
Band 7 range: 1.1547005383741995 at #(0.0 0.0 0.0) to 1.698507684956823 at #(-0.3333333333333333 0.3333333333333333 0.0)
total elapsed time for run: 1 seconds.
done.
init-params: initializing eigensolver data
Computing 7 bands with 1.000000e-07 tolerance.
Working in 2 dimensions.
Grid size is 32 x 32 x 1.
Solving for 7 bands at a time.
Creating Maxwell data...
Mesh size is 7.
Lattice vectors:
     (0.866025, 0.5, 0)
     (0.866025, -0.5, 0)
     (0, 0, 1)
Cell volume = 0.866025
Reciprocal lattice vectors (/ 2 pi):
     (0.57735, 1, -0)
     (0.57735, -1, 0)
     (-0, 0, 1)
Geometric objects:
     block, center = (0,0,0)
          size (100,100,0.75)
          axes (1,0,0), (0,1,0), (0,0,1)
          epsilon = 4.3246, mu = 1
     cylinder, center = (0.166667,0.166667,0)
          radius 0.378115, height 0.75, axis (0, 0, 1)
          epsilon = 1, mu = 1
     cylinder, center = (-0.166667,-0.166667,0)
          radius 0.378115, height 0.75, axis (0, 0, 1)
          epsilon = 1, mu = 1
Geometric object tree has depth 3 and 49 object nodes (vs. 3 actual objects)
Initializing epsilon function...
16 k-points:
     (0,0,0)
     (0,0.1,0)
     (0,0.2,0)
     (0,0.3,0)
     (0,0.4,0)
     (0,0.5,0)
     (-0.0666667,0.466667,0)
     (-0.133333,0.433333,0)
     (-0.2,0.4,0)
     (-0.266667,0.366667,0)
     (-0.333333,0.333333,0)
     (-0.266667,0.266667,0)
     (-0.2,0.2,0)
     (-0.133333,0.133333,0)
     (-0.0666667,0.0666667,0)
     (0,0,0)
Solving for band polarization: tm.
Initializing fields to random numbers...
elapsed time for initialization: 0 seconds.
epsilon: 1-4.3246, mean 1.56431, harm. mean 1.16198, 20.4102% > 1, 16.9738% "fill"
Outputting honey-slab-maxTM-epsilon...
solve_kpoint (0,0,0):
tmfreqs:, k index, k1, k2, k3, kmag/2pi, tm band 1, tm band 2, tm band 3, tm band 4, tm band 5, tm band 6, tm band 7
Solving for bands 2 to 7...
    linmin: converged after 8 iterations.
    linmin: converged after 5 iterations.
    linmin: converged after 5 iterations.
    linmin: converged after 5 iterations.
    linmin: converged after 4 iterations.
    linmin: converged after 4 iterations.
    linmin: converged after 2 iterations.
    linmin: converged after 2 iterations.
    linmin: converged after 2 iterations.
    linmin: converged after 2 iterations.
Finished solving for bands 2 to 7 after 10 iterations.
tmfreqs:, 1, 0, 0, 0, 0, 0, 0.756622, 0.816038, 0.816261, 1.0711, 1.07127, 1.1498
elapsed time for k point: 0 seconds.
solve_kpoint (0,0.1,0):
Solving for bands 1 to 7...
    linmin: converged after 3 iterations.
    linmin: converged after 3 iterations.
    linmin: converged after 2 iterations.
    linmin: converged after 2 iterations.
    linmin: converged after 2 iterations.
    linmin: converged after 2 iterations.
Finished solving for bands 1 to 7 after 6 iterations.
tmfreqs:, 2, 0, 0.1, 0, 0.11547, 0.0921163, 0.727801, 0.811826, 0.840587, 1.03452, 1.0806, 1.19387
elapsed time for k point: 0 seconds.
solve_kpoint (0,0.2,0):
Solving for bands 1 to 7...
    linmin: converged after 4 iterations.
    linmin: converged after 4 iterations.
    linmin: converged after 4 iterations.
    linmin: converged after 4 iterations.
    linmin: converged after 4 iterations.
    linmin: converged after 2 iterations.
    linmin: converged after 2 iterations.
    linmin: converged after 2 iterations.
Finished solving for bands 1 to 7 after 8 iterations.
tmfreqs:, 3, 0, 0.2, 0, 0.23094, 0.182877, 0.677938, 0.801255, 0.869583, 0.995254, 1.10636, 1.2605
elapsed time for k point: 0 seconds.
solve_kpoint (0,0.3,0):
Solving for bands 1 to 7...
    linmin: converged after 4 iterations.
    linmin: converged after 4 iterations.
    linmin: converged after 5 iterations.
    linmin: converged after 5 iterations.
    linmin: converged after 5 iterations.
    linmin: converged after 3 iterations.
    linmin: converged after 2 iterations.
    linmin: converged after 2 iterations.
    linmin: converged after 2 iterations.
    linmin: converged after 2 iterations.
    linmin: converged after 2 iterations.
    linmin: converged after 2 iterations.
    linmin: converged after 2 iterations.
Finished solving for bands 1 to 7 after 13 iterations.
tmfreqs:, 4, 0, 0.3, 0, 0.34641, 0.270119, 0.621003, 0.789574, 0.869501, 0.99736, 1.14321, 1.27413
elapsed time for k point: 0 seconds.
solve_kpoint (0,0.4,0):
Solving for bands 1 to 7...
    linmin: converged after 4 iterations.
    linmin: converged after 4 iterations.
    linmin: converged after 4 iterations.
    linmin: converged after 4 iterations.
    linmin: converged after 2 iterations.
    linmin: converged after 2 iterations.
    linmin: converged after 2 iterations.
    linmin: converged after 2 iterations.
Finished solving for bands 1 to 7 after 8 iterations.
tmfreqs:, 5, 0, 0.4, 0, 0.46188, 0.347958, 0.561812, 0.780974, 0.853707, 1.02649, 1.1863, 1.22697
elapsed time for k point: 0 seconds.
solve_kpoint (0,0.5,0):
Solving for bands 1 to 7...
    linmin: converged after 4 iterations.
    linmin: converged after 4 iterations.
    linmin: converged after 4 iterations.
    linmin: converged after 5 iterations.
    linmin: converged after 3 iterations.
    linmin: converged after 2 iterations.
    linmin: converged after 2 iterations.
    linmin: converged after 2 iterations.
    linmin: converged after 2 iterations.
    linmin: converged after 2 iterations.
    linmin: converged after 2 iterations.
    linmin: converged after 2 iterations.
Finished solving for bands 1 to 7 after 12 iterations.
tmfreqs:, 6, 0, 0.5, 0, 0.57735, 0.388956, 0.527047, 0.777854, 0.846588, 1.04352, 1.2051, 1.22288
elapsed time for k point: 0 seconds.
solve_kpoint (-0.0666667,0.466667,0):
Solving for bands 1 to 7...
    linmin: converged after 3 iterations.
    linmin: converged after 3 iterations.
    linmin: converged after 4 iterations.
    linmin: converged after 4 iterations.
    linmin: converged after 2 iterations.
    linmin: converged after 2 iterations.
    linmin: converged after 2 iterations.
    linmin: converged after 2 iterations.
Finished solving for bands 1 to 7 after 8 iterations.
tmfreqs:, 7, -0.0666667, 0.466667, 0, 0.581187, 0.39085, 0.530383, 0.755821, 0.868182, 1.04137, 1.1902, 1.22494
elapsed time for k point: 0 seconds.
solve_kpoint (-0.133333,0.433333,0):
Solving for bands 1 to 7...
    linmin: converged after 4 iterations.
    linmin: converged after 4 iterations.
    linmin: converged after 4 iterations.
    linmin: converged after 2 iterations.
    linmin: converged after 2 iterations.
    linmin: converged after 2 iterations.
    linmin: converged after 2 iterations.
Finished solving for bands 1 to 7 after 7 iterations.
tmfreqs:, 8, -0.133333, 0.433333, 0, 0.592546, 0.396218, 0.540235, 0.716628, 0.906087, 1.03531, 1.16295, 1.23085
elapsed time for k point: 0 seconds.
solve_kpoint (-0.2,0.4,0):
Solving for bands 1 to 7...
    linmin: converged after 4 iterations.
    linmin: converged after 4 iterations.
    linmin: converged after 4 iterations.
    linmin: converged after 2 iterations.
    linmin: converged after 2 iterations.
    linmin: converged after 2 iterations.
Finished solving for bands 1 to 7 after 6 iterations.
tmfreqs:, 9, -0.2, 0.4, 0, 0.61101, 0.404014, 0.556146, 0.675322, 0.945244, 1.02624, 1.13462, 1.23986
elapsed time for k point: 0 seconds.
solve_kpoint (-0.266667,0.366667,0):
Solving for bands 1 to 7...
    linmin: converged after 4 iterations.
    linmin: converged after 4 iterations.
    linmin: converged after 2 iterations.
    linmin: converged after 2 iterations.
    linmin: converged after 2 iterations.
    linmin: converged after 2 iterations.
Finished solving for bands 1 to 7 after 6 iterations.
tmfreqs:, 10, -0.266667, 0.366667, 0, 0.635959, 0.412061, 0.577424, 0.636047, 0.980776, 1.0153, 1.11015, 1.25115
elapsed time for k point: 0 seconds.
solve_kpoint (-0.333333,0.333333,0):
Solving for bands 1 to 7...
    linmin: converged after 4 iterations.
    linmin: converged after 4 iterations.
    linmin: converged after 2 iterations.
    linmin: converged after 2 iterations.
    linmin: converged after 2 iterations.
    linmin: converged after 2 iterations.
Finished solving for bands 1 to 7 after 6 iterations.
tmfreqs:, 11, -0.333333, 0.333333, 0, 0.666667, 0.416155, 0.603097, 0.603235, 1.0034, 1.00411, 1.09854, 1.26398
elapsed time for k point: 0 seconds.
solve_kpoint (-0.266667,0.266667,0):
Solving for bands 1 to 7...
    linmin: converged after 4 iterations.
    linmin: converged after 4 iterations.
    linmin: converged after 4 iterations.
    linmin: converged after 4 iterations.
    linmin: converged after 4 iterations.
    linmin: converged after 4 iterations.
    linmin: converged after 2 iterations.
    linmin: converged after 2 iterations.
    linmin: converged after 2 iterations.
Finished solving for bands 1 to 7 after 9 iterations.
tmfreqs:, 12, -0.266667, 0.266667, 0, 0.533333, 0.387291, 0.580361, 0.664005, 0.982414, 0.984184, 1.14042, 1.22948
elapsed time for k point: 0 seconds.
solve_kpoint (-0.2,0.2,0):
Solving for bands 1 to 7...
    linmin: converged after 4 iterations.
    linmin: converged after 4 iterations.
    linmin: converged after 4 iterations.
    linmin: converged after 2 iterations.
    linmin: converged after 2 iterations.
    linmin: converged after 2 iterations.
    linmin: converged after 2 iterations.
Finished solving for bands 1 to 7 after 7 iterations.
tmfreqs:, 13, -0.2, 0.2, 0, 0.4, 0.308286, 0.612624, 0.728597, 0.938384, 0.970867, 1.15934, 1.23744
elapsed time for k point: 0 seconds.
solve_kpoint (-0.133333,0.133333,0):
Solving for bands 1 to 7...
    linmin: converged after 4 iterations.
    linmin: converged after 4 iterations.
    linmin: converged after 4 iterations.
    linmin: converged after 4 iterations.
    linmin: converged after 2 iterations.
    linmin: converged after 2 iterations.
    linmin: converged after 2 iterations.
Finished solving for bands 1 to 7 after 7 iterations.
tmfreqs:, 14, -0.133333, 0.133333, 0, 0.266667, 0.210397, 0.665227, 0.781663, 0.892243, 0.982506, 1.11752, 1.31131
elapsed time for k point: 0 seconds.
solve_kpoint (-0.0666667,0.0666667,0):
Solving for bands 1 to 7...
    linmin: converged after 3 iterations.
    linmin: converged after 3 iterations.
    linmin: converged after 3 iterations.
    linmin: converged after 4 iterations.
    linmin: converged after 4 iterations.
    linmin: converged after 2 iterations.
    linmin: converged after 2 iterations.
    linmin: converged after 10 iterations.
    linmin: converged after 3 iterations.
    linmin: converged after 3 iterations.
    linmin: converged after 3 iterations.
    linmin: converged after 2 iterations.
    linmin: converged after 2 iterations.
    linmin: converged after 4 iterations.
    linmin: converged after 4 iterations.
    linmin: converged after 4 iterations.
    linmin: converged after 4 iterations.
    linmin: converged after 4 iterations.
    linmin: converged after 4 iterations.
    linmin: converged after 4 iterations.
    linmin: converged after 4 iterations.
    linmin: converged after 4 iterations.
    linmin: converged after 4 iterations.
    linmin: converged after 4 iterations.
    linmin: converged after 4 iterations.
    linmin: converged after 2 iterations.
    linmin: converged after 3 iterations.
    linmin: converged after 3 iterations.
    linmin: converged after 3 iterations.
    linmin: converged after 3 iterations.
    linmin: converged after 3 iterations.
    linmin: converged after 3 iterations.
    linmin: converged after 3 iterations.
    linmin: converged after 3 iterations.
    linmin: converged after 3 iterations.
    linmin: converged after 3 iterations.
    linmin: converged after 3 iterations.
    linmin: converged after 3 iterations.
    linmin: converged after 3 iterations.
    linmin: converged after 3 iterations.
    linmin: converged after 3 iterations.
    linmin: converged after 3 iterations.
    linmin: converged after 3 iterations.
    linmin: converged after 3 iterations.
    linmin: converged after 3 iterations.
    linmin: converged after 3 iterations.
    linmin: converged after 3 iterations.
    linmin: converged after 3 iterations.
    linmin: converged after 3 iterations.
    linmin: converged after 3 iterations.
    linmin: converged after 3 iterations.
    linmin: converged after 3 iterations.
    linmin: converged after 3 iterations.
    linmin: converged after 3 iterations.
    linmin: converged after 3 iterations.
    linmin: converged after 3 iterations.
    linmin: converged after 3 iterations.
    linmin: converged after 3 iterations.
    linmin: converged after 3 iterations.
    linmin: converged after 3 iterations.
    linmin: converged after 3 iterations.
    linmin: converged after 3 iterations.
    linmin: converged after 3 iterations.
    linmin: converged after 3 iterations.
    linmin: converged after 3 iterations.
    linmin: converged after 3 iterations.
    linmin: converged after 3 iterations.
    linmin: converged after 3 iterations.
    linmin: converged after 3 iterations.
    linmin: converged after 5 iterations.
    linmin: converged after 3 iterations.
    linmin: converged after 4 iterations.
    linmin: converged after 4 iterations.
    linmin: converged after 2 iterations.
    linmin: converged after 2 iterations.
    linmin: converged after 2 iterations.
    linmin: converged after 2 iterations.
Finished solving for bands 1 to 7 after 77 iterations.
tmfreqs:, 15, -0.0666667, 0.0666667, 0, 0.133333, 0.106285, 0.720963, 0.809326, 0.846973, 1.02677, 1.0837, 1.20408
elapsed time for k point: 0 seconds.
solve_kpoint (0,0,0):
Solving for bands 2 to 7...
    linmin: converged after 4 iterations.
    linmin: converged after 4 iterations.
    linmin: converged after 2 iterations.
    linmin: converged after 2 iterations.
    linmin: converged after 2 iterations.
Finished solving for bands 2 to 7 after 5 iterations.
tmfreqs:, 16, 0, 0, 0, 0, 0, 0.756622, 0.816038, 0.816261, 1.0711, 1.07127, 1.1498
elapsed time for k point: 0 seconds.
Band 1 range: 0.0 at #(0.0 0.0 0.0) to 0.41615493004066945 at #(-0.3333333333333333 0.3333333333333333 0.0)
Band 2 range: 0.5270465367723602 at #(0.0 0.5 0.0) to 0.7566216284716295 at #(0.0 0.0 0.0)
Band 3 range: 0.6032348385921237 at #(-0.3333333333333333 0.3333333333333333 0.0) to 0.8160379050878281 at #(0.0 0.0 0.0)
Band 4 range: 0.8162614955590177 at #(0.0 0.0 0.0) to 1.003396273300588 at #(-0.3333333333333333 0.3333333333333333 0.0)
Band 5 range: 0.9708673282595307 at #(-0.2 0.2 0.0) to 1.0711042776950657 at #(0.0 0.0 0.0)
Band 6 range: 1.0712735492095016 at #(0.0 0.0 0.0) to 1.2051041769623052 at #(0.0 0.5 0.0)
Band 7 range: 1.1497952607915667 at #(0.0 0.0 0.0) to 1.3113084744817287 at #(-0.13333333333333333 0.13333333333333333 0.0)
Gap from band 1 (0.41615493004066945) to band 2 (0.5270465367723602), 23.513874953223066%
Gap from band 3 (0.8160379050878281) to band 4 (0.8162614955590177), 0.027395767112452396%
Gap from band 5 (1.0711042776950657) to band 6 (1.0712735492095016), 0.01580220933116009%
total elapsed time for run: 0 seconds.
done.
init-params: initializing eigensolver data
Computing 7 bands with 1.000000e-07 tolerance.
Working in 2 dimensions.
Grid size is 32 x 32 x 1.
Solving for 7 bands at a time.
Creating Maxwell data...
Mesh size is 7.
Lattice vectors:
     (0.866025, 0.5, 0)
     (0.866025, -0.5, 0)
     (0, 0, 1)
Cell volume = 0.866025
Reciprocal lattice vectors (/ 2 pi):
     (0.57735, 1, -0)
     (0.57735, -1, 0)
     (-0, 0, 1)
Geometric objects:
     block, center = (0,0,0)
          size (100,100,0.75)
          axes (1,0,0), (0,1,0), (0,0,1)
          epsilon = 4.3246, mu = 1
     cylinder, center = (0.166667,0.166667,0)
          radius 0.271885, height 0.75, axis (0, 0, 1)
          epsilon = 1, mu = 1
     cylinder, center = (-0.166667,-0.166667,0)
          radius 0.271885, height 0.75, axis (0, 0, 1)
          epsilon = 1, mu = 1
Geometric object tree has depth 4 and 68 object nodes (vs. 3 actual objects)
Initializing epsilon function...
16 k-points:
     (0,0,0)
     (0,0.1,0)
     (0,0.2,0)
     (0,0.3,0)
     (0,0.4,0)
     (0,0.5,0)
     (-0.0666667,0.466667,0)
     (-0.133333,0.433333,0)
     (-0.2,0.4,0)
     (-0.266667,0.366667,0)
     (-0.333333,0.333333,0)
     (-0.266667,0.266667,0)
     (-0.2,0.2,0)
     (-0.133333,0.133333,0)
     (-0.0666667,0.0666667,0)
     (0,0,0)
Solving for band polarization: tm.
Initializing fields to random numbers...
elapsed time for initialization: 0 seconds.
epsilon: 1-4.3246, mean 2.54156, harm. mean 1.60747, 54.1016% > 1, 46.3684% "fill"
Outputting honey-slab-maxTM-epsilon...
solve_kpoint (0,0,0):
tmfreqs:, k index, k1, k2, k3, kmag/2pi, tm band 1, tm band 2, tm band 3, tm band 4, tm band 5, tm band 6, tm band 7
Solving for bands 2 to 7...
    linmin: converged after 7 iterations.
    linmin: converged after 6 iterations.
    linmin: converged after 5 iterations.
    linmin: converged after 5 iterations.
    linmin: converged after 5 iterations.
    linmin: converged after 3 iterations.
    linmin: converged after 4 iterations.
    linmin: converged after 4 iterations.
    linmin: converged after 4 iterations.
    linmin: converged after 2 iterations.
    linmin: converged after 2 iterations.
    linmin: converged after 2 iterations.
    linmin: converged after 2 iterations.
Finished solving for bands 2 to 7 after 13 iterations.
tmfreqs:, 1, 0, 0, 0, 0, 0, 0.621969, 0.622106, 0.695163, 0.744131, 0.744573, 1.01424
elapsed time for k point: 0 seconds.
solve_kpoint (0,0.1,0):
Solving for bands 1 to 7...
    linmin: converged after 5 iterations.
    linmin: converged after 3 iterations.
    linmin: converged after 3 iterations.
    linmin: converged after 2 iterations.
    linmin: converged after 2 iterations.
    linmin: converged after 2 iterations.
    linmin: converged after 2 iterations.
Finished solving for bands 1 to 7 after 7 iterations.
tmfreqs:, 2, 0, 0.1, 0, 0.11547, 0.0723302, 0.595216, 0.616275, 0.712766, 0.745165, 0.754557, 1.02615
elapsed time for k point: 0 seconds.
solve_kpoint (0,0.2,0):
Solving for bands 1 to 7...
    linmin: converged after 4 iterations.
    linmin: converged after 4 iterations.
    linmin: converged after 4 iterations.
    linmin: converged after 4 iterations.
    linmin: converged after 4 iterations.
    linmin: converged after 4 iterations.
    linmin: converged after 2 iterations.
    linmin: converged after 2 iterations.
    linmin: converged after 2 iterations.
    linmin: converged after 10 iterations.
    linmin: converged after 4 iterations.
    linmin: converged after 2 iterations.
    linmin: converged after 3 iterations.
    linmin: converged after 3 iterations.
    linmin: converged after 3 iterations.
    linmin: converged after 3 iterations.
    linmin: converged after 3 iterations.
    linmin: converged after 3 iterations.
    linmin: converged after 3 iterations.
    linmin: converged after 3 iterations.
    linmin: converged after 3 iterations.
    linmin: converged after 3 iterations.
    linmin: converged after 3 iterations.
    linmin: converged after 3 iterations.
    linmin: converged after 3 iterations.
    linmin: converged after 3 iterations.
    linmin: converged after 3 iterations.
    linmin: converged after 3 iterations.
    linmin: converged after 3 iterations.
    linmin: converged after 3 iterations.
    linmin: converged after 3 iterations.
    linmin: converged after 3 iterations.
    linmin: converged after 3 iterations.
    linmin: converged after 3 iterations.
    linmin: converged after 3 iterations.
    linmin: converged after 3 iterations.
    linmin: converged after 3 iterations.
    linmin: converged after 3 iterations.
    linmin: converged after 3 iterations.
    linmin: converged after 3 iterations.
    linmin: converged after 3 iterations.
    linmin: converged after 3 iterations.
    linmin: converged after 3 iterations.
    linmin: converged after 3 iterations.
    linmin: converged after 3 iterations.
    linmin: converged after 3 iterations.
    linmin: converged after 3 iterations.
    linmin: converged after 3 iterations.
    linmin: converged after 3 iterations.
    linmin: converged after 3 iterations.
    linmin: converged after 3 iterations.
    linmin: converged after 3 iterations.
    linmin: converged after 3 iterations.
    linmin: converged after 3 iterations.
    linmin: converged after 3 iterations.
    linmin: converged after 3 iterations.
    linmin: converged after 3 iterations.
    linmin: converged after 3 iterations.
    linmin: converged after 3 iterations.
    linmin: converged after 3 iterations.
    linmin: converged after 3 iterations.
    linmin: converged after 3 iterations.
    linmin: converged after 3 iterations.
    linmin: converged after 3 iterations.
    linmin: converged after 3 iterations.
    linmin: converged after 3 iterations.
    linmin: converged after 3 iterations.
    linmin: converged after 3 iterations.
    linmin: converged after 3 iterations.
    linmin: converged after 4 iterations.
    linmin: converged after 3 iterations.
    linmin: converged after 2 iterations.
    linmin: converged after 2 iterations.
    linmin: converged after 2 iterations.
    linmin: converged after 2 iterations.
    linmin: converged after 2 iterations.
    linmin: converged after 2 iterations.
    linmin: converged after 2 iterations.
    linmin: converged after 2 iterations.
    linmin: converged after 2 iterations.
Finished solving for bands 1 to 7 after 80 iterations.
tmfreqs:, 3, 0, 0.2, 0, 0.23094, 0.144016, 0.546169, 0.603701, 0.709797, 0.777077, 0.779941, 1.031
elapsed time for k point: 1 seconds.
solve_kpoint (0,0.3,0):
Solving for bands 1 to 7...
    linmin: converged after 3 iterations.
    linmin: converged after 4 iterations.
    linmin: converged after 4 iterations.
    linmin: converged after 2 iterations.
    linmin: converged after 2 iterations.
    linmin: converged after 2 iterations.
Finished solving for bands 1 to 7 after 6 iterations.
tmfreqs:, 4, 0, 0.3, 0, 0.34641, 0.214095, 0.490749, 0.591243, 0.694205, 0.813281, 0.824748, 0.991519
elapsed time for k point: 0 seconds.
solve_kpoint (0,0.4,0):
Solving for bands 1 to 7...
    linmin: converged after 3 iterations.
    linmin: converged after 4 iterations.
    linmin: converged after 4 iterations.
    linmin: converged after 2 iterations.
    linmin: converged after 2 iterations.
    linmin: converged after 2 iterations.
    linmin: converged after 2 iterations.
Finished solving for bands 1 to 7 after 7 iterations.
tmfreqs:, 5, 0, 0.4, 0, 0.46188, 0.279895, 0.433465, 0.582675, 0.682324, 0.848938, 0.874678, 0.952046
elapsed time for k point: 0 seconds.
solve_kpoint (0,0.5,0):
Solving for bands 1 to 7...
    linmin: converged after 3 iterations.
    linmin: converged after 3 iterations.
    linmin: converged after 4 iterations.
    linmin: converged after 4 iterations.
    linmin: converged after 4 iterations.
    linmin: converged after 2 iterations.
    linmin: converged after 2 iterations.
    linmin: converged after 2 iterations.
    linmin: converged after 2 iterations.
    linmin: converged after 2 iterations.
Finished solving for bands 1 to 7 after 10 iterations.
tmfreqs:, 6, 0, 0.5, 0, 0.57735, 0.320582, 0.395574, 0.579661, 0.678045, 0.871318, 0.91227, 0.928387
elapsed time for k point: 0 seconds.
solve_kpoint (-0.0666667,0.466667,0):
Solving for bands 1 to 7...
    linmin: converged after 4 iterations.
    linmin: converged after 4 iterations.
    linmin: converged after 4 iterations.
    linmin: converged after 4 iterations.
    linmin: converged after 2 iterations.
    linmin: converged after 2 iterations.
    linmin: converged after 2 iterations.
Finished solving for bands 1 to 7 after 7 iterations.
tmfreqs:, 7, -0.0666667, 0.466667, 0, 0.581187, 0.322365, 0.398026, 0.567247, 0.690274, 0.866185, 0.901242, 0.938781
elapsed time for k point: 0 seconds.
solve_kpoint (-0.133333,0.433333,0):
Solving for bands 1 to 7...
    linmin: converged after 4 iterations.
    linmin: converged after 4 iterations.
    linmin: converged after 4 iterations.
    linmin: converged after 2 iterations.
    linmin: converged after 2 iterations.
    linmin: converged after 2 iterations.
Finished solving for bands 1 to 7 after 6 iterations.
tmfreqs:, 8, -0.133333, 0.433333, 0, 0.592546, 0.32749, 0.40526, 0.540028, 0.717026, 0.853759, 0.884474, 0.953765
elapsed time for k point: 0 seconds.
solve_kpoint (-0.2,0.4,0):
Solving for bands 1 to 7...
    linmin: converged after 4 iterations.
    linmin: converged after 4 iterations.
    linmin: converged after 2 iterations.
    linmin: converged after 2 iterations.
    linmin: converged after 2 iterations.
    linmin: converged after 2 iterations.
    linmin: converged after 2 iterations.
Finished solving for bands 1 to 7 after 7 iterations.
tmfreqs:, 9, -0.2, 0.4, 0, 0.61101, 0.335181, 0.416925, 0.508355, 0.748275, 0.838223, 0.867229, 0.968425
elapsed time for k point: 0 seconds.
solve_kpoint (-0.266667,0.366667,0):
Solving for bands 1 to 7...
    linmin: converged after 4 iterations.
    linmin: converged after 4 iterations.
    linmin: converged after 4 iterations.
    linmin: converged after 4 iterations.
    linmin: converged after 2 iterations.
    linmin: converged after 2 iterations.
    linmin: converged after 2 iterations.
    linmin: converged after 1 iterations.
Finished solving for bands 1 to 7 after 8 iterations.
tmfreqs:, 10, -0.266667, 0.366667, 0, 0.635959, 0.343605, 0.432492, 0.477029, 0.77989, 0.821825, 0.850957, 0.981965
elapsed time for k point: 0 seconds.
solve_kpoint (-0.333333,0.333333,0):
Solving for bands 1 to 7...
    linmin: converged after 4 iterations.
    linmin: converged after 4 iterations.
    linmin: converged after 3 iterations.
    linmin: converged after 4 iterations.
    linmin: converged after 4 iterations.
    linmin: converged after 2 iterations.
    linmin: converged after 2 iterations.
    linmin: converged after 2 iterations.
Finished solving for bands 1 to 7 after 8 iterations.
tmfreqs:, 11, -0.333333, 0.333333, 0, 0.666667, 0.348243, 0.451254, 0.451319, 0.805489, 0.805713, 0.841085, 0.990449
elapsed time for k point: 0 seconds.
solve_kpoint (-0.266667,0.266667,0):
Solving for bands 1 to 7...
    linmin: converged after 4 iterations.
    linmin: converged after 5 iterations.
    linmin: converged after 4 iterations.
    linmin: converged after 4 iterations.
    linmin: converged after 4 iterations.
    linmin: converged after 2 iterations.
    linmin: converged after 2 iterations.
    linmin: converged after 2 iterations.
    linmin: converged after 2 iterations.
Finished solving for bands 1 to 7 after 9 iterations.
tmfreqs:, 12, -0.266667, 0.266667, 0, 0.533333, 0.316256, 0.446292, 0.495601, 0.776232, 0.792117, 0.883325, 0.94778
elapsed time for k point: 0 seconds.
solve_kpoint (-0.2,0.2,0):
Solving for bands 1 to 7...
    linmin: converged after 3 iterations.
    linmin: converged after 4 iterations.
    linmin: converged after 4 iterations.
    linmin: converged after 2 iterations.
    linmin: converged after 2 iterations.
    linmin: converged after 2 iterations.
    linmin: converged after 2 iterations.
Finished solving for bands 1 to 7 after 7 iterations.
tmfreqs:, 13, -0.2, 0.2, 0, 0.4, 0.245589, 0.485289, 0.543193, 0.75392, 0.764582, 0.869084, 0.961031
elapsed time for k point: 0 seconds.
solve_kpoint (-0.133333,0.133333,0):
Solving for bands 1 to 7...
    linmin: converged after 4 iterations.
    linmin: converged after 4 iterations.
    linmin: converged after 4 iterations.
    linmin: converged after 4 iterations.
    linmin: converged after 2 iterations.
    linmin: converged after 2 iterations.
    linmin: converged after 2 iterations.
    linmin: converged after 2 iterations.
Finished solving for bands 1 to 7 after 8 iterations.
tmfreqs:, 14, -0.133333, 0.133333, 0, 0.266667, 0.165936, 0.536257, 0.585603, 0.741197, 0.7419, 0.810171, 1.0158
elapsed time for k point: 0 seconds.
solve_kpoint (-0.0666667,0.0666667,0):
Solving for bands 1 to 7...
    linmin: converged after 5 iterations.
    linmin: converged after 4 iterations.
    linmin: converged after 3 iterations.
    linmin: converged after 3 iterations.
    linmin: converged after 2 iterations.
    linmin: converged after 2 iterations.
    linmin: converged after 2 iterations.
    linmin: converged after 2 iterations.
Finished solving for bands 1 to 7 after 8 iterations.
tmfreqs:, 15, -0.0666667, 0.0666667, 0, 0.133333, 0.0834804, 0.589139, 0.613272, 0.718088, 0.741394, 0.760971, 1.05918
elapsed time for k point: 0 seconds.
solve_kpoint (0,0,0):
Solving for bands 2 to 7...
    linmin: converged after 4 iterations.
    linmin: converged after 4 iterations.
    linmin: converged after 4 iterations.
    linmin: converged after 4 iterations.
    linmin: converged after 2 iterations.
    linmin: converged after 2 iterations.
    linmin: converged after 2 iterations.
    linmin: converged after 2 iterations.
    linmin: converged after 2 iterations.
Finished solving for bands 2 to 7 after 9 iterations.
tmfreqs:, 16, 0, 0, 0, 0, 0, 0.621969, 0.622106, 0.695163, 0.744131, 0.744573, 1.07717
elapsed time for k point: 0 seconds.
Band 1 range: 0.0 at #(0.0 0.0 0.0) to 0.3482434868355054 at #(-0.3333333333333333 0.3333333333333333 0.0)
Band 2 range: 0.3955736757315046 at #(0.0 0.5 0.0) to 0.6219691130573587 at #(0.0 0.0 0.0)
Band 3 range: 0.4513194314544412 at #(-0.3333333333333333 0.3333333333333333 0.0) to 0.6221057081354017 at #(0.0 0.0 0.0)
Band 4 range: 0.6780451942742965 at #(0.0 0.5 0.0) to 0.8054888396371416 at #(-0.3333333333333333 0.3333333333333333 0.0)
Band 5 range: 0.7413943636344323 at #(-0.06666666666666667 0.06666666666666667 0.0) to 0.8713184209313515 at #(0.0 0.5 0.0)
Band 6 range: 0.7445733632764424 at #(0.0 0.0 0.0) to 0.9122699208580171 at #(0.0 0.5 0.0)
Band 7 range: 0.9283869888730161 at #(0.0 0.5 0.0) to 1.0771681589486108 at #(0.0 0.0 0.0)
Gap from band 1 (0.3482434868355054) to band 2 (0.3955736757315046), 12.726296535739122%
Gap from band 3 (0.6221057081354017) to band 4 (0.6780451942742965), 8.605075923912631%
Gap from band 6 (0.9122699208580171) to band 7 (0.9283869888730161), 1.7512300016143831%
total elapsed time for run: 1 seconds.
done.
init-params: initializing eigensolver data
Computing 7 bands with 1.000000e-07 tolerance.
Working in 2 dimensions.
Grid size is 32 x 32 x 1.
Solving for 7 bands at a time.
Creating Maxwell data...
Mesh size is 7.
Lattice vectors:
     (0.866025, 0.5, 0)
     (0.866025, -0.5, 0)
     (0, 0, 1)
Cell volume = 0.866025
Reciprocal lattice vectors (/ 2 pi):
     (0.57735, 1, -0)
     (0.57735, -1, 0)
     (-0, 0, 1)
Geometric objects:
     block, center = (0,0,0)
          size (100,100,0.75)
          axes (1,0,0), (0,1,0), (0,0,1)
          epsilon = 4.3246, mu = 1
     cylinder, center = (0.166667,0.166667,0)
          radius 0.210081, height 0.75, axis (0, 0, 1)
          epsilon = 1, mu = 1
     cylinder, center = (-0.166667,-0.166667,0)
          radius 0.210081, height 0.75, axis (0, 0, 1)
          epsilon = 1, mu = 1
Geometric object tree has depth 1 and 11 object nodes (vs. 3 actual objects)
Initializing epsilon function...
16 k-points:
     (0,0,0)
     (0,0.1,0)
     (0,0.2,0)
     (0,0.3,0)
     (0,0.4,0)
     (0,0.5,0)
     (-0.0666667,0.466667,0)
     (-0.133333,0.433333,0)
     (-0.2,0.4,0)
     (-0.266667,0.366667,0)
     (-0.333333,0.333333,0)
     (-0.266667,0.266667,0)
     (-0.2,0.2,0)
     (-0.133333,0.133333,0)
     (-0.0666667,0.0666667,0)
     (0,0,0)
Solving for band polarization: tm.
Initializing fields to random numbers...
elapsed time for initialization: 0 seconds.
epsilon: 1-4.3246, mean 3.26006, harm. mean 2.17483, 74.0234% > 1, 67.9798% "fill"
Outputting honey-slab-maxTM-epsilon...
solve_kpoint (0,0,0):
tmfreqs:, k index, k1, k2, k3, kmag/2pi, tm band 1, tm band 2, tm band 3, tm band 4, tm band 5, tm band 6, tm band 7
Solving for bands 2 to 7...
    linmin: converged after 7 iterations.
    linmin: converged after 8 iterations.
    linmin: converged after 6 iterations.
    linmin: converged after 5 iterations.
    linmin: converged after 4 iterations.
    linmin: converged after 4 iterations.
    linmin: converged after 4 iterations.
    linmin: converged after 2 iterations.
    linmin: converged after 2 iterations.
    linmin: converged after 2 iterations.
    linmin: converged after 2 iterations.
Finished solving for bands 2 to 7 after 11 iterations.
tmfreqs:, 1, 0, 0, 0, 0, 0, 0.579023, 0.579128, 0.620543, 0.620869, 0.630587, 0.841861
elapsed time for k point: 0 seconds.
solve_kpoint (0,0.1,0):
Solving for bands 1 to 7...
    linmin: converged after 6 iterations.
    linmin: converged after 3 iterations.
    linmin: converged after 2 iterations.
    linmin: converged after 2 iterations.
    linmin: converged after 2 iterations.
Finished solving for bands 1 to 7 after 5 iterations.
tmfreqs:, 2, 0, 0.1, 0, 0.11547, 0.0639148, 0.546098, 0.566191, 0.617428, 0.637957, 0.659031, 0.853208
elapsed time for k point: 0 seconds.
solve_kpoint (0,0.2,0):
Solving for bands 1 to 7...
    linmin: converged after 4 iterations.
    linmin: converged after 4 iterations.
    linmin: converged after 2 iterations.
    linmin: converged after 2 iterations.
    linmin: converged after 2 iterations.
    linmin: converged after 2 iterations.
Finished solving for bands 1 to 7 after 6 iterations.
tmfreqs:, 3, 0, 0.2, 0, 0.23094, 0.12759, 0.494329, 0.547115, 0.605338, 0.669826, 0.704008, 0.88279
elapsed time for k point: 0 seconds.
solve_kpoint (0,0.3,0):
Solving for bands 1 to 7...
    linmin: converged after 3 iterations.
    linmin: converged after 4 iterations.
    linmin: converged after 4 iterations.
    linmin: converged after 4 iterations.
    linmin: converged after 4 iterations.
    linmin: converged after 4 iterations.
    linmin: converged after 2 iterations.
    linmin: converged after 7 iterations.
    linmin: converged after 3 iterations.
    linmin: converged after 3 iterations.
    linmin: converged after 3 iterations.
    linmin: converged after 3 iterations.
    linmin: converged after 4 iterations.
    linmin: converged after 4 iterations.
    linmin: converged after 3 iterations.
    linmin: converged after 3 iterations.
    linmin: converged after 3 iterations.
    linmin: converged after 3 iterations.
    linmin: converged after 3 iterations.
    linmin: converged after 3 iterations.
    linmin: converged after 3 iterations.
    linmin: converged after 4 iterations.
    linmin: converged after 4 iterations.
    linmin: converged after 4 iterations.
    linmin: converged after 4 iterations.
    linmin: converged after 4 iterations.
    linmin: converged after 4 iterations.
    linmin: converged after 4 iterations.
    linmin: converged after 4 iterations.
    linmin: converged after 4 iterations.
    linmin: converged after 4 iterations.
    linmin: converged after 4 iterations.
    linmin: converged after 4 iterations.
    linmin: converged after 4 iterations.
    linmin: converged after 4 iterations.
    linmin: converged after 4 iterations.
    linmin: converged after 4 iterations.
    linmin: converged after 4 iterations.
    linmin: converged after 4 iterations.
    linmin: converged after 3 iterations.
    linmin: converged after 3 iterations.
    linmin: converged after 3 iterations.
    linmin: converged after 3 iterations.
    linmin: converged after 3 iterations.
    linmin: converged after 3 iterations.
    linmin: converged after 3 iterations.
    linmin: converged after 3 iterations.
    linmin: converged after 3 iterations.
    linmin: converged after 3 iterations.
    linmin: converged after 3 iterations.
    linmin: converged after 3 iterations.
    linmin: converged after 3 iterations.
    linmin: converged after 3 iterations.
    linmin: converged after 3 iterations.
    linmin: converged after 3 iterations.
    linmin: converged after 3 iterations.
    linmin: converged after 3 iterations.
    linmin: converged after 3 iterations.
    linmin: converged after 3 iterations.
    linmin: converged after 4 iterations.
    linmin: converged after 4 iterations.
    linmin: converged after 4 iterations.
    linmin: converged after 4 iterations.
    linmin: converged after 4 iterations.
    linmin: converged after 4 iterations.
    linmin: converged after 4 iterations.
    linmin: converged after 4 iterations.
    linmin: converged after 4 iterations.
    linmin: converged after 4 iterations.
    linmin: converged after 4 iterations.
    linmin: converged after 4 iterations.
    linmin: converged after 3 iterations.
    linmin: converged after 2 iterations.
    linmin: converged after 2 iterations.
    linmin: converged after 2 iterations.
    linmin: converged after 2 iterations.
    linmin: converged after 2 iterations.
Finished solving for bands 1 to 7 after 77 iterations.
tmfreqs:, 4, 0, 0.3, 0, 0.34641, 0.190688, 0.43841, 0.531799, 0.592612, 0.706499, 0.750008, 0.874249
elapsed time for k point: 0 seconds.
solve_kpoint (0,0.4,0):
Solving for bands 1 to 7...
    linmin: converged after 3 iterations.
    linmin: converged after 4 iterations.
    linmin: converged after 4 iterations.
    linmin: converged after 2 iterations.
    linmin: converged after 2 iterations.
    linmin: converged after 2 iterations.
    linmin: converged after 2 iterations.
Finished solving for bands 1 to 7 after 7 iterations.
tmfreqs:, 5, 0, 0.4, 0, 0.46188, 0.252315, 0.380749, 0.522152, 0.583645, 0.746023, 0.795269, 0.830656
elapsed time for k point: 0 seconds.
solve_kpoint (0,0.5,0):
Solving for bands 1 to 7...
    linmin: converged after 3 iterations.
    linmin: converged after 3 iterations.
    linmin: converged after 4 iterations.
    linmin: converged after 4 iterations.
    linmin: converged after 4 iterations.
    linmin: converged after 2 iterations.
    linmin: converged after 2 iterations.
    linmin: converged after 2 iterations.
    linmin: converged after 2 iterations.
Finished solving for bands 1 to 7 after 9 iterations.
tmfreqs:, 6, 0, 0.5, 0, 0.57735, 0.298567, 0.335769, 0.518868, 0.580463, 0.785139, 0.790184, 0.827179
elapsed time for k point: 0 seconds.
solve_kpoint (-0.0666667,0.466667,0):
Solving for bands 1 to 7...
    linmin: converged after 4 iterations.
    linmin: converged after 4 iterations.
    linmin: converged after 4 iterations.
    linmin: converged after 4 iterations.
    linmin: converged after 2 iterations.
    linmin: converged after 2 iterations.
    linmin: converged after 2 iterations.
Finished solving for bands 1 to 7 after 7 iterations.
tmfreqs:, 7, -0.0666667, 0.466667, 0, 0.581187, 0.300407, 0.337917, 0.503548, 0.595562, 0.778132, 0.785433, 0.834123
elapsed time for k point: 0 seconds.
solve_kpoint (-0.133333,0.433333,0):
Solving for bands 1 to 7...
    linmin: converged after 4 iterations.
    linmin: converged after 4 iterations.
    linmin: converged after 4 iterations.
    linmin: converged after 2 iterations.
    linmin: converged after 2 iterations.
    linmin: converged after 2 iterations.
    linmin: converged after 2 iterations.
Finished solving for bands 1 to 7 after 7 iterations.
tmfreqs:, 8, -0.133333, 0.433333, 0, 0.592546, 0.30578, 0.344266, 0.474406, 0.624085, 0.763719, 0.773732, 0.84836
elapsed time for k point: 0 seconds.
solve_kpoint (-0.2,0.4,0):
Solving for bands 1 to 7...
    linmin: converged after 4 iterations.
    linmin: converged after 4 iterations.
    linmin: converged after 2 iterations.
    linmin: converged after 2 iterations.
    linmin: converged after 2 iterations.
    linmin: converged after 2 iterations.
    linmin: converged after 2 iterations.
Finished solving for bands 1 to 7 after 7 iterations.
tmfreqs:, 9, -0.2, 0.4, 0, 0.61101, 0.314171, 0.354543, 0.442451, 0.655219, 0.747575, 0.758818, 0.864238
elapsed time for k point: 0 seconds.
solve_kpoint (-0.266667,0.366667,0):
Solving for bands 1 to 7...
    linmin: converged after 4 iterations.
    linmin: converged after 4 iterations.
    linmin: converged after 4 iterations.
    linmin: converged after 4 iterations.
    linmin: converged after 2 iterations.
    linmin: converged after 2 iterations.
    linmin: converged after 1 iterations.
Finished solving for bands 1 to 7 after 7 iterations.
tmfreqs:, 10, -0.266667, 0.366667, 0, 0.635959, 0.324211, 0.368341, 0.410895, 0.686264, 0.731881, 0.742796, 0.879565
elapsed time for k point: 0 seconds.
solve_kpoint (-0.333333,0.333333,0):
Solving for bands 1 to 7...
    linmin: converged after 4 iterations.
    linmin: converged after 3 iterations.
    linmin: converged after 4 iterations.
    linmin: converged after 4 iterations.
    linmin: converged after 4 iterations.
    linmin: converged after 2 iterations.
    linmin: converged after 2 iterations.
    linmin: converged after 2 iterations.
Finished solving for bands 1 to 7 after 8 iterations.
tmfreqs:, 11, -0.333333, 0.333333, 0, 0.666667, 0.330702, 0.385143, 0.385174, 0.7073, 0.726506, 0.726753, 0.889038
elapsed time for k point: 0 seconds.
solve_kpoint (-0.266667,0.266667,0):
Solving for bands 1 to 7...
    linmin: converged after 4 iterations.
    linmin: converged after 3 iterations.
    linmin: converged after 3 iterations.
    linmin: converged after 4 iterations.
    linmin: converged after 2 iterations.
    linmin: converged after 2 iterations.
    linmin: converged after 2 iterations.
    linmin: converged after 2 iterations.
Finished solving for bands 1 to 7 after 8 iterations.
tmfreqs:, 12, -0.266667, 0.266667, 0, 0.533333, 0.288897, 0.394501, 0.425722, 0.68298, 0.696059, 0.783785, 0.846412
elapsed time for k point: 0 seconds.
solve_kpoint (-0.2,0.2,0):
Solving for bands 1 to 7...
    linmin: converged after 3 iterations.
    linmin: converged after 4 iterations.
    linmin: converged after 4 iterations.
    linmin: converged after 2 iterations.
    linmin: converged after 2 iterations.
    linmin: converged after 2 iterations.
    linmin: converged after 2 iterations.
Finished solving for bands 1 to 7 after 7 iterations.
tmfreqs:, 13, -0.2, 0.2, 0, 0.4, 0.219614, 0.437495, 0.471825, 0.658297, 0.669597, 0.78554, 0.845194
elapsed time for k point: 0 seconds.
solve_kpoint (-0.133333,0.133333,0):
Solving for bands 1 to 7...
    linmin: converged after 4 iterations.
    linmin: converged after 4 iterations.
    linmin: converged after 4 iterations.
    linmin: converged after 4 iterations.
    linmin: converged after 2 iterations.
    linmin: converged after 2 iterations.
    linmin: converged after 2 iterations.
Finished solving for bands 1 to 7 after 7 iterations.
tmfreqs:, 14, -0.133333, 0.133333, 0, 0.266667, 0.147196, 0.487711, 0.518561, 0.639529, 0.647893, 0.725852, 0.901624
elapsed time for k point: 0 seconds.
solve_kpoint (-0.0666667,0.0666667,0):
Solving for bands 1 to 7...
    linmin: converged after 6 iterations.
    linmin: converged after 3 iterations.
    linmin: converged after 3 iterations.
    linmin: converged after 3 iterations.
    linmin: converged after 2 iterations.
    linmin: converged after 2 iterations.
    linmin: converged after 2 iterations.
    linmin: converged after 2 iterations.
Finished solving for bands 1 to 7 after 8 iterations.
tmfreqs:, 15, -0.0666667, 0.0666667, 0, 0.133333, 0.0737877, 0.540553, 0.559138, 0.627676, 0.63048, 0.6679, 0.95262
elapsed time for k point: 0 seconds.
solve_kpoint (0,0,0):
Solving for bands 2 to 7...
    linmin: converged after 4 iterations.
    linmin: converged after 4 iterations.
    linmin: converged after 4 iterations.
    linmin: converged after 4 iterations.
    linmin: converged after 4 iterations.
    linmin: converged after 4 iterations.
    linmin: converged after 8 iterations.
    linmin: converged after 5 iterations.
    linmin: converged after 7 iterations.
    linmin: converged after 7 iterations.
    linmin: converged after 8 iterations.
    linmin: converged after 7 iterations.
    linmin: converged after 7 iterations.
    linmin: converged after 9 iterations.
    linmin: converged after 10 iterations.
    linmin: converged after 6 iterations.
    linmin: converged after 6 iterations.
    linmin: converged after 6 iterations.
    linmin: converged after 3 iterations.
    linmin: converged after 3 iterations.
    linmin: converged after 2 iterations.
    linmin: converged after 2 iterations.
    linmin: converged after 2 iterations.
    linmin: converged after 2 iterations.
Finished solving for bands 2 to 7 after 24 iterations.
tmfreqs:, 16, 0, 0, 0, 0, 0, 0.579023, 0.579128, 0.620543, 0.620869, 0.630587, 0.841861
elapsed time for k point: 1 seconds.
Band 1 range: 0.0 at #(0.0 0.0 0.0) to 0.33070238837821087 at #(-0.3333333333333333 0.3333333333333333 0.0)
Band 2 range: 0.3357692679845683 at #(0.0 0.5 0.0) to 0.579022990424585 at #(0.0 0.0 0.0)
Band 3 range: 0.3851738341061808 at #(-0.3333333333333333 0.3333333333333333 0.0) to 0.579127722351792 at #(0.0 0.0 0.0)
Band 4 range: 0.5804630772226034 at #(0.0 0.5 0.0) to 0.7073003383896783 at #(-0.3333333333333333 0.3333333333333333 0.0)
Band 5 range: 0.6208688059967458 at #(0.0 0.0 0.0) to 0.7851388130957281 at #(0.0 0.5 0.0)
Band 6 range: 0.6305873473836437 at #(0.0 0.0 0.0) to 0.7952689676661888 at #(0.0 0.4 0.0)
Band 7 range: 0.8271789732337879 at #(0.0 0.5 0.0) to 0.9526199154526974 at #(-0.06666666666666667 0.06666666666666667 0.0)
Gap from band 1 (0.33070238837821087) to band 2 (0.3357692679845683), 1.5205086541893054%
Gap from band 3 (0.579127722351792) to band 4 (0.5804630772226034), 0.2303148440469679%
Gap from band 6 (0.7952689676661888) to band 7 (0.8271789732337879), 3.933562953015117%
total elapsed time for run: 1 seconds.
done.
init-params: initializing eigensolver data
Computing 7 bands with 1.000000e-07 tolerance.
Working in 2 dimensions.
Grid size is 32 x 32 x 1.
Solving for 7 bands at a time.
Creating Maxwell data...
Mesh size is 7.
Lattice vectors:
     (0.866025, 0.5, 0)
     (0.866025, -0.5, 0)
     (0, 0, 1)
Cell volume = 0.866025
Reciprocal lattice vectors (/ 2 pi):
     (0.57735, 1, -0)
     (0.57735, -1, 0)
     (-0, 0, 1)
Geometric objects:
     block, center = (0,0,0)
          size (100,100,0.75)
          axes (1,0,0), (0,1,0), (0,0,1)
          epsilon = 4.3246, mu = 1
     cylinder, center = (0.166667,0.166667,0)
          radius 0.168034, height 0.75, axis (0, 0, 1)
          epsilon = 1, mu = 1
     cylinder, center = (-0.166667,-0.166667,0)
          radius 0.168034, height 0.75, axis (0, 0, 1)
          epsilon = 1, mu = 1
Geometric object tree has depth 1 and 11 object nodes (vs. 3 actual objects)
Initializing epsilon function...
16 k-points:
     (0,0,0)
     (0,0.1,0)
     (0,0.2,0)
     (0,0.3,0)
     (0,0.4,0)
     (0,0.5,0)
     (-0.0666667,0.466667,0)
     (-0.133333,0.433333,0)
     (-0.2,0.4,0)
     (-0.266667,0.366667,0)
     (-0.333333,0.333333,0)
     (-0.266667,0.266667,0)
     (-0.2,0.2,0)
     (-0.133333,0.133333,0)
     (-0.0666667,0.0666667,0)
     (0,0,0)
Solving for band polarization: tm.
Initializing fields to random numbers...
elapsed time for initialization: 0 seconds.
epsilon: 1-4.3246, mean 3.64355, harm. mean 2.65539, 84.1797% > 1, 79.5147% "fill"
Outputting honey-slab-maxTM-epsilon...
solve_kpoint (0,0,0):
tmfreqs:, k index, k1, k2, k3, kmag/2pi, tm band 1, tm band 2, tm band 3, tm band 4, tm band 5, tm band 6, tm band 7
Solving for bands 2 to 7...
    linmin: converged after 10 iterations.
    linmin: converged after 7 iterations.
    linmin: converged after 6 iterations.
    linmin: converged after 4 iterations.
    linmin: converged after 4 iterations.
    linmin: converged after 4 iterations.
    linmin: converged after 2 iterations.
    linmin: converged after 2 iterations.
    linmin: converged after 2 iterations.
Finished solving for bands 2 to 7 after 9 iterations.
tmfreqs:, 1, 0, 0, 0, 0, 0, 0.565444, 0.565497, 0.58324, 0.583542, 0.603887, 0.73725
elapsed time for k point: 0 seconds.
solve_kpoint (0,0.1,0):
Solving for bands 1 to 7...
    linmin: converged after 5 iterations.
    linmin: converged after 2 iterations.
    linmin: converged after 2 iterations.
    linmin: converged after 2 iterations.
Finished solving for bands 1 to 7 after 4 iterations.
tmfreqs:, 2, 0, 0.1, 0, 0.11547, 0.0604753, 0.527053, 0.546844, 0.58193, 0.606323, 0.633978, 0.750736
elapsed time for k point: 0 seconds.
solve_kpoint (0,0.2,0):
Solving for bands 1 to 7...
    linmin: converged after 4 iterations.
    linmin: converged after 2 iterations.
    linmin: converged after 2 iterations.
    linmin: converged after 2 iterations.
    linmin: converged after 2 iterations.
Finished solving for bands 1 to 7 after 5 iterations.
tmfreqs:, 3, 0, 0.2, 0, 0.23094, 0.120837, 0.473992, 0.526166, 0.568705, 0.639672, 0.67779, 0.784441
elapsed time for k point: 0 seconds.
solve_kpoint (0,0.3,0):
Solving for bands 1 to 7...
    linmin: converged after 3 iterations.
    linmin: converged after 4 iterations.
    linmin: converged after 2 iterations.
    linmin: converged after 2 iterations.
    linmin: converged after 2 iterations.
    linmin: converged after 2 iterations.
    linmin: converged after 2 iterations.
Finished solving for bands 1 to 7 after 7 iterations.
tmfreqs:, 4, 0, 0.3, 0, 0.34641, 0.18093, 0.418047, 0.510568, 0.555503, 0.676433, 0.721312, 0.828108
elapsed time for k point: 0 seconds.
solve_kpoint (0,0.4,0):
Solving for bands 1 to 7...
    linmin: converged after 3 iterations.
    linmin: converged after 4 iterations.
    linmin: converged after 4 iterations.
    linmin: converged after 3 iterations.
    linmin: converged after 6 iterations.
    linmin: converged after 7 iterations.
    linmin: converged after 5 iterations.
    linmin: converged after 5 iterations.
    linmin: converged after 5 iterations.
    linmin: converged after 6 iterations.
    linmin: converged after 7 iterations.
    linmin: converged after 7 iterations.
    linmin: converged after 8 iterations.
    linmin: converged after 9 iterations.
    linmin: converged after 7 iterations.
    linmin: converged after 6 iterations.
    linmin: converged after 6 iterations.
    linmin: converged after 4 iterations.
    linmin: converged after 3 iterations.
    linmin: converged after 3 iterations.
    linmin: converged after 2 iterations.
    linmin: converged after 2 iterations.
    linmin: converged after 2 iterations.
    linmin: converged after 2 iterations.
Finished solving for bands 1 to 7 after 24 iterations.
tmfreqs:, 5, 0, 0.4, 0, 0.46188, 0.240376, 0.360796, 0.50092, 0.546531, 0.715684, 0.76355, 0.800548
elapsed time for k point: 0 seconds.
solve_kpoint (0,0.5,0):
Solving for bands 1 to 7...
    linmin: converged after 3 iterations.
    linmin: converged after 5 iterations.
    linmin: converged after 4 iterations.
    linmin: converged after 4 iterations.
    linmin: converged after 4 iterations.
    linmin: converged after 2 iterations.
    linmin: converged after 2 iterations.
    linmin: converged after 2 iterations.
    linmin: converged after 2 iterations.
Finished solving for bands 1 to 7 after 9 iterations.
tmfreqs:, 6, 0, 0.5, 0, 0.57735, 0.289735, 0.312127, 0.497656, 0.543396, 0.752764, 0.761902, 0.792163
elapsed time for k point: 0 seconds.
solve_kpoint (-0.0666667,0.466667,0):
Solving for bands 1 to 7...
    linmin: converged after 4 iterations.
    linmin: converged after 4 iterations.
    linmin: converged after 4 iterations.
    linmin: converged after 4 iterations.
    linmin: converged after 2 iterations.
    linmin: converged after 2 iterations.
    linmin: converged after 2 iterations.
Finished solving for bands 1 to 7 after 7 iterations.
tmfreqs:, 7, -0.0666667, 0.466667, 0, 0.581187, 0.291592, 0.314157, 0.480035, 0.56081, 0.744914, 0.75672, 0.800272
elapsed time for k point: 0 seconds.
solve_kpoint (-0.133333,0.433333,0):
Solving for bands 1 to 7...
    linmin: converged after 4 iterations.
    linmin: converged after 4 iterations.
    linmin: converged after 4 iterations.
    linmin: converged after 2 iterations.
    linmin: converged after 2 iterations.
    linmin: converged after 2 iterations.
    linmin: converged after 2 iterations.
Finished solving for bands 1 to 7 after 7 iterations.
tmfreqs:, 8, -0.133333, 0.433333, 0, 0.592546, 0.297052, 0.320161, 0.449824, 0.590393, 0.729642, 0.744295, 0.816324
elapsed time for k point: 0 seconds.
solve_kpoint (-0.2,0.4,0):
Solving for bands 1 to 7...
    linmin: converged after 4 iterations.
    linmin: converged after 4 iterations.
    linmin: converged after 2 iterations.
    linmin: converged after 2 iterations.
    linmin: converged after 2 iterations.
    linmin: converged after 2 iterations.
    linmin: converged after 2 iterations.
Finished solving for bands 1 to 7 after 7 iterations.
tmfreqs:, 9, -0.2, 0.4, 0, 0.61101, 0.305745, 0.329897, 0.417675, 0.621448, 0.713246, 0.728862, 0.834079
elapsed time for k point: 0 seconds.
solve_kpoint (-0.266667,0.366667,0):
Solving for bands 1 to 7...
    linmin: converged after 4 iterations.
    linmin: converged after 4 iterations.
    linmin: converged after 4 iterations.
    linmin: converged after 4 iterations.
    linmin: converged after 2 iterations.
    linmin: converged after 2 iterations.
    linmin: converged after 2 iterations.
    linmin: converged after 2 iterations.
Finished solving for bands 1 to 7 after 8 iterations.
tmfreqs:, 10, -0.266667, 0.366667, 0, 0.635959, 0.316711, 0.343005, 0.385717, 0.651456, 0.698301, 0.712574, 0.851492
elapsed time for k point: 0 seconds.
solve_kpoint (-0.333333,0.333333,0):
Solving for bands 1 to 7...
    linmin: converged after 4 iterations.
    linmin: converged after 3 iterations.
    linmin: converged after 3 iterations.
    linmin: converged after 4 iterations.
    linmin: converged after 4 iterations.
    linmin: converged after 2 iterations.
    linmin: converged after 2 iterations.
    linmin: converged after 2 iterations.
    linmin: converged after 2 iterations.
Finished solving for bands 1 to 7 after 9 iterations.
tmfreqs:, 11, -0.333333, 0.333333, 0, 0.666667, 0.324875, 0.359014, 0.359066, 0.669056, 0.696272, 0.696441, 0.863145
elapsed time for k point: 0 seconds.
solve_kpoint (-0.266667,0.266667,0):
Solving for bands 1 to 7...
    linmin: converged after 4 iterations.
    linmin: converged after 5 iterations.
    linmin: converged after 3 iterations.
    linmin: converged after 4 iterations.
    linmin: converged after 2 iterations.
    linmin: converged after 2 iterations.
    linmin: converged after 2 iterations.
    linmin: converged after 2 iterations.
    linmin: converged after 2 iterations.
Finished solving for bands 1 to 7 after 9 iterations.
tmfreqs:, 12, -0.266667, 0.266667, 0, 0.533333, 0.276494, 0.376771, 0.398083, 0.646899, 0.666048, 0.751725, 0.818187
elapsed time for k point: 0 seconds.
solve_kpoint (-0.2,0.2,0):
Solving for bands 1 to 7...
    linmin: converged after 3 iterations.
    linmin: converged after 4 iterations.
    linmin: converged after 4 iterations.
    linmin: converged after 2 iterations.
    linmin: converged after 2 iterations.
    linmin: converged after 2 iterations.
    linmin: converged after 2 iterations.
Finished solving for bands 1 to 7 after 7 iterations.
tmfreqs:, 13, -0.2, 0.2, 0, 0.4, 0.208658, 0.42047, 0.443401, 0.623091, 0.640035, 0.758239, 0.813696
elapsed time for k point: 0 seconds.
solve_kpoint (-0.133333,0.133333,0):
Solving for bands 1 to 7...
    linmin: converged after 4 iterations.
    linmin: converged after 4 iterations.
    linmin: converged after 4 iterations.
    linmin: converged after 4 iterations.
    linmin: converged after 2 iterations.
    linmin: converged after 2 iterations.
    linmin: converged after 2 iterations.
Finished solving for bands 1 to 7 after 7 iterations.
tmfreqs:, 14, -0.133333, 0.133333, 0, 0.266667, 0.139468, 0.469995, 0.491188, 0.604938, 0.618614, 0.699815, 0.871628
elapsed time for k point: 0 seconds.
solve_kpoint (-0.0666667,0.0666667,0):
Solving for bands 1 to 7...
    linmin: converged after 6 iterations.
    linmin: converged after 4 iterations.
    linmin: converged after 3 iterations.
    linmin: converged after 3 iterations.
    linmin: converged after 2 iterations.
    linmin: converged after 2 iterations.
    linmin: converged after 11 iterations.
    linmin: converged after 2 iterations.
    linmin: converged after 2 iterations.
    linmin: converged after 2 iterations.
    linmin: converged after 2 iterations.
    linmin: converged after 2 iterations.
    linmin: converged after 2 iterations.
    linmin: converged after 2 iterations.
    linmin: converged after 2 iterations.
    linmin: converged after 2 iterations.
    linmin: converged after 2 iterations.
    linmin: converged after 2 iterations.
    linmin: converged after 2 iterations.
    linmin: converged after 2 iterations.
    linmin: converged after 2 iterations.
    linmin: converged after 2 iterations.
    linmin: converged after 2 iterations.
    linmin: converged after 2 iterations.
    linmin: converged after 2 iterations.
    linmin: converged after 2 iterations.
    linmin: converged after 2 iterations.
    linmin: converged after 2 iterations.
    linmin: converged after 2 iterations.
    linmin: converged after 2 iterations.
    linmin: converged after 2 iterations.
    linmin: converged after 2 iterations.
    linmin: converged after 2 iterations.
    linmin: converged after 2 iterations.
    linmin: converged after 2 iterations.
    linmin: converged after 2 iterations.
    linmin: converged after 2 iterations.
    linmin: converged after 2 iterations.
    linmin: converged after 2 iterations.
    linmin: converged after 2 iterations.
    linmin: converged after 2 iterations.
    linmin: converged after 2 iterations.
    linmin: converged after 2 iterations.
    linmin: converged after 3 iterations.
    linmin: converged after 3 iterations.
    linmin: converged after 3 iterations.
    linmin: converged after 3 iterations.
    linmin: converged after 3 iterations.
    linmin: converged after 3 iterations.
    linmin: converged after 3 iterations.
    linmin: converged after 3 iterations.
    linmin: converged after 3 iterations.
    linmin: converged after 3 iterations.
    linmin: converged after 3 iterations.
    linmin: converged after 3 iterations.
    linmin: converged after 3 iterations.
    linmin: converged after 3 iterations.
    linmin: converged after 3 iterations.
    linmin: converged after 3 iterations.
    linmin: converged after 3 iterations.
    linmin: converged after 3 iterations.
    linmin: converged after 3 iterations.
    linmin: converged after 3 iterations.
    linmin: converged after 3 iterations.
    linmin: converged after 3 iterations.
    linmin: converged after 3 iterations.
    linmin: converged after 3 iterations.
    linmin: converged after 3 iterations.
    linmin: converged after 3 iterations.
    linmin: converged after 7 iterations.
    linmin: converged after 4 iterations.
    linmin: converged after 3 iterations.
    linmin: converged after 3 iterations.
    linmin: converged after 4 iterations.
    linmin: converged after 4 iterations.
    linmin: converged after 2 iterations.
    linmin: converged after 2 iterations.
    linmin: converged after 2 iterations.
    linmin: converged after 2 iterations.
    linmin: converged after 2 iterations.
    linmin: converged after 2 iterations.
    linmin: converged after 2 iterations.
Finished solving for bands 1 to 7 after 82 iterations.
tmfreqs:, 15, -0.0666667, 0.0666667, 0, 0.133333, 0.0698238, 0.522473, 0.536369, 0.593255, 0.599922, 0.642619, 0.754893
elapsed time for k point: 0 seconds.
solve_kpoint (0,0,0):
Solving for bands 2 to 7...
    linmin: converged after 4 iterations.
    linmin: converged after 2 iterations.
    linmin: converged after 2 iterations.
    linmin: converged after 2 iterations.
Finished solving for bands 2 to 7 after 4 iterations.
tmfreqs:, 16, 0, 0, 0, 0, 0, 0.565444, 0.565497, 0.58324, 0.583542, 0.603887, 0.73725
elapsed time for k point: 0 seconds.
Band 1 range: 0.0 at #(0.0 0.0 0.0) to 0.32487500300214395 at #(-0.3333333333333333 0.3333333333333333 0.0)
Band 2 range: 0.3121267834717662 at #(0.0 0.5 0.0) to 0.5654439848468001 at #(0.0 0.0 0.0)
Band 3 range: 0.35906635029473155 at #(-0.3333333333333333 0.3333333333333333 0.0) to 0.5654968792661307 at #(0.0 0.0 0.0)
Band 4 range: 0.5433959868628805 at #(0.0 0.5 0.0) to 0.6690555413860215 at #(-0.3333333333333333 0.3333333333333333 0.0)
Band 5 range: 0.5835424448540405 at #(0.0 0.0 0.0) to 0.7527636747091565 at #(0.0 0.5 0.0)
Band 6 range: 0.6038870889473423 at #(0.0 0.0 0.0) to 0.7635499497408612 at #(0.0 0.4 0.0)
Band 7 range: 0.7372498266746781 at #(0.0 0.0 0.0) to 0.8716281557110336 at #(-0.13333333333333333 0.13333333333333333 0.0)
total elapsed time for run: 0 seconds.
done.
init-params: initializing eigensolver data
Computing 7 bands with 1.000000e-07 tolerance.
Working in 2 dimensions.
Grid size is 32 x 32 x 1.
Solving for 7 bands at a time.
Creating Maxwell data...
Mesh size is 7.
Lattice vectors:
     (0.866025, 0.5, 0)
     (0.866025, -0.5, 0)
     (0, 0, 1)
Cell volume = 0.866025
Reciprocal lattice vectors (/ 2 pi):
     (0.57735, 1, -0)
     (0.57735, -1, 0)
     (-0, 0, 1)
Geometric objects:
     block, center = (0,0,0)
          size (100,100,0.75)
          axes (1,0,0), (0,1,0), (0,0,1)
          epsilon = 4.3246, mu = 1
     cylinder, center = (0.166667,0.166667,0)
          radius 0.232343, height 0.75, axis (0, 0, 1)
          epsilon = 1, mu = 1
     cylinder, center = (-0.166667,-0.166667,0)
          radius 0.232343, height 0.75, axis (0, 0, 1)
          epsilon = 1, mu = 1
Geometric object tree has depth 1 and 11 object nodes (vs. 3 actual objects)
Initializing epsilon function...
16 k-points:
     (0,0,0)
     (0,0.1,0)
     (0,0.2,0)
     (0,0.3,0)
     (0,0.4,0)
     (0,0.5,0)
     (-0.0666667,0.466667,0)
     (-0.133333,0.433333,0)
     (-0.2,0.4,0)
     (-0.266667,0.366667,0)
     (-0.333333,0.333333,0)
     (-0.266667,0.266667,0)
     (-0.2,0.2,0)
     (-0.133333,0.133333,0)
     (-0.0666667,0.0666667,0)
     (0,0,0)
Solving for band polarization: tm.
Initializing fields to random numbers...
elapsed time for initialization: 0 seconds.
epsilon: 1-4.3246, mean 3.0225, harm. mean 1.94735, 67.1875% > 1, 60.8343% "fill"
Outputting honey-slab-maxTM-epsilon...
solve_kpoint (0,0,0):
tmfreqs:, k index, k1, k2, k3, kmag/2pi, tm band 1, tm band 2, tm band 3, tm band 4, tm band 5, tm band 6, tm band 7
Solving for bands 2 to 7...
    linmin: converged after 9 iterations.
    linmin: converged after 8 iterations.
    linmin: converged after 5 iterations.
    linmin: converged after 5 iterations.
    linmin: converged after 5 iterations.
    linmin: converged after 4 iterations.
    linmin: converged after 4 iterations.
    linmin: converged after 4 iterations.
    linmin: converged after 2 iterations.
    linmin: converged after 2 iterations.
    linmin: converged after 2 iterations.
    linmin: converged after 2 iterations.
    linmin: converged after 2 iterations.
Finished solving for bands 2 to 7 after 13 iterations.
tmfreqs:, 1, 0, 0, 0, 0, 0, 0.590578, 0.590606, 0.649161, 0.652431, 0.652904, 0.904271
elapsed time for k point: 0 seconds.
solve_kpoint (0,0.1,0):
Solving for bands 1 to 7...
    linmin: converged after 6 iterations.
    linmin: converged after 3 iterations.
    linmin: converged after 2 iterations.
    linmin: converged after 2 iterations.
    linmin: converged after 2 iterations.
    linmin: converged after 2 iterations.
Finished solving for bands 1 to 7 after 6 iterations.
tmfreqs:, 2, 0, 0.1, 0, 0.11547, 0.0663646, 0.560169, 0.58064, 0.646272, 0.667039, 0.678459, 0.91534
elapsed time for k point: 0 seconds.
solve_kpoint (0,0.2,0):
Solving for bands 1 to 7...
    linmin: converged after 4 iterations.
    linmin: converged after 4 iterations.
    linmin: converged after 2 iterations.
    linmin: converged after 2 iterations.
    linmin: converged after 2 iterations.
    linmin: converged after 2 iterations.
Finished solving for bands 1 to 7 after 6 iterations.
tmfreqs:, 3, 0, 0.2, 0, 0.23094, 0.132387, 0.509254, 0.563394, 0.633665, 0.697198, 0.723644, 0.944429
elapsed time for k point: 0 seconds.
solve_kpoint (0,0.3,0):
Solving for bands 1 to 7...
    linmin: converged after 3 iterations.
    linmin: converged after 4 iterations.
    linmin: converged after 2 iterations.
    linmin: converged after 2 iterations.
    linmin: converged after 8 iterations.
    linmin: converged after 3 iterations.
    linmin: converged after 4 iterations.
    linmin: converged after 4 iterations.
    linmin: converged after 4 iterations.
    linmin: converged after 5 iterations.
    linmin: converged after 5 iterations.
    linmin: converged after 5 iterations.
    linmin: converged after 5 iterations.
    linmin: converged after 5 iterations.
    linmin: converged after 4 iterations.
    linmin: converged after 4 iterations.
    linmin: converged after 4 iterations.
    linmin: converged after 4 iterations.
    linmin: converged after 4 iterations.
    linmin: converged after 4 iterations.
    linmin: converged after 4 iterations.
    linmin: converged after 4 iterations.
    linmin: converged after 4 iterations.
    linmin: converged after 4 iterations.
    linmin: converged after 4 iterations.
    linmin: converged after 4 iterations.
    linmin: converged after 4 iterations.
    linmin: converged after 4 iterations.
    linmin: converged after 4 iterations.
    linmin: converged after 4 iterations.
    linmin: converged after 5 iterations.
    linmin: converged after 5 iterations.
    linmin: converged after 5 iterations.
    linmin: converged after 5 iterations.
    linmin: converged after 6 iterations.
    linmin: converged after 6 iterations.
    linmin: converged after 6 iterations.
    linmin: converged after 6 iterations.
    linmin: converged after 11 iterations.
    linmin: converged after 7 iterations.
    linmin: converged after 10 iterations.
    linmin: converged after 5 iterations.
    linmin: converged after 5 iterations.
    linmin: converged after 6 iterations.
    linmin: converged after 6 iterations.
    linmin: converged after 9 iterations.
    linmin: converged after 5 iterations.
    linmin: converged after 5 iterations.
    linmin: converged after 6 iterations.
    linmin: converged after 6 iterations.
    linmin: converged after 6 iterations.
    linmin: converged after 3 iterations.
    linmin: converged after 3 iterations.
    linmin: converged after 3 iterations.
    linmin: converged after 2 iterations.
    linmin: converged after 2 iterations.
Finished solving for bands 1 to 7 after 56 iterations.
tmfreqs:, 4, 0, 0.3, 0, 0.34641, 0.197574, 0.453368, 0.548649, 0.62032, 0.733485, 0.770748, 0.901471
elapsed time for k point: 0 seconds.
solve_kpoint (0,0.4,0):
Solving for bands 1 to 7...
    linmin: converged after 3 iterations.
    linmin: converged after 4 iterations.
    linmin: converged after 4 iterations.
    linmin: converged after 2 iterations.
    linmin: converged after 2 iterations.
    linmin: converged after 2 iterations.
    linmin: converged after 2 iterations.
Finished solving for bands 1 to 7 after 7 iterations.
tmfreqs:, 5, 0, 0.4, 0, 0.46188, 0.260583, 0.395586, 0.539161, 0.610836, 0.773073, 0.817615, 0.857999
elapsed time for k point: 0 seconds.
solve_kpoint (0,0.5,0):
Solving for bands 1 to 7...
    linmin: converged after 3 iterations.
    linmin: converged after 4 iterations.
    linmin: converged after 4 iterations.
    linmin: converged after 4 iterations.
    linmin: converged after 4 iterations.
    linmin: converged after 2 iterations.
    linmin: converged after 2 iterations.
    linmin: converged after 2 iterations.
    linmin: converged after 2 iterations.
    linmin: converged after 2 iterations.
Finished solving for bands 1 to 7 after 10 iterations.
tmfreqs:, 6, 0, 0.5, 0, 0.57735, 0.304986, 0.352872, 0.535907, 0.607459, 0.812328, 0.817457, 0.851508
elapsed time for k point: 0 seconds.
solve_kpoint (-0.0666667,0.466667,0):
Solving for bands 1 to 7...
    linmin: converged after 4 iterations.
    linmin: converged after 4 iterations.
    linmin: converged after 4 iterations.
    linmin: converged after 4 iterations.
    linmin: converged after 2 iterations.
    linmin: converged after 2 iterations.
    linmin: converged after 2 iterations.
Finished solving for bands 1 to 7 after 7 iterations.
tmfreqs:, 7, -0.0666667, 0.466667, 0, 0.581187, 0.306811, 0.355108, 0.521566, 0.621607, 0.807553, 0.809527, 0.859193
elapsed time for k point: 1 seconds.
solve_kpoint (-0.133333,0.433333,0):
Solving for bands 1 to 7...
    linmin: converged after 4 iterations.
    linmin: converged after 4 iterations.
    linmin: converged after 4 iterations.
    linmin: converged after 2 iterations.
    linmin: converged after 2 iterations.
    linmin: converged after 2 iterations.
    linmin: converged after 2 iterations.
Finished solving for bands 1 to 7 after 7 iterations.
tmfreqs:, 8, -0.133333, 0.433333, 0, 0.592546, 0.312115, 0.36171, 0.492948, 0.649735, 0.794212, 0.795816, 0.873766
elapsed time for k point: 0 seconds.
solve_kpoint (-0.2,0.4,0):
Solving for bands 1 to 7...
    linmin: converged after 4 iterations.
    linmin: converged after 4 iterations.
    linmin: converged after 2 iterations.
    linmin: converged after 2 iterations.
    linmin: converged after 2 iterations.
    linmin: converged after 2 iterations.
    linmin: converged after 2 iterations.
Finished solving for bands 1 to 7 after 7 iterations.
tmfreqs:, 9, -0.2, 0.4, 0, 0.61101, 0.320291, 0.372386, 0.461039, 0.681211, 0.777381, 0.780847, 0.889369
elapsed time for k point: 0 seconds.
solve_kpoint (-0.266667,0.366667,0):
Solving for bands 1 to 7...
    linmin: converged after 4 iterations.
    linmin: converged after 4 iterations.
    linmin: converged after 4 iterations.
    linmin: converged after 4 iterations.
    linmin: converged after 2 iterations.
    linmin: converged after 2 iterations.
    linmin: converged after 2 iterations.
Finished solving for bands 1 to 7 after 7 iterations.
tmfreqs:, 10, -0.266667, 0.366667, 0, 0.635959, 0.329775, 0.386694, 0.429611, 0.713402, 0.760501, 0.764777, 0.904104
elapsed time for k point: 0 seconds.
solve_kpoint (-0.333333,0.333333,0):
Solving for bands 1 to 7...
    linmin: converged after 4 iterations.
    linmin: converged after 3 iterations.
    linmin: converged after 4 iterations.
    linmin: converged after 4 iterations.
    linmin: converged after 4 iterations.
    linmin: converged after 2 iterations.
    linmin: converged after 2 iterations.
    linmin: converged after 2 iterations.
Finished solving for bands 1 to 7 after 8 iterations.
tmfreqs:, 11, -0.333333, 0.333333, 0, 0.666667, 0.335529, 0.404032, 0.404118, 0.741175, 0.748397, 0.748717, 0.912953
elapsed time for k point: 0 seconds.
solve_kpoint (-0.266667,0.266667,0):
Solving for bands 1 to 7...
    linmin: converged after 4 iterations.
    linmin: converged after 4 iterations.
    linmin: converged after 3 iterations.
    linmin: converged after 4 iterations.
    linmin: converged after 2 iterations.
    linmin: converged after 2 iterations.
    linmin: converged after 2 iterations.
    linmin: converged after 2 iterations.
Finished solving for bands 1 to 7 after 8 iterations.
tmfreqs:, 12, -0.266667, 0.266667, 0, 0.533333, 0.297266, 0.408595, 0.445736, 0.71287, 0.71801, 0.809516, 0.870685
elapsed time for k point: 0 seconds.
solve_kpoint (-0.2,0.2,0):
Solving for bands 1 to 7...
    linmin: converged after 3 iterations.
    linmin: converged after 4 iterations.
    linmin: converged after 4 iterations.
    linmin: converged after 2 iterations.
    linmin: converged after 2 iterations.
    linmin: converged after 2 iterations.
    linmin: converged after 2 iterations.
Finished solving for bands 1 to 7 after 7 iterations.
tmfreqs:, 13, -0.2, 0.2, 0, 0.4, 0.227303, 0.450743, 0.492431, 0.687167, 0.692016, 0.807739, 0.872508
elapsed time for k point: 0 seconds.
solve_kpoint (-0.133333,0.133333,0):
Solving for bands 1 to 7...
    linmin: converged after 4 iterations.
    linmin: converged after 4 iterations.
    linmin: converged after 4 iterations.
    linmin: converged after 4 iterations.
    linmin: converged after 2 iterations.
    linmin: converged after 2 iterations.
    linmin: converged after 2 iterations.
Finished solving for bands 1 to 7 after 7 iterations.
tmfreqs:, 14, -0.133333, 0.133333, 0, 0.266667, 0.152678, 0.501358, 0.538322, 0.667723, 0.671756, 0.747098, 0.928616
elapsed time for k point: 0 seconds.
solve_kpoint (-0.0666667,0.0666667,0):
Solving for bands 1 to 7...
    linmin: converged after 6 iterations.
    linmin: converged after 3 iterations.
    linmin: converged after 3 iterations.
    linmin: converged after 3 iterations.
    linmin: converged after 2 iterations.
    linmin: converged after 2 iterations.
    linmin: converged after 2 iterations.
Finished solving for bands 1 to 7 after 7 iterations.
tmfreqs:, 15, -0.0666667, 0.0666667, 0, 0.133333, 0.0766103, 0.554339, 0.575233, 0.655577, 0.657967, 0.688601, 0.977716
elapsed time for k point: 0 seconds.
solve_kpoint (0,0,0):
Solving for bands 2 to 7...
    linmin: converged after 4 iterations.
    linmin: converged after 4 iterations.
    linmin: converged after 4 iterations.
    linmin: converged after 4 iterations.
    linmin: converged after 4 iterations.
    linmin: converged after 4 iterations.
    linmin: converged after 2 iterations.
    linmin: converged after 2 iterations.
    linmin: converged after 3 iterations.
    linmin: converged after 10 iterations.
    linmin: converged after 3 iterations.
    linmin: converged after 3 iterations.
    linmin: converged after 3 iterations.
    linmin: converged after 3 iterations.
    linmin: converged after 3 iterations.
    linmin: converged after 3 iterations.
    linmin: converged after 3 iterations.
    linmin: converged after 3 iterations.
    linmin: converged after 3 iterations.
    linmin: converged after 3 iterations.
    linmin: converged after 3 iterations.
    linmin: converged after 3 iterations.
    linmin: converged after 3 iterations.
    linmin: converged after 3 iterations.
    linmin: converged after 3 iterations.
    linmin: converged after 3 iterations.
    linmin: converged after 3 iterations.
    linmin: converged after 3 iterations.
    linmin: converged after 3 iterations.
    linmin: converged after 3 iterations.
    linmin: converged after 3 iterations.
    linmin: converged after 3 iterations.
    linmin: converged after 3 iterations.
    linmin: converged after 3 iterations.
    linmin: converged after 3 iterations.
    linmin: converged after 3 iterations.
    linmin: converged after 3 iterations.
    linmin: converged after 3 iterations.
    linmin: converged after 2 iterations.
    linmin: converged after 2 iterations.
    linmin: converged after 2 iterations.
    linmin: converged after 2 iterations.
    linmin: converged after 2 iterations.
    linmin: converged after 2 iterations.
    linmin: converged after 2 iterations.
    linmin: converged after 2 iterations.
    linmin: converged after 2 iterations.
    linmin: converged after 2 iterations.
    linmin: converged after 2 iterations.
    linmin: converged after 2 iterations.
    linmin: converged after 2 iterations.
    linmin: converged after 2 iterations.
    linmin: converged after 2 iterations.
    linmin: converged after 2 iterations.
    linmin: converged after 2 iterations.
    linmin: converged after 2 iterations.
    linmin: converged after 2 iterations.
    linmin: converged after 3 iterations.
    linmin: converged after 3 iterations.
    linmin: converged after 3 iterations.
    linmin: converged after 3 iterations.
    linmin: converged after 3 iterations.
    linmin: converged after 3 iterations.
    linmin: converged after 3 iterations.
    linmin: converged after 3 iterations.
    linmin: converged after 3 iterations.
    linmin: converged after 3 iterations.
    linmin: converged after 3 iterations.
    linmin: converged after 3 iterations.
    linmin: converged after 4 iterations.
    linmin: converged after 4 iterations.
    linmin: converged after 4 iterations.
    linmin: converged after 4 iterations.
    linmin: converged after 4 iterations.
    linmin: converged after 2 iterations.
    linmin: converged after 2 iterations.
    linmin: converged after 2 iterations.
    linmin: converged after 2 iterations.
Finished solving for bands 2 to 7 after 78 iterations.
tmfreqs:, 16, 0, 0, 0, 0, 0, 0.590578, 0.590606, 0.649161, 0.652431, 0.652904, 0.904271
elapsed time for k point: 0 seconds.
Band 1 range: 0.0 at #(0.0 0.0 0.0) to 0.3355293459652939 at #(-0.3333333333333333 0.3333333333333333 0.0)
Band 2 range: 0.3528724873233736 at #(0.0 0.5 0.0) to 0.590578155027275 at #(0.0 0.0 0.0)
Band 3 range: 0.4041182067498499 at #(-0.3333333333333333 0.3333333333333333 0.0) to 0.5906062953390038 at #(0.0 0.0 0.0)
Band 4 range: 0.6074592031234358 at #(0.0 0.5 0.0) to 0.7411750971737566 at #(-0.3333333333333333 0.3333333333333333 0.0)
Band 5 range: 0.6524309104828465 at #(0.0 0.0 0.0) to 0.8123276530305881 at #(0.0 0.5 0.0)
Band 6 range: 0.6529037982669095 at #(0.0 0.0 0.0) to 0.8176152186378355 at #(0.0 0.4 0.0)
Band 7 range: 0.8515084751293259 at #(0.0 0.5 0.0) to 0.9777164553045992 at #(-0.06666666666666667 0.06666666666666667 0.0)
Gap from band 1 (0.3355293459652939) to band 2 (0.3528724873233736), 5.038667975425696%
Gap from band 3 (0.5906062953390038) to band 4 (0.6074592031234358), 2.813353327687101%
Gap from band 6 (0.8176152186378355) to band 7 (0.8515084751293259), 4.061203686467884%
total elapsed time for run: 1 seconds.
done.
radius at maximum: 0.2323429596716031
gap size at maximum: 4.061203686467884
