init-params: initializing eigensolver data
Computing 8 bands with 1.000000e-07 tolerance.
Working in 2 dimensions.
Grid size is 32 x 32 x 1.
Solving for 8 bands at a time.
Creating Maxwell data...
Mesh size is 3.
Lattice vectors:
     (0.866025, 0.5, 0)
     (0.866025, -0.5, 0)
     (0, 0, 1)
Cell volume = 0.866025
Reciprocal lattice vectors (/ 2 pi):
     (0.57735, 1, -0)
     (0.57735, -1, 0)
     (-0, 0, 1)
Geometric objects:
     block, center = (0,0,0)
          size (10,10,0.01)
          axes (1,0,0), (0,1,0), (0,0,1)
          epsilon = 4.3246, mu = 1
     cylinder, center = (0,0,0)
          radius 0.32, height 0.01, axis (0, 0, 1)
          epsilon = 1, mu = 1
Geometric object tree has depth 1 and 10 object nodes (vs. 2 actual objects)
Initializing epsilon function...
Allocating fields...
16 k-points:
     (0,0,0)
     (0,0.1,0)
     (0,0.2,0)
     (0,0.3,0)
     (0,0.4,0)
     (0,0.5,0)
     (-0.0666667,0.466667,0)
     (-0.133333,0.433333,0)
     (-0.2,0.4,0)
     (-0.266667,0.366667,0)
     (-0.333333,0.333333,0)
     (-0.266667,0.266667,0)
     (-0.2,0.2,0)
     (-0.133333,0.133333,0)
     (-0.0666667,0.0666667,0)
     (0,0,0)
Solving for band polarization: te.
Initializing fields to random numbers...
elapsed time for initialization: 0 seconds.
epsilon: 1-4.3246, mean 3.08665, harm. mean 1.97309, 65.5273% > 1, 62.7641% "fill"
Outputting tri-slab-epsilon...
solve_kpoint (0,0,0):
tefreqs:, k index, k1, k2, k3, kmag/2pi, te band 1, te band 2, te band 3, te band 4, te band 5, te band 6, te band 7, te band 8
Solving for bands 2 to 8...
    linmin: converged after 8 iterations.
    linmin: converged after 6 iterations.
    linmin: converged after 5 iterations.
    linmin: converged after 4 iterations.
    linmin: converged after 4 iterations.
    linmin: converged after 4 iterations.
    linmin: converged after 4 iterations.
    linmin: converged after 4 iterations.
    linmin: converged after 4 iterations.
    linmin: converged after 4 iterations.
    linmin: converged after 4 iterations.
    linmin: converged after 3 iterations.
    linmin: converged after 4 iterations.
    linmin: converged after 4 iterations.
    linmin: converged after 3 iterations.
    linmin: converged after 3 iterations.
    linmin: converged after 2 iterations.
    linmin: converged after 2 iterations.
    linmin: converged after 2 iterations.
    linmin: converged after 2 iterations.
    linmin: converged after 2 iterations.
    linmin: converged after 2 iterations.
Finished solving for bands 2 to 8 after 22 iterations.
tefreqs:, 1, 0, 0, 0, 0, 0, 0.61412, 0.685247, 0.685265, 0.707839, 0.775971, 0.775982, 1.078
elapsed time for k point: 0 seconds.
solve_kpoint (0,0.1,0):
Solving for bands 1 to 8...
    linmin: converged after 4 iterations.
    linmin: converged after 5 iterations.
    linmin: converged after 4 iterations.
    linmin: converged after 3 iterations.
    linmin: converged after 4 iterations.
    linmin: converged after 4 iterations.
    linmin: converged after 2 iterations.
    linmin: converged after 3 iterations.
    linmin: converged after 2 iterations.
    linmin: converged after 2 iterations.
    linmin: converged after 2 iterations.
    linmin: converged after 2 iterations.
Finished solving for bands 1 to 8 after 12 iterations.
tefreqs:, 2, 0, 0.1, 0, 0.11547, 0.0703069, 0.599472, 0.667905, 0.677416, 0.703831, 0.788267, 0.816429, 1.03689
elapsed time for k point: 0 seconds.
solve_kpoint (0,0.2,0):
Solving for bands 1 to 8...
    linmin: converged after 4 iterations.
    linmin: converged after 4 iterations.
    linmin: converged after 4 iterations.
    linmin: converged after 2 iterations.
    linmin: converged after 2 iterations.
    linmin: converged after 2 iterations.
    linmin: converged after 2 iterations.
    linmin: converged after 2 iterations.
Finished solving for bands 1 to 8 after 8 iterations.
tefreqs:, 3, 0, 0.2, 0, 0.23094, 0.14009, 0.561208, 0.626397, 0.662017, 0.733104, 0.816975, 0.880379, 0.99038
elapsed time for k point: 0 seconds.
solve_kpoint (0,0.3,0):
Solving for bands 1 to 8...
    linmin: converged after 4 iterations.
    linmin: converged after 4 iterations.
    linmin: converged after 2 iterations.
    linmin: converged after 2 iterations.
    linmin: converged after 2 iterations.
    linmin: converged after 2 iterations.
    linmin: converged after 2 iterations.
Finished solving for bands 1 to 8 after 7 iterations.
tefreqs:, 4, 0, 0.3, 0, 0.34641, 0.208318, 0.505518, 0.601921, 0.647882, 0.76964, 0.853098, 0.943611, 0.946976
elapsed time for k point: 0 seconds.
solve_kpoint (0,0.4,0):
Solving for bands 1 to 8...
    linmin: converged after 4 iterations.
    linmin: converged after 4 iterations.
    linmin: converged after 4 iterations.
    linmin: converged after 2 iterations.
    linmin: converged after 2 iterations.
    linmin: converged after 2 iterations.
    linmin: converged after 2 iterations.
    linmin: converged after 3 iterations.
    linmin: converged after 10 iterations.
    linmin: converged after 3 iterations.
    linmin: converged after 3 iterations.
    linmin: converged after 2 iterations.
    linmin: converged after 4 iterations.
    linmin: converged after 4 iterations.
    linmin: converged after 4 iterations.
    linmin: converged after 4 iterations.
    linmin: converged after 4 iterations.
    linmin: converged after 4 iterations.
    linmin: converged after 4 iterations.
    linmin: converged after 2 iterations.
    linmin: converged after 3 iterations.
    linmin: converged after 3 iterations.
    linmin: converged after 3 iterations.
    linmin: converged after 3 iterations.
    linmin: converged after 3 iterations.
    linmin: converged after 3 iterations.
    linmin: converged after 3 iterations.
    linmin: converged after 3 iterations.
    linmin: converged after 3 iterations.
    linmin: converged after 3 iterations.
    linmin: converged after 3 iterations.
    linmin: converged after 3 iterations.
    linmin: converged after 3 iterations.
    linmin: converged after 3 iterations.
    linmin: converged after 3 iterations.
    linmin: converged after 3 iterations.
    linmin: converged after 3 iterations.
    linmin: converged after 3 iterations.
    linmin: converged after 3 iterations.
    linmin: converged after 3 iterations.
    linmin: converged after 3 iterations.
    linmin: converged after 3 iterations.
    linmin: converged after 3 iterations.
    linmin: converged after 3 iterations.
    linmin: converged after 3 iterations.
    linmin: converged after 3 iterations.
    linmin: converged after 3 iterations.
    linmin: converged after 3 iterations.
    linmin: converged after 3 iterations.
    linmin: converged after 3 iterations.
    linmin: converged after 3 iterations.
    linmin: converged after 3 iterations.
    linmin: converged after 3 iterations.
    linmin: converged after 3 iterations.
    linmin: converged after 3 iterations.
    linmin: converged after 3 iterations.
    linmin: converged after 3 iterations.
    linmin: converged after 3 iterations.
    linmin: converged after 3 iterations.
    linmin: converged after 3 iterations.
    linmin: converged after 3 iterations.
    linmin: converged after 3 iterations.
    linmin: converged after 3 iterations.
    linmin: converged after 3 iterations.
    linmin: converged after 3 iterations.
    linmin: converged after 3 iterations.
    linmin: converged after 3 iterations.
    linmin: converged after 3 iterations.
    linmin: converged after 3 iterations.
    linmin: converged after 4 iterations.
    linmin: converged after 4 iterations.
    linmin: converged after 3 iterations.
    linmin: converged after 2 iterations.
    linmin: converged after 2 iterations.
    linmin: converged after 2 iterations.
    linmin: converged after 2 iterations.
    linmin: converged after 2 iterations.
    linmin: converged after 2 iterations.
    linmin: converged after 2 iterations.
    linmin: converged after 2 iterations.
Finished solving for bands 1 to 8 after 80 iterations.
tefreqs:, 5, 0, 0.4, 0, 0.46188, 0.271313, 0.446863, 0.589435, 0.638526, 0.809893, 0.892654, 0.897613, 0.976057
elapsed time for k point: 0 seconds.
solve_kpoint (0,0.5,0):
Solving for bands 1 to 8...
    linmin: converged after 4 iterations.
    linmin: converged after 4 iterations.
    linmin: converged after 2 iterations.
    linmin: converged after 2 iterations.
    linmin: converged after 2 iterations.
    linmin: converged after 2 iterations.
Finished solving for bands 1 to 8 after 6 iterations.
tefreqs:, 6, 0, 0.5, 0, 0.57735, 0.306642, 0.412647, 0.58548, 0.635284, 0.850329, 0.855303, 0.928375, 0.940432
elapsed time for k point: 0 seconds.
solve_kpoint (-0.0666667,0.466667,0):
Solving for bands 1 to 8...
    linmin: converged after 4 iterations.
    linmin: converged after 4 iterations.
    linmin: converged after 2 iterations.
    linmin: converged after 2 iterations.
    linmin: converged after 2 iterations.
    linmin: converged after 2 iterations.
    linmin: converged after 2 iterations.
    linmin: converged after 2 iterations.
Finished solving for bands 1 to 8 after 8 iterations.
tefreqs:, 7, -0.0666667, 0.466667, 0, 0.581187, 0.30927, 0.414169, 0.56671, 0.653854, 0.844584, 0.850997, 0.934663, 0.943578
elapsed time for k point: 0 seconds.
solve_kpoint (-0.133333,0.433333,0):
Solving for bands 1 to 8...
    linmin: converged after 4 iterations.
    linmin: converged after 4 iterations.
    linmin: converged after 2 iterations.
    linmin: converged after 2 iterations.
    linmin: converged after 2 iterations.
    linmin: converged after 2 iterations.
    linmin: converged after 2 iterations.
    linmin: converged after 2 iterations.
Finished solving for bands 1 to 8 after 8 iterations.
tefreqs:, 8, -0.133333, 0.433333, 0, 0.592546, 0.316803, 0.418693, 0.534651, 0.685476, 0.83109, 0.839916, 0.94974, 0.951245
elapsed time for k point: 0 seconds.
solve_kpoint (-0.2,0.4,0):
Solving for bands 1 to 8...
    linmin: converged after 4 iterations.
    linmin: converged after 4 iterations.
    linmin: converged after 4 iterations.
    linmin: converged after 2 iterations.
    linmin: converged after 2 iterations.
    linmin: converged after 2 iterations.
    linmin: converged after 2 iterations.
    linmin: converged after 2 iterations.
Finished solving for bands 1 to 8 after 8 iterations.
tefreqs:, 9, -0.2, 0.4, 0, 0.61101, 0.328068, 0.426103, 0.501385, 0.718703, 0.814789, 0.825156, 0.960528, 0.968551
elapsed time for k point: 0 seconds.
solve_kpoint (-0.266667,0.366667,0):
Solving for bands 1 to 8...
    linmin: converged after 4 iterations.
    linmin: converged after 4 iterations.
    linmin: converged after 4 iterations.
    linmin: converged after 2 iterations.
    linmin: converged after 2 iterations.
    linmin: converged after 2 iterations.
    linmin: converged after 2 iterations.
    linmin: converged after 2 iterations.
    linmin: converged after 2 iterations.
Finished solving for bands 1 to 8 after 9 iterations.
tefreqs:, 10, -0.266667, 0.366667, 0, 0.635959, 0.340354, 0.436215, 0.470644, 0.751448, 0.798442, 0.808838, 0.969413, 0.988458
elapsed time for k point: 1 seconds.
solve_kpoint (-0.333333,0.333333,0):
Solving for bands 1 to 8...
    linmin: converged after 4 iterations.
    linmin: converged after 4 iterations.
    linmin: converged after 4 iterations.
    linmin: converged after 4 iterations.
    linmin: converged after 4 iterations.
    linmin: converged after 4 iterations.
    linmin: converged after 2 iterations.
    linmin: converged after 2 iterations.
    linmin: converged after 2 iterations.
    linmin: converged after 2 iterations.
    linmin: converged after 2 iterations.
Finished solving for bands 1 to 8 after 11 iterations.
tefreqs:, 11, -0.333333, 0.333333, 0, 0.666667, 0.347012, 0.448789, 0.448803, 0.774243, 0.792051, 0.792194, 0.974629, 1.00808
elapsed time for k point: 0 seconds.
Fixing e-field (band 1) phase by -1 + 3.19264e-06i; max ampl. = 0.68175
Outputting fields to tri-slab-e.k11.b01.x.te...
Fixing e-field (band 2) phase by -1 + 3.19264e-06i; max ampl. = 1.11598
Outputting fields to tri-slab-e.k11.b02.x.te...
Fixing e-field (band 3) phase by -3.19264e-06 + -1i; max ampl. = 1.22721
Outputting fields to tri-slab-e.k11.b03.x.te...
Fixing e-field (band 4) phase by -3.19264e-06 + -1i; max ampl. = 0.895278
Outputting fields to tri-slab-e.k11.b04.x.te...
Fixing e-field (band 5) phase by -1 + 3.19264e-06i; max ampl. = 1.03447
Outputting fields to tri-slab-e.k11.b05.x.te...
Fixing e-field (band 6) phase by 3.19264e-06 + 1i; max ampl. = 0.82577
Outputting fields to tri-slab-e.k11.b06.x.te...
Fixing e-field (band 7) phase by -1 + 3.19264e-06i; max ampl. = 0.794514
Outputting fields to tri-slab-e.k11.b07.x.te...
Fixing e-field (band 8) phase by 1 + -3.19264e-06i; max ampl. = 0.965772
Outputting fields to tri-slab-e.k11.b08.x.te...
solve_kpoint (-0.266667,0.266667,0):
Solving for bands 1 to 8...
    linmin: converged after 4 iterations.
    linmin: converged after 4 iterations.
    linmin: converged after 4 iterations.
    linmin: converged after 4 iterations.
    linmin: converged after 4 iterations.
    linmin: converged after 4 iterations.
    linmin: converged after 4 iterations.
    linmin: converged after 4 iterations.
    linmin: converged after 2 iterations.
    linmin: converged after 2 iterations.
    linmin: converged after 2 iterations.
    linmin: converged after 2 iterations.
    linmin: converged after 2 iterations.
    linmin: converged after 2 iterations.
    linmin: converged after 2 iterations.
Finished solving for bands 1 to 8 after 15 iterations.
tefreqs:, 12, -0.266667, 0.266667, 0, 0.533333, 0.310873, 0.462286, 0.48022, 0.749053, 0.76014, 0.851696, 0.938037, 1.00747
elapsed time for k point: 0 seconds.
solve_kpoint (-0.2,0.2,0):
Solving for bands 1 to 8...
    linmin: converged after 3 iterations.
    linmin: converged after 4 iterations.
    linmin: converged after 4 iterations.
    linmin: converged after 2 iterations.
    linmin: converged after 2 iterations.
    linmin: converged after 2 iterations.
    linmin: converged after 2 iterations.
    linmin: converged after 2 iterations.
Finished solving for bands 1 to 8 after 8 iterations.
tefreqs:, 13, -0.2, 0.2, 0, 0.4, 0.23973, 0.51781, 0.517912, 0.72436, 0.732418, 0.883845, 0.913641, 1.02803
elapsed time for k point: 0 seconds.
solve_kpoint (-0.133333,0.133333,0):
Solving for bands 1 to 8...
    linmin: converged after 4 iterations.
    linmin: converged after 4 iterations.
    linmin: converged after 3 iterations.
    linmin: converged after 8 iterations.
    linmin: converged after 5 iterations.
    linmin: converged after 4 iterations.
    linmin: converged after 5 iterations.
    linmin: converged after 5 iterations.
    linmin: converged after 5 iterations.
    linmin: converged after 5 iterations.
    linmin: converged after 5 iterations.
    linmin: converged after 6 iterations.
    linmin: converged after 7 iterations.
    linmin: converged after 7 iterations.
    linmin: converged after 6 iterations.
    linmin: converged after 6 iterations.
    linmin: converged after 6 iterations.
    linmin: converged after 5 iterations.
    linmin: converged after 8 iterations.
    linmin: converged after 7 iterations.
    linmin: converged after 6 iterations.
    linmin: converged after 6 iterations.
    linmin: converged after 5 iterations.
    linmin: converged after 3 iterations.
    linmin: converged after 3 iterations.
    linmin: converged after 3 iterations.
    linmin: converged after 2 iterations.
    linmin: converged after 2 iterations.
    linmin: converged after 2 iterations.
    linmin: converged after 2 iterations.
    linmin: converged after 2 iterations.
Finished solving for bands 1 to 8 after 31 iterations.
tefreqs:, 14, -0.133333, 0.133333, 0, 0.266667, 0.161527, 0.558273, 0.584555, 0.706071, 0.710189, 0.833109, 0.899798, 0.973197
elapsed time for k point: 0 seconds.
solve_kpoint (-0.0666667,0.0666667,0):
Solving for bands 1 to 8...
    linmin: converged after 4 iterations.
    linmin: converged after 4 iterations.
    linmin: converged after 4 iterations.
    linmin: converged after 4 iterations.
    linmin: converged after 2 iterations.
    linmin: converged after 2 iterations.
    linmin: converged after 2 iterations.
    linmin: converged after 2 iterations.
    linmin: converged after 2 iterations.
    linmin: converged after 2 iterations.
Finished solving for bands 1 to 8 after 10 iterations.
tefreqs:, 15, -0.0666667, 0.0666667, 0, 0.133333, 0.081151, 0.595666, 0.652983, 0.693513, 0.695812, 0.792752, 0.825564, 1.02948
elapsed time for k point: 0 seconds.
solve_kpoint (0,0,0):
Solving for bands 2 to 8...
    linmin: converged after 4 iterations.
    linmin: converged after 4 iterations.
    linmin: converged after 4 iterations.
    linmin: converged after 4 iterations.
    linmin: converged after 4 iterations.
    linmin: converged after 4 iterations.
    linmin: converged after 3 iterations.
    linmin: converged after 3 iterations.
    linmin: converged after 4 iterations.
    linmin: converged after 3 iterations.
    linmin: converged after 3 iterations.
    linmin: converged after 2 iterations.
    linmin: converged after 2 iterations.
    linmin: converged after 2 iterations.
    linmin: converged after 2 iterations.
    linmin: converged after 2 iterations.
Finished solving for bands 2 to 8 after 16 iterations.
tefreqs:, 16, 0, 0, 0, 0, 0, 0.61412, 0.685247, 0.685265, 0.707839, 0.775971, 0.775982, 1.078
elapsed time for k point: 0 seconds.
Band 1 range: 0.0 at #(0.0 0.0 0.0) to 0.3470122438960671 at #(-0.3333333333333333 0.3333333333333333 0.0)
Band 2 range: 0.41264702227335476 at #(0.0 0.5 0.0) to 0.6141200254728161 at #(0.0 0.0 0.0)
Band 3 range: 0.4488031096679855 at #(-0.3333333333333333 0.3333333333333333 0.0) to 0.6852471959690207 at #(0.0 0.0 0.0)
Band 4 range: 0.6352836195358795 at #(0.0 0.5 0.0) to 0.7742427461173798 at #(-0.3333333333333333 0.3333333333333333 0.0)
Band 5 range: 0.6958118068203581 at #(-0.06666666666666667 0.06666666666666667 0.0) to 0.8503289219959576 at #(0.0 0.5 0.0)
Band 6 range: 0.7759713120551441 at #(0.0 0.0 0.0) to 0.8926539251561738 at #(0.0 0.4 0.0)
Band 7 range: 0.7759817535390067 at #(0.0 0.0 0.0) to 0.9746289924623146 at #(-0.3333333333333333 0.3333333333333333 0.0)
Band 8 range: 0.9404317420513267 at #(0.0 0.5 0.0) to 1.0780018488684735 at #(0.0 0.0 0.0)
Gap from band 1 (0.3470122438960671) to band 2 (0.41264702227335476), 17.280057336297812%
total elapsed time for run: 1 seconds.
done.
init-params: initializing eigensolver data
Computing 8 bands with 1.000000e-07 tolerance.
Working in 2 dimensions.
Grid size is 32 x 32 x 1.
Solving for 8 bands at a time.
Creating Maxwell data...
Mesh size is 3.
Lattice vectors:
     (0.866025, 0.5, 0)
     (0.866025, -0.5, 0)
     (0, 0, 1)
Cell volume = 0.866025
Reciprocal lattice vectors (/ 2 pi):
     (0.57735, 1, -0)
     (0.57735, -1, 0)
     (-0, 0, 1)
Geometric objects:
     block, center = (0,0,0)
          size (10,10,0.01)
          axes (1,0,0), (0,1,0), (0,0,1)
          epsilon = 4.3246, mu = 1
     cylinder, center = (0,0,0)
          radius 0.32, height 0.01, axis (0, 0, 1)
          epsilon = 1, mu = 1
Geometric object tree has depth 1 and 10 object nodes (vs. 2 actual objects)
Initializing epsilon function...
16 k-points:
     (0,0,0)
     (0,0.1,0)
     (0,0.2,0)
     (0,0.3,0)
     (0,0.4,0)
     (0,0.5,0)
     (-0.0666667,0.466667,0)
     (-0.133333,0.433333,0)
     (-0.2,0.4,0)
     (-0.266667,0.366667,0)
     (-0.333333,0.333333,0)
     (-0.266667,0.266667,0)
     (-0.2,0.2,0)
     (-0.133333,0.133333,0)
     (-0.0666667,0.0666667,0)
     (0,0,0)
Solving for band polarization: tm.
Initializing fields to random numbers...
elapsed time for initialization: 0 seconds.
epsilon: 1-4.3246, mean 3.08665, harm. mean 1.97309, 65.5273% > 1, 62.7641% "fill"
Outputting tri-slab-epsilon...
solve_kpoint (0,0,0):
tmfreqs:, k index, k1, k2, k3, kmag/2pi, tm band 1, tm band 2, tm band 3, tm band 4, tm band 5, tm band 6, tm band 7, tm band 8
Solving for bands 2 to 8...
    linmin: converged after 9 iterations.
    linmin: converged after 6 iterations.
    linmin: converged after 4 iterations.
    linmin: converged after 4 iterations.
    linmin: converged after 4 iterations.
    linmin: converged after 4 iterations.
    linmin: converged after 3 iterations.
    linmin: converged after 7 iterations.
    linmin: converged after 4 iterations.
    linmin: converged after 3 iterations.
    linmin: converged after 4 iterations.
    linmin: converged after 4 iterations.
    linmin: converged after 4 iterations.
    linmin: converged after 4 iterations.
    linmin: converged after 4 iterations.
    linmin: converged after 4 iterations.
    linmin: converged after 4 iterations.
    linmin: converged after 4 iterations.
    linmin: converged after 4 iterations.
    linmin: converged after 4 iterations.
    linmin: converged after 2 iterations.
    linmin: converged after 2 iterations.
    linmin: converged after 2 iterations.
    linmin: converged after 2 iterations.
    linmin: converged after 4 iterations.
    linmin: converged after 4 iterations.
    linmin: converged after 4 iterations.
    linmin: converged after 4 iterations.
    linmin: converged after 4 iterations.
    linmin: converged after 4 iterations.
    linmin: converged after 3 iterations.
    linmin: converged after 3 iterations.
    linmin: converged after 3 iterations.
    linmin: converged after 3 iterations.
    linmin: converged after 3 iterations.
    linmin: converged after 3 iterations.
    linmin: converged after 2 iterations.
    linmin: converged after 2 iterations.
    linmin: converged after 3 iterations.
    linmin: converged after 3 iterations.
    linmin: converged after 2 iterations.
    linmin: converged after 2 iterations.
    linmin: converged after 2 iterations.
Finished solving for bands 2 to 8 after 43 iterations.
tmfreqs:, 1, 0, 0, 0, 0, 0, 0.563749, 0.588107, 0.58816, 0.707162, 0.707284, 0.868521, 1.06676
elapsed time for k point: 0 seconds.
solve_kpoint (0,0.1,0):
Solving for bands 1 to 8...
    linmin: converged after 6 iterations.
    linmin: converged after 5 iterations.
    linmin: converged after 4 iterations.
    linmin: converged after 4 iterations.
    linmin: converged after 4 iterations.
    linmin: converged after 3 iterations.
    linmin: converged after 3 iterations.
    linmin: converged after 3 iterations.
    linmin: converged after 2 iterations.
    linmin: converged after 4 iterations.
    linmin: converged after 4 iterations.
    linmin: converged after 4 iterations.
    linmin: converged after 4 iterations.
    linmin: converged after 4 iterations.
    linmin: converged after 4 iterations.
    linmin: converged after 4 iterations.
    linmin: converged after 4 iterations.
    linmin: converged after 4 iterations.
    linmin: converged after 4 iterations.
    linmin: converged after 2 iterations.
    linmin: converged after 2 iterations.
    linmin: converged after 2 iterations.
    linmin: converged after 2 iterations.
    linmin: converged after 2 iterations.
    linmin: converged after 2 iterations.
    linmin: converged after 2 iterations.
    linmin: converged after 2 iterations.
    linmin: converged after 2 iterations.
Finished solving for bands 1 to 8 after 28 iterations.
tmfreqs:, 2, 0, 0.1, 0, 0.11547, 0.065654, 0.532747, 0.582757, 0.612224, 0.701724, 0.716753, 0.884508, 1.02329
elapsed time for k point: 0 seconds.
solve_kpoint (0,0.2,0):
Solving for bands 1 to 8...
    linmin: converged after 3 iterations.
    linmin: converged after 4 iterations.
    linmin: converged after 4 iterations.
    linmin: converged after 2 iterations.
    linmin: converged after 2 iterations.
    linmin: converged after 2 iterations.
    linmin: converged after 2 iterations.
    linmin: converged after 2 iterations.
    linmin: converged after 2 iterations.
    linmin: converged after 2 iterations.
    linmin: converged after 2 iterations.
    linmin: converged after 2 iterations.
Finished solving for bands 1 to 8 after 12 iterations.
tmfreqs:, 3, 0, 0.2, 0, 0.23094, 0.130862, 0.488006, 0.571047, 0.625905, 0.705662, 0.740844, 0.920198, 0.976755
elapsed time for k point: 0 seconds.
solve_kpoint (0,0.3,0):
Solving for bands 1 to 8...
    linmin: converged after 3 iterations.
    linmin: converged after 4 iterations.
    linmin: converged after 4 iterations.
    linmin: converged after 2 iterations.
    linmin: converged after 2 iterations.
    linmin: converged after 2 iterations.
    linmin: converged after 10 iterations.
    linmin: converged after 3 iterations.
    linmin: converged after 4 iterations.
    linmin: converged after 4 iterations.
    linmin: converged after 4 iterations.
    linmin: converged after 4 iterations.
    linmin: converged after 4 iterations.
    linmin: converged after 4 iterations.
    linmin: converged after 4 iterations.
    linmin: converged after 3 iterations.
    linmin: converged after 3 iterations.
    linmin: converged after 3 iterations.
    linmin: converged after 3 iterations.
    linmin: converged after 3 iterations.
    linmin: converged after 3 iterations.
    linmin: converged after 3 iterations.
    linmin: converged after 3 iterations.
    linmin: converged after 3 iterations.
    linmin: converged after 3 iterations.
    linmin: converged after 3 iterations.
    linmin: converged after 3 iterations.
    linmin: converged after 3 iterations.
    linmin: converged after 3 iterations.
    linmin: converged after 3 iterations.
    linmin: converged after 3 iterations.
    linmin: converged after 3 iterations.
    linmin: converged after 3 iterations.
    linmin: converged after 3 iterations.
    linmin: converged after 3 iterations.
    linmin: converged after 3 iterations.
    linmin: converged after 3 iterations.
    linmin: converged after 3 iterations.
    linmin: converged after 3 iterations.
    linmin: converged after 3 iterations.
    linmin: converged after 3 iterations.
    linmin: converged after 3 iterations.
    linmin: converged after 3 iterations.
    linmin: converged after 3 iterations.
    linmin: converged after 3 iterations.
    linmin: converged after 3 iterations.
    linmin: converged after 3 iterations.
    linmin: converged after 3 iterations.
    linmin: converged after 3 iterations.
    linmin: converged after 3 iterations.
    linmin: converged after 3 iterations.
    linmin: converged after 3 iterations.
    linmin: converged after 3 iterations.
    linmin: converged after 3 iterations.
    linmin: converged after 3 iterations.
    linmin: converged after 3 iterations.
    linmin: converged after 3 iterations.
    linmin: converged after 3 iterations.
    linmin: converged after 3 iterations.
    linmin: converged after 3 iterations.
    linmin: converged after 3 iterations.
    linmin: converged after 3 iterations.
    linmin: converged after 3 iterations.
    linmin: converged after 3 iterations.
    linmin: converged after 3 iterations.
    linmin: converged after 3 iterations.
    linmin: converged after 3 iterations.
    linmin: converged after 3 iterations.
    linmin: converged after 3 iterations.
    linmin: converged after 4 iterations.
    linmin: converged after 4 iterations.
    linmin: converged after 4 iterations.
    linmin: converged after 2 iterations.
    linmin: converged after 2 iterations.
    linmin: converged after 2 iterations.
    linmin: converged after 2 iterations.
    linmin: converged after 2 iterations.
    linmin: converged after 2 iterations.
Finished solving for bands 1 to 8 after 78 iterations.
tmfreqs:, 4, 0, 0.3, 0, 0.34641, 0.19501, 0.438352, 0.559379, 0.61716, 0.735126, 0.772951, 0.917329, 0.940623
elapsed time for k point: 1 seconds.
solve_kpoint (0,0.4,0):
Solving for bands 1 to 8...
    linmin: converged after 3 iterations.
    linmin: converged after 4 iterations.
    linmin: converged after 4 iterations.
    linmin: converged after 2 iterations.
    linmin: converged after 2 iterations.
    linmin: converged after 2 iterations.
Finished solving for bands 1 to 8 after 6 iterations.
tmfreqs:, 5, 0, 0.4, 0, 0.46188, 0.256639, 0.385277, 0.551331, 0.606197, 0.774818, 0.808491, 0.873018, 0.899322
elapsed time for k point: 0 seconds.
solve_kpoint (0,0.5,0):
Solving for bands 1 to 8...
    linmin: converged after 3 iterations.
    linmin: converged after 4 iterations.
    linmin: converged after 2 iterations.
    linmin: converged after 2 iterations.
    linmin: converged after 2 iterations.
Finished solving for bands 1 to 8 after 5 iterations.
tmfreqs:, 6, 0, 0.5, 0, 0.57735, 0.299901, 0.344818, 0.548496, 0.601979, 0.805839, 0.83405, 0.84028, 0.871969
elapsed time for k point: 0 seconds.
solve_kpoint (-0.0666667,0.466667,0):
Solving for bands 1 to 8...
    linmin: converged after 4 iterations.
    linmin: converged after 4 iterations.
    linmin: converged after 2 iterations.
    linmin: converged after 2 iterations.
    linmin: converged after 2 iterations.
Finished solving for bands 1 to 8 after 5 iterations.
tmfreqs:, 7, -0.0666667, 0.466667, 0, 0.581187, 0.301864, 0.346295, 0.532935, 0.617892, 0.797308, 0.831963, 0.842385, 0.879599
elapsed time for k point: 0 seconds.
solve_kpoint (-0.133333,0.433333,0):
Solving for bands 1 to 8...
    linmin: converged after 4 iterations.
    linmin: converged after 4 iterations.
    linmin: converged after 2 iterations.
    linmin: converged after 2 iterations.
    linmin: converged after 2 iterations.
    linmin: converged after 2 iterations.
Finished solving for bands 1 to 8 after 6 iterations.
tmfreqs:, 8, -0.133333, 0.433333, 0, 0.592546, 0.30767, 0.350232, 0.505458, 0.646765, 0.781851, 0.816284, 0.857225, 0.893371
elapsed time for k point: 0 seconds.
solve_kpoint (-0.2,0.4,0):
Solving for bands 1 to 8...
    linmin: converged after 4 iterations.
    linmin: converged after 4 iterations.
    linmin: converged after 2 iterations.
    linmin: converged after 2 iterations.
    linmin: converged after 2 iterations.
    linmin: converged after 2 iterations.
    linmin: converged after 2 iterations.
Finished solving for bands 1 to 8 after 7 iterations.
tmfreqs:, 9, -0.2, 0.4, 0, 0.61101, 0.317094, 0.354784, 0.47826, 0.677717, 0.765215, 0.799524, 0.872665, 0.907527
elapsed time for k point: 0 seconds.
solve_kpoint (-0.266667,0.366667,0):
Solving for bands 1 to 8...
    linmin: converged after 4 iterations.
    linmin: converged after 4 iterations.
    linmin: converged after 4 iterations.
    linmin: converged after 4 iterations.
    linmin: converged after 2 iterations.
    linmin: converged after 2 iterations.
    linmin: converged after 2 iterations.
Finished solving for bands 1 to 8 after 7 iterations.
tmfreqs:, 10, -0.266667, 0.366667, 0, 0.635959, 0.329799, 0.35549, 0.457271, 0.70795, 0.748521, 0.784104, 0.886823, 0.921
elapsed time for k point: 0 seconds.
solve_kpoint (-0.333333,0.333333,0):
Solving for bands 1 to 8...
    linmin: converged after 4 iterations.
    linmin: converged after 4 iterations.
    linmin: converged after 4 iterations.
    linmin: converged after 4 iterations.
    linmin: converged after 2 iterations.
    linmin: converged after 2 iterations.
    linmin: converged after 2 iterations.
    linmin: converged after 2 iterations.
Finished solving for bands 1 to 8 after 8 iterations.
tmfreqs:, 11, -0.333333, 0.333333, 0, 0.666667, 0.345379, 0.345411, 0.449418, 0.73215, 0.732177, 0.775504, 0.894746, 0.933659
elapsed time for k point: 0 seconds.
Fixing e-field (band 1) phase by -1 + -5.2479e-08i; max ampl. = 0.930223
Outputting fields to tri-slab-e.k11.b01.z.tm...
Fixing e-field (band 2) phase by -1 + -5.24791e-08i; max ampl. = 0.806165
Outputting fields to tri-slab-e.k11.b02.z.tm...
Fixing e-field (band 3) phase by 1 + 5.24784e-08i; max ampl. = 0.917161
Outputting fields to tri-slab-e.k11.b03.z.tm...
Fixing e-field (band 4) phase by 5.24792e-08 + -1i; max ampl. = 0.978296
Outputting fields to tri-slab-e.k11.b04.z.tm...
Fixing e-field (band 5) phase by 1 + 5.24791e-08i; max ampl. = 1.06503
Outputting fields to tri-slab-e.k11.b05.z.tm...
Fixing e-field (band 6) phase by -1 + -5.24787e-08i; max ampl. = 0.971777
Outputting fields to tri-slab-e.k11.b06.z.tm...
Fixing e-field (band 7) phase by 5.2479e-08 + -1i; max ampl. = 0.961999
Outputting fields to tri-slab-e.k11.b07.z.tm...
Fixing e-field (band 8) phase by -5.2419e-08 + 1i; max ampl. = 0.956089
Outputting fields to tri-slab-e.k11.b08.z.tm...
solve_kpoint (-0.266667,0.266667,0):
Solving for bands 1 to 8...
    linmin: converged after 4 iterations.
    linmin: converged after 4 iterations.
    linmin: converged after 4 iterations.
    linmin: converged after 4 iterations.
    linmin: converged after 4 iterations.
    linmin: converged after 3 iterations.
    linmin: converged after 4 iterations.
    linmin: converged after 4 iterations.
    linmin: converged after 2 iterations.
    linmin: converged after 2 iterations.
    linmin: converged after 2 iterations.
    linmin: converged after 2 iterations.
Finished solving for bands 1 to 8 after 12 iterations.
tmfreqs:, 12, -0.266667, 0.266667, 0, 0.533333, 0.292933, 0.383568, 0.471231, 0.701267, 0.725273, 0.817194, 0.858481, 0.945018
elapsed time for k point: 0 seconds.
solve_kpoint (-0.2,0.2,0):
Solving for bands 1 to 8...
    linmin: converged after 3 iterations.
    linmin: converged after 4 iterations.
    linmin: converged after 4 iterations.
    linmin: converged after 2 iterations.
    linmin: converged after 2 iterations.
    linmin: converged after 2 iterations.
    linmin: converged after 2 iterations.
Finished solving for bands 1 to 8 after 7 iterations.
tmfreqs:, 13, -0.2, 0.2, 0, 0.4, 0.224161, 0.428415, 0.512076, 0.673281, 0.704754, 0.805492, 0.879419, 0.97432
elapsed time for k point: 0 seconds.
solve_kpoint (-0.133333,0.133333,0):
Solving for bands 1 to 8...
    linmin: converged after 4 iterations.
    linmin: converged after 4 iterations.
    linmin: converged after 4 iterations.
    linmin: converged after 5 iterations.
    linmin: converged after 3 iterations.
    linmin: converged after 4 iterations.
    linmin: converged after 2 iterations.
    linmin: converged after 2 iterations.
    linmin: converged after 2 iterations.
    linmin: converged after 3 iterations.
    linmin: converged after 9 iterations.
    linmin: converged after 3 iterations.
    linmin: converged after 3 iterations.
    linmin: converged after 4 iterations.
    linmin: converged after 3 iterations.
    linmin: converged after 3 iterations.
    linmin: converged after 3 iterations.
    linmin: converged after 3 iterations.
    linmin: converged after 4 iterations.
    linmin: converged after 4 iterations.
    linmin: converged after 4 iterations.
    linmin: converged after 4 iterations.
    linmin: converged after 4 iterations.
    linmin: converged after 4 iterations.
    linmin: converged after 3 iterations.
    linmin: converged after 3 iterations.
    linmin: converged after 3 iterations.
    linmin: converged after 3 iterations.
    linmin: converged after 3 iterations.
    linmin: converged after 3 iterations.
    linmin: converged after 3 iterations.
    linmin: converged after 3 iterations.
    linmin: converged after 3 iterations.
    linmin: converged after 3 iterations.
    linmin: converged after 3 iterations.
    linmin: converged after 3 iterations.
    linmin: converged after 3 iterations.
    linmin: converged after 3 iterations.
    linmin: converged after 3 iterations.
    linmin: converged after 3 iterations.
    linmin: converged after 3 iterations.
    linmin: converged after 3 iterations.
    linmin: converged after 3 iterations.
    linmin: converged after 3 iterations.
    linmin: converged after 3 iterations.
    linmin: converged after 3 iterations.
    linmin: converged after 3 iterations.
    linmin: converged after 3 iterations.
    linmin: converged after 3 iterations.
    linmin: converged after 3 iterations.
    linmin: converged after 3 iterations.
    linmin: converged after 3 iterations.
    linmin: converged after 3 iterations.
    linmin: converged after 3 iterations.
    linmin: converged after 3 iterations.
    linmin: converged after 3 iterations.
    linmin: converged after 3 iterations.
    linmin: converged after 3 iterations.
    linmin: converged after 3 iterations.
    linmin: converged after 3 iterations.
    linmin: converged after 3 iterations.
    linmin: converged after 3 iterations.
    linmin: converged after 3 iterations.
    linmin: converged after 4 iterations.
    linmin: converged after 4 iterations.
    linmin: converged after 4 iterations.
    linmin: converged after 4 iterations.
    linmin: converged after 4 iterations.
    linmin: converged after 4 iterations.
    linmin: converged after 4 iterations.
    linmin: converged after 3 iterations.
    linmin: converged after 4 iterations.
    linmin: converged after 4 iterations.
    linmin: converged after 2 iterations.
    linmin: converged after 2 iterations.
    linmin: converged after 2 iterations.
    linmin: converged after 2 iterations.
    linmin: converged after 2 iterations.
Finished solving for bands 1 to 8 after 78 iterations.
tmfreqs:, 14, -0.133333, 0.133333, 0, 0.266667, 0.150862, 0.477109, 0.552639, 0.646964, 0.694677, 0.756551, 0.928319, 0.952941
elapsed time for k point: 1 seconds.
solve_kpoint (-0.0666667,0.0666667,0):
Solving for bands 1 to 8...
    linmin: converged after 5 iterations.
    linmin: converged after 3 iterations.
    linmin: converged after 3 iterations.
    linmin: converged after 2 iterations.
    linmin: converged after 2 iterations.
    linmin: converged after 2 iterations.
    linmin: converged after 2 iterations.
    linmin: converged after 2 iterations.
    linmin: converged after 2 iterations.
    linmin: converged after 2 iterations.
Finished solving for bands 1 to 8 after 10 iterations.
tmfreqs:, 15, -0.0666667, 0.0666667, 0, 0.133333, 0.0757832, 0.52653, 0.579766, 0.617545, 0.699623, 0.720488, 0.889292, 1.00965
elapsed time for k point: 0 seconds.
solve_kpoint (0,0,0):
Solving for bands 2 to 8...
    linmin: converged after 4 iterations.
    linmin: converged after 4 iterations.
    linmin: converged after 3 iterations.
    linmin: converged after 3 iterations.
    linmin: converged after 4 iterations.
    linmin: converged after 4 iterations.
    linmin: converged after 2 iterations.
    linmin: converged after 4 iterations.
    linmin: converged after 3 iterations.
    linmin: converged after 5 iterations.
    linmin: converged after 3 iterations.
    linmin: converged after 2 iterations.
    linmin: converged after 2 iterations.
    linmin: converged after 4 iterations.
    linmin: converged after 2 iterations.
    linmin: converged after 2 iterations.
    linmin: converged after 2 iterations.
    linmin: converged after 2 iterations.
Finished solving for bands 2 to 8 after 18 iterations.
tmfreqs:, 16, 0, 0, 0, 0, 0, 0.563749, 0.588107, 0.58816, 0.707162, 0.707284, 0.868521, 1.06711
elapsed time for k point: 0 seconds.
Band 1 range: 0.0 at #(0.0 0.0 0.0) to 0.34537907758882763 at #(-0.3333333333333333 0.3333333333333333 0.0)
Band 2 range: 0.3448181826564609 at #(0.0 0.5 0.0) to 0.5637487647645567 at #(0.0 0.0 0.0)
Band 3 range: 0.4494176531373312 at #(-0.3333333333333333 0.3333333333333333 0.0) to 0.5881069169159105 at #(0.0 0.0 0.0)
Band 4 range: 0.588159727748875 at #(0.0 0.0 0.0) to 0.7321499552174848 at #(-0.3333333333333333 0.3333333333333333 0.0)
Band 5 range: 0.6946766327010417 at #(-0.13333333333333333 0.13333333333333333 0.0) to 0.8058391567160691 at #(0.0 0.5 0.0)
Band 6 range: 0.7072837248968601 at #(0.0 0.0 0.0) to 0.8340495645029797 at #(0.0 0.5 0.0)
Band 7 range: 0.8402798066922539 at #(0.0 0.5 0.0) to 0.9283190811474085 at #(-0.13333333333333333 0.13333333333333333 0.0)
Band 8 range: 0.87196872365282 at #(0.0 0.5 0.0) to 1.0671096059347747 at #(0.0 0.0 0.0)
Gap from band 3 (0.5881069169159105) to band 4 (0.588159727748875), 0.008979398200913794%
Gap from band 6 (0.8340495645029797) to band 7 (0.8402798066922539), 0.7442074775080413%
total elapsed time for run: 2 seconds.
done.
