init-params: initializing eigensolver data
Computing 8 bands with 1.000000e-07 tolerance.
Working in 2 dimensions.
Grid size is 32 x 32 x 1.
Solving for 8 bands at a time.
Creating Maxwell data...
Mesh size is 3.
Lattice vectors:
     (1, 0, 0)
     (0, 1, 0)
     (0, 0, 1)
Cell volume = 1
Reciprocal lattice vectors (/ 2 pi):
     (1, -0, 0)
     (-0, 1, -0)
     (0, -0, 1)
Geometric objects:
     block, center = (0,0,0)
          size (100,100,0.75)
          axes (1,0,0), (0,1,0), (0,0,1)
          epsilon = 4.3246, mu = 1
     cylinder, center = (0,0,0)
          radius 0.8, height 0.75, axis (0, 0, 1)
          epsilon = 1, mu = 1
Geometric object tree has depth 3 and 52 object nodes (vs. 2 actual objects)
Initializing epsilon function...
Allocating fields...
16 k-points:
     (0,0,0)
     (0.1,0,0)
     (0.2,0,0)
     (0.3,0,0)
     (0.4,0,0)
     (0.5,0,0)
     (0.5,0.1,0)
     (0.5,0.2,0)
     (0.5,0.3,0)
     (0.5,0.4,0)
     (0.5,0.5,0)
     (0.4,0.4,0)
     (0.3,0.3,0)
     (0.2,0.2,0)
     (0.1,0.1,0)
     (0,0,0)
Solving for band polarization: te.
Initializing fields to random numbers...
elapsed time for initialization: 0 seconds.
epsilon: 1-1, mean 1, harm. mean 1, 0% > 1, 100% "fill"
Outputting sq-slab-epsilon...
solve_kpoint (0,0,0):
tefreqs:, k index, k1, k2, k3, kmag/2pi, te band 1, te band 2, te band 3, te band 4, te band 5, te band 6, te band 7, te band 8
Solving for bands 2 to 8...
    linmin: converged after 9 iterations.
    linmin: converged after 7 iterations.
    linmin: converged after 6 iterations.
    linmin: converged after 4 iterations.
    linmin: converged after 4 iterations.
    linmin: converged after 2 iterations.
    linmin: converged after 2 iterations.
    linmin: converged after 2 iterations.
Finished solving for bands 2 to 8 after 8 iterations.
tefreqs:, 1, 0, 0, 0, 0, 0, 1, 1, 1, 1, 1.41421, 1.41421, 1.41421
elapsed time for k point: 0 seconds.
solve_kpoint (0.1,0,0):
Solving for bands 1 to 8...
    linmin: converged after 6 iterations.
    linmin: converged after 2 iterations.
    linmin: converged after 1 iterations.
Finished solving for bands 1 to 8 after 3 iterations.
tefreqs:, 2, 0.1, 0, 0, 0.1, 0.1, 0.9, 1.00499, 1.00499, 1.1, 1.34536, 1.34536, 1.48661
elapsed time for k point: 0 seconds.
solve_kpoint (0.2,0,0):
Solving for bands 1 to 8...
    linmin: converged after 1 iterations.
Finished solving for bands 1 to 8 after 1 iterations.
tefreqs:, 3, 0.2, 0, 0, 0.2, 0.2, 0.8, 1.0198, 1.0198, 1.2, 1.28062, 1.28062, 1.56205
elapsed time for k point: 0 seconds.
solve_kpoint (0.3,0,0):
Solving for bands 1 to 8...
    linmin: converged after 1 iterations.
Finished solving for bands 1 to 8 after 1 iterations.
tefreqs:, 4, 0.3, 0, 0, 0.3, 0.3, 0.7, 1.04403, 1.04403, 1.22066, 1.22066, 1.3, 1.64012
elapsed time for k point: 0 seconds.
solve_kpoint (0.4,0,0):
Solving for bands 1 to 8...
    linmin: converged after 1 iterations.
Finished solving for bands 1 to 8 after 1 iterations.
tefreqs:, 5, 0.4, 0, 0, 0.4, 0.4, 0.6, 1.07703, 1.07703, 1.16619, 1.16619, 1.4, 1.72047
elapsed time for k point: 0 seconds.
solve_kpoint (0.5,0,0):
Solving for bands 1 to 8...
    linmin: converged after 11 iterations.
    linmin: converged after 2 iterations.
Finished solving for bands 1 to 8 after 2 iterations.
tefreqs:, 6, 0.5, 0, 0, 0.5, 0.5, 0.535906, 1.12107, 1.12734, 1.12904, 1.13109, 1.50587, 1.75575
elapsed time for k point: 0 seconds.
solve_kpoint (0.5,0.1,0):
Solving for bands 1 to 8...
    linmin: converged after 4 iterations.
    linmin: converged after 5 iterations.
    linmin: converged after 4 iterations.
    linmin: converged after 4 iterations.
    linmin: converged after 4 iterations.
    linmin: converged after 2 iterations.
    linmin: converged after 2 iterations.
    linmin: converged after 2 iterations.
    linmin: converged after 2 iterations.
Finished solving for bands 1 to 8 after 9 iterations.
tefreqs:, 7, 0.5, 0.1, 0, 0.509902, 0.509902, 0.509902, 1.02956, 1.02956, 1.2083, 1.2083, 1.50333, 1.50333
elapsed time for k point: 0 seconds.
solve_kpoint (0.5,0.2,0):
Solving for bands 1 to 8...
    linmin: converged after 1 iterations.
Finished solving for bands 1 to 8 after 1 iterations.
tefreqs:, 8, 0.5, 0.2, 0, 0.538516, 0.538516, 0.538516, 0.943398, 0.943398, 1.3, 1.3, 1.51327, 1.51327
elapsed time for k point: 0 seconds.
solve_kpoint (0.5,0.3,0):
Solving for bands 1 to 8...
    linmin: converged after 1 iterations.
Finished solving for bands 1 to 8 after 1 iterations.
tefreqs:, 9, 0.5, 0.3, 0, 0.583095, 0.583095, 0.583095, 0.860233, 0.860233, 1.39284, 1.39284, 1.52971, 1.52971
elapsed time for k point: 0 seconds.
solve_kpoint (0.5,0.4,0):
Solving for bands 1 to 8...
    linmin: converged after 1 iterations.
Finished solving for bands 1 to 8 after 1 iterations.
tefreqs:, 10, 0.5, 0.4, 0, 0.640312, 0.640312, 0.640312, 0.781025, 0.781025, 1.48661, 1.48661, 1.55242, 1.55242
elapsed time for k point: 0 seconds.
solve_kpoint (0.5,0.5,0):
Solving for bands 1 to 8...
    linmin: converged after 1 iterations.
Finished solving for bands 1 to 8 after 1 iterations.
tefreqs:, 11, 0.5, 0.5, 0, 0.707107, 0.707107, 0.707107, 0.707107, 0.707107, 1.58114, 1.58114, 1.58114, 1.58114
elapsed time for k point: 0 seconds.
Fixing e-field (band 1) phase by -1 + 8.30314e-15i; max ampl. = 0.707107
Outputting fields to sq-slab-e.k11.b01.x.te...
Fixing e-field (band 2) phase by 0.0815722 + -0.996667i; max ampl. = 0.997421
Outputting fields to sq-slab-e.k11.b02.x.te...
Fixing e-field (band 3) phase by 0.542754 + -0.839892i; max ampl. = 0.994725
Outputting fields to sq-slab-e.k11.b03.x.te...
Fixing e-field (band 4) phase by 0.88042 + -0.474195i; max ampl. = 0.754372
Outputting fields to sq-slab-e.k11.b04.x.te...
Fixing e-field (band 5) phase by -0.391224 + -0.920296i; max ampl. = 1.12809
Outputting fields to sq-slab-e.k11.b05.x.te...
Fixing e-field (band 6) phase by -0.716119 + -0.697978i; max ampl. = 1.11999
Outputting fields to sq-slab-e.k11.b06.x.te...
Fixing e-field (band 7) phase by 0.847944 + 0.530086i; max ampl. = 1.06414
Outputting fields to sq-slab-e.k11.b07.x.te...
Fixing e-field (band 8) phase by 0.906906 + 0.421334i; max ampl. = 1.06065
Outputting fields to sq-slab-e.k11.b08.x.te...
solve_kpoint (0.4,0.4,0):
Solving for bands 1 to 8...
    linmin: converged after 1 iterations.
Finished solving for bands 1 to 8 after 1 iterations.
tefreqs:, 12, 0.4, 0.4, 0, 0.565685, 0.565685, 0.72111, 0.72111, 0.848528, 1.45602, 1.45602, 1.52315, 1.64924
elapsed time for k point: 0 seconds.
solve_kpoint (0.3,0.3,0):
Solving for bands 1 to 8...
    linmin: converged after 1 iterations.
Finished solving for bands 1 to 8 after 1 iterations.
tefreqs:, 13, 0.3, 0.3, 0, 0.424264, 0.424264, 0.761577, 0.761577, 0.989949, 1.33417, 1.33417, 1.47648, 1.72627
elapsed time for k point: 0 seconds.
solve_kpoint (0.2,0.2,0):
Solving for bands 1 to 8...
    linmin: converged after 1 iterations.
Finished solving for bands 1 to 8 after 1 iterations.
tefreqs:, 14, 0.2, 0.2, 0, 0.282843, 0.282843, 0.824621, 0.824621, 1.13137, 1.21655, 1.21655, 1.44222, 1.81108
elapsed time for k point: 0 seconds.
solve_kpoint (0.1,0.1,0):
Solving for bands 1 to 8...
    linmin: converged after 9 iterations.
    linmin: converged after 2 iterations.
Finished solving for bands 1 to 8 after 2 iterations.
tefreqs:, 15, 0.1, 0.1, 0, 0.141421, 0.141421, 0.910589, 0.924951, 1.11912, 1.12708, 1.27631, 1.42946, 1.85429
elapsed time for k point: 0 seconds.
solve_kpoint (0,0,0):
Solving for bands 2 to 8...
    linmin: converged after 6 iterations.
    linmin: converged after 7 iterations.
    linmin: converged after 5 iterations.
    linmin: converged after 4 iterations.
    linmin: converged after 4 iterations.
    linmin: converged after 2 iterations.
    linmin: converged after 2 iterations.
    linmin: converged after 2 iterations.
Finished solving for bands 2 to 8 after 8 iterations.
tefreqs:, 16, 0, 0, 0, 0, 0, 1, 1, 1, 1, 1.41421, 1.41421, 1.41421
elapsed time for k point: 0 seconds.
Band 1 range: 0.0 at #(0.0 0.0 0.0) to 0.7071067811865476 at #(0.5 0.5 0.0)
Band 2 range: 0.5099019518609305 at #(0.5 0.10000000000000003 0.0) to 1.0000000005082583 at #(0.0 0.0 0.0)
Band 3 range: 0.7071067811866174 at #(0.5 0.5 0.0) to 1.1210667439300888 at #(0.5 0.0 0.0)
Band 4 range: 0.7071067811867856 at #(0.5 0.5 0.0) to 1.1313708498986925 at #(0.2 0.2 0.0)
Band 5 range: 1.000000000543904 at #(0.0 0.0 0.0) to 1.5811388300842568 at #(0.5 0.5 0.0)
Band 6 range: 1.131094561753953 at #(0.5 0.0 0.0) to 1.5811388300842777 at #(0.5 0.5 0.0)
Band 7 range: 1.2806248474948498 at #(0.20000000000000004 0.0 0.0) to 1.5811388300842997 at #(0.5 0.5 0.0)
Band 8 range: 1.414213563047355 at #(0.0 0.0 0.0) to 1.85428803559348 at #(0.1 0.1 0.0)
total elapsed time for run: 0 seconds.
done.
init-params: initializing eigensolver data
Computing 8 bands with 1.000000e-07 tolerance.
Working in 2 dimensions.
Grid size is 32 x 32 x 1.
Solving for 8 bands at a time.
Creating Maxwell data...
Mesh size is 3.
Lattice vectors:
     (1, 0, 0)
     (0, 1, 0)
     (0, 0, 1)
Cell volume = 1
Reciprocal lattice vectors (/ 2 pi):
     (1, -0, 0)
     (-0, 1, -0)
     (0, -0, 1)
Geometric objects:
     block, center = (0,0,0)
          size (100,100,0.75)
          axes (1,0,0), (0,1,0), (0,0,1)
          epsilon = 4.3246, mu = 1
     cylinder, center = (0,0,0)
          radius 0.8, height 0.75, axis (0, 0, 1)
          epsilon = 1, mu = 1
Geometric object tree has depth 3 and 52 object nodes (vs. 2 actual objects)
Initializing epsilon function...
16 k-points:
     (0,0,0)
     (0.1,0,0)
     (0.2,0,0)
     (0.3,0,0)
     (0.4,0,0)
     (0.5,0,0)
     (0.5,0.1,0)
     (0.5,0.2,0)
     (0.5,0.3,0)
     (0.5,0.4,0)
     (0.5,0.5,0)
     (0.4,0.4,0)
     (0.3,0.3,0)
     (0.2,0.2,0)
     (0.1,0.1,0)
     (0,0,0)
Solving for band polarization: tm.
Initializing fields to random numbers...
elapsed time for initialization: 0 seconds.
epsilon: 1-1, mean 1, harm. mean 1, 0% > 1, 100% "fill"
Outputting sq-slab-epsilon...
solve_kpoint (0,0,0):
tmfreqs:, k index, k1, k2, k3, kmag/2pi, tm band 1, tm band 2, tm band 3, tm band 4, tm band 5, tm band 6, tm band 7, tm band 8
Solving for bands 2 to 8...
    linmin: converged after 8 iterations.
    linmin: converged after 8 iterations.
    linmin: converged after 5 iterations.
    linmin: converged after 4 iterations.
    linmin: converged after 4 iterations.
    linmin: converged after 2 iterations.
    linmin: converged after 2 iterations.
    linmin: converged after 2 iterations.
Finished solving for bands 2 to 8 after 8 iterations.
tmfreqs:, 1, 0, 0, 0, 0, 0, 1, 1, 1, 1, 1.41421, 1.41421, 1.41421
elapsed time for k point: 0 seconds.
solve_kpoint (0.1,0,0):
Solving for bands 1 to 8...
    linmin: converged after 5 iterations.
    linmin: converged after 2 iterations.
Finished solving for bands 1 to 8 after 2 iterations.
tmfreqs:, 2, 0.1, 0, 0, 0.1, 0.1, 0.9, 1.00499, 1.00499, 1.1, 1.34536, 1.34536, 1.48661
elapsed time for k point: 0 seconds.
solve_kpoint (0.2,0,0):
Solving for bands 1 to 8...
    linmin: converged after 1 iterations.
Finished solving for bands 1 to 8 after 1 iterations.
tmfreqs:, 3, 0.2, 0, 0, 0.2, 0.2, 0.8, 1.0198, 1.0198, 1.2, 1.28062, 1.28062, 1.56205
elapsed time for k point: 0 seconds.
solve_kpoint (0.3,0,0):
Solving for bands 1 to 8...
    linmin: converged after 1 iterations.
Finished solving for bands 1 to 8 after 1 iterations.
tmfreqs:, 4, 0.3, 0, 0, 0.3, 0.3, 0.7, 1.04403, 1.04403, 1.22066, 1.22066, 1.3, 1.64012
elapsed time for k point: 0 seconds.
solve_kpoint (0.4,0,0):
Solving for bands 1 to 8...
    linmin: converged after 1 iterations.
Finished solving for bands 1 to 8 after 1 iterations.
tmfreqs:, 5, 0.4, 0, 0, 0.4, 0.4, 0.6, 1.07703, 1.07703, 1.16619, 1.16619, 1.4, 1.72047
elapsed time for k point: 0 seconds.
solve_kpoint (0.5,0,0):
Solving for bands 1 to 8...
    linmin: converged after 12 iterations.
    linmin: converged after 2 iterations.
Finished solving for bands 1 to 8 after 2 iterations.
tmfreqs:, 6, 0.5, 0, 0, 0.5, 0.5, 0.518458, 1.12365, 1.12701, 1.12812, 1.12939, 1.50657, 1.76221
elapsed time for k point: 0 seconds.
solve_kpoint (0.5,0.1,0):
Solving for bands 1 to 8...
    linmin: converged after 4 iterations.
    linmin: converged after 7 iterations.
    linmin: converged after 4 iterations.
    linmin: converged after 4 iterations.
    linmin: converged after 2 iterations.
    linmin: converged after 2 iterations.
    linmin: converged after 2 iterations.
    linmin: converged after 2 iterations.
    linmin: converged after 2 iterations.
Finished solving for bands 1 to 8 after 9 iterations.
tmfreqs:, 7, 0.5, 0.1, 0, 0.509902, 0.509902, 0.509902, 1.02956, 1.02956, 1.2083, 1.2083, 1.50333, 1.50333
elapsed time for k point: 0 seconds.
solve_kpoint (0.5,0.2,0):
Solving for bands 1 to 8...
    linmin: converged after 1 iterations.
Finished solving for bands 1 to 8 after 1 iterations.
tmfreqs:, 8, 0.5, 0.2, 0, 0.538516, 0.538516, 0.538516, 0.943398, 0.943398, 1.3, 1.3, 1.51327, 1.51327
elapsed time for k point: 0 seconds.
solve_kpoint (0.5,0.3,0):
Solving for bands 1 to 8...
    linmin: converged after 1 iterations.
Finished solving for bands 1 to 8 after 1 iterations.
tmfreqs:, 9, 0.5, 0.3, 0, 0.583095, 0.583095, 0.583095, 0.860233, 0.860233, 1.39284, 1.39284, 1.52971, 1.52971
elapsed time for k point: 0 seconds.
solve_kpoint (0.5,0.4,0):
Solving for bands 1 to 8...
    linmin: converged after 1 iterations.
Finished solving for bands 1 to 8 after 1 iterations.
tmfreqs:, 10, 0.5, 0.4, 0, 0.640312, 0.640312, 0.640312, 0.781025, 0.781025, 1.48661, 1.48661, 1.55242, 1.55242
elapsed time for k point: 0 seconds.
solve_kpoint (0.5,0.5,0):
Solving for bands 1 to 8...
    linmin: converged after 1 iterations.
Finished solving for bands 1 to 8 after 1 iterations.
tmfreqs:, 11, 0.5, 0.5, 0, 0.707107, 0.707107, 0.707107, 0.707107, 0.707107, 1.58114, 1.58114, 1.58114, 1.58114
elapsed time for k point: 0 seconds.
Fixing e-field (band 1) phase by -1 + 1.06733e-11i; max ampl. = 1.00032
Outputting fields to sq-slab-e.k11.b01.z.tm...
Fixing e-field (band 2) phase by 0.999976 + 0.00686127i; max ampl. = 1.06927
Outputting fields to sq-slab-e.k11.b02.z.tm...
Fixing e-field (band 3) phase by 0.999702 + -0.0243951i; max ampl. = 1.24863
Outputting fields to sq-slab-e.k11.b03.z.tm...
Fixing e-field (band 4) phase by -0.999369 + 0.0355178i; max ampl. = 1.20064
Outputting fields to sq-slab-e.k11.b04.z.tm...
Fixing e-field (band 5) phase by 0.972872 + -0.231343i; max ampl. = 1.1953
Outputting fields to sq-slab-e.k11.b05.z.tm...
Fixing e-field (band 6) phase by -0.249906 + -0.96827i; max ampl. = 1.3224
Outputting fields to sq-slab-e.k11.b06.z.tm...
Fixing e-field (band 7) phase by 0.325638 + 0.945495i; max ampl. = 1.10139
Outputting fields to sq-slab-e.k11.b07.z.tm...
Fixing e-field (band 8) phase by -0.0812683 + 0.996692i; max ampl. = 1.10517
Outputting fields to sq-slab-e.k11.b08.z.tm...
solve_kpoint (0.4,0.4,0):
Solving for bands 1 to 8...
    linmin: converged after 8 iterations.
    linmin: converged after 2 iterations.
Finished solving for bands 1 to 8 after 2 iterations.
tmfreqs:, 12, 0.4, 0.4, 0, 0.565685, 0.565685, 0.722358, 0.724373, 0.851468, 1.45754, 1.4884, 1.52435, 1.58271
elapsed time for k point: 0 seconds.
solve_kpoint (0.3,0.3,0):
Solving for bands 1 to 8...
    linmin: converged after 5 iterations.
    linmin: converged after 4 iterations.
    linmin: converged after 4 iterations.
    linmin: converged after 2 iterations.
    linmin: converged after 2 iterations.
    linmin: converged after 2 iterations.
    linmin: converged after 2 iterations.
Finished solving for bands 1 to 8 after 7 iterations.
tmfreqs:, 13, 0.3, 0.3, 0, 0.424264, 0.424264, 0.761577, 0.761577, 0.989949, 1.33417, 1.33417, 1.47648, 1.47648
elapsed time for k point: 0 seconds.
solve_kpoint (0.2,0.2,0):
Solving for bands 1 to 8...
    linmin: converged after 1 iterations.
Finished solving for bands 1 to 8 after 1 iterations.
tmfreqs:, 14, 0.2, 0.2, 0, 0.282843, 0.282843, 0.824621, 0.824621, 1.13137, 1.21655, 1.21655, 1.44222, 1.44222
elapsed time for k point: 0 seconds.
solve_kpoint (0.1,0.1,0):
Solving for bands 1 to 8...
    linmin: converged after 1 iterations.
Finished solving for bands 1 to 8 after 1 iterations.
tmfreqs:, 15, 0.1, 0.1, 0, 0.141421, 0.141421, 0.905539, 0.905539, 1.10454, 1.10454, 1.27279, 1.42127, 1.42127
elapsed time for k point: 0 seconds.
solve_kpoint (0,0,0):
Solving for bands 2 to 8...
    linmin: converged after 1 iterations.
Finished solving for bands 2 to 8 after 1 iterations.
tmfreqs:, 16, 0, 0, 0, 0, 0, 1, 1, 1, 1, 1.41421, 1.41421, 1.41421
elapsed time for k point: 0 seconds.
Band 1 range: 0.0 at #(0.0 0.0 0.0) to 0.7071067811865478 at #(0.5 0.5 0.0)
Band 2 range: 0.5099019516139914 at #(0.5 0.10000000000000003 0.0) to 1.0000000003569054 at #(0.0 0.0 0.0)
Band 3 range: 0.7071067811866393 at #(0.5 0.5 0.0) to 1.1236494458241757 at #(0.5 0.0 0.0)
Band 4 range: 0.7071067811866499 at #(0.5 0.5 0.0) to 1.1313708499413746 at #(0.2 0.2 0.0)
Band 5 range: 1.0000000000011018 at #(0.0 0.0 0.0) to 1.5811388300841973 at #(0.5 0.5 0.0)
Band 6 range: 1.1293890783336549 at #(0.5 0.0 0.0) to 1.5811388300842146 at #(0.5 0.5 0.0)
Band 7 range: 1.2806248475423414 at #(0.20000000000000004 0.0 0.0) to 1.5811388300842217 at #(0.5 0.5 0.0)
Band 8 range: 1.414213562379354 at #(0.0 0.0 0.0) to 1.7622130669205474 at #(0.5 0.0 0.0)
total elapsed time for run: 0 seconds.
done.
