init-params: initializing eigensolver data
Computing 8 bands with 1.000000e-07 tolerance.
Working in 2 dimensions.
Grid size is 32 x 32 x 1.
Solving for 8 bands at a time.
Creating Maxwell data...
Mesh size is 3.
Lattice vectors:
     (1, 0, 0)
     (0, 1, 0)
     (0, 0, 1)
Cell volume = 1
Reciprocal lattice vectors (/ 2 pi):
     (1, -0, 0)
     (-0, 1, -0)
     (0, -0, 1)
Geometric objects:
     block, center = (0,0,0)
          size (100,100,0.75)
          axes (1,0,0), (0,1,0), (0,0,1)
          epsilon = 64, mu = 1
     cylinder, center = (0,0,0)
          radius 0.1, height 0.75, axis (0, 0, 1)
          epsilon = 1, mu = 1
Geometric object tree has depth 1 and 10 object nodes (vs. 2 actual objects)
Initializing epsilon function...
Allocating fields...
16 k-points:
     (0,0,0)
     (0.1,0,0)
     (0.2,0,0)
     (0.3,0,0)
     (0.4,0,0)
     (0.5,0,0)
     (0.5,0.1,0)
     (0.5,0.2,0)
     (0.5,0.3,0)
     (0.5,0.4,0)
     (0.5,0.5,0)
     (0.4,0.4,0)
     (0.3,0.3,0)
     (0.2,0.2,0)
     (0.1,0.1,0)
     (0,0,0)
Solving for band polarization: te.
Initializing fields to random numbers...
elapsed time for initialization: 0 seconds.
epsilon: 1-64, mean 62.0208, harm. mean 27.4066, 97.9492% > 1, 96.8584% "fill"
Outputting sq-slab-epsilon...
solve_kpoint (0,0,0):
tefreqs:, k index, k1, k2, k3, kmag/2pi, te band 1, te band 2, te band 3, te band 4, te band 5, te band 6, te band 7, te band 8
Solving for bands 2 to 8...
    linmin: converged after 8 iterations.
    linmin: converged after 8 iterations.
    linmin: converged after 6 iterations.
    linmin: converged after 6 iterations.
    linmin: converged after 5 iterations.
    linmin: converged after 4 iterations.
    linmin: converged after 4 iterations.
    linmin: converged after 4 iterations.
    linmin: converged after 3 iterations.
    linmin: converged after 3 iterations.
    linmin: converged after 3 iterations.
    linmin: converged after 3 iterations.
    linmin: converged after 3 iterations.
    linmin: converged after 4 iterations.
    linmin: converged after 4 iterations.
    linmin: converged after 4 iterations.
    linmin: converged after 4 iterations.
    linmin: converged after 4 iterations.
    linmin: converged after 4 iterations.
    linmin: converged after 4 iterations.
    linmin: converged after 4 iterations.
    linmin: converged after 3 iterations.
    linmin: converged after 3 iterations.
    linmin: converged after 3 iterations.
    linmin: converged after 3 iterations.
    linmin: converged after 3 iterations.
    linmin: converged after 3 iterations.
    linmin: converged after 2 iterations.
    linmin: converged after 2 iterations.
    linmin: converged after 2 iterations.
    linmin: converged after 2 iterations.
    linmin: converged after 2 iterations.
    linmin: converged after 2 iterations.
    linmin: converged after 2 iterations.
    linmin: converged after 2 iterations.
    linmin: converged after 2 iterations.
    linmin: converged after 2 iterations.
    linmin: converged after 2 iterations.
    linmin: converged after 2 iterations.
    linmin: converged after 2 iterations.
    linmin: converged after 2 iterations.
    linmin: converged after 2 iterations.
    linmin: converged after 2 iterations.
    linmin: converged after 2 iterations.
    linmin: converged after 2 iterations.
    linmin: converged after 2 iterations.
    linmin: converged after 2 iterations.
    linmin: converged after 2 iterations.
Finished solving for bands 2 to 8 after 48 iterations.
tefreqs:, 1, 0, 0, 0, 0, 0, 0.125354, 0.125818, 0.13133, 0.131332, 0.17767, 0.178675, 0.185991
elapsed time for k point: 0 seconds.
solve_kpoint (0.1,0,0):
Solving for bands 1 to 8...
    linmin: converged after 4 iterations.
    linmin: converged after 3 iterations.
    linmin: converged after 4 iterations.
    linmin: converged after 5 iterations.
    linmin: converged after 4 iterations.
    linmin: converged after 3 iterations.
    linmin: converged after 4 iterations.
    linmin: converged after 3 iterations.
    linmin: converged after 3 iterations.
    linmin: converged after 3 iterations.
    linmin: converged after 3 iterations.
    linmin: converged after 3 iterations.
    linmin: converged after 3 iterations.
    linmin: converged after 2 iterations.
    linmin: converged after 2 iterations.
    linmin: converged after 2 iterations.
    linmin: converged after 2 iterations.
    linmin: converged after 2 iterations.
    linmin: converged after 2 iterations.
    linmin: converged after 2 iterations.
    linmin: converged after 2 iterations.
    linmin: converged after 2 iterations.
    linmin: converged after 2 iterations.
    linmin: converged after 2 iterations.
    linmin: converged after 2 iterations.
    linmin: converged after 2 iterations.
    linmin: converged after 2 iterations.
    linmin: converged after 2 iterations.
    linmin: converged after 2 iterations.
    linmin: converged after 2 iterations.
    linmin: converged after 2 iterations.
    linmin: converged after 3 iterations.
    linmin: converged after 2 iterations.
    linmin: converged after 4 iterations.
    linmin: converged after 3 iterations.
    linmin: converged after 3 iterations.
    linmin: converged after 2 iterations.
    linmin: converged after 2 iterations.
    linmin: converged after 2 iterations.
    linmin: converged after 2 iterations.
    linmin: converged after 2 iterations.
    linmin: converged after 2 iterations.
    linmin: converged after 2 iterations.
Finished solving for bands 1 to 8 after 43 iterations.
tefreqs:, 2, 0.1, 0, 0, 0.1, 0.0128982, 0.115442, 0.126288, 0.131867, 0.141341, 0.171946, 0.173435, 0.191719
elapsed time for k point: 0 seconds.
solve_kpoint (0.2,0,0):
Solving for bands 1 to 8...
    linmin: converged after 4 iterations.
    linmin: converged after 2 iterations.
    linmin: converged after 4 iterations.
    linmin: converged after 4 iterations.
    linmin: converged after 4 iterations.
    linmin: converged after 2 iterations.
    linmin: converged after 2 iterations.
    linmin: converged after 2 iterations.
    linmin: converged after 2 iterations.
    linmin: converged after 2 iterations.
    linmin: converged after 2 iterations.
    linmin: converged after 2 iterations.
    linmin: converged after 2 iterations.
    linmin: converged after 2 iterations.
    linmin: converged after 2 iterations.
    linmin: converged after 2 iterations.
Finished solving for bands 1 to 8 after 16 iterations.
tefreqs:, 3, 0.2, 0, 0, 0.2, 0.0257883, 0.102869, 0.128297, 0.133435, 0.153214, 0.16435, 0.166267, 0.20038
elapsed time for k point: 0 seconds.
solve_kpoint (0.3,0,0):
Solving for bands 1 to 8...
    linmin: converged after 4 iterations.
    linmin: converged after 2 iterations.
    linmin: converged after 2 iterations.
    linmin: converged after 2 iterations.
    linmin: converged after 2 iterations.
    linmin: converged after 2 iterations.
    linmin: converged after 2 iterations.
    linmin: converged after 2 iterations.
    linmin: converged after 2 iterations.
    linmin: converged after 2 iterations.
    linmin: converged after 2 iterations.
    linmin: converged after 2 iterations.
    linmin: converged after 2 iterations.
    linmin: converged after 2 iterations.
    linmin: converged after 2 iterations.
Finished solving for bands 1 to 8 after 15 iterations.
tefreqs:, 4, 0.3, 0, 0, 0.3, 0.038658, 0.0901591, 0.131573, 0.135885, 0.154753, 0.159654, 0.167437, 0.209616
elapsed time for k point: 0 seconds.
solve_kpoint (0.4,0,0):
Solving for bands 1 to 8...
    linmin: converged after 4 iterations.
    linmin: converged after 2 iterations.
    linmin: converged after 2 iterations.
    linmin: converged after 2 iterations.
    linmin: converged after 2 iterations.
    linmin: converged after 2 iterations.
    linmin: converged after 2 iterations.
    linmin: converged after 2 iterations.
    linmin: converged after 2 iterations.
    linmin: converged after 2 iterations.
    linmin: converged after 2 iterations.
    linmin: converged after 2 iterations.
    linmin: converged after 2 iterations.
    linmin: converged after 2 iterations.
    linmin: converged after 2 iterations.
    linmin: converged after 2 iterations.
    linmin: converged after 2 iterations.
    linmin: converged after 3 iterations.
    linmin: converged after 7 iterations.
    linmin: converged after 4 iterations.
    linmin: converged after 3 iterations.
    linmin: converged after 3 iterations.
    linmin: converged after 3 iterations.
    linmin: converged after 3 iterations.
    linmin: converged after 3 iterations.
    linmin: converged after 3 iterations.
    linmin: converged after 3 iterations.
    linmin: converged after 3 iterations.
    linmin: converged after 3 iterations.
    linmin: converged after 3 iterations.
    linmin: converged after 3 iterations.
    linmin: converged after 3 iterations.
    linmin: converged after 3 iterations.
    linmin: converged after 3 iterations.
    linmin: converged after 3 iterations.
    linmin: converged after 3 iterations.
    linmin: converged after 3 iterations.
    linmin: converged after 2 iterations.
    linmin: converged after 4 iterations.
    linmin: converged after 4 iterations.
    linmin: converged after 4 iterations.
    linmin: converged after 4 iterations.
    linmin: converged after 4 iterations.
    linmin: converged after 4 iterations.
    linmin: converged after 4 iterations.
    linmin: converged after 4 iterations.
    linmin: converged after 2 iterations.
    linmin: converged after 2 iterations.
    linmin: converged after 2 iterations.
    linmin: converged after 3 iterations.
    linmin: converged after 3 iterations.
    linmin: converged after 3 iterations.
    linmin: converged after 3 iterations.
    linmin: converged after 3 iterations.
    linmin: converged after 3 iterations.
    linmin: converged after 3 iterations.
    linmin: converged after 3 iterations.
    linmin: converged after 3 iterations.
    linmin: converged after 3 iterations.
    linmin: converged after 3 iterations.
    linmin: converged after 3 iterations.
    linmin: converged after 3 iterations.
    linmin: converged after 3 iterations.
    linmin: converged after 3 iterations.
    linmin: converged after 3 iterations.
    linmin: converged after 3 iterations.
    linmin: converged after 3 iterations.
    linmin: converged after 3 iterations.
    linmin: converged after 3 iterations.
    linmin: converged after 4 iterations.
    linmin: converged after 4 iterations.
    linmin: converged after 3 iterations.
    linmin: converged after 3 iterations.
    linmin: converged after 3 iterations.
    linmin: converged after 3 iterations.
    linmin: converged after 3 iterations.
    linmin: converged after 3 iterations.
    linmin: converged after 3 iterations.
    linmin: converged after 3 iterations.
    linmin: converged after 3 iterations.
    linmin: converged after 3 iterations.
    linmin: converged after 3 iterations.
    linmin: converged after 3 iterations.
    linmin: converged after 3 iterations.
    linmin: converged after 3 iterations.
    linmin: converged after 2 iterations.
    linmin: converged after 2 iterations.
    linmin: converged after 2 iterations.
    linmin: converged after 2 iterations.
    linmin: converged after 2 iterations.
    linmin: converged after 2 iterations.
    linmin: converged after 2 iterations.
    linmin: converged after 2 iterations.
    linmin: converged after 2 iterations.
    linmin: converged after 2 iterations.
    linmin: converged after 2 iterations.
    linmin: converged after 2 iterations.
Finished solving for bands 1 to 8 after 97 iterations.
tefreqs:, 5, 0.4, 0, 0, 0.4, 0.0514679, 0.0774341, 0.135994, 0.138761, 0.148003, 0.154251, 0.179324, 0.204263
elapsed time for k point: 1 seconds.
solve_kpoint (0.5,0,0):
Solving for bands 1 to 8...
    linmin: converged after 3 iterations.
    linmin: converged after 2 iterations.
    linmin: converged after 4 iterations.
    linmin: converged after 4 iterations.
    linmin: converged after 2 iterations.
    linmin: converged after 2 iterations.
    linmin: converged after 2 iterations.
    linmin: converged after 2 iterations.
    linmin: converged after 2 iterations.
    linmin: converged after 2 iterations.
    linmin: converged after 2 iterations.
    linmin: converged after 2 iterations.
    linmin: converged after 2 iterations.
    linmin: converged after 2 iterations.
    linmin: converged after 2 iterations.
    linmin: converged after 2 iterations.
    linmin: converged after 2 iterations.
    linmin: converged after 2 iterations.
    linmin: converged after 2 iterations.
Finished solving for bands 1 to 8 after 19 iterations.
tefreqs:, 6, 0.5, 0, 0, 0.5, 0.0625807, 0.0663483, 0.140411, 0.140636, 0.142492, 0.151756, 0.189136, 0.194795
elapsed time for k point: 0 seconds.
solve_kpoint (0.5,0.1,0):
Solving for bands 1 to 8...
    linmin: converged after 4 iterations.
    linmin: converged after 2 iterations.
    linmin: converged after 2 iterations.
    linmin: converged after 2 iterations.
    linmin: converged after 2 iterations.
    linmin: converged after 2 iterations.
    linmin: converged after 2 iterations.
    linmin: converged after 2 iterations.
    linmin: converged after 2 iterations.
    linmin: converged after 2 iterations.
    linmin: converged after 2 iterations.
    linmin: converged after 2 iterations.
    linmin: converged after 2 iterations.
    linmin: converged after 2 iterations.
    linmin: converged after 2 iterations.
    linmin: converged after 2 iterations.
Finished solving for bands 1 to 8 after 16 iterations.
tefreqs:, 7, 0.5, 0.1, 0, 0.509902, 0.0639594, 0.0675045, 0.130556, 0.133329, 0.152586, 0.159194, 0.189581, 0.195077
elapsed time for k point: 0 seconds.
solve_kpoint (0.5,0.2,0):
Solving for bands 1 to 8...
    linmin: converged after 4 iterations.
    linmin: converged after 2 iterations.
    linmin: converged after 2 iterations.
    linmin: converged after 4 iterations.
    linmin: converged after 2 iterations.
    linmin: converged after 2 iterations.
    linmin: converged after 2 iterations.
    linmin: converged after 2 iterations.
    linmin: converged after 2 iterations.
    linmin: converged after 2 iterations.
    linmin: converged after 2 iterations.
    linmin: converged after 2 iterations.
    linmin: converged after 2 iterations.
    linmin: converged after 2 iterations.
    linmin: converged after 2 iterations.
    linmin: converged after 2 iterations.
    linmin: converged after 2 iterations.
    linmin: converged after 2 iterations.
Finished solving for bands 1 to 8 after 18 iterations.
tefreqs:, 8, 0.5, 0.2, 0, 0.538516, 0.0679208, 0.0708557, 0.120048, 0.122546, 0.163826, 0.170364, 0.190914, 0.195879
elapsed time for k point: 0 seconds.
solve_kpoint (0.5,0.3,0):
Solving for bands 1 to 8...
    linmin: converged after 4 iterations.
    linmin: converged after 2 iterations.
    linmin: converged after 4 iterations.
    linmin: converged after 4 iterations.
    linmin: converged after 2 iterations.
    linmin: converged after 2 iterations.
    linmin: converged after 2 iterations.
    linmin: converged after 2 iterations.
    linmin: converged after 2 iterations.
    linmin: converged after 2 iterations.
    linmin: converged after 2 iterations.
    linmin: converged after 2 iterations.
    linmin: converged after 2 iterations.
    linmin: converged after 2 iterations.
    linmin: converged after 2 iterations.
    linmin: converged after 2 iterations.
    linmin: converged after 2 iterations.
    linmin: converged after 2 iterations.
    linmin: converged after 2 iterations.
    linmin: converged after 2 iterations.
Finished solving for bands 1 to 8 after 20 iterations.
tefreqs:, 9, 0.5, 0.3, 0, 0.583095, 0.074025, 0.0760923, 0.10995, 0.111724, 0.175206, 0.181755, 0.193131, 0.197044
elapsed time for k point: 0 seconds.
solve_kpoint (0.5,0.4,0):
Solving for bands 1 to 8...
    linmin: converged after 4 iterations.
    linmin: converged after 2 iterations.
    linmin: converged after 4 iterations.
    linmin: converged after 4 iterations.
    linmin: converged after 4 iterations.
    linmin: converged after 2 iterations.
    linmin: converged after 2 iterations.
    linmin: converged after 2 iterations.
    linmin: converged after 2 iterations.
    linmin: converged after 2 iterations.
    linmin: converged after 2 iterations.
    linmin: converged after 2 iterations.
    linmin: converged after 2 iterations.
    linmin: converged after 2 iterations.
    linmin: converged after 2 iterations.
    linmin: converged after 2 iterations.
    linmin: converged after 2 iterations.
    linmin: converged after 2 iterations.
    linmin: converged after 2 iterations.
    linmin: converged after 2 iterations.
    linmin: converged after 2 iterations.
    linmin: converged after 2 iterations.
    linmin: converged after 2 iterations.
    linmin: converged after 2 iterations.
    linmin: converged after 2 iterations.
    linmin: converged after 2 iterations.
    linmin: converged after 2 iterations.
Finished solving for bands 1 to 8 after 27 iterations.
tefreqs:, 10, 0.5, 0.4, 0, 0.640312, 0.0816915, 0.0827635, 0.100482, 0.101363, 0.18664, 0.192343, 0.196349, 0.198204
elapsed time for k point: 0 seconds.
solve_kpoint (0.5,0.5,0):
Solving for bands 1 to 8...
    linmin: converged after 4 iterations.
    linmin: converged after 4 iterations.
    linmin: converged after 4 iterations.
    linmin: converged after 4 iterations.
    linmin: converged after 3 iterations.
    linmin: converged after 3 iterations.
    linmin: converged after 3 iterations.
    linmin: converged after 3 iterations.
    linmin: converged after 3 iterations.
    linmin: converged after 3 iterations.
    linmin: converged after 3 iterations.
    linmin: converged after 3 iterations.
    linmin: converged after 3 iterations.
    linmin: converged after 3 iterations.
    linmin: converged after 3 iterations.
    linmin: converged after 3 iterations.
    linmin: converged after 3 iterations.
    linmin: converged after 3 iterations.
    linmin: converged after 3 iterations.
    linmin: converged after 3 iterations.
    linmin: converged after 3 iterations.
    linmin: converged after 3 iterations.
    linmin: converged after 3 iterations.
    linmin: converged after 3 iterations.
    linmin: converged after 3 iterations.
    linmin: converged after 3 iterations.
    linmin: converged after 3 iterations.
    linmin: converged after 3 iterations.
    linmin: converged after 3 iterations.
    linmin: converged after 3 iterations.
    linmin: converged after 3 iterations.
    linmin: converged after 3 iterations.
    linmin: converged after 3 iterations.
    linmin: converged after 3 iterations.
    linmin: converged after 3 iterations.
    linmin: converged after 3 iterations.
    linmin: converged after 3 iterations.
    linmin: converged after 3 iterations.
    linmin: converged after 3 iterations.
    linmin: converged after 3 iterations.
    linmin: converged after 3 iterations.
    linmin: converged after 3 iterations.
    linmin: converged after 3 iterations.
    linmin: converged after 2 iterations.
    linmin: converged after 3 iterations.
    linmin: converged after 2 iterations.
    linmin: converged after 2 iterations.
    linmin: converged after 2 iterations.
    linmin: converged after 2 iterations.
    linmin: converged after 2 iterations.
    linmin: converged after 2 iterations.
    linmin: converged after 2 iterations.
    linmin: converged after 2 iterations.
    linmin: converged after 2 iterations.
    linmin: converged after 2 iterations.
    linmin: converged after 2 iterations.
    linmin: converged after 2 iterations.
    linmin: converged after 2 iterations.
    linmin: converged after 2 iterations.
    linmin: converged after 2 iterations.
    linmin: converged after 2 iterations.
    linmin: converged after 2 iterations.
    linmin: converged after 2 iterations.
    linmin: converged after 2 iterations.
    linmin: converged after 2 iterations.
    linmin: converged after 2 iterations.
Finished solving for bands 1 to 8 after 66 iterations.
tefreqs:, 11, 0.5, 0.5, 0, 0.707107, 0.0885227, 0.0886756, 0.0936584, 0.0936615, 0.19765, 0.197775, 0.197775, 0.19998
elapsed time for k point: 1 seconds.
solve_kpoint (0.4,0.4,0):
Solving for bands 1 to 8...
    linmin: converged after 3 iterations.
    linmin: converged after 4 iterations.
    linmin: converged after 5 iterations.
    linmin: converged after 4 iterations.
    linmin: converged after 3 iterations.
    linmin: converged after 3 iterations.
    linmin: converged after 4 iterations.
    linmin: converged after 3 iterations.
    linmin: converged after 4 iterations.
    linmin: converged after 3 iterations.
    linmin: converged after 4 iterations.
    linmin: converged after 3 iterations.
    linmin: converged after 3 iterations.
    linmin: converged after 3 iterations.
    linmin: converged after 3 iterations.
    linmin: converged after 3 iterations.
    linmin: converged after 3 iterations.
    linmin: converged after 3 iterations.
    linmin: converged after 3 iterations.
    linmin: converged after 3 iterations.
    linmin: converged after 3 iterations.
    linmin: converged after 2 iterations.
    linmin: converged after 2 iterations.
    linmin: converged after 2 iterations.
    linmin: converged after 2 iterations.
    linmin: converged after 2 iterations.
    linmin: converged after 2 iterations.
    linmin: converged after 2 iterations.
    linmin: converged after 2 iterations.
    linmin: converged after 2 iterations.
    linmin: converged after 2 iterations.
    linmin: converged after 2 iterations.
    linmin: converged after 2 iterations.
    linmin: converged after 2 iterations.
    linmin: converged after 2 iterations.
    linmin: converged after 2 iterations.
    linmin: converged after 2 iterations.
    linmin: converged after 2 iterations.
    linmin: converged after 2 iterations.
Finished solving for bands 1 to 8 after 39 iterations.
tefreqs:, 12, 0.4, 0.4, 0, 0.565685, 0.0727832, 0.0905376, 0.0952962, 0.109401, 0.183494, 0.18711, 0.193484, 0.197388
elapsed time for k point: 0 seconds.
solve_kpoint (0.3,0.3,0):
Solving for bands 1 to 8...
    linmin: converged after 3 iterations.
    linmin: converged after 4 iterations.
    linmin: converged after 4 iterations.
    linmin: converged after 4 iterations.
    linmin: converged after 2 iterations.
    linmin: converged after 2 iterations.
    linmin: converged after 2 iterations.
    linmin: converged after 2 iterations.
    linmin: converged after 2 iterations.
    linmin: converged after 2 iterations.
    linmin: converged after 2 iterations.
    linmin: converged after 2 iterations.
    linmin: converged after 2 iterations.
    linmin: converged after 2 iterations.
    linmin: converged after 2 iterations.
    linmin: converged after 2 iterations.
    linmin: converged after 2 iterations.
    linmin: converged after 2 iterations.
    linmin: converged after 2 iterations.
    linmin: converged after 2 iterations.
Finished solving for bands 1 to 8 after 20 iterations.
tefreqs:, 13, 0.3, 0.3, 0, 0.424264, 0.0546682, 0.0960862, 0.100035, 0.127268, 0.168965, 0.17278, 0.186755, 0.192831
elapsed time for k point: 0 seconds.
solve_kpoint (0.2,0.2,0):
Solving for bands 1 to 8...
    linmin: converged after 4 iterations.
    linmin: converged after 2 iterations.
    linmin: converged after 4 iterations.
    linmin: converged after 4 iterations.
    linmin: converged after 2 iterations.
    linmin: converged after 2 iterations.
    linmin: converged after 2 iterations.
    linmin: converged after 2 iterations.
    linmin: converged after 2 iterations.
    linmin: converged after 2 iterations.
    linmin: converged after 2 iterations.
    linmin: converged after 2 iterations.
    linmin: converged after 2 iterations.
    linmin: converged after 2 iterations.
    linmin: converged after 2 iterations.
    linmin: converged after 2 iterations.
Finished solving for bands 1 to 8 after 16 iterations.
tefreqs:, 14, 0.2, 0.2, 0, 0.282843, 0.0364693, 0.104643, 0.107448, 0.144386, 0.154841, 0.158645, 0.182031, 0.189117
elapsed time for k point: 0 seconds.
solve_kpoint (0.1,0.1,0):
Solving for bands 1 to 8...
    linmin: converged after 5 iterations.
    linmin: converged after 3 iterations.
    linmin: converged after 3 iterations.
    linmin: converged after 3 iterations.
    linmin: converged after 3 iterations.
    linmin: converged after 3 iterations.
    linmin: converged after 2 iterations.
    linmin: converged after 2 iterations.
    linmin: converged after 2 iterations.
    linmin: converged after 2 iterations.
    linmin: converged after 2 iterations.
    linmin: converged after 2 iterations.
    linmin: converged after 2 iterations.
    linmin: converged after 3 iterations.
    linmin: converged after 2 iterations.
    linmin: converged after 2 iterations.
Finished solving for bands 1 to 8 after 16 iterations.
tefreqs:, 15, 0.1, 0.1, 0, 0.141421, 0.0182407, 0.115416, 0.116938, 0.141475, 0.142144, 0.164141, 0.179182, 0.186783
elapsed time for k point: 0 seconds.
solve_kpoint (0,0,0):
Solving for bands 2 to 8...
    linmin: converged after 4 iterations.
    linmin: converged after 2 iterations.
    linmin: converged after 4 iterations.
    linmin: converged after 4 iterations.
    linmin: converged after 4 iterations.
    linmin: converged after 4 iterations.
    linmin: converged after 4 iterations.
    linmin: converged after 3 iterations.
    linmin: converged after 3 iterations.
    linmin: converged after 3 iterations.
    linmin: converged after 3 iterations.
    linmin: converged after 3 iterations.
    linmin: converged after 2 iterations.
    linmin: converged after 2 iterations.
    linmin: converged after 2 iterations.
    linmin: converged after 2 iterations.
    linmin: converged after 2 iterations.
    linmin: converged after 2 iterations.
    linmin: converged after 2 iterations.
    linmin: converged after 2 iterations.
    linmin: converged after 2 iterations.
    linmin: converged after 2 iterations.
Finished solving for bands 2 to 8 after 31 iterations.
tefreqs:, 16, 0, 0, 0, 0, 0, 0.125354, 0.125818, 0.13133, 0.131332, 0.17767, 0.178675, 0.185992
elapsed time for k point: 0 seconds.
Band 1 range: 0.0 at #(0.0 0.0 0.0) to 0.08852274793032626 at #(0.5 0.5 0.0)
Band 2 range: 0.06634826902766731 at #(0.5 0.0 0.0) to 0.125354009999237 at #(0.0 0.0 0.0)
Band 3 range: 0.09365841100656586 at #(0.5 0.5 0.0) to 0.14041080635219633 at #(0.5 0.0 0.0)
Band 4 range: 0.09366150887827775 at #(0.5 0.5 0.0) to 0.1443864051388152 at #(0.2 0.2 0.0)
Band 5 range: 0.13133166902605178 at #(0.0 0.0 0.0) to 0.1976499846878511 at #(0.5 0.5 0.0)
Band 6 range: 0.15175604048415858 at #(0.5 0.0 0.0) to 0.19777507050911497 at #(0.5 0.5 0.0)
Band 7 range: 0.1662669635853055 at #(0.20000000000000004 0.0 0.0) to 0.19777528833022076 at #(0.5 0.5 0.0)
Band 8 range: 0.18599114417666646 at #(0.0 0.0 0.0) to 0.2096164762864757 at #(0.30000000000000004 0.0 0.0)
total elapsed time for run: 2 seconds.
done.
init-params: initializing eigensolver data
Computing 8 bands with 1.000000e-07 tolerance.
Working in 2 dimensions.
Grid size is 32 x 32 x 1.
Solving for 8 bands at a time.
Creating Maxwell data...
Mesh size is 3.
Lattice vectors:
     (1, 0, 0)
     (0, 1, 0)
     (0, 0, 1)
Cell volume = 1
Reciprocal lattice vectors (/ 2 pi):
     (1, -0, 0)
     (-0, 1, -0)
     (0, -0, 1)
Geometric objects:
     block, center = (0,0,0)
          size (100,100,0.75)
          axes (1,0,0), (0,1,0), (0,0,1)
          epsilon = 64, mu = 1
     cylinder, center = (0,0,0)
          radius 0.1, height 0.75, axis (0, 0, 1)
          epsilon = 1, mu = 1
Geometric object tree has depth 1 and 10 object nodes (vs. 2 actual objects)
Initializing epsilon function...
16 k-points:
     (0,0,0)
     (0.1,0,0)
     (0.2,0,0)
     (0.3,0,0)
     (0.4,0,0)
     (0.5,0,0)
     (0.5,0.1,0)
     (0.5,0.2,0)
     (0.5,0.3,0)
     (0.5,0.4,0)
     (0.5,0.5,0)
     (0.4,0.4,0)
     (0.3,0.3,0)
     (0.2,0.2,0)
     (0.1,0.1,0)
     (0,0,0)
Solving for band polarization: tm.
Initializing fields to random numbers...
elapsed time for initialization: 0 seconds.
epsilon: 1-64, mean 62.0208, harm. mean 27.4066, 97.9492% > 1, 96.8584% "fill"
Outputting sq-slab-epsilon...
solve_kpoint (0,0,0):
tmfreqs:, k index, k1, k2, k3, kmag/2pi, tm band 1, tm band 2, tm band 3, tm band 4, tm band 5, tm band 6, tm band 7, tm band 8
Solving for bands 2 to 8...
    linmin: converged after 8 iterations.
    linmin: converged after 6 iterations.
    linmin: converged after 5 iterations.
    linmin: converged after 4 iterations.
    linmin: converged after 4 iterations.
    linmin: converged after 4 iterations.
    linmin: converged after 3 iterations.
    linmin: converged after 4 iterations.
    linmin: converged after 3 iterations.
    linmin: converged after 4 iterations.
    linmin: converged after 3 iterations.
    linmin: converged after 3 iterations.
    linmin: converged after 3 iterations.
    linmin: converged after 2 iterations.
    linmin: converged after 2 iterations.
    linmin: converged after 2 iterations.
    linmin: converged after 2 iterations.
    linmin: converged after 2 iterations.
    linmin: converged after 2 iterations.
    linmin: converged after 2 iterations.
    linmin: converged after 2 iterations.
    linmin: converged after 2 iterations.
Finished solving for bands 2 to 8 after 22 iterations.
tmfreqs:, 1, 0, 0, 0, 0, 0, 0.125013, 0.125349, 0.125349, 0.131243, 0.176844, 0.177654, 0.177654
elapsed time for k point: 0 seconds.
solve_kpoint (0.1,0,0):
Solving for bands 1 to 8...
    linmin: converged after 10 iterations.
    linmin: converged after 8 iterations.
    linmin: converged after 3 iterations.
    linmin: converged after 3 iterations.
    linmin: converged after 2 iterations.
    linmin: converged after 2 iterations.
    linmin: converged after 2 iterations.
    linmin: converged after 2 iterations.
    linmin: converged after 2 iterations.
Finished solving for bands 1 to 8 after 9 iterations.
tmfreqs:, 2, 0.1, 0, 0, 0.1, 0.0126974, 0.113786, 0.125973, 0.12852, 0.139857, 0.168617, 0.172231, 0.186323
elapsed time for k point: 0 seconds.
solve_kpoint (0.2,0,0):
Solving for bands 1 to 8...
    linmin: converged after 6 iterations.
    linmin: converged after 4 iterations.
    linmin: converged after 3 iterations.
    linmin: converged after 2 iterations.
    linmin: converged after 2 iterations.
    linmin: converged after 2 iterations.
    linmin: converged after 2 iterations.
Finished solving for bands 1 to 8 after 7 iterations.
tmfreqs:, 3, 0.2, 0, 0, 0.2, 0.0253916, 0.101334, 0.127829, 0.130463, 0.151826, 0.160513, 0.164841, 0.195763
elapsed time for k point: 1 seconds.
solve_kpoint (0.3,0,0):
Solving for bands 1 to 8...
    linmin: converged after 5 iterations.
    linmin: converged after 4 iterations.
    linmin: converged after 2 iterations.
    linmin: converged after 2 iterations.
    linmin: converged after 2 iterations.
    linmin: converged after 2 iterations.
    linmin: converged after 2 iterations.
Finished solving for bands 1 to 8 after 7 iterations.
tmfreqs:, 4, 0.3, 0, 0, 0.3, 0.0380783, 0.0887553, 0.130863, 0.133423, 0.153004, 0.156183, 0.165624, 0.205533
elapsed time for k point: 0 seconds.
solve_kpoint (0.4,0,0):
Solving for bands 1 to 8...
    linmin: converged after 5 iterations.
    linmin: converged after 4 iterations.
    linmin: converged after 2 iterations.
    linmin: converged after 2 iterations.
    linmin: converged after 2 iterations.
    linmin: converged after 2 iterations.
    linmin: converged after 2 iterations.
Finished solving for bands 1 to 8 after 7 iterations.
tmfreqs:, 5, 0.4, 0, 0, 0.4, 0.0507465, 0.0761404, 0.134992, 0.137192, 0.146188, 0.150269, 0.177553, 0.215582
elapsed time for k point: 0 seconds.
solve_kpoint (0.5,0,0):
Solving for bands 1 to 8...
    linmin: converged after 4 iterations.
    linmin: converged after 4 iterations.
    linmin: converged after 3 iterations.
    linmin: converged after 5 iterations.
    linmin: converged after 3 iterations.
    linmin: converged after 4 iterations.
    linmin: converged after 7 iterations.
    linmin: converged after 4 iterations.
    linmin: converged after 4 iterations.
    linmin: converged after 3 iterations.
    linmin: converged after 3 iterations.
    linmin: converged after 3 iterations.
    linmin: converged after 4 iterations.
    linmin: converged after 4 iterations.
    linmin: converged after 4 iterations.
    linmin: converged after 4 iterations.
    linmin: converged after 4 iterations.
    linmin: converged after 4 iterations.
    linmin: converged after 4 iterations.
    linmin: converged after 4 iterations.
    linmin: converged after 4 iterations.
    linmin: converged after 4 iterations.
    linmin: converged after 4 iterations.
    linmin: converged after 5 iterations.
    linmin: converged after 5 iterations.
    linmin: converged after 5 iterations.
    linmin: converged after 5 iterations.
    linmin: converged after 6 iterations.
    linmin: converged after 6 iterations.
    linmin: converged after 5 iterations.
    linmin: converged after 5 iterations.
    linmin: converged after 5 iterations.
    linmin: converged after 5 iterations.
    linmin: converged after 5 iterations.
    linmin: converged after 5 iterations.
    linmin: converged after 6 iterations.
    linmin: converged after 6 iterations.
    linmin: converged after 5 iterations.
    linmin: converged after 9 iterations.
    linmin: converged after 12 iterations.
    linmin: converged after 9 iterations.
    linmin: converged after 12 iterations.
    linmin: converged after 6 iterations.
    linmin: converged after 5 iterations.
    linmin: converged after 4 iterations.
    linmin: converged after 5 iterations.
    linmin: converged after 6 iterations.
    linmin: converged after 5 iterations.
    linmin: converged after 3 iterations.
    linmin: converged after 3 iterations.
    linmin: converged after 3 iterations.
    linmin: converged after 3 iterations.
    linmin: converged after 2 iterations.
    linmin: converged after 2 iterations.
    linmin: converged after 2 iterations.
    linmin: converged after 2 iterations.
    linmin: converged after 2 iterations.
    linmin: converged after 2 iterations.
Finished solving for bands 1 to 8 after 58 iterations.
tmfreqs:, 6, 0.5, 0, 0, 0.5, 0.0625482, 0.0643552, 0.139768, 0.139942, 0.140516, 0.146689, 0.188484, 0.191577
elapsed time for k point: 0 seconds.
solve_kpoint (0.5,0.1,0):
Solving for bands 1 to 8...
    linmin: converged after 3 iterations.
    linmin: converged after 4 iterations.
    linmin: converged after 2 iterations.
    linmin: converged after 2 iterations.
    linmin: converged after 2 iterations.
    linmin: converged after 2 iterations.
    linmin: converged after 2 iterations.
Finished solving for bands 1 to 8 after 7 iterations.
tmfreqs:, 7, 0.5, 0.1, 0, 0.509902, 0.0637869, 0.0656225, 0.128789, 0.131997, 0.151145, 0.155368, 0.188899, 0.191976
elapsed time for k point: 0 seconds.
solve_kpoint (0.5,0.2,0):
Solving for bands 1 to 8...
    linmin: converged after 3 iterations.
    linmin: converged after 4 iterations.
    linmin: converged after 2 iterations.
    linmin: converged after 2 iterations.
    linmin: converged after 2 iterations.
    linmin: converged after 2 iterations.
    linmin: converged after 2 iterations.
Finished solving for bands 1 to 8 after 7 iterations.
tmfreqs:, 8, 0.5, 0.2, 0, 0.538516, 0.0673664, 0.0692798, 0.118012, 0.121265, 0.162612, 0.166576, 0.19014, 0.193155
elapsed time for k point: 0 seconds.
solve_kpoint (0.5,0.3,0):
Solving for bands 1 to 8...
    linmin: converged after 3 iterations.
    linmin: converged after 4 iterations.
    linmin: converged after 4 iterations.
    linmin: converged after 2 iterations.
    linmin: converged after 2 iterations.
    linmin: converged after 2 iterations.
    linmin: converged after 2 iterations.
    linmin: converged after 2 iterations.
Finished solving for bands 1 to 8 after 8 iterations.
tmfreqs:, 9, 0.5, 0.3, 0, 0.583095, 0.0729428, 0.0749548, 0.10761, 0.110775, 0.17422, 0.177835, 0.192183, 0.195022
elapsed time for k point: 0 seconds.
solve_kpoint (0.5,0.4,0):
Solving for bands 1 to 8...
    linmin: converged after 4 iterations.
    linmin: converged after 4 iterations.
    linmin: converged after 4 iterations.
    linmin: converged after 4 iterations.
    linmin: converged after 4 iterations.
    linmin: converged after 2 iterations.
    linmin: converged after 2 iterations.
    linmin: converged after 2 iterations.
    linmin: converged after 2 iterations.
    linmin: converged after 2 iterations.
Finished solving for bands 1 to 8 after 10 iterations.
tmfreqs:, 10, 0.5, 0.4, 0, 0.640312, 0.0801001, 0.0821331, 0.0977021, 0.100843, 0.185938, 0.188706, 0.194973, 0.197248
elapsed time for k point: 0 seconds.
solve_kpoint (0.5,0.5,0):
Solving for bands 1 to 8...
    linmin: converged after 4 iterations.
    linmin: converged after 4 iterations.
    linmin: converged after 2 iterations.
    linmin: converged after 4 iterations.
    linmin: converged after 4 iterations.
    linmin: converged after 5 iterations.
    linmin: converged after 4 iterations.
    linmin: converged after 3 iterations.
    linmin: converged after 3 iterations.
    linmin: converged after 3 iterations.
    linmin: converged after 4 iterations.
    linmin: converged after 3 iterations.
    linmin: converged after 2 iterations.
    linmin: converged after 3 iterations.
    linmin: converged after 2 iterations.
    linmin: converged after 2 iterations.
    linmin: converged after 2 iterations.
    linmin: converged after 2 iterations.
    linmin: converged after 2 iterations.
    linmin: converged after 2 iterations.
    linmin: converged after 2 iterations.
    linmin: converged after 2 iterations.
    linmin: converged after 2 iterations.
    linmin: converged after 2 iterations.
    linmin: converged after 3 iterations.
    linmin: converged after 3 iterations.
    linmin: converged after 3 iterations.
    linmin: converged after 3 iterations.
    linmin: converged after 3 iterations.
    linmin: converged after 3 iterations.
    linmin: converged after 3 iterations.
    linmin: converged after 4 iterations.
    linmin: converged after 3 iterations.
    linmin: converged after 3 iterations.
    linmin: converged after 3 iterations.
    linmin: converged after 3 iterations.
    linmin: converged after 3 iterations.
    linmin: converged after 3 iterations.
    linmin: converged after 2 iterations.
    linmin: converged after 2 iterations.
    linmin: converged after 2 iterations.
    linmin: converged after 2 iterations.
    linmin: converged after 2 iterations.
    linmin: converged after 2 iterations.
Finished solving for bands 1 to 8 after 44 iterations.
tmfreqs:, 11, 0.5, 0.5, 0, 0.707107, 0.0883907, 0.0885205, 0.0885205, 0.0935627, 0.197643, 0.197645, 0.197645, 0.197792
elapsed time for k point: 0 seconds.
solve_kpoint (0.4,0.4,0):
Solving for bands 1 to 8...
    linmin: converged after 6 iterations.
    linmin: converged after 5 iterations.
    linmin: converged after 4 iterations.
    linmin: converged after 4 iterations.
    linmin: converged after 4 iterations.
    linmin: converged after 4 iterations.
    linmin: converged after 5 iterations.
    linmin: converged after 6 iterations.
    linmin: converged after 6 iterations.
    linmin: converged after 5 iterations.
    linmin: converged after 4 iterations.
    linmin: converged after 3 iterations.
    linmin: converged after 4 iterations.
    linmin: converged after 2 iterations.
    linmin: converged after 2 iterations.
    linmin: converged after 2 iterations.
    linmin: converged after 2 iterations.
    linmin: converged after 2 iterations.
Finished solving for bands 1 to 8 after 18 iterations.
tmfreqs:, 12, 0.4, 0.4, 0, 0.565685, 0.0716677, 0.0902734, 0.092615, 0.107944, 0.182225, 0.184777, 0.191297, 0.19495
elapsed time for k point: 0 seconds.
solve_kpoint (0.3,0.3,0):
Solving for bands 1 to 8...
    linmin: converged after 5 iterations.
    linmin: converged after 4 iterations.
    linmin: converged after 4 iterations.
    linmin: converged after 3 iterations.
    linmin: converged after 3 iterations.
    linmin: converged after 3 iterations.
    linmin: converged after 2 iterations.
    linmin: converged after 2 iterations.
Finished solving for bands 1 to 8 after 8 iterations.
tmfreqs:, 13, 0.3, 0.3, 0, 0.424264, 0.0538238, 0.0953387, 0.0978087, 0.125628, 0.166993, 0.170414, 0.185459, 0.189185
elapsed time for k point: 1 seconds.
solve_kpoint (0.2,0.2,0):
Solving for bands 1 to 8...
    linmin: converged after 6 iterations.
    linmin: converged after 4 iterations.
    linmin: converged after 2 iterations.
    linmin: converged after 2 iterations.
    linmin: converged after 2 iterations.
    linmin: converged after 2 iterations.
    linmin: converged after 2 iterations.
Finished solving for bands 1 to 8 after 7 iterations.
tmfreqs:, 14, 0.2, 0.2, 0, 0.282843, 0.0359026, 0.10323, 0.10582, 0.14311, 0.152281, 0.156226, 0.181165, 0.184781
elapsed time for k point: 0 seconds.
solve_kpoint (0.1,0.1,0):
Solving for bands 1 to 8...
    linmin: converged after 6 iterations.
    linmin: converged after 4 iterations.
    linmin: converged after 3 iterations.
    linmin: converged after 3 iterations.
    linmin: converged after 2 iterations.
    linmin: converged after 2 iterations.
    linmin: converged after 2 iterations.
    linmin: converged after 2 iterations.
Finished solving for bands 1 to 8 after 8 iterations.
tmfreqs:, 15, 0.1, 0.1, 0, 0.141421, 0.0179561, 0.113357, 0.115971, 0.138265, 0.141719, 0.16131, 0.178538, 0.181937
elapsed time for k point: 0 seconds.
solve_kpoint (0,0,0):
Solving for bands 2 to 8...
    linmin: converged after 3 iterations.
    linmin: converged after 3 iterations.
    linmin: converged after 5 iterations.
    linmin: converged after 3 iterations.
    linmin: converged after 3 iterations.
    linmin: converged after 3 iterations.
    linmin: converged after 2 iterations.
    linmin: converged after 2 iterations.
    linmin: converged after 2 iterations.
    linmin: converged after 2 iterations.
    linmin: converged after 2 iterations.
    linmin: converged after 2 iterations.
    linmin: converged after 2 iterations.
    linmin: converged after 2 iterations.
    linmin: converged after 2 iterations.
    linmin: converged after 2 iterations.
Finished solving for bands 2 to 8 after 16 iterations.
tmfreqs:, 16, 0, 0, 0, 0, 0, 0.125013, 0.125349, 0.125349, 0.131243, 0.176844, 0.177654, 0.177654
elapsed time for k point: 0 seconds.
Band 1 range: 0.0 at #(0.0 0.0 0.0) to 0.08839070703436754 at #(0.5 0.5 0.0)
Band 2 range: 0.06435522908299342 at #(0.5 0.0 0.0) to 0.12501338869494535 at #(0.0 0.0 0.0)
Band 3 range: 0.08852051718936427 at #(0.5 0.5 0.0) to 0.1397683074336371 at #(0.5 0.0 0.0)
Band 4 range: 0.09356270464121795 at #(0.5 0.5 0.0) to 0.1431104537418752 at #(0.2 0.2 0.0)
Band 5 range: 0.1312432748894415 at #(0.0 0.0 0.0) to 0.19764254874548426 at #(0.5 0.5 0.0)
Band 6 range: 0.14668912422441727 at #(0.5 0.0 0.0) to 0.1976449163776182 at #(0.5 0.5 0.0)
Band 7 range: 0.1648406184940895 at #(0.20000000000000004 0.0 0.0) to 0.19764493190572635 at #(0.5 0.5 0.0)
Band 8 range: 0.17765357660870648 at #(0.0 0.0 0.0) to 0.2155817048704821 at #(0.4 0.0 0.0)
total elapsed time for run: 2 seconds.
done.
