init-params: initializing eigensolver data
Computing 8 bands with 1.000000e-07 tolerance.
Working in 2 dimensions.
Grid size is 32 x 32 x 1.
Solving for 8 bands at a time.
Creating Maxwell data...
Mesh size is 3.
Lattice vectors:
     (1, 0, 0)
     (0, 1, 0)
     (0, 0, 1)
Cell volume = 1
Reciprocal lattice vectors (/ 2 pi):
     (1, -0, 0)
     (-0, 1, -0)
     (0, -0, 1)
Geometric objects:
     block, center = (0,0,0)
          size (100,100,0.75)
          axes (1,0,0), (0,1,0), (0,0,1)
          epsilon = 4.3246, mu = 1
     cylinder, center = (0,0,0)
          radius 0.5, height 0.75, axis (0, 0, 1)
          epsilon = 1, mu = 1
Geometric object tree has depth 3 and 52 object nodes (vs. 2 actual objects)
Initializing epsilon function...
Allocating fields...
16 k-points:
     (0,0,0)
     (0.1,0,0)
     (0.2,0,0)
     (0.3,0,0)
     (0.4,0,0)
     (0.5,0,0)
     (0.5,0.1,0)
     (0.5,0.2,0)
     (0.5,0.3,0)
     (0.5,0.4,0)
     (0.5,0.5,0)
     (0.4,0.4,0)
     (0.3,0.3,0)
     (0.2,0.2,0)
     (0.1,0.1,0)
     (0,0,0)
Solving for band polarization: te.
Initializing fields to random numbers...
elapsed time for initialization: 0 seconds.
epsilon: 1-4.3246, mean 1.71835, harm. mean 1.22183, 26.6602% > 1, 21.6073% "fill"
Outputting sq-slab-epsilon...
solve_kpoint (0,0,0):
tefreqs:, k index, k1, k2, k3, kmag/2pi, te band 1, te band 2, te band 3, te band 4, te band 5, te band 6, te band 7, te band 8
Solving for bands 2 to 8...
    linmin: converged after 8 iterations.
    linmin: converged after 6 iterations.
    linmin: converged after 5 iterations.
    linmin: converged after 4 iterations.
    linmin: converged after 4 iterations.
    linmin: converged after 4 iterations.
    linmin: converged after 4 iterations.
    linmin: converged after 4 iterations.
    linmin: converged after 4 iterations.
    linmin: converged after 4 iterations.
    linmin: converged after 3 iterations.
    linmin: converged after 6 iterations.
    linmin: converged after 5 iterations.
    linmin: converged after 4 iterations.
    linmin: converged after 3 iterations.
    linmin: converged after 2 iterations.
    linmin: converged after 2 iterations.
    linmin: converged after 2 iterations.
    linmin: converged after 2 iterations.
    linmin: converged after 2 iterations.
    linmin: converged after 2 iterations.
    linmin: converged after 2 iterations.
    linmin: converged after 2 iterations.
    linmin: converged after 2 iterations.
    linmin: converged after 2 iterations.
    linmin: converged after 2 iterations.
Finished solving for bands 2 to 8 after 26 iterations.
tefreqs:, 1, 0, 0, 0, 0, 0, 0.744489, 0.806286, 0.806287, 0.920346, 1.11583, 1.17687, 1.17687
elapsed time for k point: 0 seconds.
solve_kpoint (0.1,0,0):
Solving for bands 1 to 8...
    linmin: converged after 3 iterations.
    linmin: converged after 4 iterations.
    linmin: converged after 3 iterations.
    linmin: converged after 3 iterations.
    linmin: converged after 2 iterations.
    linmin: converged after 2 iterations.
    linmin: converged after 2 iterations.
    linmin: converged after 2 iterations.
    linmin: converged after 2 iterations.
    linmin: converged after 2 iterations.
    linmin: converged after 2 iterations.
Finished solving for bands 1 to 8 after 11 iterations.
tefreqs:, 2, 0.1, 0, 0, 0.1, 0.0851389, 0.719094, 0.803934, 0.810294, 0.94766, 1.08659, 1.13359, 1.20669
elapsed time for k point: 0 seconds.
solve_kpoint (0.2,0,0):
Solving for bands 1 to 8...
    linmin: converged after 4 iterations.
    linmin: converged after 4 iterations.
    linmin: converged after 2 iterations.
    linmin: converged after 2 iterations.
    linmin: converged after 2 iterations.
    linmin: converged after 2 iterations.
    linmin: converged after 2 iterations.
Finished solving for bands 1 to 8 after 7 iterations.
tefreqs:, 3, 0.2, 0, 0, 0.2, 0.169759, 0.660281, 0.806361, 0.822065, 1.00242, 1.04102, 1.09051, 1.25356
elapsed time for k point: 0 seconds.
solve_kpoint (0.3,0,0):
Solving for bands 1 to 8...
    linmin: converged after 4 iterations.
    linmin: converged after 4 iterations.
    linmin: converged after 2 iterations.
    linmin: converged after 2 iterations.
    linmin: converged after 2 iterations.
    linmin: converged after 2 iterations.
    linmin: converged after 2 iterations.
Finished solving for bands 1 to 8 after 7 iterations.
tefreqs:, 4, 0.3, 0, 0, 0.3, 0.253022, 0.589605, 0.812759, 0.840686, 0.996523, 1.05218, 1.06707, 1.29863
elapsed time for k point: 0 seconds.
solve_kpoint (0.4,0,0):
Solving for bands 1 to 8...
    linmin: converged after 3 iterations.
    linmin: converged after 4 iterations.
    linmin: converged after 4 iterations.
    linmin: converged after 2 iterations.
    linmin: converged after 2 iterations.
    linmin: converged after 2 iterations.
    linmin: converged after 2 iterations.
    linmin: converged after 2 iterations.
Finished solving for bands 1 to 8 after 8 iterations.
tefreqs:, 5, 0.4, 0, 0, 0.4, 0.332282, 0.516633, 0.819132, 0.863493, 0.957852, 1.03159, 1.12596, 1.3341
elapsed time for k point: 0 seconds.
solve_kpoint (0.5,0,0):
Solving for bands 1 to 8...
    linmin: converged after 3 iterations.
    linmin: converged after 4 iterations.
    linmin: converged after 4 iterations.
    linmin: converged after 4 iterations.
    linmin: converged after 3 iterations.
    linmin: converged after 4 iterations.
    linmin: converged after 6 iterations.
    linmin: converged after 4 iterations.
    linmin: converged after 7 iterations.
    linmin: converged after 9 iterations.
    linmin: converged after 8 iterations.
    linmin: converged after 8 iterations.
    linmin: converged after 5 iterations.
    linmin: converged after 4 iterations.
    linmin: converged after 3 iterations.
    linmin: converged after 2 iterations.
    linmin: converged after 2 iterations.
    linmin: converged after 2 iterations.
    linmin: converged after 2 iterations.
    linmin: converged after 2 iterations.
Finished solving for bands 1 to 8 after 20 iterations.
tefreqs:, 6, 0.5, 0, 0, 0.5, 0.383075, 0.467788, 0.821834, 0.878094, 0.937925, 1.02338, 1.17624, 1.20104
elapsed time for k point: 0 seconds.
solve_kpoint (0.5,0.1,0):
Solving for bands 1 to 8...
    linmin: converged after 4 iterations.
    linmin: converged after 4 iterations.
    linmin: converged after 4 iterations.
    linmin: converged after 4 iterations.
    linmin: converged after 2 iterations.
    linmin: converged after 2 iterations.
    linmin: converged after 2 iterations.
    linmin: converged after 2 iterations.
Finished solving for bands 1 to 8 after 8 iterations.
tefreqs:, 7, 0.5, 0.1, 0, 0.509902, 0.393997, 0.473573, 0.789467, 0.892783, 0.909895, 1.06232, 1.18304, 1.20028
elapsed time for k point: 0 seconds.
solve_kpoint (0.5,0.2,0):
Solving for bands 1 to 8...
    linmin: converged after 4 iterations.
    linmin: converged after 4 iterations.
    linmin: converged after 4 iterations.
    linmin: converged after 4 iterations.
    linmin: converged after 2 iterations.
    linmin: converged after 2 iterations.
    linmin: converged after 2 iterations.
    linmin: converged after 2 iterations.
    linmin: converged after 2 iterations.
Finished solving for bands 1 to 8 after 9 iterations.
tefreqs:, 8, 0.5, 0.2, 0, 0.538516, 0.425041, 0.490463, 0.739543, 0.820016, 0.958009, 1.1098, 1.19626, 1.20905
elapsed time for k point: 1 seconds.
solve_kpoint (0.5,0.3,0):
Solving for bands 1 to 8...
    linmin: converged after 3 iterations.
    linmin: converged after 4 iterations.
    linmin: converged after 4 iterations.
    linmin: converged after 4 iterations.
    linmin: converged after 2 iterations.
    linmin: converged after 2 iterations.
    linmin: converged after 2 iterations.
    linmin: converged after 2 iterations.
    linmin: converged after 2 iterations.
    linmin: converged after 2 iterations.
Finished solving for bands 1 to 8 after 10 iterations.
tefreqs:, 9, 0.5, 0.3, 0, 0.583095, 0.472133, 0.517216, 0.688702, 0.744267, 1.00521, 1.13496, 1.18428, 1.25567
elapsed time for k point: 0 seconds.
solve_kpoint (0.5,0.4,0):
Solving for bands 1 to 8...
    linmin: converged after 3 iterations.
    linmin: converged after 4 iterations.
    linmin: converged after 4 iterations.
    linmin: converged after 4 iterations.
    linmin: converged after 2 iterations.
    linmin: converged after 2 iterations.
    linmin: converged after 2 iterations.
    linmin: converged after 2 iterations.
    linmin: converged after 2 iterations.
    linmin: converged after 2 iterations.
Finished solving for bands 1 to 8 after 10 iterations.
tefreqs:, 10, 0.5, 0.4, 0, 0.640312, 0.5308, 0.552147, 0.639497, 0.669493, 1.04626, 1.14573, 1.16321, 1.29565
elapsed time for k point: 0 seconds.
solve_kpoint (0.5,0.5,0):
Solving for bands 1 to 8...
    linmin: converged after 3 iterations.
    linmin: converged after 4 iterations.
    linmin: converged after 4 iterations.
    linmin: converged after 4 iterations.
    linmin: converged after 2 iterations.
    linmin: converged after 2 iterations.
    linmin: converged after 2 iterations.
    linmin: converged after 2 iterations.
    linmin: converged after 2 iterations.
    linmin: converged after 1 iterations.
Finished solving for bands 1 to 8 after 10 iterations.
tefreqs:, 11, 0.5, 0.5, 0, 0.707107, 0.593453, 0.593456, 0.593486, 0.60168, 1.06656, 1.14893, 1.14896, 1.30697
elapsed time for k point: 0 seconds.
Fixing e-field (band 1) phase by -1 + 2.14871e-06i; max ampl. = 1.07841
Outputting fields to sq-slab-e.k11.b01.x.te...
Fixing e-field (band 2) phase by 2.14871e-06 + 1i; max ampl. = 1.01508
Outputting fields to sq-slab-e.k11.b02.x.te...
Fixing e-field (band 3) phase by 1 + -2.14871e-06i; max ampl. = 1.01253
Outputting fields to sq-slab-e.k11.b03.x.te...
Fixing e-field (band 4) phase by 1 + -2.14871e-06i; max ampl. = 2.48234
Outputting fields to sq-slab-e.k11.b04.x.te...
Fixing e-field (band 5) phase by 1 + -2.1468e-06i; max ampl. = 1.1996
Outputting fields to sq-slab-e.k11.b05.x.te...
Fixing e-field (band 6) phase by -2.14868e-06 + -1i; max ampl. = 1.37365
Outputting fields to sq-slab-e.k11.b06.x.te...
Fixing e-field (band 7) phase by 1 + -2.14873e-06i; max ampl. = 1.37881
Outputting fields to sq-slab-e.k11.b07.x.te...
Fixing e-field (band 8) phase by -2.14871e-06 + -1i; max ampl. = 1.05137
Outputting fields to sq-slab-e.k11.b08.x.te...
solve_kpoint (0.4,0.4,0):
Solving for bands 1 to 8...
    linmin: converged after 3 iterations.
    linmin: converged after 4 iterations.
    linmin: converged after 4 iterations.
    linmin: converged after 4 iterations.
    linmin: converged after 2 iterations.
    linmin: converged after 2 iterations.
    linmin: converged after 2 iterations.
    linmin: converged after 2 iterations.
Finished solving for bands 1 to 8 after 8 iterations.
tefreqs:, 12, 0.4, 0.4, 0, 0.565685, 0.478926, 0.604154, 0.606349, 0.711917, 1.03199, 1.13589, 1.17741, 1.29412
elapsed time for k point: 0 seconds.
solve_kpoint (0.3,0.3,0):
Solving for bands 1 to 8...
    linmin: converged after 4 iterations.
    linmin: converged after 4 iterations.
    linmin: converged after 4 iterations.
    linmin: converged after 4 iterations.
    linmin: converged after 2 iterations.
    linmin: converged after 2 iterations.
    linmin: converged after 2 iterations.
    linmin: converged after 3 iterations.
    linmin: converged after 7 iterations.
    linmin: converged after 3 iterations.
    linmin: converged after 3 iterations.
    linmin: converged after 3 iterations.
    linmin: converged after 3 iterations.
    linmin: converged after 3 iterations.
    linmin: converged after 3 iterations.
    linmin: converged after 3 iterations.
    linmin: converged after 3 iterations.
    linmin: converged after 3 iterations.
    linmin: converged after 3 iterations.
    linmin: converged after 4 iterations.
    linmin: converged after 4 iterations.
    linmin: converged after 4 iterations.
    linmin: converged after 4 iterations.
    linmin: converged after 4 iterations.
    linmin: converged after 3 iterations.
    linmin: converged after 3 iterations.
    linmin: converged after 3 iterations.
    linmin: converged after 3 iterations.
    linmin: converged after 3 iterations.
    linmin: converged after 3 iterations.
    linmin: converged after 3 iterations.
    linmin: converged after 3 iterations.
    linmin: converged after 3 iterations.
    linmin: converged after 3 iterations.
    linmin: converged after 3 iterations.
    linmin: converged after 3 iterations.
    linmin: converged after 3 iterations.
    linmin: converged after 3 iterations.
    linmin: converged after 3 iterations.
    linmin: converged after 3 iterations.
    linmin: converged after 3 iterations.
    linmin: converged after 3 iterations.
    linmin: converged after 3 iterations.
    linmin: converged after 3 iterations.
    linmin: converged after 3 iterations.
    linmin: converged after 3 iterations.
    linmin: converged after 3 iterations.
    linmin: converged after 3 iterations.
    linmin: converged after 3 iterations.
    linmin: converged after 3 iterations.
    linmin: converged after 3 iterations.
    linmin: converged after 3 iterations.
    linmin: converged after 3 iterations.
    linmin: converged after 3 iterations.
    linmin: converged after 3 iterations.
    linmin: converged after 3 iterations.
    linmin: converged after 3 iterations.
    linmin: converged after 3 iterations.
    linmin: converged after 3 iterations.
    linmin: converged after 3 iterations.
    linmin: converged after 3 iterations.
    linmin: converged after 3 iterations.
    linmin: converged after 3 iterations.
    linmin: converged after 3 iterations.
    linmin: converged after 3 iterations.
    linmin: converged after 3 iterations.
    linmin: converged after 3 iterations.
    linmin: converged after 3 iterations.
    linmin: converged after 3 iterations.
    linmin: converged after 4 iterations.
    linmin: converged after 4 iterations.
    linmin: converged after 4 iterations.
    linmin: converged after 2 iterations.
    linmin: converged after 2 iterations.
    linmin: converged after 2 iterations.
    linmin: converged after 2 iterations.
    linmin: converged after 2 iterations.
    linmin: converged after 2 iterations.
    linmin: converged after 2 iterations.
    linmin: converged after 2 iterations.
    linmin: converged after 2 iterations.
Finished solving for bands 1 to 8 after 81 iterations.
tefreqs:, 13, 0.3, 0.3, 0, 0.424264, 0.36026, 0.628283, 0.64311, 0.823219, 0.975642, 1.09884, 1.19525, 1.24835
elapsed time for k point: 0 seconds.
solve_kpoint (0.2,0.2,0):
Solving for bands 1 to 8...
    linmin: converged after 4 iterations.
    linmin: converged after 4 iterations.
    linmin: converged after 4 iterations.
    linmin: converged after 2 iterations.
    linmin: converged after 2 iterations.
    linmin: converged after 2 iterations.
    linmin: converged after 2 iterations.
    linmin: converged after 2 iterations.
    linmin: converged after 2 iterations.
Finished solving for bands 1 to 8 after 9 iterations.
tefreqs:, 14, 0.2, 0.2, 0, 0.282843, 0.240657, 0.665551, 0.698524, 0.890823, 0.957295, 1.03878, 1.17783, 1.20747
elapsed time for k point: 0 seconds.
solve_kpoint (0.1,0.1,0):
Solving for bands 1 to 8...
    linmin: converged after 3 iterations.
    linmin: converged after 3 iterations.
    linmin: converged after 3 iterations.
    linmin: converged after 2 iterations.
    linmin: converged after 2 iterations.
    linmin: converged after 2 iterations.
    linmin: converged after 2 iterations.
    linmin: converged after 2 iterations.
    linmin: converged after 2 iterations.
Finished solving for bands 1 to 8 after 9 iterations.
tefreqs:, 15, 0.1, 0.1, 0, 0.141421, 0.12047, 0.711203, 0.763617, 0.843139, 0.966311, 1.05095, 1.1618, 1.18404
elapsed time for k point: 0 seconds.
solve_kpoint (0,0,0):
Solving for bands 2 to 8...
    linmin: converged after 4 iterations.
    linmin: converged after 4 iterations.
    linmin: converged after 4 iterations.
    linmin: converged after 4 iterations.
    linmin: converged after 4 iterations.
    linmin: converged after 4 iterations.
    linmin: converged after 3 iterations.
    linmin: converged after 4 iterations.
    linmin: converged after 3 iterations.
    linmin: converged after 3 iterations.
    linmin: converged after 2 iterations.
    linmin: converged after 2 iterations.
    linmin: converged after 2 iterations.
    linmin: converged after 2 iterations.
Finished solving for bands 2 to 8 after 14 iterations.
tefreqs:, 16, 0, 0, 0, 0, 0, 0.744489, 0.806286, 0.806287, 0.920346, 1.11583, 1.17687, 1.17687
elapsed time for k point: 1 seconds.
Band 1 range: 0.0 at #(0.0 0.0 0.0) to 0.5934532402390713 at #(0.5 0.5 0.0)
Band 2 range: 0.4677884094723571 at #(0.5 0.0 0.0) to 0.7444890413986442 at #(0.0 0.0 0.0)
Band 3 range: 0.5934855978826347 at #(0.5 0.5 0.0) to 0.8218340053689417 at #(0.5 0.0 0.0)
Band 4 range: 0.6016798045599054 at #(0.5 0.5 0.0) to 0.8927831306457961 at #(0.5 0.10000000000000003 0.0)
Band 5 range: 0.9098953937105976 at #(0.5 0.10000000000000003 0.0) to 1.0665642182444683 at #(0.5 0.5 0.0)
Band 6 range: 1.0233833057399127 at #(0.5 0.0 0.0) to 1.1489312974599621 at #(0.5 0.5 0.0)
Band 7 range: 1.067072395687422 at #(0.30000000000000004 0.0 0.0) to 1.1962604426809207 at #(0.5 0.20000000000000004 0.0)
Band 8 range: 1.1768716213688177 at #(0.0 0.0 0.0) to 1.3341028085908255 at #(0.4 0.0 0.0)
Gap from band 4 (0.8927831306457961) to band 5 (0.9098953937105976), 1.8985374079286896%
total elapsed time for run: 2 seconds.
done.
init-params: initializing eigensolver data
Computing 8 bands with 1.000000e-07 tolerance.
Working in 2 dimensions.
Grid size is 32 x 32 x 1.
Solving for 8 bands at a time.
Creating Maxwell data...
Mesh size is 3.
Lattice vectors:
     (1, 0, 0)
     (0, 1, 0)
     (0, 0, 1)
Cell volume = 1
Reciprocal lattice vectors (/ 2 pi):
     (1, -0, 0)
     (-0, 1, -0)
     (0, -0, 1)
Geometric objects:
     block, center = (0,0,0)
          size (100,100,0.75)
          axes (1,0,0), (0,1,0), (0,0,1)
          epsilon = 4.3246, mu = 1
     cylinder, center = (0,0,0)
          radius 0.5, height 0.75, axis (0, 0, 1)
          epsilon = 1, mu = 1
Geometric object tree has depth 3 and 52 object nodes (vs. 2 actual objects)
Initializing epsilon function...
16 k-points:
     (0,0,0)
     (0.1,0,0)
     (0.2,0,0)
     (0.3,0,0)
     (0.4,0,0)
     (0.5,0,0)
     (0.5,0.1,0)
     (0.5,0.2,0)
     (0.5,0.3,0)
     (0.5,0.4,0)
     (0.5,0.5,0)
     (0.4,0.4,0)
     (0.3,0.3,0)
     (0.2,0.2,0)
     (0.1,0.1,0)
     (0,0,0)
Solving for band polarization: tm.
Initializing fields to random numbers...
elapsed time for initialization: 0 seconds.
epsilon: 1-4.3246, mean 1.71835, harm. mean 1.22183, 26.6602% > 1, 21.6073% "fill"
Outputting sq-slab-epsilon...
solve_kpoint (0,0,0):
tmfreqs:, k index, k1, k2, k3, kmag/2pi, tm band 1, tm band 2, tm band 3, tm band 4, tm band 5, tm band 6, tm band 7, tm band 8
Solving for bands 2 to 8...
    linmin: converged after 7 iterations.
    linmin: converged after 6 iterations.
    linmin: converged after 5 iterations.
    linmin: converged after 5 iterations.
    linmin: converged after 4 iterations.
    linmin: converged after 4 iterations.
    linmin: converged after 4 iterations.
    linmin: converged after 4 iterations.
    linmin: converged after 3 iterations.
    linmin: converged after 3 iterations.
    linmin: converged after 4 iterations.
    linmin: converged after 4 iterations.
    linmin: converged after 4 iterations.
    linmin: converged after 4 iterations.
    linmin: converged after 2 iterations.
    linmin: converged after 2 iterations.
    linmin: converged after 2 iterations.
    linmin: converged after 2 iterations.
Finished solving for bands 2 to 8 after 18 iterations.
tmfreqs:, 1, 0, 0, 0, 0, 0, 0.684983, 0.715215, 0.715215, 0.806459, 1.11812, 1.17076, 1.18228
elapsed time for k point: 0 seconds.
solve_kpoint (0.1,0,0):
Solving for bands 1 to 8...
    linmin: converged after 4 iterations.
    linmin: converged after 4 iterations.
    linmin: converged after 3 iterations.
    linmin: converged after 4 iterations.
    linmin: converged after 4 iterations.
    linmin: converged after 4 iterations.
    linmin: converged after 4 iterations.
    linmin: converged after 3 iterations.
    linmin: converged after 4 iterations.
    linmin: converged after 4 iterations.
    linmin: converged after 4 iterations.
    linmin: converged after 4 iterations.
    linmin: converged after 4 iterations.
    linmin: converged after 2 iterations.
    linmin: converged after 2 iterations.
    linmin: converged after 2 iterations.
    linmin: converged after 2 iterations.
    linmin: converged after 2 iterations.
Finished solving for bands 1 to 8 after 18 iterations.
tmfreqs:, 2, 0.1, 0, 0, 0.1, 0.0761441, 0.649389, 0.716642, 0.734175, 0.823134, 1.08651, 1.13614, 1.21345
elapsed time for k point: 0 seconds.
solve_kpoint (0.2,0,0):
Solving for bands 1 to 8...
    linmin: converged after 4 iterations.
    linmin: converged after 4 iterations.
    linmin: converged after 4 iterations.
    linmin: converged after 4 iterations.
    linmin: converged after 4 iterations.
    linmin: converged after 3 iterations.
    linmin: converged after 4 iterations.
    linmin: converged after 2 iterations.
    linmin: converged after 2 iterations.
    linmin: converged after 2 iterations.
    linmin: converged after 2 iterations.
    linmin: converged after 2 iterations.
    linmin: converged after 2 iterations.
Finished solving for bands 1 to 8 after 13 iterations.
tmfreqs:, 3, 0.2, 0, 0, 0.2, 0.151365, 0.593289, 0.720476, 0.752952, 0.858753, 1.04202, 1.10146, 1.22274
elapsed time for k point: 0 seconds.
solve_kpoint (0.3,0,0):
Solving for bands 1 to 8...
    linmin: converged after 4 iterations.
    linmin: converged after 4 iterations.
    linmin: converged after 4 iterations.
    linmin: converged after 2 iterations.
    linmin: converged after 2 iterations.
    linmin: converged after 2 iterations.
    linmin: converged after 2 iterations.
Finished solving for bands 1 to 8 after 7 iterations.
tmfreqs:, 4, 0.3, 0, 0, 0.3, 0.224204, 0.532496, 0.725433, 0.771332, 0.889498, 1.0117, 1.07392, 1.18157
elapsed time for k point: 0 seconds.
solve_kpoint (0.4,0,0):
Solving for bands 1 to 8...
    linmin: converged after 4 iterations.
    linmin: converged after 4 iterations.
    linmin: converged after 4 iterations.
    linmin: converged after 2 iterations.
    linmin: converged after 2 iterations.
    linmin: converged after 2 iterations.
Finished solving for bands 1 to 8 after 6 iterations.
tmfreqs:, 5, 0.4, 0, 0, 0.4, 0.290421, 0.473193, 0.729644, 0.789151, 0.895825, 1.01154, 1.05598, 1.14204
elapsed time for k point: 0 seconds.
solve_kpoint (0.5,0,0):
Solving for bands 1 to 8...
    linmin: converged after 4 iterations.
    linmin: converged after 4 iterations.
    linmin: converged after 2 iterations.
    linmin: converged after 2 iterations.
    linmin: converged after 2 iterations.
    linmin: converged after 2 iterations.
Finished solving for bands 1 to 8 after 6 iterations.
tmfreqs:, 6, 0.5, 0, 0, 0.5, 0.326728, 0.439157, 0.731304, 0.797854, 0.891124, 1.02165, 1.04972, 1.12259
elapsed time for k point: 0 seconds.
solve_kpoint (0.5,0.1,0):
Solving for bands 1 to 8...
    linmin: converged after 4 iterations.
    linmin: converged after 4 iterations.
    linmin: converged after 2 iterations.
    linmin: converged after 2 iterations.
    linmin: converged after 2 iterations.
    linmin: converged after 2 iterations.
Finished solving for bands 1 to 8 after 6 iterations.
tmfreqs:, 7, 0.5, 0.1, 0, 0.509902, 0.332456, 0.447262, 0.702003, 0.828304, 0.871751, 1.02214, 1.04865, 1.14149
elapsed time for k point: 0 seconds.
solve_kpoint (0.5,0.2,0):
Solving for bands 1 to 8...
    linmin: converged after 4 iterations.
    linmin: converged after 4 iterations.
    linmin: converged after 4 iterations.
    linmin: converged after 2 iterations.
    linmin: converged after 2 iterations.
    linmin: converged after 2 iterations.
Finished solving for bands 1 to 8 after 6 iterations.
tmfreqs:, 8, 0.5, 0.2, 0, 0.538516, 0.348488, 0.470254, 0.655656, 0.826195, 0.878441, 1.02356, 1.04817, 1.1818
elapsed time for k point: 0 seconds.
solve_kpoint (0.5,0.3,0):
Solving for bands 1 to 8...
    linmin: converged after 4 iterations.
    linmin: converged after 4 iterations.
    linmin: converged after 4 iterations.
    linmin: converged after 4 iterations.
    linmin: converged after 2 iterations.
    linmin: converged after 2 iterations.
    linmin: converged after 2 iterations.
Finished solving for bands 1 to 8 after 7 iterations.
tmfreqs:, 9, 0.5, 0.3, 0, 0.583095, 0.371337, 0.504223, 0.611166, 0.772011, 0.930505, 1.02601, 1.0489, 1.22216
elapsed time for k point: 0 seconds.
solve_kpoint (0.5,0.4,0):
Solving for bands 1 to 8...
    linmin: converged after 4 iterations.
    linmin: converged after 4 iterations.
    linmin: converged after 4 iterations.
    linmin: converged after 4 iterations.
    linmin: converged after 2 iterations.
    linmin: converged after 2 iterations.
    linmin: converged after 2 iterations.
    linmin: converged after 2 iterations.
    linmin: converged after 2 iterations.
Finished solving for bands 1 to 8 after 9 iterations.
tmfreqs:, 10, 0.5, 0.4, 0, 0.640312, 0.394241, 0.541253, 0.575762, 0.722164, 0.978288, 1.03194, 1.04984, 1.24883
elapsed time for k point: 0 seconds.
solve_kpoint (0.5,0.5,0):
Solving for bands 1 to 8...
    linmin: converged after 4 iterations.
    linmin: converged after 4 iterations.
    linmin: converged after 4 iterations.
    linmin: converged after 4 iterations.
    linmin: converged after 4 iterations.
    linmin: converged after 6 iterations.
    linmin: converged after 11 iterations.
    linmin: converged after 8 iterations.
    linmin: converged after 7 iterations.
    linmin: converged after 8 iterations.
    linmin: converged after 11 iterations.
    linmin: converged after 12 iterations.
    linmin: converged after 6 iterations.
    linmin: converged after 6 iterations.
    linmin: converged after 3 iterations.
    linmin: converged after 2 iterations.
    linmin: converged after 2 iterations.
    linmin: converged after 2 iterations.
    linmin: converged after 2 iterations.
Finished solving for bands 1 to 8 after 19 iterations.
tmfreqs:, 11, 0.5, 0.5, 0, 0.707107, 0.40494, 0.561003, 0.561003, 0.6981, 1.00039, 1.05025, 1.05025, 1.06992
elapsed time for k point: 0 seconds.
Fixing e-field (band 1) phase by -1 + 7.38523e-06i; max ampl. = 1.27733
Outputting fields to sq-slab-e.k11.b01.z.tm...
Fixing e-field (band 2) phase by 1 + -7.38523e-06i; max ampl. = 1.42488
Outputting fields to sq-slab-e.k11.b02.z.tm...
Fixing e-field (band 3) phase by -1 + 7.39707e-06i; max ampl. = 1.42484
Outputting fields to sq-slab-e.k11.b03.z.tm...
Fixing e-field (band 4) phase by -1 + 7.4239e-06i; max ampl. = 1.93934
Outputting fields to sq-slab-e.k11.b04.z.tm...
Fixing e-field (band 5) phase by 7.38523e-06 + 1i; max ampl. = 1.18732
Outputting fields to sq-slab-e.k11.b05.z.tm...
Fixing e-field (band 6) phase by 1 + -7.42439e-06i; max ampl. = 1.72853
Outputting fields to sq-slab-e.k11.b06.z.tm...
Fixing e-field (band 7) phase by 1 + -7.38513e-06i; max ampl. = 1.72857
Outputting fields to sq-slab-e.k11.b07.z.tm...
Fixing e-field (band 8) phase by 1 + -7.38527e-06i; max ampl. = 1.99317
Outputting fields to sq-slab-e.k11.b08.z.tm...
solve_kpoint (0.4,0.4,0):
Solving for bands 1 to 8...
    linmin: converged after 4 iterations.
    linmin: converged after 4 iterations.
    linmin: converged after 4 iterations.
    linmin: converged after 4 iterations.
    linmin: converged after 2 iterations.
    linmin: converged after 2 iterations.
    linmin: converged after 2 iterations.
Finished solving for bands 1 to 8 after 7 iterations.
tmfreqs:, 12, 0.4, 0.4, 0, 0.565685, 0.379999, 0.547967, 0.570933, 0.742222, 0.971979, 0.995984, 1.07932, 1.12164
elapsed time for k point: 0 seconds.
solve_kpoint (0.3,0.3,0):
Solving for bands 1 to 8...
    linmin: converged after 4 iterations.
    linmin: converged after 4 iterations.
    linmin: converged after 4 iterations.
    linmin: converged after 4 iterations.
    linmin: converged after 4 iterations.
    linmin: converged after 2 iterations.
    linmin: converged after 2 iterations.
    linmin: converged after 2 iterations.
    linmin: converged after 1 iterations.
Finished solving for bands 1 to 8 after 9 iterations.
tmfreqs:, 13, 0.3, 0.3, 0, 0.424264, 0.308121, 0.555079, 0.599025, 0.815512, 0.927738, 0.943547, 1.12418, 1.16608
elapsed time for k point: 0 seconds.
solve_kpoint (0.2,0.2,0):
Solving for bands 1 to 8...
    linmin: converged after 4 iterations.
    linmin: converged after 4 iterations.
    linmin: converged after 4 iterations.
    linmin: converged after 4 iterations.
    linmin: converged after 4 iterations.
    linmin: converged after 2 iterations.
    linmin: converged after 2 iterations.
    linmin: converged after 2 iterations.
    linmin: converged after 2 iterations.
Finished solving for bands 1 to 8 after 9 iterations.
tmfreqs:, 14, 0.2, 0.2, 0, 0.282843, 0.212093, 0.589422, 0.640546, 0.820987, 0.88072, 0.967334, 1.1657, 1.16804
elapsed time for k point: 0 seconds.
solve_kpoint (0.1,0.1,0):
Solving for bands 1 to 8...
    linmin: converged after 4 iterations.
    linmin: converged after 3 iterations.
    linmin: converged after 4 iterations.
    linmin: converged after 3 iterations.
    linmin: converged after 4 iterations.
    linmin: converged after 2 iterations.
    linmin: converged after 2 iterations.
    linmin: converged after 2 iterations.
    linmin: converged after 2 iterations.
    linmin: converged after 2 iterations.
Finished solving for bands 1 to 8 after 10 iterations.
tmfreqs:, 15, 0.1, 0.1, 0, 0.141421, 0.107476, 0.63892, 0.687219, 0.765039, 0.833921, 1.05406, 1.15816, 1.18349
elapsed time for k point: 0 seconds.
solve_kpoint (0,0,0):
Solving for bands 2 to 8...
    linmin: converged after 4 iterations.
    linmin: converged after 4 iterations.
    linmin: converged after 4 iterations.
    linmin: converged after 4 iterations.
    linmin: converged after 4 iterations.
    linmin: converged after 4 iterations.
    linmin: converged after 4 iterations.
    linmin: converged after 4 iterations.
    linmin: converged after 4 iterations.
    linmin: converged after 4 iterations.
    linmin: converged after 4 iterations.
    linmin: converged after 2 iterations.
    linmin: converged after 2 iterations.
    linmin: converged after 2 iterations.
Finished solving for bands 2 to 8 after 14 iterations.
tmfreqs:, 16, 0, 0, 0, 0, 0, 0.684983, 0.715215, 0.715215, 0.806459, 1.11812, 1.17076, 1.18228
elapsed time for k point: 1 seconds.
Band 1 range: 0.0 at #(0.0 0.0 0.0) to 0.4049396364830542 at #(0.5 0.5 0.0)
Band 2 range: 0.43915693225945096 at #(0.5 0.0 0.0) to 0.6849833638170562 at #(0.0 0.0 0.0)
Band 3 range: 0.5610033140618655 at #(0.5 0.5 0.0) to 0.7313043576082803 at #(0.5 0.0 0.0)
Band 4 range: 0.698099526929606 at #(0.5 0.5 0.0) to 0.8283040490970724 at #(0.5 0.10000000000000003 0.0)
Band 5 range: 0.8064594784945428 at #(0.0 0.0 0.0) to 1.0003885682469982 at #(0.5 0.5 0.0)
Band 6 range: 0.9435471852384224 at #(0.30000000000000004 0.30000000000000004 0.0) to 1.1181223834324587 at #(0.0 0.0 0.0)
Band 7 range: 1.048170859473461 at #(0.5 0.20000000000000004 0.0) to 1.1707616808513825 at #(0.0 0.0 0.0)
Band 8 range: 1.0699233246777375 at #(0.5 0.5 0.0) to 1.2488304983017608 at #(0.5 0.4 0.0)
Gap from band 1 (0.4049396364830542) to band 2 (0.43915693225945096), 8.107436291885906%
total elapsed time for run: 1 seconds.
done.
