init-params: initializing eigensolver data
Computing 8 bands with 1.000000e-07 tolerance.
Working in 2 dimensions.
Grid size is 32 x 32 x 1.
Solving for 8 bands at a time.
Creating Maxwell data...
Mesh size is 3.
Lattice vectors:
     (1, 0, 0)
     (0, 1, 0)
     (0, 0, 1)
Cell volume = 1
Reciprocal lattice vectors (/ 2 pi):
     (1, -0, 0)
     (-0, 1, -0)
     (0, -0, 1)
Geometric objects:
     block, center = (0,0,0)
          size (100,100,0.75)
          axes (1,0,0), (0,1,0), (0,0,1)
          epsilon = 4.3246, mu = 1
     cylinder, center = (0,0,0)
          radius 0.509155, height 0.75, axis (0, 0, 1)
          epsilon = 1, mu = 1
Geometric object tree has depth 3 and 52 object nodes (vs. 2 actual objects)
Initializing epsilon function...
Allocating fields...
16 k-points:
     (0,0,0)
     (0.1,0,0)
     (0.2,0,0)
     (0.3,0,0)
     (0.4,0,0)
     (0.5,0,0)
     (0.5,0.1,0)
     (0.5,0.2,0)
     (0.5,0.3,0)
     (0.5,0.4,0)
     (0.5,0.5,0)
     (0.4,0.4,0)
     (0.3,0.3,0)
     (0.2,0.2,0)
     (0.1,0.1,0)
     (0,0,0)
Solving for band polarization: te.
Initializing fields to random numbers...
elapsed time for initialization: 0 seconds.
epsilon: 1-4.3246, mean 1.63215, harm. mean 1.18735, 24.3164% > 1, 19.0143% "fill"
Outputting sq-slab-epsilon...
solve_kpoint (0,0,0):
tefreqs:, k index, k1, k2, k3, kmag/2pi, te band 1, te band 2, te band 3, te band 4, te band 5, te band 6, te band 7, te band 8
Solving for bands 2 to 8...
    linmin: converged after 8 iterations.
    linmin: converged after 6 iterations.
    linmin: converged after 5 iterations.
    linmin: converged after 4 iterations.
    linmin: converged after 4 iterations.
    linmin: converged after 4 iterations.
    linmin: converged after 4 iterations.
    linmin: converged after 4 iterations.
    linmin: converged after 4 iterations.
    linmin: converged after 4 iterations.
    linmin: converged after 4 iterations.
    linmin: converged after 4 iterations.
    linmin: converged after 4 iterations.
    linmin: converged after 4 iterations.
    linmin: converged after 2 iterations.
    linmin: converged after 2 iterations.
    linmin: converged after 2 iterations.
Finished solving for bands 2 to 8 after 17 iterations.
tefreqs:, 1, 0, 0, 0, 0, 0, 0.765427, 0.828386, 0.828387, 0.931195, 1.14145, 1.19443, 1.21308
elapsed time for k point: 0 seconds.
solve_kpoint (0.1,0,0):
Solving for bands 1 to 8...
    linmin: converged after 3 iterations.
    linmin: converged after 4 iterations.
    linmin: converged after 3 iterations.
    linmin: converged after 3 iterations.
    linmin: converged after 4 iterations.
    linmin: converged after 4 iterations.
    linmin: converged after 4 iterations.
    linmin: converged after 4 iterations.
    linmin: converged after 4 iterations.
    linmin: converged after 4 iterations.
    linmin: converged after 4 iterations.
    linmin: converged after 2 iterations.
    linmin: converged after 2 iterations.
    linmin: converged after 2 iterations.
    linmin: converged after 2 iterations.
    linmin: converged after 2 iterations.
Finished solving for bands 1 to 8 after 16 iterations.
tefreqs:, 2, 0.1, 0, 0, 0.1, 0.0873661, 0.739271, 0.822888, 0.83236, 0.962499, 1.11441, 1.1516, 1.24063
elapsed time for k point: 0 seconds.
solve_kpoint (0.2,0,0):
Solving for bands 1 to 8...
    linmin: converged after 4 iterations.
    linmin: converged after 4 iterations.
    linmin: converged after 2 iterations.
    linmin: converged after 2 iterations.
    linmin: converged after 2 iterations.
    linmin: converged after 2 iterations.
    linmin: converged after 2 iterations.
Finished solving for bands 1 to 8 after 7 iterations.
tefreqs:, 3, 0.2, 0, 0, 0.2, 0.174282, 0.677554, 0.823989, 0.843977, 1.02175, 1.06984, 1.10737, 1.28639
elapsed time for k point: 0 seconds.
solve_kpoint (0.3,0,0):
Solving for bands 1 to 8...
    linmin: converged after 4 iterations.
    linmin: converged after 4 iterations.
    linmin: converged after 2 iterations.
    linmin: converged after 2 iterations.
    linmin: converged after 2 iterations.
    linmin: converged after 2 iterations.
    linmin: converged after 2 iterations.
    linmin: converged after 2 iterations.
Finished solving for bands 1 to 8 after 8 iterations.
tefreqs:, 4, 0.3, 0, 0, 0.3, 0.26004, 0.603696, 0.830471, 0.862124, 1.02598, 1.07041, 1.08719, 1.33089
elapsed time for k point: 1 seconds.
solve_kpoint (0.4,0,0):
Solving for bands 1 to 8...
    linmin: converged after 3 iterations.
    linmin: converged after 4 iterations.
    linmin: converged after 4 iterations.
    linmin: converged after 4 iterations.
    linmin: converged after 2 iterations.
    linmin: converged after 2 iterations.
    linmin: converged after 2 iterations.
    linmin: converged after 2 iterations.
    linmin: converged after 11 iterations.
    linmin: converged after 3 iterations.
    linmin: converged after 3 iterations.
    linmin: converged after 3 iterations.
    linmin: converged after 3 iterations.
    linmin: converged after 3 iterations.
    linmin: converged after 3 iterations.
    linmin: converged after 3 iterations.
    linmin: converged after 3 iterations.
    linmin: converged after 3 iterations.
    linmin: converged after 3 iterations.
    linmin: converged after 3 iterations.
    linmin: converged after 3 iterations.
    linmin: converged after 3 iterations.
    linmin: converged after 3 iterations.
    linmin: converged after 3 iterations.
    linmin: converged after 3 iterations.
    linmin: converged after 3 iterations.
    linmin: converged after 3 iterations.
    linmin: converged after 3 iterations.
    linmin: converged after 3 iterations.
    linmin: converged after 3 iterations.
    linmin: converged after 3 iterations.
    linmin: converged after 3 iterations.
    linmin: converged after 3 iterations.
    linmin: converged after 3 iterations.
    linmin: converged after 3 iterations.
    linmin: converged after 3 iterations.
    linmin: converged after 3 iterations.
    linmin: converged after 3 iterations.
    linmin: converged after 3 iterations.
    linmin: converged after 3 iterations.
    linmin: converged after 3 iterations.
    linmin: converged after 3 iterations.
    linmin: converged after 3 iterations.
    linmin: converged after 3 iterations.
    linmin: converged after 3 iterations.
    linmin: converged after 3 iterations.
    linmin: converged after 3 iterations.
    linmin: converged after 3 iterations.
    linmin: converged after 3 iterations.
    linmin: converged after 3 iterations.
    linmin: converged after 3 iterations.
    linmin: converged after 3 iterations.
    linmin: converged after 3 iterations.
    linmin: converged after 3 iterations.
    linmin: converged after 3 iterations.
    linmin: converged after 3 iterations.
    linmin: converged after 3 iterations.
    linmin: converged after 3 iterations.
    linmin: converged after 3 iterations.
    linmin: converged after 2 iterations.
    linmin: converged after 2 iterations.
    linmin: converged after 2 iterations.
    linmin: converged after 2 iterations.
    linmin: converged after 2 iterations.
    linmin: converged after 2 iterations.
    linmin: converged after 2 iterations.
    linmin: converged after 2 iterations.
    linmin: converged after 2 iterations.
    linmin: converged after 2 iterations.
    linmin: converged after 4 iterations.
    linmin: converged after 4 iterations.
    linmin: converged after 4 iterations.
    linmin: converged after 4 iterations.
    linmin: converged after 3 iterations.
    linmin: converged after 4 iterations.
    linmin: converged after 4 iterations.
    linmin: converged after 2 iterations.
    linmin: converged after 2 iterations.
    linmin: converged after 2 iterations.
    linmin: converged after 2 iterations.
Finished solving for bands 1 to 8 after 80 iterations.
tefreqs:, 5, 0.4, 0, 0, 0.4, 0.342438, 0.527201, 0.83723, 0.883541, 0.988697, 1.0471, 1.15064, 1.27909
elapsed time for k point: 0 seconds.
solve_kpoint (0.5,0,0):
Solving for bands 1 to 8...
    linmin: converged after 4 iterations.
    linmin: converged after 4 iterations.
    linmin: converged after 2 iterations.
    linmin: converged after 2 iterations.
    linmin: converged after 2 iterations.
    linmin: converged after 2 iterations.
    linmin: converged after 2 iterations.
Finished solving for bands 1 to 8 after 7 iterations.
tefreqs:, 6, 0.5, 0, 0, 0.5, 0.397697, 0.473767, 0.840138, 0.896091, 0.970808, 1.03848, 1.20389, 1.22709
elapsed time for k point: 0 seconds.
solve_kpoint (0.5,0.1,0):
Solving for bands 1 to 8...
    linmin: converged after 4 iterations.
    linmin: converged after 4 iterations.
    linmin: converged after 4 iterations.
    linmin: converged after 4 iterations.
    linmin: converged after 2 iterations.
    linmin: converged after 2 iterations.
    linmin: converged after 2 iterations.
    linmin: converged after 2 iterations.
Finished solving for bands 1 to 8 after 8 iterations.
tefreqs:, 7, 0.5, 0.1, 0, 0.509902, 0.408647, 0.479796, 0.806726, 0.919307, 0.928544, 1.08426, 1.20997, 1.2262
elapsed time for k point: 0 seconds.
solve_kpoint (0.5,0.2,0):
Solving for bands 1 to 8...
    linmin: converged after 4 iterations.
    linmin: converged after 4 iterations.
    linmin: converged after 4 iterations.
    linmin: converged after 4 iterations.
    linmin: converged after 2 iterations.
    linmin: converged after 2 iterations.
    linmin: converged after 2 iterations.
    linmin: converged after 2 iterations.
    linmin: converged after 2 iterations.
Finished solving for bands 1 to 8 after 9 iterations.
tefreqs:, 8, 0.5, 0.2, 0, 0.538516, 0.439805, 0.497389, 0.755403, 0.843185, 0.976814, 1.1366, 1.22175, 1.23356
elapsed time for k point: 0 seconds.
solve_kpoint (0.5,0.3,0):
Solving for bands 1 to 8...
    linmin: converged after 3 iterations.
    linmin: converged after 4 iterations.
    linmin: converged after 4 iterations.
    linmin: converged after 4 iterations.
    linmin: converged after 2 iterations.
    linmin: converged after 2 iterations.
    linmin: converged after 2 iterations.
    linmin: converged after 2 iterations.
    linmin: converged after 2 iterations.
    linmin: converged after 2 iterations.
Finished solving for bands 1 to 8 after 10 iterations.
tefreqs:, 9, 0.5, 0.3, 0, 0.583095, 0.487115, 0.525202, 0.70306, 0.765526, 1.0232, 1.16425, 1.20973, 1.27723
elapsed time for k point: 0 seconds.
solve_kpoint (0.5,0.4,0):
Solving for bands 1 to 8...
    linmin: converged after 3 iterations.
    linmin: converged after 4 iterations.
    linmin: converged after 4 iterations.
    linmin: converged after 4 iterations.
    linmin: converged after 2 iterations.
    linmin: converged after 2 iterations.
    linmin: converged after 2 iterations.
    linmin: converged after 2 iterations.
    linmin: converged after 2 iterations.
    linmin: converged after 2 iterations.
Finished solving for bands 1 to 8 after 10 iterations.
tefreqs:, 10, 0.5, 0.4, 0, 0.640312, 0.545793, 0.561388, 0.65236, 0.689835, 1.0619, 1.17571, 1.19069, 1.31447
elapsed time for k point: 0 seconds.
solve_kpoint (0.5,0.5,0):
Solving for bands 1 to 8...
    linmin: converged after 3 iterations.
    linmin: converged after 4 iterations.
    linmin: converged after 4 iterations.
    linmin: converged after 4 iterations.
    linmin: converged after 2 iterations.
    linmin: converged after 2 iterations.
    linmin: converged after 2 iterations.
    linmin: converged after 2 iterations.
    linmin: converged after 2 iterations.
Finished solving for bands 1 to 8 after 9 iterations.
tefreqs:, 11, 0.5, 0.5, 0, 0.707107, 0.599902, 0.599905, 0.609063, 0.630275, 1.07962, 1.17904, 1.17907, 1.32552
elapsed time for k point: 0 seconds.
Fixing e-field (band 1) phase by 1 + 5.59954e-06i; max ampl. = 1.09882
Outputting fields to sq-slab-e.k11.b01.x.te...
Fixing e-field (band 2) phase by 5.59954e-06 + -1i; max ampl. = 1.0303
Outputting fields to sq-slab-e.k11.b02.x.te...
Fixing e-field (band 3) phase by -1 + -5.59955e-06i; max ampl. = 1.01075
Outputting fields to sq-slab-e.k11.b03.x.te...
Fixing e-field (band 4) phase by -1 + -5.59954e-06i; max ampl. = 1.87058
Outputting fields to sq-slab-e.k11.b04.x.te...
Fixing e-field (band 5) phase by 1 + 5.60716e-06i; max ampl. = 1.15848
Outputting fields to sq-slab-e.k11.b05.x.te...
Fixing e-field (band 6) phase by 5.59953e-06 + -1i; max ampl. = 1.34881
Outputting fields to sq-slab-e.k11.b06.x.te...
Fixing e-field (band 7) phase by 1 + 5.59955e-06i; max ampl. = 1.45227
Outputting fields to sq-slab-e.k11.b07.x.te...
Fixing e-field (band 8) phase by 5.59954e-06 + -1i; max ampl. = 1.03956
Outputting fields to sq-slab-e.k11.b08.x.te...
solve_kpoint (0.4,0.4,0):
Solving for bands 1 to 8...
    linmin: converged after 3 iterations.
    linmin: converged after 4 iterations.
    linmin: converged after 4 iterations.
    linmin: converged after 4 iterations.
    linmin: converged after 2 iterations.
    linmin: converged after 2 iterations.
    linmin: converged after 2 iterations.
    linmin: converged after 2 iterations.
Finished solving for bands 1 to 8 after 8 iterations.
tefreqs:, 12, 0.4, 0.4, 0, 0.565685, 0.490736, 0.613485, 0.623525, 0.731395, 1.04874, 1.16532, 1.20368, 1.31238
elapsed time for k point: 0 seconds.
solve_kpoint (0.3,0.3,0):
Solving for bands 1 to 8...
    linmin: converged after 4 iterations.
    linmin: converged after 4 iterations.
    linmin: converged after 4 iterations.
    linmin: converged after 4 iterations.
    linmin: converged after 2 iterations.
    linmin: converged after 2 iterations.
    linmin: converged after 2 iterations.
    linmin: converged after 2 iterations.
    linmin: converged after 2 iterations.
Finished solving for bands 1 to 8 after 9 iterations.
tefreqs:, 13, 0.3, 0.3, 0, 0.424264, 0.369442, 0.648049, 0.652208, 0.845207, 0.99449, 1.12543, 1.21607, 1.32236
elapsed time for k point: 0 seconds.
solve_kpoint (0.2,0.2,0):
Solving for bands 1 to 8...
    linmin: converged after 4 iterations.
    linmin: converged after 4 iterations.
    linmin: converged after 4 iterations.
    linmin: converged after 4 iterations.
    linmin: converged after 4 iterations.
    linmin: converged after 4 iterations.
    linmin: converged after 2 iterations.
    linmin: converged after 2 iterations.
    linmin: converged after 2 iterations.
    linmin: converged after 10 iterations.
    linmin: converged after 3 iterations.
    linmin: converged after 2 iterations.
    linmin: converged after 4 iterations.
    linmin: converged after 4 iterations.
    linmin: converged after 4 iterations.
    linmin: converged after 4 iterations.
    linmin: converged after 4 iterations.
    linmin: converged after 4 iterations.
    linmin: converged after 4 iterations.
    linmin: converged after 2 iterations.
    linmin: converged after 3 iterations.
    linmin: converged after 3 iterations.
    linmin: converged after 3 iterations.
    linmin: converged after 3 iterations.
    linmin: converged after 3 iterations.
    linmin: converged after 3 iterations.
    linmin: converged after 3 iterations.
    linmin: converged after 3 iterations.
    linmin: converged after 3 iterations.
    linmin: converged after 3 iterations.
    linmin: converged after 3 iterations.
    linmin: converged after 3 iterations.
    linmin: converged after 3 iterations.
    linmin: converged after 3 iterations.
    linmin: converged after 3 iterations.
    linmin: converged after 3 iterations.
    linmin: converged after 3 iterations.
    linmin: converged after 3 iterations.
    linmin: converged after 3 iterations.
    linmin: converged after 3 iterations.
    linmin: converged after 3 iterations.
    linmin: converged after 3 iterations.
    linmin: converged after 3 iterations.
    linmin: converged after 3 iterations.
    linmin: converged after 3 iterations.
    linmin: converged after 3 iterations.
    linmin: converged after 3 iterations.
    linmin: converged after 3 iterations.
    linmin: converged after 3 iterations.
    linmin: converged after 3 iterations.
    linmin: converged after 3 iterations.
    linmin: converged after 3 iterations.
    linmin: converged after 3 iterations.
    linmin: converged after 3 iterations.
    linmin: converged after 3 iterations.
    linmin: converged after 3 iterations.
    linmin: converged after 3 iterations.
    linmin: converged after 3 iterations.
    linmin: converged after 3 iterations.
    linmin: converged after 3 iterations.
    linmin: converged after 3 iterations.
    linmin: converged after 3 iterations.
    linmin: converged after 3 iterations.
    linmin: converged after 3 iterations.
    linmin: converged after 3 iterations.
    linmin: converged after 3 iterations.
    linmin: converged after 3 iterations.
    linmin: converged after 3 iterations.
    linmin: converged after 3 iterations.
    linmin: converged after 4 iterations.
    linmin: converged after 4 iterations.
    linmin: converged after 4 iterations.
    linmin: converged after 4 iterations.
    linmin: converged after 2 iterations.
    linmin: converged after 2 iterations.
    linmin: converged after 2 iterations.
    linmin: converged after 2 iterations.
    linmin: converged after 2 iterations.
    linmin: converged after 2 iterations.
Finished solving for bands 1 to 8 after 79 iterations.
tefreqs:, 14, 0.2, 0.2, 0, 0.282843, 0.246869, 0.685806, 0.710704, 0.914501, 0.977899, 1.06072, 1.19466, 1.24355
elapsed time for k point: 1 seconds.
solve_kpoint (0.1,0.1,0):
Solving for bands 1 to 8...
    linmin: converged after 4 iterations.
    linmin: converged after 3 iterations.
    linmin: converged after 3 iterations.
    linmin: converged after 2 iterations.
    linmin: converged after 2 iterations.
    linmin: converged after 2 iterations.
    linmin: converged after 2 iterations.
Finished solving for bands 1 to 8 after 7 iterations.
tefreqs:, 15, 0.1, 0.1, 0, 0.141421, 0.123598, 0.731959, 0.780284, 0.86532, 0.982849, 1.07599, 1.17678, 1.22025
elapsed time for k point: 0 seconds.
solve_kpoint (0,0,0):
Solving for bands 2 to 8...
    linmin: converged after 4 iterations.
    linmin: converged after 4 iterations.
    linmin: converged after 4 iterations.
    linmin: converged after 4 iterations.
    linmin: converged after 4 iterations.
    linmin: converged after 4 iterations.
    linmin: converged after 4 iterations.
    linmin: converged after 4 iterations.
    linmin: converged after 4 iterations.
    linmin: converged after 2 iterations.
    linmin: converged after 2 iterations.
    linmin: converged after 2 iterations.
    linmin: converged after 2 iterations.
Finished solving for bands 2 to 8 after 13 iterations.
tefreqs:, 16, 0, 0, 0, 0, 0, 0.765427, 0.828386, 0.828387, 0.931195, 1.14145, 1.19443, 1.21308
elapsed time for k point: 0 seconds.
Band 1 range: 0.0 at #(0.0 0.0 0.0) to 0.5999021233548184 at #(0.5 0.5 0.0)
Band 2 range: 0.4737667393866488 at #(0.5 0.0 0.0) to 0.7654272784362373 at #(0.0 0.0 0.0)
Band 3 range: 0.6090628436908675 at #(0.5 0.5 0.0) to 0.8401381367301038 at #(0.5 0.0 0.0)
Band 4 range: 0.6302751267411454 at #(0.5 0.5 0.0) to 0.9193069825288813 at #(0.5 0.10000000000000003 0.0)
Band 5 range: 0.9285441746876653 at #(0.5 0.10000000000000003 0.0) to 1.0796220979731876 at #(0.5 0.5 0.0)
Band 6 range: 1.0384780534584777 at #(0.5 0.0 0.0) to 1.1790362642124905 at #(0.5 0.5 0.0)
Band 7 range: 1.0871943237443367 at #(0.30000000000000004 0.0 0.0) to 1.2217477498589835 at #(0.5 0.20000000000000004 0.0)
Band 8 range: 1.2130794688664561 at #(0.0 0.0 0.0) to 1.3308873702162132 at #(0.30000000000000004 0.0 0.0)
Gap from band 4 (0.9193069825288813) to band 5 (0.9285441746876653), 0.9997766457227101%
total elapsed time for run: 2 seconds.
done.
init-params: initializing eigensolver data
Computing 8 bands with 1.000000e-07 tolerance.
Working in 2 dimensions.
Grid size is 32 x 32 x 1.
Solving for 8 bands at a time.
Creating Maxwell data...
Mesh size is 3.
Lattice vectors:
     (1, 0, 0)
     (0, 1, 0)
     (0, 0, 1)
Cell volume = 1
Reciprocal lattice vectors (/ 2 pi):
     (1, -0, 0)
     (-0, 1, -0)
     (0, -0, 1)
Geometric objects:
     block, center = (0,0,0)
          size (100,100,0.75)
          axes (1,0,0), (0,1,0), (0,0,1)
          epsilon = 4.3246, mu = 1
     cylinder, center = (0,0,0)
          radius 0.509155, height 0.75, axis (0, 0, 1)
          epsilon = 1, mu = 1
Geometric object tree has depth 3 and 52 object nodes (vs. 2 actual objects)
Initializing epsilon function...
16 k-points:
     (0,0,0)
     (0.1,0,0)
     (0.2,0,0)
     (0.3,0,0)
     (0.4,0,0)
     (0.5,0,0)
     (0.5,0.1,0)
     (0.5,0.2,0)
     (0.5,0.3,0)
     (0.5,0.4,0)
     (0.5,0.5,0)
     (0.4,0.4,0)
     (0.3,0.3,0)
     (0.2,0.2,0)
     (0.1,0.1,0)
     (0,0,0)
Solving for band polarization: tm.
Initializing fields to random numbers...
elapsed time for initialization: 0 seconds.
epsilon: 1-4.3246, mean 1.63215, harm. mean 1.18735, 24.3164% > 1, 19.0143% "fill"
Outputting sq-slab-epsilon...
solve_kpoint (0,0,0):
tmfreqs:, k index, k1, k2, k3, kmag/2pi, tm band 1, tm band 2, tm band 3, tm band 4, tm band 5, tm band 6, tm band 7, tm band 8
Solving for bands 2 to 8...
    linmin: converged after 8 iterations.
    linmin: converged after 5 iterations.
    linmin: converged after 5 iterations.
    linmin: converged after 5 iterations.
    linmin: converged after 5 iterations.
    linmin: converged after 4 iterations.
    linmin: converged after 4 iterations.
    linmin: converged after 4 iterations.
    linmin: converged after 4 iterations.
    linmin: converged after 4 iterations.
    linmin: converged after 4 iterations.
    linmin: converged after 4 iterations.
    linmin: converged after 4 iterations.
    linmin: converged after 4 iterations.
    linmin: converged after 2 iterations.
    linmin: converged after 2 iterations.
    linmin: converged after 2 iterations.
    linmin: converged after 2 iterations.
    linmin: converged after 2 iterations.
    linmin: converged after 2 iterations.
    linmin: converged after 2 iterations.
Finished solving for bands 2 to 8 after 21 iterations.
tmfreqs:, 1, 0, 0, 0, 0, 0, 0.689699, 0.736728, 0.736729, 0.850351, 1.15098, 1.18557, 1.18557
elapsed time for k point: 0 seconds.
solve_kpoint (0.1,0,0):
Solving for bands 1 to 8...
    linmin: converged after 4 iterations.
    linmin: converged after 4 iterations.
    linmin: converged after 3 iterations.
    linmin: converged after 3 iterations.
    linmin: converged after 4 iterations.
    linmin: converged after 2 iterations.
    linmin: converged after 2 iterations.
    linmin: converged after 2 iterations.
    linmin: converged after 2 iterations.
    linmin: converged after 2 iterations.
    linmin: converged after 2 iterations.
Finished solving for bands 1 to 8 after 11 iterations.
tmfreqs:, 2, 0.1, 0, 0, 0.1, 0.0781275, 0.659987, 0.738256, 0.751874, 0.864506, 1.11039, 1.15445, 1.22637
elapsed time for k point: 0 seconds.
solve_kpoint (0.2,0,0):
Solving for bands 1 to 8...
    linmin: converged after 4 iterations.
    linmin: converged after 4 iterations.
    linmin: converged after 4 iterations.
    linmin: converged after 4 iterations.
    linmin: converged after 4 iterations.
    linmin: converged after 4 iterations.
    linmin: converged after 4 iterations.
    linmin: converged after 2 iterations.
    linmin: converged after 2 iterations.
    linmin: converged after 2 iterations.
    linmin: converged after 2 iterations.
    linmin: converged after 2 iterations.
Finished solving for bands 1 to 8 after 12 iterations.
tmfreqs:, 3, 0.2, 0, 0, 0.2, 0.155296, 0.606026, 0.742369, 0.771831, 0.894771, 1.06428, 1.11944, 1.25742
elapsed time for k point: 0 seconds.
solve_kpoint (0.3,0,0):
Solving for bands 1 to 8...
    linmin: converged after 4 iterations.
    linmin: converged after 4 iterations.
    linmin: converged after 4 iterations.
    linmin: converged after 4 iterations.
    linmin: converged after 4 iterations.
    linmin: converged after 2 iterations.
    linmin: converged after 2 iterations.
    linmin: converged after 2 iterations.
Finished solving for bands 1 to 8 after 8 iterations.
tmfreqs:, 4, 0.3, 0, 0, 0.3, 0.229983, 0.545331, 0.747708, 0.792575, 0.916613, 1.03814, 1.09128, 1.22583
elapsed time for k point: 0 seconds.
solve_kpoint (0.4,0,0):
Solving for bands 1 to 8...
    linmin: converged after 4 iterations.
    linmin: converged after 4 iterations.
    linmin: converged after 4 iterations.
    linmin: converged after 2 iterations.
    linmin: converged after 2 iterations.
    linmin: converged after 2 iterations.
    linmin: converged after 2 iterations.
Finished solving for bands 1 to 8 after 7 iterations.
tmfreqs:, 5, 0.4, 0, 0, 0.4, 0.297772, 0.485366, 0.75226, 0.813588, 0.911564, 1.04463, 1.07282, 1.18832
elapsed time for k point: 0 seconds.
solve_kpoint (0.5,0,0):
Solving for bands 1 to 8...
    linmin: converged after 4 iterations.
    linmin: converged after 4 iterations.
    linmin: converged after 4 iterations.
    linmin: converged after 2 iterations.
    linmin: converged after 2 iterations.
    linmin: converged after 2 iterations.
Finished solving for bands 1 to 8 after 6 iterations.
tmfreqs:, 6, 0.5, 0, 0, 0.5, 0.334787, 0.450891, 0.754061, 0.82474, 0.901996, 1.05607, 1.06635, 1.16998
elapsed time for k point: 0 seconds.
solve_kpoint (0.5,0.1,0):
Solving for bands 1 to 8...
    linmin: converged after 4 iterations.
    linmin: converged after 4 iterations.
    linmin: converged after 4 iterations.
    linmin: converged after 2 iterations.
    linmin: converged after 2 iterations.
    linmin: converged after 2 iterations.
Finished solving for bands 1 to 8 after 6 iterations.
tmfreqs:, 7, 0.5, 0.1, 0, 0.509902, 0.340591, 0.459328, 0.724697, 0.855403, 0.882752, 1.05653, 1.06722, 1.18691
elapsed time for k point: 0 seconds.
solve_kpoint (0.5,0.2,0):
Solving for bands 1 to 8...
    linmin: converged after 4 iterations.
    linmin: converged after 4 iterations.
    linmin: converged after 4 iterations.
    linmin: converged after 2 iterations.
    linmin: converged after 2 iterations.
    linmin: converged after 2 iterations.
Finished solving for bands 1 to 8 after 6 iterations.
tmfreqs:, 8, 0.5, 0.2, 0, 0.538516, 0.35679, 0.483358, 0.677731, 0.836765, 0.906715, 1.05779, 1.06903, 1.22535
elapsed time for k point: 0 seconds.
solve_kpoint (0.5,0.3,0):
Solving for bands 1 to 8...
    linmin: converged after 4 iterations.
    linmin: converged after 4 iterations.
    linmin: converged after 4 iterations.
    linmin: converged after 4 iterations.
    linmin: converged after 2 iterations.
    linmin: converged after 2 iterations.
    linmin: converged after 2 iterations.
Finished solving for bands 1 to 8 after 7 iterations.
tmfreqs:, 9, 0.5, 0.3, 0, 0.583095, 0.37972, 0.519275, 0.632742, 0.780909, 0.960708, 1.05959, 1.07093, 1.26461
elapsed time for k point: 0 seconds.
solve_kpoint (0.5,0.4,0):
Solving for bands 1 to 8...
    linmin: converged after 4 iterations.
    linmin: converged after 4 iterations.
    linmin: converged after 4 iterations.
    linmin: converged after 4 iterations.
    linmin: converged after 2 iterations.
    linmin: converged after 2 iterations.
    linmin: converged after 2 iterations.
    linmin: converged after 2 iterations.
    linmin: converged after 2 iterations.
    linmin: converged after 11 iterations.
    linmin: converged after 2 iterations.
    linmin: converged after 2 iterations.
    linmin: converged after 2 iterations.
    linmin: converged after 2 iterations.
    linmin: converged after 2 iterations.
    linmin: converged after 2 iterations.
    linmin: converged after 2 iterations.
    linmin: converged after 2 iterations.
    linmin: converged after 2 iterations.
    linmin: converged after 2 iterations.
    linmin: converged after 2 iterations.
    linmin: converged after 2 iterations.
    linmin: converged after 2 iterations.
    linmin: converged after 2 iterations.
    linmin: converged after 2 iterations.
    linmin: converged after 2 iterations.
    linmin: converged after 2 iterations.
    linmin: converged after 2 iterations.
    linmin: converged after 2 iterations.
    linmin: converged after 2 iterations.
    linmin: converged after 2 iterations.
    linmin: converged after 2 iterations.
    linmin: converged after 2 iterations.
    linmin: converged after 2 iterations.
    linmin: converged after 2 iterations.
    linmin: converged after 2 iterations.
    linmin: converged after 2 iterations.
    linmin: converged after 2 iterations.
    linmin: converged after 2 iterations.
    linmin: converged after 2 iterations.
    linmin: converged after 2 iterations.
    linmin: converged after 2 iterations.
    linmin: converged after 2 iterations.
    linmin: converged after 2 iterations.
    linmin: converged after 2 iterations.
    linmin: converged after 2 iterations.
    linmin: converged after 2 iterations.
    linmin: converged after 2 iterations.
    linmin: converged after 2 iterations.
    linmin: converged after 2 iterations.
    linmin: converged after 2 iterations.
    linmin: converged after 2 iterations.
    linmin: converged after 2 iterations.
    linmin: converged after 2 iterations.
    linmin: converged after 2 iterations.
    linmin: converged after 2 iterations.
    linmin: converged after 2 iterations.
    linmin: converged after 2 iterations.
    linmin: converged after 2 iterations.
    linmin: converged after 2 iterations.
    linmin: converged after 2 iterations.
    linmin: converged after 2 iterations.
    linmin: converged after 2 iterations.
    linmin: converged after 2 iterations.
    linmin: converged after 2 iterations.
    linmin: converged after 2 iterations.
    linmin: converged after 2 iterations.
    linmin: converged after 2 iterations.
    linmin: converged after 2 iterations.
    linmin: converged after 5 iterations.
    linmin: converged after 5 iterations.
    linmin: converged after 3 iterations.
    linmin: converged after 4 iterations.
    linmin: converged after 4 iterations.
    linmin: converged after 2 iterations.
    linmin: converged after 2 iterations.
    linmin: converged after 2 iterations.
Finished solving for bands 1 to 8 after 77 iterations.
tmfreqs:, 10, 0.5, 0.4, 0, 0.640312, 0.40239, 0.559703, 0.597314, 0.727741, 1.01273, 1.06255, 1.07241, 1.13941
elapsed time for k point: 1 seconds.
solve_kpoint (0.5,0.5,0):
Solving for bands 1 to 8...
    linmin: converged after 4 iterations.
    linmin: converged after 4 iterations.
    linmin: converged after 2 iterations.
    linmin: converged after 2 iterations.
    linmin: converged after 2 iterations.
    linmin: converged after 2 iterations.
Finished solving for bands 1 to 8 after 6 iterations.
tmfreqs:, 11, 0.5, 0.5, 0, 0.707107, 0.412796, 0.582762, 0.582763, 0.70038, 1.04161, 1.07297, 1.07297, 1.10061
elapsed time for k point: 0 seconds.
Fixing e-field (band 1) phase by -1 + -4.38755e-07i; max ampl. = 1.31415
Outputting fields to sq-slab-e.k11.b01.z.tm...
Fixing e-field (band 2) phase by -1 + -5.32221e-07i; max ampl. = 1.44887
Outputting fields to sq-slab-e.k11.b02.z.tm...
Fixing e-field (band 3) phase by -1 + -4.38751e-07i; max ampl. = 1.44887
Outputting fields to sq-slab-e.k11.b03.z.tm...
Fixing e-field (band 4) phase by -1 + -3.70052e-07i; max ampl. = 1.95479
Outputting fields to sq-slab-e.k11.b04.z.tm...
Fixing e-field (band 5) phase by -4.38755e-07 + 1i; max ampl. = 1.20258
Outputting fields to sq-slab-e.k11.b05.z.tm...
Fixing e-field (band 6) phase by -1 + 8.23333e-06i; max ampl. = 1.66705
Outputting fields to sq-slab-e.k11.b06.z.tm...
Fixing e-field (band 7) phase by 1 + 4.38788e-07i; max ampl. = 1.66704
Outputting fields to sq-slab-e.k11.b07.z.tm...
Fixing e-field (band 8) phase by 1 + 4.38755e-07i; max ampl. = 2.04552
Outputting fields to sq-slab-e.k11.b08.z.tm...
solve_kpoint (0.4,0.4,0):
Solving for bands 1 to 8...
    linmin: converged after 4 iterations.
    linmin: converged after 4 iterations.
    linmin: converged after 4 iterations.
    linmin: converged after 4 iterations.
    linmin: converged after 2 iterations.
    linmin: converged after 2 iterations.
    linmin: converged after 2 iterations.
Finished solving for bands 1 to 8 after 7 iterations.
tmfreqs:, 12, 0.4, 0.4, 0, 0.565685, 0.388362, 0.563771, 0.593023, 0.74975, 1.00941, 1.01916, 1.10533, 1.1517
elapsed time for k point: 0 seconds.
solve_kpoint (0.3,0.3,0):
Solving for bands 1 to 8...
    linmin: converged after 4 iterations.
    linmin: converged after 4 iterations.
    linmin: converged after 4 iterations.
    linmin: converged after 4 iterations.
    linmin: converged after 4 iterations.
    linmin: converged after 2 iterations.
    linmin: converged after 2 iterations.
    linmin: converged after 2 iterations.
Finished solving for bands 1 to 8 after 8 iterations.
tmfreqs:, 13, 0.3, 0.3, 0, 0.424264, 0.315803, 0.566868, 0.621976, 0.827146, 0.964944, 0.965405, 1.14758, 1.19615
elapsed time for k point: 0 seconds.
solve_kpoint (0.2,0.2,0):
Solving for bands 1 to 8...
    linmin: converged after 4 iterations.
    linmin: converged after 4 iterations.
    linmin: converged after 4 iterations.
    linmin: converged after 4 iterations.
    linmin: converged after 2 iterations.
    linmin: converged after 2 iterations.
    linmin: converged after 2 iterations.
    linmin: converged after 2 iterations.
    linmin: converged after 2 iterations.
Finished solving for bands 1 to 8 after 9 iterations.
tmfreqs:, 14, 0.2, 0.2, 0, 0.282843, 0.217566, 0.600091, 0.66441, 0.836276, 0.919694, 0.986434, 1.18027, 1.20032
elapsed time for k point: 0 seconds.
solve_kpoint (0.1,0.1,0):
Solving for bands 1 to 8...
    linmin: converged after 3 iterations.
    linmin: converged after 3 iterations.
    linmin: converged after 3 iterations.
    linmin: converged after 2 iterations.
    linmin: converged after 4 iterations.
    linmin: converged after 2 iterations.
    linmin: converged after 2 iterations.
    linmin: converged after 2 iterations.
    linmin: converged after 2 iterations.
Finished solving for bands 1 to 8 after 9 iterations.
tmfreqs:, 15, 0.1, 0.1, 0, 0.141421, 0.110273, 0.648802, 0.710832, 0.781474, 0.875008, 1.07484, 1.18819, 1.19091
elapsed time for k point: 0 seconds.
solve_kpoint (0,0,0):
Solving for bands 2 to 8...
    linmin: converged after 4 iterations.
    linmin: converged after 4 iterations.
    linmin: converged after 4 iterations.
    linmin: converged after 3 iterations.
    linmin: converged after 4 iterations.
    linmin: converged after 4 iterations.
    linmin: converged after 4 iterations.
    linmin: converged after 4 iterations.
    linmin: converged after 4 iterations.
    linmin: converged after 4 iterations.
    linmin: converged after 2 iterations.
    linmin: converged after 2 iterations.
    linmin: converged after 2 iterations.
    linmin: converged after 2 iterations.
Finished solving for bands 2 to 8 after 14 iterations.
tmfreqs:, 16, 0, 0, 0, 0, 0, 0.689699, 0.736728, 0.736729, 0.850351, 1.15098, 1.18557, 1.18557
elapsed time for k point: 0 seconds.
Band 1 range: 0.0 at #(0.0 0.0 0.0) to 0.4127956611535341 at #(0.5 0.5 0.0)
Band 2 range: 0.4508905770630564 at #(0.5 0.0 0.0) to 0.6896986500751681 at #(0.0 0.0 0.0)
Band 3 range: 0.5827627486628212 at #(0.5 0.5 0.0) to 0.7540611460930038 at #(0.5 0.0 0.0)
Band 4 range: 0.700379723122671 at #(0.5 0.5 0.0) to 0.8554025187869099 at #(0.5 0.10000000000000003 0.0)
Band 5 range: 0.8503505895642388 at #(0.0 0.0 0.0) to 1.0416100883836765 at #(0.5 0.5 0.0)
Band 6 range: 0.9654050172317271 at #(0.30000000000000004 0.30000000000000004 0.0) to 1.1509832738515522 at #(0.0 0.0 0.0)
Band 7 range: 1.0663493713925272 at #(0.5 0.0 0.0) to 1.1881911116221455 at #(0.1 0.1 0.0)
Band 8 range: 1.100607246266281 at #(0.5 0.5 0.0) to 1.2646107360419907 at #(0.5 0.30000000000000004 0.0)
Gap from band 1 (0.4127956611535341) to band 2 (0.4508905770630564), 8.821471090747902%
total elapsed time for run: 1 seconds.
done.
